spk_ver/v00/v0000	SES146	0.665958	-42.9845	-43.6504
spk_ver/v00/v0001	SES002	-14.6511	-58.5367	-43.8857
spk_ver/v00/v0002	SES002	-12.5742	-56.8564	-44.2822
spk_ver/v00/v0003	SES002	-13.7999	-58.4692	-44.6693
spk_ver/v00/v0004	SES002	-2.13942	-46.9598	-44.8204
spk_ver/v00/v0005	SES002	-4.86581	-48.2458	-43.38
spk_ver/v00/v0006	SES002	-9.28419	-52.6142	-43.33
spk_ver/v00/v0007	SES002	-7.60354	-52.5061	-44.9026
spk_ver/v00/v0008	SES146	0.315704	-43.5565	-43.8722
spk_ver/v00/v0009	SES002	-1.82156	-45.2402	-43.4186
spk_ver/v00/v0010	SES002	-3.285	-47.3319	-44.0469
spk_ver/v00/v0011	SES002	-2.86345	-48.1639	-45.3005
spk_ver/v00/v0012	SES002	-13.7945	-56.2087	-42.4143
spk_ver/v00/v0013	SES002	-11.7587	-54.968	-43.2093
spk_ver/v00/v0014	SES002	-1.90745	-45.9	-43.9925
spk_ver/v00/v0015	SES002	-2.02697	-45.2487	-43.2217
spk_ver/v00/v0016	SES275	0.177498	-44.1882	-44.3657
spk_ver/v00/v0017	SES002	-0.0749054	-43.6826	-43.6076
spk_ver/v00/v0018	SES002	-12.0016	-56.4216	-44.42
spk_ver/v00/v0019	SES002	-2.0433	-45.7404	-43.6971
spk_ver/v00/v0020	SES002	-11.0221	-55.9581	-44.936
spk_ver/v00/v0021	SES002	-13.6744	-57.5519	-43.8775
spk_ver/v00/v0022	SES002	-2.95947	-47.2901	-44.3306
spk_ver/v00/v0023	SES002	-12.0571	-54.2885	-42.2313
spk_ver/v00/v0024	SES002	-10.9779	-55.3278	-44.3499
spk_ver/v00/v0025	SES002	-6.52382	-50.6428	-44.1189
spk_ver/v00/v0026	SES002	-8.15612	-51.213	-43.0569
spk_ver/v00/v0027	SES129	1.43151	-41.8861	-43.3177
spk_ver/v00/v0028	SES007	-2.0161	-45.1142	-43.0981
spk_ver/v00/v0029	SES083	0.0848274	-42.6459	-42.7308
spk_ver/v00/v0030	SES019	2.17731	-42.3551	-44.5325
spk_ver/v00/v0031	SES007	-2.53602	-46.3093	-43.7732
spk_ver/v00/v0032	SES270	0.935024	-42.4042	-43.3393
spk_ver/v00/v0033	SES007	-2.44915	-45.4434	-42.9943
spk_ver/v00/v0034	SES007	-2.47021	-48.3959	-45.9257
spk_ver/v00/v0035	SES007	-1.58843	-44.4136	-42.8251
spk_ver/v00/v0036	SES007	-1.04467	-44.4183	-43.3736
spk_ver/v00/v0037	SES007	-3.24229	-46.8182	-43.5759
spk_ver/v00/v0038	SES259	1.90749	-40.9468	-42.8543
spk_ver/v00/v0039	SES007	-3.07042	-47.0702	-43.9998
spk_ver/v00/v0040	SES007	-2.91464	-46.0609	-43.1463
spk_ver/v00/v0041	SES007	-3.09659	-46.3918	-43.2952
spk_ver/v00/v0042	SES007	-1.21395	-45.1767	-43.9628
spk_ver/v00/v0043	SES007	-0.898525	-44.8181	-43.9195
spk_ver/v00/v0044	SES007	-2.72058	-45.246	-42.5255
spk_ver/v00/v0045	SES007	-1.45548	-44.9471	-43.4916
spk_ver/v00/v0046	SES007	-1.93558	-45.1129	-43.1773
spk_ver/v00/v0047	SES172	0.502155	-42.4007	-42.9029
spk_ver/v00/v0048	SES105	1.40229	-42.6327	-44.035
spk_ver/v00/v0049	SES007	-0.681347	-43.6276	-42.9463
spk_ver/v00/v0050	SES292	-0.368496	-43.6282	-43.2597
spk_ver/v00/v0051	SES007	-1.60282	-45.2104	-43.6076
spk_ver/v00/v0052	SES068	0.730213	-41.9102	-42.6404
spk_ver/v00/v0053	SES008	-1.56747	-44.1941	-42.6267
spk_ver/v00/v0054	SES008	-5.18186	-50.2198	-45.038
spk_ver/v00/v0055	SES008	-2.49511	-46.2871	-43.792
spk_ver/v00/v0056	SES008	-5.53335	-49.5461	-44.0127
spk_ver/v00/v0057	SES008	-6.24	-50.3407	-44.1007
spk_ver/v00/v0058	SES083	0.329803	-42.771	-43.1008
spk_ver/v00/v0059	SES158	1.6257	-42.1297	-43.7554
spk_ver/v00/v0060	SES008	-2.47639	-45.5421	-43.0657
spk_ver/v00/v0061	SES101	0.150951	-43.3786	-43.5296
spk_ver/v00/v0062	SES008	-3.69226	-47.1292	-43.4369
spk_ver/v00/v0063	SES008	-2.56434	-46.096	-43.5317
spk_ver/v00/v0064	SES117	0.844883	-42.9683	-43.8132
spk_ver/v00/v0065	SES149	1.81379	-41.9878	-43.8016
spk_ver/v00/v0066	SES008	-1.54294	-45.0651	-43.5221
spk_ver/v00/v0067	SES008	-3.75478	-48.8537	-45.0989
spk_ver/v00/v0068	SES162	0.86187	-42.989	-43.8509
spk_ver/v00/v0069	SES008	-5.15713	-49.2086	-44.0515
spk_ver/v00/v0070	SES008	-0.277687	-43.5005	-43.2229
spk_ver/v00/v0071	SES008	-3.36159	-47.0222	-43.6606
spk_ver/v00/v0072	SES008	-1.04002	-43.1616	-42.1216
spk_ver/v00/v0073	SES008	-2.41412	-45.0644	-42.6503
spk_ver/v00/v0074	SES008	-3.45678	-46.9527	-43.4959
spk_ver/v00/v0075	SES008	-6.90319	-52.2353	-45.3321
spk_ver/v00/v0076	SES167	0.828552	-42.1158	-42.9443
spk_ver/v00/v0077	SES008	-2.09098	-44.7835	-42.6926
spk_ver/v00/v0078	SES177	0.523125	-42.2229	-42.746
spk_ver/v00/v0079	SES008	-1.12449	-44.6745	-43.55
spk_ver/v00/v0080	SES008	-3.49333	-47.5354	-44.0421
spk_ver/v00/v0081	SES008	-5.09508	-50.1476	-45.0525
spk_ver/v00/v0082	SES008	-2.25368	-45.5211	-43.2674
spk_ver/v00/v0083	SES008	-6.17801	-51.2533	-45.0753
spk_ver/v00/v0084	SES144	1.09415	-42.6611	-43.7553
spk_ver/v00/v0085	SES008	-2.18819	-45.5967	-43.4086
spk_ver/v00/v0086	SES008	-2.12894	-43.9166	-41.7877
spk_ver/v00/v0087	SES008	-3.70372	-47.9145	-44.2107
spk_ver/v00/v0088	SES008	-2.30455	-45.3774	-43.0729
spk_ver/v00/v0089	SES008	-1.78241	-45.932	-44.1496
spk_ver/v00/v0090	SES142	1.28397	-42.3767	-43.6606
spk_ver/v00/v0091	SES008	-5.22202	-48.9656	-43.7436
spk_ver/v00/v0092	SES158	0.949936	-43.0249	-43.9748
spk_ver/v00/v0093	SES014	-4.55986	-47.5748	-43.0149
spk_ver/v00/v0094	SES014	-3.35355	-49.0611	-45.7075
spk_ver/v00/v0095	SES014	-1.05929	-44.1838	-43.1245
spk_ver/v00/v0096	SES014	-2.98791	-46.381	-43.393
spk_ver/v00/v0097	SES014	-1.2728	-45.9621	-44.6893
spk_ver/v00/v0098	SES014	-1.00901	-43.9356	-42.9266
spk_ver/v00/v0099	SES014	-11.4005	-55.5806	-44.18
spk_ver/v01/v0100	SES127	0.481613	-42.2721	-42.7537
spk_ver/v01/v0101	SES014	-7.7295	-52.6632	-44.9337
spk_ver/v01/v0102	SES014	-13.409	-58.0754	-44.6663
spk_ver/v01/v0103	SES014	-3.84124	-49.2332	-45.392
spk_ver/v01/v0104	SES014	-9.27737	-53.7646	-44.4872
spk_ver/v01/v0105	SES014	-2.9117	-48.4578	-45.5461
spk_ver/v01/v0106	SES014	-2.37257	-46.7949	-44.4223
spk_ver/v01/v0107	SES014	-11.0152	-54.0299	-43.0147
spk_ver/v01/v0108	SES014	-13.9794	-57.9364	-43.957
spk_ver/v01/v0109	SES014	-9.75797	-54.2065	-44.4485
spk_ver/v01/v0110	SES014	-2.90664	-48.4707	-45.564
spk_ver/v01/v0111	SES014	-1.13143	-44.5818	-43.4503
spk_ver/v01/v0112	SES014	-8.7244	-51.455	-42.7306
spk_ver/v01/v0113	SES104	0.209435	-43.9606	-44.17
spk_ver/v01/v0114	SES082	0.982674	-42.2259	-43.2086
spk_ver/v01/v0115	SES087	2.0898	-42.0175	-44.1073
spk_ver/v01/v0116	SES014	-1.08448	-44.8067	-43.7222
spk_ver/v01/v0117	SES177	0.0377388	-43.5465	-43.5842
spk_ver/v01/v0118	SES014	-8.46108	-52.889	-44.428
spk_ver/v01/v0119	SES014	-0.58287	-43.9505	-43.3676
spk_ver/v01/v0120	SES014	-13.417	-57.7139	-44.2969
spk_ver/v01/v0121	SES146	0.455261	-43.0668	-43.5221
spk_ver/v01/v0122	SES014	1.86341	-40.5826	-42.446
spk_ver/v01/v0123	SES014	-1.40301	-45.2069	-43.8039
spk_ver/v01/v0124	SES014	-10.8435	-54.375	-43.5315
spk_ver/v01/v0125	SES014	-4.80324	-49.1522	-44.3489
spk_ver/v01/v0126	SES016	-2.40667	-46.5018	-44.0951
spk_ver/v01/v0127	SES016	-2.07486	-47.2889	-45.2141
spk_ver/v01/v0128	SES106	1.83578	-42.171	-44.0068
spk_ver/v01/v0129	SES016	-3.79328	-46.9953	-43.202
spk_ver/v01/v0130	SES016	-2.42519	-46.0319	-43.6067
spk_ver/v01/v0131	SES016	-4.48528	-48.066	-43.5807
spk_ver/v01/v0132	SES016	-1.57936	-45.395	-43.8156
spk_ver/v01/v0133	SES016	-2.55736	-46.0582	-43.5009
spk_ver/v01/v0134	SES016	-2.18334	-44.8497	-42.6664
spk_ver/v01/v0135	SES016	-4.07589	-48.3225	-44.2466
spk_ver/v01/v0136	SES016	-3.41967	-47.6422	-44.2226
spk_ver/v01/v0137	SES007	0.769299	-42.8056	-43.5749
spk_ver/v01/v0138	SES016	-1.11203	-44.1778	-43.0657
spk_ver/v01/v0139	SES016	-1.55278	-43.8131	-42.2603
spk_ver/v01/v0140	SES016	1.55928	-41.8531	-43.4124
spk_ver/v01/v0141	SES016	-8.69834	-55.1016	-46.4033
spk_ver/v01/v0142	SES016	-3.59384	-47.5214	-43.9275
spk_ver/v01/v0143	SES016	-6.69554	-51.4473	-44.7518
spk_ver/v01/v0144	SES016	-2.53841	-45.7266	-43.1882
spk_ver/v01/v0145	SES016	-3.07007	-48.2781	-45.208
spk_ver/v01/v0146	SES016	-1.2622	-43.8195	-42.5573
spk_ver/v01/v0147	SES016	-1.0965	-44.0343	-42.9378
spk_ver/v01/v0148	SES127	0.609554	-42.6348	-43.2444
spk_ver/v01/v0149	SES016	-3.46714	-47.3513	-43.8841
spk_ver/v01/v0150	SES016	-1.71363	-44.7216	-43.008
spk_ver/v01/v0151	SES147	1.37024	-43.5903	-44.9605
spk_ver/v01/v0152	SES016	-1.92387	-45.2112	-43.2874
spk_ver/v01/v0153	SES104	1.3575	-41.6092	-42.9667
spk_ver/v01/v0154	SES016	-3.27909	-47.3062	-44.0271
spk_ver/v01/v0155	SES016	-2.13019	-46.4604	-44.3302
spk_ver/v01/v0156	SES019	-1.34114	-46.2319	-44.8907
spk_ver/v01/v0157	SES019	-4.48774	-46.8043	-42.3165
spk_ver/v01/v0158	SES019	-0.268982	-44.2362	-43.9672
spk_ver/v01/v0159	SES007	0.222073	-42.9944	-43.2165
spk_ver/v01/v0160	SES019	-3.15974	-45.974	-42.8143
spk_ver/v01/v0161	SES019	-2.6653	-47.255	-44.5897
spk_ver/v01/v0162	SES019	-9.06314	-51.8359	-42.7728
spk_ver/v01/v0163	SES189	1.22518	-43.3914	-44.6166
spk_ver/v01/v0164	SES019	-2.19997	-45.8027	-43.6027
spk_ver/v01/v0165	SES019	-0.549984	-45.3587	-44.8087
spk_ver/v01/v0166	SES019	-7.34288	-50.4009	-43.058
spk_ver/v01/v0167	SES019	-7.93023	-51.8739	-43.9437
spk_ver/v01/v0168	SES019	-1.88137	-46.3513	-44.4699
spk_ver/v01/v0169	SES019	-4.50086	-49.3923	-44.8915
spk_ver/v01/v0170	SES270	1.6114	-42.2594	-43.8708
spk_ver/v01/v0171	SES019	-2.28567	-45.7306	-43.445
spk_ver/v01/v0172	SES019	-8.78243	-52.6132	-43.8308
spk_ver/v01/v0173	SES206	1.55727	-42.3191	-43.8764
spk_ver/v01/v0174	SES019	-1.63444	-46.3092	-44.6748
spk_ver/v01/v0175	SES014	1.26247	-41.7626	-43.025
spk_ver/v01/v0176	SES019	-8.56633	-51.6185	-43.0521
spk_ver/v01/v0177	SES120	0.764988	-43.2115	-43.9765
spk_ver/v01/v0178	SES019	-1.29477	-46.7337	-45.439
spk_ver/v01/v0179	SES019	-9.54555	-51.6196	-42.0741
spk_ver/v01/v0180	SES175	1.19874	-42.4079	-43.6066
spk_ver/v01/v0181	SES019	-8.87998	-52.9586	-44.0786
spk_ver/v01/v0182	SES019	-6.47262	-49.3767	-42.9041
spk_ver/v01/v0183	SES029	-2.51139	-46.5373	-44.0259
spk_ver/v01/v0184	SES029	-5.00636	-48.5572	-43.5509
spk_ver/v01/v0185	SES029	-2.30556	-45.973	-43.6674
spk_ver/v01/v0186	SES068	0.817146	-41.8116	-42.6287
spk_ver/v01/v0187	SES029	-4.1213	-47.4802	-43.3589
spk_ver/v01/v0188	SES029	-2.04165	-44.5213	-42.4797
spk_ver/v01/v0189	SES149	1.50339	-41.6636	-43.167
spk_ver/v01/v0190	SES029	-3.79166	-47.1718	-43.3802
spk_ver/v01/v0191	SES029	-3.72491	-47.7295	-44.0045
spk_ver/v01/v0192	SES183	1.47242	-41.4359	-42.9083
spk_ver/v01/v0193	SES029	-1.26279	-45.1697	-43.9069
spk_ver/v01/v0194	SES016	1.4863	-41.8553	-43.3416
spk_ver/v01/v0195	SES029	-3.07094	-46.0784	-43.0075
spk_ver/v01/v0196	SES029	-1.62389	-44.8709	-43.247
spk_ver/v01/v0197	SES029	-3.93053	-47.4865	-43.5559
spk_ver/v01/v0198	SES146	0.226089	-43.5004	-43.7265
spk_ver/v01/v0199	SES029	-3.58461	-48.7079	-45.1233
spk_ver/v02/v0200	SES029	-2.51511	-46.5617	-44.0466
spk_ver/v02/v0201	SES068	0.415241	-42.2198	-42.6351
spk_ver/v02/v0202	SES148	1.16545	-42.2821	-43.4475
spk_ver/v02/v0203	SES029	-3.02901	-46.6842	-43.6552
spk_ver/v02/v0204	SES029	-0.541737	-43.9	-43.3582
spk_ver/v02/v0205	SES060	0.833603	-41.7597	-42.5933
spk_ver/v02/v0206	SES127	1.64029	-41.4546	-43.0949
spk_ver/v02/v0207	SES029	-4.01794	-48.6281	-44.6102
spk_ver/v02/v0208	SES048	2.40193	-42.5383	-44.9402
spk_ver/v02/v0209	SES029	-1.29541	-44.2923	-42.9969
spk_ver/v02/v0210	SES029	-3.12689	-47.4554	-44.3285
spk_ver/v02/v0211	SES029	-3.27419	-46.5275	-43.2533
spk_ver/v02/v0212	SES042	-12.8467	-57.0686	-44.2219
spk_ver/v02/v0213	SES085	0.915897	-42.465	-43.3809
spk_ver/v02/v0214	SES206	1.69061	-41.6908	-43.3814
spk_ver/v02/v0215	SES144	0.632236	-42.8518	-43.4841
spk_ver/v02/v0216	SES042	-3.51439	-47.2916	-43.7772
spk_ver/v02/v0217	SES042	-2.12621	-49.2589	-47.1327
spk_ver/v02/v0218	SES042	-1.40188	-44.1984	-42.7965
spk_ver/v02/v0219	SES206	1.42854	-41.9995	-43.428
spk_ver/v02/v0220	SES019	3.90202	-41.3835	-45.2855
spk_ver/v02/v0221	SES007	0.233795	-42.8919	-43.1257
spk_ver/v02/v0222	SES042	-10.6072	-55.5642	-44.957
spk_ver/v02/v0223	SES147	1.26759	-43.6167	-44.8843
spk_ver/v02/v0224	SES105	1.0114	-43.007	-44.0184
spk_ver/v02/v0225	SES042	-2.09886	-45.4218	-43.3229
spk_ver/v02/v0226	SES275	0.461994	-43.1905	-43.6525
spk_ver/v02/v0227	SES042	-3.85408	-47.9856	-44.1316
spk_ver/v02/v0228	SES042	-5.08838	-48.353	-43.2646
spk_ver/v02/v0229	SES042	-15.0947	-58.0478	-42.9531
spk_ver/v02/v0230	SES085	0.465958	-41.5087	-41.9746
spk_ver/v02/v0231	SES014	1.90412	-40.6336	-42.5377
spk_ver/v02/v0232	SES042	-1.51863	-44.9298	-43.4112
spk_ver/v02/v0233	SES048	-3.82513	-47.6491	-43.824
spk_ver/v02/v0234	SES048	-7.69352	-52.1912	-44.4976
spk_ver/v02/v0235	SES029	0.760315	-42.5606	-43.3209
spk_ver/v02/v0236	SES048	-3.87272	-46.5227	-42.65
spk_ver/v02/v0237	SES048	-4.31532	-48.2625	-43.9472
spk_ver/v02/v0238	SES048	-3.56659	-46.7095	-43.1429
spk_ver/v02/v0239	SES060	0.901245	-42.0316	-42.9328
spk_ver/v02/v0240	SES048	-5.71187	-49.5871	-43.8752
spk_ver/v02/v0241	SES048	-5.90425	-49.3493	-43.4451
spk_ver/v02/v0242	SES189	2.175	-42.5263	-44.7013
spk_ver/v02/v0243	SES162	0.630272	-43.3528	-43.9831
spk_ver/v02/v0244	SES048	-3.27721	-46.3543	-43.0771
spk_ver/v02/v0245	SES048	-3.55187	-46.6465	-43.0946
spk_ver/v02/v0246	SES048	-3.18124	-46.2988	-43.1175
spk_ver/v02/v0247	SES048	-3.85977	-48.9873	-45.1276
spk_ver/v02/v0248	SES226	1.75496	-42.3005	-44.0554
spk_ver/v02/v0249	SES048	-3.42507	-47.0112	-43.5861
spk_ver/v02/v0250	SES048	-2.95641	-47.5166	-44.5602
spk_ver/v02/v0251	SES048	-4.08986	-48.9028	-44.8129
spk_ver/v02/v0252	SES060	-5.41207	-50.1079	-44.6959
spk_ver/v02/v0253	SES060	-4.46455	-48.5592	-44.0947
spk_ver/v02/v0254	SES259	2.28237	-40.8112	-43.0936
spk_ver/v02/v0255	SES060	-4.069	-48.5442	-44.4752
spk_ver/v02/v0256	SES202	-0.0663795	-44.1064	-44.04
spk_ver/v02/v0257	SES148	0.828163	-42.0091	-42.8373
spk_ver/v02/v0258	SES060	-6.86199	-53.5783	-46.7163
spk_ver/v02/v0259	SES060	-1.95167	-45.0982	-43.1466
spk_ver/v02/v0260	SES060	-2.74762	-46.2123	-43.4647
spk_ver/v02/v0261	SES099	2.38759	-41.7051	-44.0927
spk_ver/v02/v0262	SES060	-3.29642	-46.4563	-43.1599
spk_ver/v02/v0263	SES060	-2.24393	-44.5505	-42.3066
spk_ver/v02/v0264	SES292	0.268635	-43.1505	-43.4191
spk_ver/v02/v0265	SES060	-1.24812	-44.3032	-43.0551
spk_ver/v02/v0266	SES060	-7.17783	-52.1021	-44.9242
spk_ver/v02/v0267	SES060	-5.10818	-50.4822	-45.374
spk_ver/v02/v0268	SES060	-5.20135	-51.0449	-45.8436
spk_ver/v02/v0269	SES127	0.737957	-42.3952	-43.1331
spk_ver/v02/v0270	SES060	-3.58243	-48.1098	-44.5274
spk_ver/v02/v0271	SES060	-1.16108	-44.0908	-42.9297
spk_ver/v02/v0272	SES060	-4.29132	-49.7841	-45.4927
spk_ver/v02/v0273	SES087	1.82465	-42.2283	-44.0529
spk_ver/v02/v0274	SES146	0.662743	-43.0718	-43.7345
spk_ver/v02/v0275	SES060	-5.30777	-50.399	-45.0912
spk_ver/v02/v0276	SES002	2.46201	-41.048	-43.51
spk_ver/v02/v0277	SES060	-1.60006	-44.6701	-43.07
spk_ver/v02/v0278	SES060	-5.1952	-49.4714	-44.2762
spk_ver/v02/v0279	SES060	-4.83012	-48.0651	-43.235
spk_ver/v02/v0280	SES129	1.90738	-41.7446	-43.652
spk_ver/v02/v0281	SES162	1.16396	-42.789	-43.9529
spk_ver/v02/v0282	SES060	-3.76171	-47.2953	-43.5336
spk_ver/v02/v0283	SES060	-2.88839	-45.4067	-42.5183
spk_ver/v02/v0284	SES062	-3.12721	-48.3153	-45.1881
spk_ver/v02/v0285	SES062	-4.37551	-48.2377	-43.8622
spk_ver/v02/v0286	SES120	0.143726	-44.0069	-44.1506
spk_ver/v02/v0287	SES062	-3.68486	-48.5875	-44.9026
spk_ver/v02/v0288	SES062	-3.19798	-47.2874	-44.0894
spk_ver/v02/v0289	SES062	-2.81008	-45.4149	-42.6048
spk_ver/v02/v0290	SES062	-1.62424	-44.4435	-42.8193
spk_ver/v02/v0291	SES275	0.142643	-43.1824	-43.3251
spk_ver/v02/v0292	SES062	-3.52572	-48.1453	-44.6195
spk_ver/v02/v0293	SES062	-3.58575	-47.5707	-43.985
spk_ver/v02/v0294	SES062	-2.74487	-45.9402	-43.1954
spk_ver/v02/v0295	SES062	-3.00682	-46.5013	-43.4945
spk_ver/v02/v0296	SES062	-3.51361	-46.7219	-43.2083
spk_ver/v02/v0297	SES062	-4.10029	-47.8057	-43.7054
spk_ver/v02/v0298	SES062	-4.45819	-48.7248	-44.2667
spk_ver/v02/v0299	SES062	-2.43944	-45.8485	-43.4091
spk_ver/v03/v0300	SES062	-3.39784	-48.3811	-44.9833
spk_ver/v03/v0301	SES062	-1.92256	-44.2743	-42.3517
spk_ver/v03/v0302	SES172	0.485641	-41.6327	-42.1184
spk_ver/v03/v0303	SES062	-1.44459	-45.2933	-43.8487
spk_ver/v03/v0304	SES062	-2.44581	-46.3805	-43.9347
spk_ver/v03/v0305	SES062	-3.23545	-47.6056	-44.3702
spk_ver/v03/v0306	SES062	-4.90688	-50.3064	-45.3996
spk_ver/v03/v0307	SES062	-3.97778	-46.9932	-43.0155
spk_ver/v03/v0308	SES062	-4.54319	-48.5971	-44.0539
spk_ver/v03/v0309	SES062	-2.96831	-48.7126	-45.7443
spk_ver/v03/v0310	SES125	1.80635	-40.7817	-42.5881
spk_ver/v03/v0311	SES062	-3.09495	-46.3725	-43.2775
spk_ver/v03/v0312	SES062	-5.25547	-49.3729	-44.1174
spk_ver/v03/v0313	SES062	-3.1386	-48.335	-45.1964
spk_ver/v03/v0314	SES068	-3.8906	-47.4569	-43.5663
spk_ver/v03/v0315	SES068	-3.48783	-46.4244	-42.9366
spk_ver/v03/v0316	SES068	-2.77681	-47.1475	-44.3707
spk_ver/v03/v0317	SES068	-2.33982	-46.6692	-44.3294
spk_ver/v03/v0318	SES068	-4.51618	-47.8534	-43.3372
spk_ver/v03/v0319	SES068	-6.69472	-51.3169	-44.6222
spk_ver/v03/v0320	SES068	-0.874756	-43.7387	-42.8639
spk_ver/v03/v0321	SES068	-0.251209	-43.5991	-43.3479
spk_ver/v03/v0322	SES068	-0.93018	-44.6516	-43.7214
spk_ver/v03/v0323	SES068	-2.97101	-46.7003	-43.7293
spk_ver/v03/v0324	SES144	0.184711	-44.3886	-44.5733
spk_ver/v03/v0325	SES068	-2.27917	-44.8085	-42.5293
spk_ver/v03/v0326	SES068	-0.477371	-42.4888	-42.0115
spk_ver/v03/v0327	SES068	-2.50373	-45.864	-43.3602
spk_ver/v03/v0328	SES068	-4.68219	-48.8629	-44.1807
spk_ver/v03/v0329	SES068	-1.67963	-44.712	-43.0324
spk_ver/v03/v0330	SES180	0.781834	-43.2762	-44.0581
spk_ver/v03/v0331	SES068	-0.369358	-43.9086	-43.5393
spk_ver/v03/v0332	SES275	0.868958	-42.5287	-43.3977
spk_ver/v03/v0333	SES062	1.33968	-41.1732	-42.5129
spk_ver/v03/v0334	SES270	2.03946	-42.1755	-44.215
spk_ver/v03/v0335	SES068	-5.39933	-50.3508	-44.9515
spk_ver/v03/v0336	SES068	-1.19761	-43.1574	-41.9598
spk_ver/v03/v0337	SES068	-2.25417	-46.5611	-44.307
spk_ver/v03/v0338	SES068	-2.02546	-45.8886	-43.8631
spk_ver/v03/v0339	SES068	-0.939938	-44.6267	-43.6868
spk_ver/v03/v0340	SES068	-2.97842	-47.7033	-44.7249
spk_ver/v03/v0341	SES016	0.831833	-41.7075	-42.5393
spk_ver/v03/v0342	SES068	-3.498	-48.1985	-44.7005
spk_ver/v03/v0343	SES068	-0.941795	-44.3545	-43.4127
spk_ver/v03/v0344	SES125	1.6829	-41.7951	-43.478
spk_ver/v03/v0345	SES187	1.13282	-41.9971	-43.1299
spk_ver/v03/v0346	SES068	-1.88256	-44.5014	-42.6189
spk_ver/v03/v0347	SES143	0.866249	-42.4752	-43.3415
spk_ver/v03/v0348	SES292	1.0563	-42.1549	-43.2112
spk_ver/v03/v0349	SES082	-6.41142	-50.2312	-43.8198
spk_ver/v03/v0350	SES101	0.828552	-41.5325	-42.361
spk_ver/v03/v0351	SES082	-0.365261	-44.7145	-44.3493
spk_ver/v03/v0352	SES082	-1.28581	-45.7267	-44.4409
spk_ver/v03/v0353	SES082	-4.09698	-47.5537	-43.4567
spk_ver/v03/v0354	SES082	-8.4688	-52.8752	-44.4064
spk_ver/v03/v0355	SES083	0.554993	-41.5517	-42.1066
spk_ver/v03/v0356	SES082	-2.43258	-47.0175	-44.585
spk_ver/v03/v0357	SES082	-7.22904	-51.2463	-44.0173
spk_ver/v03/v0358	SES082	-0.850536	-44.8801	-44.0295
spk_ver/v03/v0359	SES117	0.941132	-44.1498	-45.091
spk_ver/v03/v0360	SES082	-5.97241	-49.3401	-43.3677
spk_ver/v03/v0361	SES082	-1.42566	-45.5136	-44.088
spk_ver/v03/v0362	SES007	0.871815	-42.5036	-43.3754
spk_ver/v03/v0363	SES082	-2.49914	-46.0478	-43.5487
spk_ver/v03/v0364	SES019	2.53888	-41.7422	-44.281
spk_ver/v03/v0365	SES082	-0.808846	-45.0465	-44.2377
spk_ver/v03/v0366	SES226	1.69516	-42.4728	-44.1679
spk_ver/v03/v0367	SES167	1.45914	-41.2085	-42.6676
spk_ver/v03/v0368	SES082	-2.68508	-45.2605	-42.5754
spk_ver/v03/v0369	SES042	3.56802	-40.2487	-43.8167
spk_ver/v03/v0370	SES042	2.72171	-41.1965	-43.9182
spk_ver/v03/v0371	SES082	-5.62901	-49.0979	-43.4689
spk_ver/v03/v0372	SES082	-1.95154	-45.3486	-43.3971
spk_ver/v03/v0373	SES082	-4.39907	-48.5742	-44.1752
spk_ver/v03/v0374	SES083	-1.43693	-44.0072	-42.5702
spk_ver/v03/v0375	SES292	0.893951	-42.2641	-43.1581
spk_ver/v03/v0376	SES083	-3.57339	-47.3482	-43.7748
spk_ver/v03/v0377	SES083	-3.52655	-48.4566	-44.93
spk_ver/v03/v0378	SES083	-2.10445	-46.195	-44.0906
spk_ver/v03/v0379	SES083	-2.30303	-45.7743	-43.4713
spk_ver/v03/v0380	SES083	-4.02867	-48.4203	-44.3917
spk_ver/v03/v0381	SES083	-1.38161	-45.1867	-43.8051
spk_ver/v03/v0382	SES148	0.698631	-42.9234	-43.622
spk_ver/v03/v0383	SES083	-1.17374	-43.5538	-42.3801
spk_ver/v03/v0384	SES226	1.59133	-42.1716	-43.7629
spk_ver/v03/v0385	SES226	1.53391	-41.5208	-43.0547
spk_ver/v03/v0386	SES087	1.83465	-41.9976	-43.8322
spk_ver/v03/v0387	SES029	1.18636	-42.0808	-43.2671
spk_ver/v03/v0388	SES147	1.48396	-42.9559	-44.4399
spk_ver/v03/v0389	SES083	-4.45134	-49.436	-44.9847
spk_ver/v03/v0390	SES189	1.07812	-42.6763	-43.7544
spk_ver/v03/v0391	SES083	-1.68212	-44.4056	-42.7234
spk_ver/v03/v0392	SES083	-0.455891	-42.7572	-42.3013
spk_ver/v03/v0393	SES083	-1.79792	-45.196	-43.3981
spk_ver/v03/v0394	SES083	-3.55825	-47.4764	-43.9182
spk_ver/v03/v0395	SES083	-1.48661	-44.3162	-42.8296
spk_ver/v03/v0396	SES014	2.28207	-40.1976	-42.4796
spk_ver/v03/v0397	SES085	0.212524	-42.0871	-42.2996
spk_ver/v03/v0398	SES085	-1.1157	-43.0658	-41.9501
spk_ver/v03/v0399	SES085	-5.2302	-48.799	-43.5688
spk_ver/v04/v0400	SES106	1.82303	-41.378	-43.201
spk_ver/v04/v0401	SES085	-3.71726	-47.6607	-43.9435
spk_ver/v04/v0402	SES085	-7.76481	-53.1169	-45.3521
spk_ver/v04/v0403	SES085	-0.258774	-42.5463	-42.2876
spk_ver/v04/v0404	SES180	1.02718	-41.8181	-42.8453
spk_ver/v04/v0405	SES129	1.27152	-40.9274	-42.1989
spk_ver/v04/v0406	SES085	-5.67472	-49.5906	-43.9159
spk_ver/v04/v0407	SES146	0.23069	-43.7684	-43.999
spk_ver/v04/v0408	SES085	-1.04972	-43.7084	-42.6587
spk_ver/v04/v0409	SES085	-3.23188	-46.8352	-43.6033
spk_ver/v04/v0410	SES085	-5.41225	-49.4732	-44.061
spk_ver/v04/v0411	SES292	0.638893	-43.1898	-43.8287
spk_ver/v04/v0412	SES085	-1.35077	-43.8806	-42.5298
spk_ver/v04/v0413	SES125	2.01097	-41.0722	-43.0832
spk_ver/v04/v0414	SES085	-3.99688	-50.1119	-46.1151
spk_ver/v04/v0415	SES085	-1.68039	-44.6983	-43.0179
spk_ver/v04/v0416	SES085	-2.4436	-45.8506	-43.407
spk_ver/v04/v0417	SES062	0.482899	-41.7468	-42.2297
spk_ver/v04/v0418	SES060	1.86303	-41.5963	-43.4594
spk_ver/v04/v0419	SES085	-1.42052	-44.7453	-43.3248
spk_ver/v04/v0420	SES085	-4.12062	-48.2294	-44.1088
spk_ver/v04/v0421	SES085	-6.42715	-51.2566	-44.8295
spk_ver/v04/v0422	SES085	-1.09785	-45.623	-44.5252
spk_ver/v04/v0423	SES085	-5.46014	-49.4726	-44.0124
spk_ver/v04/v0424	SES085	-3.60808	-48.5154	-44.9073
spk_ver/v04/v0425	SES183	0.962894	-42.9422	-43.9051
spk_ver/v04/v0426	SES085	-3.93051	-47.8591	-43.9286
spk_ver/v04/v0427	SES087	-2.30116	-47.1768	-44.8756
spk_ver/v04/v0428	SES162	0.714828	-42.8502	-43.565
spk_ver/v04/v0429	SES087	-1.53125	-44.7185	-43.1873
spk_ver/v04/v0430	SES087	-3.65888	-48.0612	-44.4023
spk_ver/v04/v0431	SES087	-9.91061	-53.7167	-43.8061
spk_ver/v04/v0432	SES087	-2.17205	-46.1105	-43.9384
spk_ver/v04/v0433	SES087	-10.1733	-52.7457	-42.5724
spk_ver/v04/v0434	SES142	2.1474	-41.3382	-43.4856
spk_ver/v04/v0435	SES087	-8.46119	-52.8829	-44.4217
spk_ver/v04/v0436	SES099	1.58981	-42.1637	-43.7535
spk_ver/v04/v0437	SES087	-4.32812	-46.7346	-42.4065
spk_ver/v04/v0438	SES087	-5.30777	-49.3022	-43.9944
spk_ver/v04/v0439	SES087	-1.56644	-44.6056	-43.0392
spk_ver/v04/v0440	SES087	-5.97083	-48.9923	-43.0215
spk_ver/v04/v0441	SES087	-9.41629	-52.8574	-43.4411
spk_ver/v04/v0442	SES187	1.2852	-42.7447	-44.0299
spk_ver/v04/v0443	SES172	1.65161	-41.8183	-43.4699
spk_ver/v04/v0444	SES087	-3.75952	-46.6892	-42.9297
spk_ver/v04/v0445	SES087	-1.80157	-44.5437	-42.7422
spk_ver/v04/v0446	SES087	-0.166786	-43.3099	-43.1431
spk_ver/v04/v0447	SES087	-0.849487	-44.2647	-43.4152
spk_ver/v04/v0448	SES106	2.32763	-42.2468	-44.5744
spk_ver/v04/v0449	SES146	0.606319	-43.7513	-44.3576
spk_ver/v04/v0450	SES087	-9.31218	-53.2599	-43.9477
spk_ver/v04/v0451	SES087	-1.2491	-45.4392	-44.1901
spk_ver/v04/v0452	SES007	0.761292	-42.671	-43.4323
spk_ver/v04/v0453	SES087	-1.79285	-45.836	-44.0431
spk_ver/v04/v0454	SES087	-6.98225	-50.5385	-43.5562
spk_ver/v04/v0455	SES180	0.812202	-42.3403	-43.1525
spk_ver/v04/v0456	SES099	-5.14215	-49.0082	-43.8661
spk_ver/v04/v0457	SES042	1.84404	-41.9962	-43.8403
spk_ver/v04/v0458	SES099	-0.167469	-44.3699	-44.2024
spk_ver/v04/v0459	SES099	-9.79735	-53.5802	-43.7829
spk_ver/v04/v0460	SES099	-6.09148	-51.1889	-45.0974
spk_ver/v04/v0461	SES099	-1.21521	-44.6358	-43.4206
spk_ver/v04/v0462	SES082	2.12014	-41.351	-43.4711
spk_ver/v04/v0463	SES099	-0.136311	-44.1522	-44.0159
spk_ver/v04/v0464	SES099	0.891167	-42.4201	-43.3113
spk_ver/v04/v0465	SES099	-9.95137	-52.9032	-42.9518
spk_ver/v04/v0466	SES099	-0.416809	-43.7132	-43.2964
spk_ver/v04/v0467	SES099	-0.709866	-44.6577	-43.9479
spk_ver/v04/v0468	SES129	1.88577	-41.8722	-43.758
spk_ver/v04/v0469	SES101	0.560131	-42.2107	-42.7708
spk_ver/v04/v0470	SES099	-6.84259	-51.2812	-44.4386
spk_ver/v04/v0471	SES172	1.23516	-42.2533	-43.4885
spk_ver/v04/v0472	SES099	0.580788	-43.129	-43.7098
spk_ver/v04/v0473	SES270	2.71017	-41.4301	-44.1402
spk_ver/v04/v0474	SES099	-4.36392	-47.4164	-43.0525
spk_ver/v04/v0475	SES099	-5.38564	-47.9031	-42.5175
spk_ver/v04/v0476	SES099	-3.47336	-49.3054	-45.832
spk_ver/v04/v0477	SES002	2.18181	-40.9292	-43.111
spk_ver/v04/v0478	SES099	-0.0721664	-44.1126	-44.0404
spk_ver/v04/v0479	SES007	-0.326653	-43.8632	-43.5365
spk_ver/v04/v0480	SES101	-3.27846	-46.2029	-42.9244
spk_ver/v04/v0481	SES101	-4.66965	-49.3988	-44.7291
spk_ver/v04/v0482	SES175	0.558937	-42.6215	-43.1805
spk_ver/v04/v0483	SES101	-1.11929	-44.3268	-43.2075
spk_ver/v04/v0484	SES101	-3.55122	-46.1771	-42.6258
spk_ver/v04/v0485	SES101	-2.63419	-46.8675	-44.2334
spk_ver/v04/v0486	SES101	-1.58895	-46.4305	-44.8415
spk_ver/v04/v0487	SES101	-2.34579	-46.2108	-43.865
spk_ver/v04/v0488	SES101	-3.34132	-48.003	-44.6617
spk_ver/v04/v0489	SES147	0.94318	-44.1633	-45.1065
spk_ver/v04/v0490	SES085	0.314644	-43.7076	-44.0223
spk_ver/v04/v0491	SES101	-2.69026	-47.3704	-44.6801
spk_ver/v04/v0492	SES101	-3.3269	-49.4674	-46.1405
spk_ver/v04/v0493	SES101	-2.25669	-45.5832	-43.3265
spk_ver/v04/v0494	SES101	-1.79766	-46.1641	-44.3664
spk_ver/v04/v0495	SES101	-1.65889	-43.5994	-41.9405
spk_ver/v04/v0496	SES101	-1.86471	-45.2711	-43.4064
spk_ver/v04/v0497	SES014	1.98418	-40.4671	-42.4513
spk_ver/v04/v0498	SES101	-2.65855	-46.9315	-44.2729
spk_ver/v04/v0499	SES101	-2.13803	-44.819	-42.681
spk_ver/v05/v0500	SES085	0.443016	-41.901	-42.344
spk_ver/v05/v0501	SES101	-4.1251	-47.7747	-43.6496
spk_ver/v05/v0502	SES275	0.440586	-42.7991	-43.2397
spk_ver/v05/v0503	SES117	1.12539	-43.1379	-44.2633
spk_ver/v05/v0504	SES101	-3.47926	-47.0216	-43.5424
spk_ver/v05/v0505	SES101	-2.20938	-45.5195	-43.3101
spk_ver/v05/v0506	SES101	-1.79879	-45.3761	-43.5774
spk_ver/v05/v0507	SES048	0.88129	-42.127	-43.0083
spk_ver/v05/v0508	SES117	0.631176	-44.0203	-44.6514
spk_ver/v05/v0509	SES202	1.84856	-41.4602	-43.3088
spk_ver/v05/v0510	SES104	-1.78598	-47.4198	-45.6338
spk_ver/v05/v0511	SES008	0.645119	-43.8592	-44.5043
spk_ver/v05/v0512	SES104	-0.868244	-45.3657	-44.4974
spk_ver/v05/v0513	SES104	-0.884579	-43.8414	-42.9569
spk_ver/v05/v0514	SES104	-10.0729	-52.5589	-42.486
spk_ver/v05/v0515	SES104	-11.7679	-55.6732	-43.9052
spk_ver/v05/v0516	SES104	-1.09901	-46.2428	-45.1438
spk_ver/v05/v0517	SES060	0.504799	-41.6499	-42.1547
spk_ver/v05/v0518	SES104	-10.1681	-55.0297	-44.8616
spk_ver/v05/v0519	SES104	-12.0751	-55.9307	-43.8556
spk_ver/v05/v0520	SES104	-0.134682	-42.9518	-42.8172
spk_ver/v05/v0521	SES008	1.17313	-41.2318	-42.4049
spk_ver/v05/v0522	SES068	1.44306	-41.7866	-43.2297
spk_ver/v05/v0523	SES087	1.91161	-41.4397	-43.3513
spk_ver/v05/v0524	SES104	-1.79011	-45.7367	-43.9466
spk_ver/v05/v0525	SES104	-1.53776	-45.6773	-44.1395
spk_ver/v05/v0526	SES104	-1.49634	-44.4874	-42.991
spk_ver/v05/v0527	SES083	0.567348	-42.3123	-42.8796
spk_ver/v05/v0528	SES148	1.08538	-42.3968	-43.4822
spk_ver/v05/v0529	SES104	-3.08525	-47.6346	-44.5493
spk_ver/v05/v0530	SES104	-8.76266	-52.0702	-43.3076
spk_ver/v05/v0531	SES125	1.39618	-42.3772	-43.7734
spk_ver/v05/v0532	SES104	-10.7512	-54.2243	-43.4731
spk_ver/v05/v0533	SES149	2.40482	-41.1325	-43.5373
spk_ver/v05/v0534	SES104	-11.9233	-55.1739	-43.2506
spk_ver/v05/v0535	SES187	0.526974	-43.6465	-44.1735
spk_ver/v05/v0536	SES104	-1.73547	-45.3218	-43.5863
spk_ver/v05/v0537	SES104	-1.25222	-45.0244	-43.7721
spk_ver/v05/v0538	SES167	1.36007	-41.7728	-43.1329
spk_ver/v05/v0539	SES104	-1.9646	-47.6908	-45.7262
spk_ver/v05/v0540	SES104	-11.1664	-52.9719	-41.8055
spk_ver/v05/v0541	SES183	1.39003	-43.3088	-44.6988
spk_ver/v05/v0542	SES104	-0.794682	-44.9041	-44.1094
spk_ver/v05/v0543	SES104	-10.9095	-53.7677	-42.8583
spk_ver/v05/v0544	SES105	-3.60694	-46.845	-43.238
spk_ver/v05/v0545	SES105	-1.89209	-45.9766	-44.0845
spk_ver/v05/v0546	SES105	-2.42196	-46.3252	-43.9032
spk_ver/v05/v0547	SES105	-3.39009	-48.1937	-44.8036
spk_ver/v05/v0548	SES019	3.53494	-41.3585	-44.8935
spk_ver/v05/v0549	SES105	-2.27423	-46.126	-43.8518
spk_ver/v05/v0550	SES105	-2.84109	-48.1322	-45.2911
spk_ver/v05/v0551	SES202	1.46151	-42.8998	-44.3613
spk_ver/v05/v0552	SES105	-3.18024	-47.1629	-43.9826
spk_ver/v05/v0553	SES105	-1.01081	-44.4074	-43.3966
spk_ver/v05/v0554	SES105	-1.90044	-44.3076	-42.4071
spk_ver/v05/v0555	SES105	-1.94486	-45.7195	-43.7747
spk_ver/v05/v0556	SES082	1.02262	-42.6624	-43.685
spk_ver/v05/v0557	SES105	-2.72794	-46.3176	-43.5896
spk_ver/v05/v0558	SES014	1.38214	-41.387	-42.7691
spk_ver/v05/v0559	SES105	-1.67574	-44.8318	-43.1561
spk_ver/v05/v0560	SES177	-0.471111	-43.7188	-43.2477
spk_ver/v05/v0561	SES189	2.66541	-45.9958	-48.6612
spk_ver/v05/v0562	SES105	-2.83633	-47.4109	-44.5746
spk_ver/v05/v0563	SES099	1.62273	-43.3697	-44.9925
spk_ver/v05/v0564	SES105	-1.7912	-44.8672	-43.076
spk_ver/v05/v0565	SES105	-2.54616	-46.5279	-43.9817
spk_ver/v05/v0566	SES105	-2.56105	-47.1165	-44.5555
spk_ver/v05/v0567	SES142	1.1703	-42.8878	-44.0581
spk_ver/v05/v0568	SES048	1.14534	-42.1855	-43.3308
spk_ver/v05/v0569	SES105	-3.34097	-47.1501	-43.8091
spk_ver/v05/v0570	SES105	-1.42985	-44.4082	-42.9783
spk_ver/v05/v0571	SES105	-3.60242	-47.3119	-43.7095
spk_ver/v05/v0572	SES105	-2.9487	-48.0782	-45.1295
spk_ver/v05/v0573	SES105	-3.08176	-47.6953	-44.6136
spk_ver/v05/v0574	SES105	-1.57623	-45.3441	-43.7679
spk_ver/v05/v0575	SES105	-1.52194	-45.505	-43.983
spk_ver/v05/v0576	SES106	-6.67825	-50.9472	-44.269
spk_ver/v05/v0577	SES106	-3.4012	-48.0694	-44.6682
spk_ver/v05/v0578	SES106	-7.01667	-50.612	-43.5953
spk_ver/v05/v0579	SES106	-6.71072	-49.4486	-42.7379
spk_ver/v05/v0580	SES106	-0.872005	-43.9293	-43.0573
spk_ver/v05/v0581	SES106	-9.19083	-52.9208	-43.73
spk_ver/v05/v0582	SES106	-1.85158	-46.5641	-44.7125
spk_ver/v05/v0583	SES106	-0.42984	-43.578	-43.1482
spk_ver/v05/v0584	SES106	-8.27893	-52.2006	-43.9217
spk_ver/v05/v0585	SES106	-0.448601	-46.2555	-45.8069
spk_ver/v05/v0586	SES106	-5.51063	-48.9071	-43.3964
spk_ver/v05/v0587	SES106	-4.32284	-47.8734	-43.5505
spk_ver/v05/v0588	SES106	-6.95518	-49.2665	-42.3113
spk_ver/v05/v0589	SES106	-8.83023	-51.0895	-42.2592
spk_ver/v05/v0590	SES082	1.23148	-42.8077	-44.0392
spk_ver/v05/v0591	SES180	0.567814	-42.5618	-43.1296
spk_ver/v05/v0592	SES106	-0.976723	-45.4067	-44.43
spk_ver/v05/v0593	SES106	-10.8142	-55.0406	-44.2264
spk_ver/v05/v0594	SES292	0.926651	-42.21	-43.1366
spk_ver/v05/v0595	SES106	-0.51038	-44.9412	-44.4309
spk_ver/v05/v0596	SES106	-9.3145	-52.8859	-43.5714
spk_ver/v05/v0597	SES106	-6.35648	-49.6973	-43.3408
spk_ver/v05/v0598	SES042	2.81144	-41.5897	-44.4011
spk_ver/v05/v0599	SES106	-8.01989	-52.5159	-44.496
spk_ver/v06/v0600	SES106	0.465595	-44.1448	-44.6104
spk_ver/v06/v0601	SES106	-1.67191	-45.569	-43.8971
spk_ver/v06/v0602	SES106	-4.9076	-47.9226	-43.015
spk_ver/v06/v0603	SES106	-7.15841	-51.2087	-44.0503
spk_ver/v06/v0604	SES106	-6.01738	-49.2992	-43.2818
spk_ver/v06/v0605	SES106	-4.98778	-49.7498	-44.762
spk_ver/v06/v0606	SES048	1.69962	-41.5032	-43.2028
spk_ver/v06/v0607	SES167	2.33905	-40.811	-43.1501
spk_ver/v06/v0608	SES106	-5.83323	-50.0186	-44.1853
spk_ver/v06/v0609	SES143	0.997929	-42.5912	-43.5892
spk_ver/v06/v0610	SES106	-10.2569	-55.2614	-45.0045
spk_ver/v06/v0611	SES106	-5.10202	-49.1093	-44.0073
spk_ver/v06/v0612	SES106	-10.052	-54.6514	-44.5994
spk_ver/v06/v0613	SES117	-1.1202	-44.4652	-43.345
spk_ver/v06/v0614	SES117	-3.81031	-47.7353	-43.925
spk_ver/v06/v0615	SES117	-1.18771	-45.1179	-43.9302
spk_ver/v06/v0616	SES106	1.96583	-40.4873	-42.4531
spk_ver/v06/v0617	SES142	2.10172	-42.2662	-44.368
spk_ver/v06/v0618	SES048	1.48818	-41.4009	-42.8891
spk_ver/v06/v0619	SES175	0.817429	-43.0403	-43.8577
spk_ver/v06/v0620	SES180	0.879364	-42.0807	-42.9601
spk_ver/v06/v0621	SES117	-0.534031	-45.4819	-44.9479
spk_ver/v06/v0622	SES029	0.419735	-43.4602	-43.88
spk_ver/v06/v0623	SES117	-1.65875	-44.7037	-43.045
spk_ver/v06/v0624	SES117	-3.24478	-47.4543	-44.2095
spk_ver/v06/v0625	SES117	-2.12001	-47.6496	-45.5296
spk_ver/v06/v0626	SES106	1.97187	-41.6419	-43.6138
spk_ver/v06/v0627	SES226	1.54099	-41.3613	-42.9022
spk_ver/v06/v0628	SES117	-0.489857	-44.2754	-43.7856
spk_ver/v06/v0629	SES117	-1.48528	-42.8962	-41.4109
spk_ver/v06/v0630	SES117	-3.13627	-46.1492	-43.013
spk_ver/v06/v0631	SES117	-3.55977	-49.3788	-45.8191
spk_ver/v06/v0632	SES117	-1.52515	-43.9185	-42.3933
spk_ver/v06/v0633	SES099	2.46749	-42.0091	-44.4766
spk_ver/v06/v0634	SES105	1.49687	-42.7076	-44.2045
spk_ver/v06/v0635	SES167	0.701981	-42.9031	-43.6051
spk_ver/v06/v0636	SES117	-0.472511	-43.4535	-42.981
spk_ver/v06/v0637	SES202	1.23171	-42.5381	-43.7698
spk_ver/v06/v0638	SES117	-1.78486	-44.7703	-42.9854
spk_ver/v06/v0639	SES167	1.57911	-42.0201	-43.5992
spk_ver/v06/v0640	SES117	-1.10871	-44.8838	-43.7751
spk_ver/v06/v0641	SES117	-2.23312	-45.3351	-43.102
spk_ver/v06/v0642	SES101	0.878681	-41.671	-42.5497
spk_ver/v06/v0643	SES068	0.788967	-42.2971	-43.0861
spk_ver/v06/v0644	SES120	-3.46281	-48.9104	-45.4475
spk_ver/v06/v0645	SES120	-2.40362	-46.8009	-44.3973
spk_ver/v06/v0646	SES172	0.850193	-42.6156	-43.4658
spk_ver/v06/v0647	SES120	-2.41123	-44.9676	-42.5564
spk_ver/v06/v0648	SES120	-0.512672	-43.3157	-42.803
spk_ver/v06/v0649	SES120	-2.6568	-47.6914	-45.0346
spk_ver/v06/v0650	SES087	1.76058	-42.3401	-44.1006
spk_ver/v06/v0651	SES120	-1.27006	-44.9518	-43.6818
spk_ver/v06/v0652	SES104	-0.393333	-44.9137	-44.5203
spk_ver/v06/v0653	SES129	1.26759	-41.6434	-42.911
spk_ver/v06/v0654	SES120	-2.60379	-46.57	-43.9662
spk_ver/v06/v0655	SES120	-1.29316	-45.8837	-44.5906
spk_ver/v06/v0656	SES120	-2.06007	-45.073	-43.0129
spk_ver/v06/v0657	SES147	1.03139	-43.4558	-44.4872
spk_ver/v06/v0658	SES120	-2.25256	-46.5655	-44.313
spk_ver/v06/v0659	SES120	-1.71507	-44.604	-42.8889
spk_ver/v06/v0660	SES120	-0.800827	-43.9297	-43.1289
spk_ver/v06/v0661	SES120	-2.76538	-47.7271	-44.9617
spk_ver/v06/v0662	SES120	-2.52016	-46.1163	-43.5961
spk_ver/v06/v0663	SES120	-2.98372	-47.7456	-44.7619
spk_ver/v06/v0664	SES147	1.32422	-42.8941	-44.2183
spk_ver/v06/v0665	SES162	1.21952	-42.8555	-44.075
spk_ver/v06/v0666	SES120	-1.95633	-44.8616	-42.9053
spk_ver/v06/v0667	SES120	-1.97064	-46.3409	-44.3703
spk_ver/v06/v0668	SES120	1.16727	-42.002	-43.1693
spk_ver/v06/v0669	SES142	2.26309	-41.7577	-44.0208
spk_ver/v06/v0670	SES106	2.456	-41.3384	-43.7944
spk_ver/v06/v0671	SES183	2.06806	-41.9906	-44.0587
spk_ver/v06/v0672	SES120	-1.76637	-45.8875	-44.1211
spk_ver/v06/v0673	SES029	0.485889	-43.3796	-43.8655
spk_ver/v06/v0674	SES120	-1.23347	-45.1479	-43.9144
spk_ver/v06/v0675	SES008	1.44244	-42.0438	-43.4862
spk_ver/v06/v0676	SES125	-10.0061	-55.2348	-45.2287
spk_ver/v06/v0677	SES143	0.67271	-42.9979	-43.6706
spk_ver/v06/v0678	SES125	-9.4527	-54.5442	-45.0915
spk_ver/v06/v0679	SES162	0.544594	-42.3567	-42.9012
spk_ver/v06/v0680	SES125	-5.36641	-48.2185	-42.8521
spk_ver/v06/v0681	SES125	-2.29722	-46.2928	-43.9956
spk_ver/v06/v0682	SES125	-7.4897	-49.6252	-42.1355
spk_ver/v06/v0683	SES226	1.62478	-42.2588	-43.8836
spk_ver/v06/v0684	SES125	-8.76662	-52.9411	-44.1745
spk_ver/v06/v0685	SES125	-11.4465	-55.0475	-43.6009
spk_ver/v06/v0686	SES120	0.734909	-41.8913	-42.6262
spk_ver/v06/v0687	SES125	-2.97099	-48.3483	-45.3773
spk_ver/v06/v0688	SES158	1.63613	-42.253	-43.8892
spk_ver/v06/v0689	SES125	-4.83613	-49.1974	-44.3612
spk_ver/v06/v0690	SES105	1.59548	-42.3053	-43.9007
spk_ver/v06/v0691	SES125	-1.07229	-45.4129	-44.3406
spk_ver/v06/v0692	SES125	-2.29881	-45.8087	-43.5099
spk_ver/v06/v0693	SES180	1.11203	-42.0176	-43.1296
spk_ver/v06/v0694	SES125	-16.2113	-60.0591	-43.8478
spk_ver/v06/v0695	SES125	-3.85107	-47.2695	-43.4184
spk_ver/v06/v0696	SES125	-12.5176	-55.5422	-43.0246
spk_ver/v06/v0697	SES125	-12.0608	-56.6658	-44.6051
spk_ver/v06/v0698	SES083	0.639744	-41.9289	-42.5687
spk_ver/v06/v0699	SES125	-10.2085	-53.7475	-43.539
spk_ver/v07/v0700	SES014	1.89249	-41.5436	-43.4361
spk_ver/v07/v0701	SES125	-6.76393	-49.4372	-42.6732
spk_ver/v07/v0702	SES127	-0.867294	-43.6746	-42.8073
spk_ver/v07/v0703	SES127	-1.60991	-45.9184	-44.3085
spk_ver/v07/v0704	SES206	1.93591	-41.5931	-43.529
spk_ver/v07/v0705	SES127	-1.86287	-45.4025	-43.5396
spk_ver/v07/v0706	SES127	-2.29061	-45.541	-43.2504
spk_ver/v07/v0707	SES127	-4.14425	-47.5345	-43.3903
spk_ver/v07/v0708	SES275	0.602085	-42.6215	-43.2236
spk_ver/v07/v0709	SES127	-2.17765	-45.896	-43.7184
spk_ver/v07/v0710	SES105	1.00865	-43.0881	-44.0968
spk_ver/v07/v0711	SES127	-2.98145	-47.5791	-44.5977
spk_ver/v07/v0712	SES127	-1.70065	-43.9755	-42.2748
spk_ver/v07/v0713	SES127	-2.7266	-46.1873	-43.4607
spk_ver/v07/v0714	SES019	3.95256	-41.4715	-45.4241
spk_ver/v07/v0715	SES127	-2.62077	-47.8827	-45.262
spk_ver/v07/v0716	SES148	0.772636	-42.3341	-43.1067
spk_ver/v07/v0717	SES162	0.875751	-42.2194	-43.0951
spk_ver/v07/v0718	SES189	1.04028	-44.0655	-45.1058
spk_ver/v07/v0719	SES149	0.3144	-42.0105	-42.3249
spk_ver/v07/v0720	SES175	0.602684	-43.0673	-43.67
spk_ver/v07/v0721	SES127	-4.10003	-47.9798	-43.8798
spk_ver/v07/v0722	SES127	-1.46873	-45.5007	-44.0319
spk_ver/v07/v0723	SES127	-2.75637	-45.861	-43.1047
spk_ver/v07/v0724	SES127	-2.55418	-46.0406	-43.4864
spk_ver/v07/v0725	SES127	-2.14365	-46.2464	-44.1028
spk_ver/v07/v0726	SES259	2.007	-41.0808	-43.0878
spk_ver/v07/v0727	SES127	-3.03219	-47.8143	-44.7821
spk_ver/v07/v0728	SES127	-0.893768	-42.7769	-41.8832
spk_ver/v07/v0729	SES127	-3.98831	-48.1912	-44.2029
spk_ver/v07/v0730	SES127	-1.76793	-46.3359	-44.568
spk_ver/v07/v0731	SES129	-1.71222	-44.0721	-42.3599
spk_ver/v07/v0732	SES129	-2.96123	-46.5835	-43.6223
spk_ver/v07/v0733	SES129	-5.77224	-50.9024	-45.1302
spk_ver/v07/v0734	SES129	-11.2879	-56.4676	-45.1797
spk_ver/v07/v0735	SES183	1.07982	-42.5991	-43.6789
spk_ver/v07/v0736	SES129	-3.36244	-47.1336	-43.7712
spk_ver/v07/v0737	SES129	-3.38567	-47.9611	-44.5755
spk_ver/v07/v0738	SES129	-4.96379	-49.4017	-44.4379
spk_ver/v07/v0739	SES129	-4.76699	-48.6158	-43.8488
spk_ver/v07/v0740	SES167	-0.810783	-43.7163	-42.9055
spk_ver/v07/v0741	SES129	-2.90682	-47.3176	-44.4108
spk_ver/v07/v0742	SES129	-3.18281	-45.5213	-42.3385
spk_ver/v07/v0743	SES129	-2.53934	-46.3683	-43.829
spk_ver/v07/v0744	SES129	-6.74547	-52.4569	-45.7114
spk_ver/v07/v0745	SES180	1.22888	-42.3099	-43.5388
spk_ver/v07/v0746	SES129	-2.19777	-44.7688	-42.571
spk_ver/v07/v0747	SES292	0.385193	-42.3585	-42.7437
spk_ver/v07/v0748	SES202	1.05107	-42.1123	-43.1634
spk_ver/v07/v0749	SES270	1.337	-42.6316	-43.9686
spk_ver/v07/v0750	SES129	-3.3449	-45.8112	-42.4663
spk_ver/v07/v0751	SES129	-3.86259	-46.9163	-43.0537
spk_ver/v07/v0752	SES060	-0.150757	-43.1833	-43.0326
spk_ver/v07/v0753	SES129	-4.24208	-48.3732	-44.1311
spk_ver/v07/v0754	SES129	-10.1603	-56.5389	-46.3787
spk_ver/v07/v0755	SES129	-4.52884	-48.131	-43.6022
spk_ver/v07/v0756	SES175	1.2557	-43.0779	-44.3336
spk_ver/v07/v0757	SES129	-4.94443	-49.4111	-44.4667
spk_ver/v07/v0758	SES129	-5.75159	-50.0171	-44.2655
spk_ver/v07/v0759	SES129	-3.70638	-46.4807	-42.7743
spk_ver/v07/v0760	SES129	-3.61291	-46.471	-42.858
spk_ver/v07/v0761	SES129	-3.11137	-45.3597	-42.2484
spk_ver/v07/v0762	SES172	0.818569	-42.7734	-43.592
spk_ver/v07/v0763	SES129	-4.43572	-49.9709	-45.5351
spk_ver/v07/v0764	SES129	-5.31132	-47.8492	-42.5379
spk_ver/v07/v0765	SES175	0.918503	-43.543	-44.4615
spk_ver/v07/v0766	SES129	-4.18447	-47.2009	-43.0165
spk_ver/v07/v0767	SES129	-3.51486	-47.0104	-43.4956
spk_ver/v07/v0768	SES042	2.57467	-40.9284	-43.503
spk_ver/v07/v0769	SES099	1.76049	-42.8632	-44.6237
spk_ver/v07/v0770	SES142	-4.02445	-48.1067	-44.0823
spk_ver/v07/v0771	SES142	-4.08916	-47.0408	-42.9516
spk_ver/v07/v0772	SES101	0.839462	-41.9124	-42.7519
spk_ver/v07/v0773	SES142	-8.22964	-52.8148	-44.5852
spk_ver/v07/v0774	SES142	-5.46954	-50.5784	-45.1089
spk_ver/v07/v0775	SES142	-2.95824	-46.4426	-43.4844
spk_ver/v07/v0776	SES142	-1.90702	-44.4488	-42.5418
spk_ver/v07/v0777	SES142	-3.60729	-47.2552	-43.6479
spk_ver/v07/v0778	SES142	-1.83062	-46.2827	-44.4521
spk_ver/v07/v0779	SES142	-10.2289	-54.552	-44.3231
spk_ver/v07/v0780	SES142	-3.2439	-48.3205	-45.0766
spk_ver/v07/v0781	SES142	-7.01293	-50.8877	-43.8748
spk_ver/v07/v0782	SES101	0.957706	-42.6814	-43.6392
spk_ver/v07/v0783	SES142	-3.92514	-47.0129	-43.0877
spk_ver/v07/v0784	SES187	1.55193	-42.2508	-43.8027
spk_ver/v07/v0785	SES143	0.30241	-43.4414	-43.7439
spk_ver/v07/v0786	SES142	-3.71797	-47.4865	-43.7686
spk_ver/v07/v0787	SES144	0.458412	-42.9109	-43.3693
spk_ver/v07/v0788	SES275	0.225365	-43.3694	-43.5948
spk_ver/v07/v0789	SES142	-2.816	-45.7853	-42.9693
spk_ver/v07/v0790	SES099	1.89557	-41.6302	-43.5258
spk_ver/v07/v0791	SES142	-7.88152	-52.0538	-44.1723
spk_ver/v07/v0792	SES142	-3.29774	-45.7403	-42.4426
spk_ver/v07/v0793	SES142	-5.12875	-49.4856	-44.3568
spk_ver/v07/v0794	SES014	1.75056	-41.0461	-42.7966
spk_ver/v07/v0795	SES142	-6.0287	-49.5551	-43.5265
spk_ver/v07/v0796	SES142	-3.09518	-46.2525	-43.1573
spk_ver/v07/v0797	SES143	-0.509357	-43.2213	-42.7119
spk_ver/v07/v0798	SES206	1.89182	-41.1053	-42.9971
spk_ver/v07/v0799	SES143	-4.47934	-48.6633	-44.184
spk_ver/v08/v0800	SES143	-2.0408	-45.9497	-43.9089
spk_ver/v08/v0801	SES143	-0.994743	-43.5454	-42.5506
spk_ver/v08/v0802	SES143	-1.91312	-45.2251	-43.312
spk_ver/v08/v0803	SES143	-3.24141	-46.9641	-43.7227
spk_ver/v08/v0804	SES143	-2.91352	-47.1144	-44.2009
spk_ver/v08/v0805	SES143	-3.10963	-47.5826	-44.4729
spk_ver/v08/v0806	SES143	-3.80649	-48.76	-44.9535
spk_ver/v08/v0807	SES177	0.176643	-42.7119	-42.8885
spk_ver/v08/v0808	SES149	1.47132	-42.1118	-43.5831
spk_ver/v08/v0809	SES143	-5.191	-49.1311	-43.9401
spk_ver/v08/v0810	SES158	1.87171	-42.5904	-44.4621
spk_ver/v08/v0811	SES143	-3.29955	-49.4197	-46.1201
spk_ver/v08/v0812	SES062	1.07963	-41.2911	-42.3708
spk_ver/v08/v0813	SES259	1.8417	-41.5563	-43.3979
spk_ver/v08/v0814	SES143	-4.80096	-47.7515	-42.9505
spk_ver/v08/v0815	SES143	-4.67242	-48.8846	-44.2122
spk_ver/v08/v0816	SES143	-0.86768	-44.1772	-43.3095
spk_ver/v08/v0817	SES144	0.536476	-43.4763	-44.0127
spk_ver/v08/v0818	SES143	-1.28325	-44.8802	-43.5969
spk_ver/v08/v0819	SES143	-2.5888	-46.1414	-43.5526
spk_ver/v08/v0820	SES143	-0.743526	-42.5697	-41.8261
spk_ver/v08/v0821	SES143	-1.92301	-46.194	-44.2709
spk_ver/v08/v0822	SES143	-3.20676	-46.9945	-43.7877
spk_ver/v08/v0823	SES104	1.81004	-41.6729	-43.4829
spk_ver/v08/v0824	SES143	-3.35723	-47.0931	-43.7359
spk_ver/v08/v0825	SES143	-3.22007	-46.8116	-43.5915
spk_ver/v08/v0826	SES144	-4.31849	-47.8244	-43.5059
spk_ver/v08/v0827	SES144	-1.37096	-44.3652	-42.9943
spk_ver/v08/v0828	SES144	-0.849384	-43.4888	-42.6394
spk_ver/v08/v0829	SES172	0.57724	-42.9703	-43.5475
spk_ver/v08/v0830	SES144	-0.267994	-43.784	-43.516
spk_ver/v08/v0831	SES183	0.968765	-43.3875	-44.3562
spk_ver/v08/v0832	SES144	-3.48977	-48.7055	-45.2157
spk_ver/v08/v0833	SES144	-4.5194	-48.1276	-43.6082
spk_ver/v08/v0834	SES144	-0.555313	-43.9843	-43.429
spk_ver/v08/v0835	SES144	-2.20665	-46.6677	-44.4611
spk_ver/v08/v0836	SES144	-2.69842	-46.6406	-43.9422
spk_ver/v08/v0837	SES144	-2.67938	-45.2691	-42.5897
spk_ver/v08/v0838	SES144	-2.26213	-47.4908	-45.2286
spk_ver/v08/v0839	SES085	0.275402	-42.4792	-42.7546
spk_ver/v08/v0840	SES144	-0.478088	-44.0702	-43.5921
spk_ver/v08/v0841	SES144	-4.08684	-49.5277	-45.4409
spk_ver/v08/v0842	SES144	-4.54756	-48.4	-43.8524
spk_ver/v08/v0843	SES144	-0.734196	-43.4509	-42.7167
spk_ver/v08/v0844	SES144	-3.00098	-46.7595	-43.7585
spk_ver/v08/v0845	SES144	-4.25548	-47.2214	-42.9659
spk_ver/v08/v0846	SES104	1.19725	-42.6469	-43.8441
spk_ver/v08/v0847	SES144	-2.27013	-46.0622	-43.7921
spk_ver/v08/v0848	SES144	-1.81158	-47.3238	-45.5122
spk_ver/v08/v0849	SES144	-5.46673	-49.3455	-43.8787
spk_ver/v08/v0850	SES144	-3.81586	-47.028	-43.2121
spk_ver/v08/v0851	SES144	-1.69958	-45.0063	-43.3067
spk_ver/v08/v0852	SES144	-0.451385	-42.8636	-42.4123
spk_ver/v08/v0853	SES144	-4.75668	-48.6126	-43.856
spk_ver/v08/v0854	SES144	-1.21062	-44.6148	-43.4041
spk_ver/v08/v0855	SES144	-0.145512	-42.4198	-42.2743
spk_ver/v08/v0856	SES082	0.24617	-45.5981	-45.8443
spk_ver/v08/v0857	SES142	2.12054	-41.2702	-43.3908
spk_ver/v08/v0858	SES144	0.0424767	-44.6508	-44.6933
spk_ver/v08/v0859	SES144	-1.12352	-45.2044	-44.0808
spk_ver/v08/v0860	SES146	-3.77265	-48.509	-44.7363
spk_ver/v08/v0861	SES146	-2.73122	-47.1034	-44.3722
spk_ver/v08/v0862	SES146	-4.16517	-48.4809	-44.3157
spk_ver/v08/v0863	SES146	-2.76968	-47.1857	-44.416
spk_ver/v08/v0864	SES146	-3.11915	-46.3833	-43.2642
spk_ver/v08/v0865	SES008	1.89835	-40.6129	-42.5112
spk_ver/v08/v0866	SES142	0.768864	-42.9348	-43.7037
spk_ver/v08/v0867	SES146	-2.95016	-45.9748	-43.0246
spk_ver/v08/v0868	SES082	1.94165	-41.0223	-42.9639
spk_ver/v08/v0869	SES146	-1.70749	-44.6185	-42.9111
spk_ver/v08/v0870	SES146	-3.14458	-47.4945	-44.3499
spk_ver/v08/v0871	SES146	-3.98909	-48.3684	-44.3793
spk_ver/v08/v0872	SES146	-4.57869	-49.6149	-45.0362
spk_ver/v08/v0873	SES082	1.82584	-40.8013	-42.6271
spk_ver/v08/v0874	SES146	-2.43151	-46.5656	-44.1341
spk_ver/v08/v0875	SES144	0.602711	-43.4328	-44.0356
spk_ver/v08/v0876	SES146	-1.91254	-43.3813	-41.4688
spk_ver/v08/v0877	SES146	-2.90075	-46.7809	-43.8802
spk_ver/v08/v0878	SES146	-2.44784	-46.0982	-43.6504
spk_ver/v08/v0879	SES146	-2.88303	-46.0464	-43.1633
spk_ver/v08/v0880	SES146	-2.96094	-46.703	-43.7421
spk_ver/v08/v0881	SES143	0.936752	-42.4937	-43.4305
spk_ver/v08/v0882	SES146	-1.35101	-45.0125	-43.6614
spk_ver/v08/v0883	SES147	-1.80357	-44.4431	-42.6395
spk_ver/v08/v0884	SES147	-1.09191	-44.0671	-42.9752
spk_ver/v08/v0885	SES016	0.876541	-42.1032	-42.9797
spk_ver/v08/v0886	SES147	-1.33128	-45.6215	-44.2902
spk_ver/v08/v0887	SES147	-1.63606	-45.3503	-43.7142
spk_ver/v08/v0888	SES147	-1.80741	-46.375	-44.5676
spk_ver/v08/v0889	SES019	2.01842	-42.2591	-44.2775
spk_ver/v08/v0890	SES147	-2.66777	-47.1397	-44.472
spk_ver/v08/v0891	SES147	-3.22709	-46.1539	-42.9268
spk_ver/v08/v0892	SES147	-2.38441	-46.3723	-43.9879
spk_ver/v08/v0893	SES270	2.29335	-42.8765	-45.1698
spk_ver/v08/v0894	SES029	0.574615	-43.0737	-43.6483
spk_ver/v08/v0895	SES147	-1.72689	-47.2451	-45.5182
spk_ver/v08/v0896	SES117	0.668732	-43.632	-44.3008
spk_ver/v08/v0897	SES183	1.912	-43.518	-45.43
spk_ver/v08/v0898	SES147	-3.26851	-46.4883	-43.2198
spk_ver/v08/v0899	SES147	-2.83246	-47.8614	-45.029
spk_ver/v09/v0900	SES087	1.67598	-41.8707	-43.5466
spk_ver/v09/v0901	SES147	-3.91707	-48.4233	-44.5062
spk_ver/v09/v0902	SES147	-2.23687	-46.0066	-43.7698
spk_ver/v09/v0903	SES147	-1.39862	-44.7471	-43.3485
spk_ver/v09/v0904	SES147	-2.00185	-45.3978	-43.3959
spk_ver/v09/v0905	SES143	0.847973	-42.904	-43.752
spk_ver/v09/v0906	SES149	0.0244789	-42.9616	-42.9861
spk_ver/v09/v0907	SES148	-1.41498	-44.5832	-43.1682
spk_ver/v09/v0908	SES148	-0.463844	-43.6455	-43.1817
spk_ver/v09/v0909	SES106	2.15256	-42.4683	-44.6209
spk_ver/v09/v0910	SES148	-1.10911	-45.7793	-44.6702
spk_ver/v09/v0911	SES148	-2.32375	-46.0662	-43.7425
spk_ver/v09/v0912	SES142	0.5289	-42.9679	-43.4968
spk_ver/v09/v0913	SES148	-4.31506	-48.8687	-44.5536
spk_ver/v09/v0914	SES148	-2.52897	-46.2021	-43.6731
spk_ver/v09/v0915	SES148	-2.60861	-47.0294	-44.4208
spk_ver/v09/v0916	SES148	-3.13161	-47.9891	-44.8575
spk_ver/v09/v0917	SES148	0.688717	-42.9533	-43.642
spk_ver/v09/v0918	SES148	-0.458038	-43.3095	-42.8515
spk_ver/v09/v0919	SES270	1.55436	-43.1063	-44.6607
spk_ver/v09/v0920	SES148	-1.51528	-44.5013	-42.986
spk_ver/v09/v0921	SES148	-2.9097	-45.9694	-43.0597
spk_ver/v09/v0922	SES129	0.870911	-41.6885	-42.5594
spk_ver/v09/v0923	SES117	0.793491	-42.4378	-43.2313
spk_ver/v09/v0924	SES042	2.87299	-40.7869	-43.6599
spk_ver/v09/v0925	SES148	-4.15751	-49.3694	-45.2119
spk_ver/v09/v0926	SES148	-4.21981	-49.3824	-45.1626
spk_ver/v09/v0927	SES144	0.736031	-42.7968	-43.5328
spk_ver/v09/v0928	SES007	0.695911	-42.98	-43.6759
spk_ver/v09/v0929	SES148	-1.75169	-44.3203	-42.5686
spk_ver/v09/v0930	SES148	-1.31092	-44.3509	-43.04
spk_ver/v09/v0931	SES148	-2.20747	-46.3619	-44.1544
spk_ver/v09/v0932	SES202	1.31021	-41.8278	-43.1381
spk_ver/v09/v0933	SES148	-0.282539	-43.1744	-42.8918
spk_ver/v09/v0934	SES148	-3.57832	-46.4411	-42.8627
spk_ver/v09/v0935	SES060	1.168	-41.5851	-42.7531
spk_ver/v09/v0936	SES060	1.55167	-41.8772	-43.4289
spk_ver/v09/v0937	SES148	-1.54937	-44.6334	-43.084
spk_ver/v09/v0938	SES148	-1.78655	-45.4366	-43.6501
spk_ver/v09/v0939	SES148	-2.59092	-45.5683	-42.9774
spk_ver/v09/v0940	SES148	-2.61487	-45.4557	-42.8408
spk_ver/v09/v0941	SES149	-2.98473	-46.6968	-43.7121
spk_ver/v09/v0942	SES149	-4.83929	-47.4303	-42.591
spk_ver/v09/v0943	SES149	-4.91366	-48.933	-44.0194
spk_ver/v09/v0944	SES149	-1.78615	-45.2	-43.4139
spk_ver/v09/v0945	SES105	0.715408	-42.2455	-42.9609
spk_ver/v09/v0946	SES149	-2.99498	-46.4242	-43.4292
spk_ver/v09/v0947	SES149	-3.42395	-48.3822	-44.9583
spk_ver/v09/v0948	SES149	-5.03823	-48.0028	-42.9646
spk_ver/v09/v0949	SES149	-2.77906	-44.4049	-41.6258
spk_ver/v09/v0950	SES226	1.05307	-41.9349	-42.9879
spk_ver/v09/v0951	SES149	-4.81661	-48.9146	-44.098
spk_ver/v09/v0952	SES149	-3.83956	-47.655	-43.8155
spk_ver/v09/v0953	SES062	1.04036	-41.4184	-42.4588
spk_ver/v09/v0954	SES149	-4.12674	-48.304	-44.1773
spk_ver/v09/v0955	SES048	0.216862	-42.4629	-42.6798
spk_ver/v09/v0956	SES158	-0.549881	-44.2473	-43.6974
spk_ver/v09/v0957	SES158	-3.99439	-48.4264	-44.432
spk_ver/v09/v0958	SES158	-0.582481	-43.078	-42.4955
spk_ver/v09/v0959	SES158	-1.71609	-45.3299	-43.6138
spk_ver/v09/v0960	SES158	-5.64203	-50.284	-44.6419
spk_ver/v09/v0961	SES147	1.31911	-43.2546	-44.5737
spk_ver/v09/v0962	SES158	-9.26082	-53.3094	-44.0486
spk_ver/v09/v0963	SES292	1.11865	-42.198	-43.3166
spk_ver/v09/v0964	SES060	1.25299	-41.6461	-42.8991
spk_ver/v09/v0965	SES002	1.41485	-42.6562	-44.0711
spk_ver/v09/v0966	SES149	2.03968	-41.2736	-43.3132
spk_ver/v09/v0967	SES158	-7.90585	-51.9574	-44.0516
spk_ver/v09/v0968	SES158	-1.73245	-45.8534	-44.1209
spk_ver/v09/v0969	SES275	-0.22641	-44.7683	-44.5419
spk_ver/v09/v0970	SES158	-6.37219	-49.301	-42.9288
spk_ver/v09/v0971	SES158	-6.79292	-50.1056	-43.3127
spk_ver/v09/v0972	SES002	2.00415	-41.3031	-43.3072
spk_ver/v09/v0973	SES158	-7.24809	-50.099	-42.8509
spk_ver/v09/v0974	SES202	1.16125	-42.1543	-43.3155
spk_ver/v09/v0975	SES158	-7.40122	-51.8566	-44.4554
spk_ver/v09/v0976	SES158	0.162518	-43.4616	-43.6242
spk_ver/v09/v0977	SES162	-1.33109	-44.4959	-43.1648
spk_ver/v09/v0978	SES162	-6.24863	-51.1689	-44.9203
spk_ver/v09/v0979	SES162	-4.71655	-48.9404	-44.2239
spk_ver/v09/v0980	SES162	-1.71452	-46.2758	-44.5613
spk_ver/v09/v0981	SES162	-2.31651	-46.6391	-44.3226
spk_ver/v09/v0982	SES259	2.47238	-40.8415	-43.3139
spk_ver/v09/v0983	SES162	-3.28907	-50.0034	-46.7144
spk_ver/v09/v0984	SES162	-1.92566	-44.5169	-42.5912
spk_ver/v09/v0985	SES162	-1.15488	-44.1474	-42.9925
spk_ver/v09/v0986	SES062	1.31112	-41.2471	-42.5582
spk_ver/v09/v0987	SES162	-1.40501	-45.2433	-43.8383
spk_ver/v09/v0988	SES162	-3.80021	-47.2381	-43.4379
spk_ver/v09/v0989	SES162	-3.91883	-49.5539	-45.6351
spk_ver/v09/v0990	SES162	-3.20718	-46.5275	-43.3204
spk_ver/v09/v0991	SES087	2.18036	-41.858	-44.0383
spk_ver/v09/v0992	SES120	0.118458	-43.9261	-44.0446
spk_ver/v09/v0993	SES162	-4.61271	-47.8688	-43.2561
spk_ver/v09/v0994	SES162	-1.43166	-44.2433	-42.8116
spk_ver/v09/v0995	SES162	-4.0281	-46.7721	-42.744
spk_ver/v09/v0996	SES162	-1.7981	-43.5951	-41.797
spk_ver/v09/v0997	SES162	-4.8167	-48.6752	-43.8585
spk_ver/v09/v0998	SES162	-3.34175	-48.3721	-45.0303
spk_ver/v09/v0999	SES162	-1.4986	-43.0006	-41.502
spk_ver/v10/v1000	SES162	-3.9334	-47.4193	-43.4859
spk_ver/v10/v1001	SES148	1.21205	-42.8555	-44.0676
spk_ver/v10/v1002	SES162	-0.517853	-44.4601	-43.9423
spk_ver/v10/v1003	SES162	-1.81517	-45.664	-43.8488
spk_ver/v10/v1004	SES162	-2.59853	-46.9086	-44.31
spk_ver/v10/v1005	SES162	-3.28675	-48.1574	-44.8706
spk_ver/v10/v1006	SES162	-3.39715	-47.0346	-43.6375
spk_ver/v10/v1007	SES162	-1.87366	-46.1325	-44.2588
spk_ver/v10/v1008	SES162	-3.48253	-49.6982	-46.2157
spk_ver/v10/v1009	SES162	-4.59139	-47.8134	-43.222
spk_ver/v10/v1010	SES167	-3.43237	-48.4054	-44.973
spk_ver/v10/v1011	SES167	-0.752651	-44.0941	-43.3415
spk_ver/v10/v1012	SES167	-1.56613	-45.7759	-44.2097
spk_ver/v10/v1013	SES167	-6.72745	-50.5845	-43.857
spk_ver/v10/v1014	SES167	-1.1427	-43.2831	-42.1404
spk_ver/v10/v1015	SES167	-1.37411	-44.2217	-42.8476
spk_ver/v10/v1016	SES167	-1.34203	-44.9788	-43.6368
spk_ver/v10/v1017	SES167	-1.47534	-45.0385	-43.5632
spk_ver/v10/v1018	SES167	-2.94633	-46.6289	-43.6826
spk_ver/v10/v1019	SES167	-2.30563	-45.2523	-42.9467
spk_ver/v10/v1020	SES167	-5.97097	-49.972	-44.0011
spk_ver/v10/v1021	SES167	-1.63237	-46.7054	-45.073
spk_ver/v10/v1022	SES167	-4.11814	-47.8637	-43.7456
spk_ver/v10/v1023	SES167	-4.83313	-49.9447	-45.1116
spk_ver/v10/v1024	SES167	-5.0736	-51.0122	-45.9386
spk_ver/v10/v1025	SES167	-1.62086	-44.1229	-42.502
spk_ver/v10/v1026	SES167	-2.28752	-46.1016	-43.8141
spk_ver/v10/v1027	SES167	-1.40054	-44.2819	-42.8814
spk_ver/v10/v1028	SES167	-5.77948	-49.44	-43.6606
spk_ver/v10/v1029	SES167	-3.96631	-47.6821	-43.7158
spk_ver/v10/v1030	SES167	-2.48846	-45.9111	-43.4226
spk_ver/v10/v1031	SES167	-5.68447	-49.5357	-43.8513
spk_ver/v10/v1032	SES167	-5.4063	-48.2684	-42.8621
spk_ver/v10/v1033	SES167	-5.49231	-48.4624	-42.9701
spk_ver/v10/v1034	SES002	2.04013	-40.7329	-42.773
spk_ver/v10/v1035	SES167	-1.53083	-44.2937	-42.7628
spk_ver/v10/v1036	SES083	1.07327	-42.1581	-43.2314
spk_ver/v10/v1037	SES167	-2.33673	-46.1104	-43.7736
spk_ver/v10/v1038	SES167	-3.40572	-48.8907	-45.4849
spk_ver/v10/v1039	SES167	-1.43138	-45.2465	-43.8151
spk_ver/v10/v1040	SES167	-6.07995	-50.3286	-44.2486
spk_ver/v10/v1041	SES167	-0.970104	-44.9208	-43.9507
spk_ver/v10/v1042	SES087	1.97284	-42.47	-44.4429
spk_ver/v10/v1043	SES029	1.26426	-42.3196	-43.5839
spk_ver/v10/v1044	SES206	1.04637	-42.2933	-43.3396
spk_ver/v10/v1045	SES172	-3.27023	-47.2388	-43.9686
spk_ver/v10/v1046	SES172	1.08557	-41.8736	-42.9592
spk_ver/v10/v1047	SES172	-0.460896	-43.3234	-42.8625
spk_ver/v10/v1048	SES259	2.51862	-40.6899	-43.2085
spk_ver/v10/v1049	SES172	-4.51288	-47.3193	-42.8064
spk_ver/v10/v1050	SES120	1.18181	-43.1213	-44.3032
spk_ver/v10/v1051	SES172	-2.20065	-44.7774	-42.5768
spk_ver/v10/v1052	SES172	-2.90363	-46.8356	-43.932
spk_ver/v10/v1053	SES172	-3.69643	-47.204	-43.5076
spk_ver/v10/v1054	SES172	-2.39211	-46.0205	-43.6284
spk_ver/v10/v1055	SES189	1.45669	-44.1352	-45.5919
spk_ver/v10/v1056	SES172	-3.99568	-48.144	-44.1483
spk_ver/v10/v1057	SES172	-1.23096	-44.6627	-43.4318
spk_ver/v10/v1058	SES172	-2.20788	-45.6514	-43.4435
spk_ver/v10/v1059	SES172	-1.92136	-45.4846	-43.5633
spk_ver/v10/v1060	SES029	0.2351	-42.4846	-42.7197
spk_ver/v10/v1061	SES175	-6.41053	-50.7795	-44.369
spk_ver/v10/v1062	SES187	0.329624	-42.3353	-42.6649
spk_ver/v10/v1063	SES019	3.05836	-42.7068	-45.7652
spk_ver/v10/v1064	SES175	-4.3902	-48.3519	-43.9617
spk_ver/v10/v1065	SES175	-5.77519	-49.6886	-43.9134
spk_ver/v10/v1066	SES175	-6.82413	-52.7546	-45.9304
spk_ver/v10/v1067	SES175	-1.8462	-45.8587	-44.0125
spk_ver/v10/v1068	SES175	-3.08559	-46.6761	-43.5905
spk_ver/v10/v1069	SES016	2.27933	-40.7713	-43.0506
spk_ver/v10/v1070	SES175	-3.63069	-48.1385	-44.5078
spk_ver/v10/v1071	SES175	-1.8505	-43.8024	-41.9519
spk_ver/v10/v1072	SES175	-5.23628	-49.145	-43.9088
spk_ver/v10/v1073	SES029	0.23703	-42.8386	-43.0756
spk_ver/v10/v1074	SES175	-2.87988	-46.9635	-44.0836
spk_ver/v10/v1075	SES175	-1.40336	-43.5841	-42.1808
spk_ver/v10/v1076	SES175	-0.41935	-42.5299	-42.1106
spk_ver/v10/v1077	SES175	-4.40381	-47.088	-42.6842
spk_ver/v10/v1078	SES127	0.923973	-41.1347	-42.0587
spk_ver/v10/v1079	SES175	-3.66623	-46.3815	-42.7152
spk_ver/v10/v1080	SES175	-2.18221	-46.4333	-44.2511
spk_ver/v10/v1081	SES175	-4.54017	-48.6841	-44.144
spk_ver/v10/v1082	SES175	-3.61876	-46.8176	-43.1988
spk_ver/v10/v1083	SES007	0.952003	-42.7079	-43.66
spk_ver/v10/v1084	SES068	0.986847	-41.447	-42.4339
spk_ver/v10/v1085	SES008	1.15311	-41.3302	-42.4833
spk_ver/v10/v1086	SES175	-1.01226	-42.9884	-41.9762
spk_ver/v10/v1087	SES175	-3.38542	-46.8457	-43.4603
spk_ver/v10/v1088	SES008	1.72939	-41.2852	-43.0146
spk_ver/v10/v1089	SES177	-2.32284	-44.5774	-42.2545
spk_ver/v10/v1090	SES177	-3.71084	-46.9546	-43.2438
spk_ver/v10/v1091	SES177	-4.74239	-49.3928	-44.6504
spk_ver/v10/v1092	SES177	-0.999123	-44.2126	-43.2135
spk_ver/v10/v1093	SES177	-5.12517	-48.9992	-43.874
spk_ver/v10/v1094	SES002	1.61341	-41.833	-43.4464
spk_ver/v10/v1095	SES104	1.10651	-42.7695	-43.876
spk_ver/v10/v1096	SES177	-0.783291	-44.2789	-43.4956
spk_ver/v10/v1097	SES177	-2.39285	-47.3793	-44.9864
spk_ver/v10/v1098	SES177	-2.62629	-45.285	-42.6587
spk_ver/v10/v1099	SES177	-0.311089	-43.1369	-42.8259
spk_ver/v11/v1100	SES177	-3.22461	-47.4864	-44.2618
spk_ver/v11/v1101	SES085	-0.0416641	-42.8157	-42.774
spk_ver/v11/v1102	SES187	0.988216	-42.6154	-43.6037
spk_ver/v11/v1103	SES177	-1.11007	-44.7293	-43.6192
spk_ver/v11/v1104	SES177	0.826275	-41.8477	-42.674
spk_ver/v11/v1105	SES177	-0.364723	-42.7393	-42.3746
spk_ver/v11/v1106	SES177	-1.63451	-45.3181	-43.6836
spk_ver/v11/v1107	SES177	-0.656609	-43.7455	-43.0889
spk_ver/v11/v1108	SES177	-0.559227	-43.6425	-43.0833
spk_ver/v11/v1109	SES125	1.7641	-41.2962	-43.0603
spk_ver/v11/v1110	SES177	-3.12881	-46.797	-43.6682
spk_ver/v11/v1111	SES177	-1.24898	-44.3568	-43.1078
spk_ver/v11/v1112	SES177	-2.02042	-45.3962	-43.3758
spk_ver/v11/v1113	SES177	-5.06961	-48.2183	-43.1487
spk_ver/v11/v1114	SES177	-1.54596	-46.0079	-44.4619
spk_ver/v11/v1115	SES177	-1.82001	-46.3541	-44.5341
spk_ver/v11/v1116	SES085	0.861019	-41.1658	-42.0268
spk_ver/v11/v1117	SES147	0.633373	-43.29	-43.9234
spk_ver/v11/v1118	SES177	-0.822639	-44.4139	-43.5912
spk_ver/v11/v1119	SES177	-3.16309	-46.5223	-43.3592
spk_ver/v11/v1120	SES180	-5.12849	-49.3658	-44.2373
spk_ver/v11/v1121	SES189	0.823387	-44.1552	-44.9786
spk_ver/v11/v1122	SES117	-0.0562477	-45.5667	-45.5105
spk_ver/v11/v1123	SES129	1.91457	-41.0852	-42.9998
spk_ver/v11/v1124	SES180	-2.05774	-45.9273	-43.8695
spk_ver/v11/v1125	SES180	-0.774811	-43.0761	-42.3013
spk_ver/v11/v1126	SES180	-0.935745	-43.8154	-42.8796
spk_ver/v11/v1127	SES180	-1.74345	-45.8258	-44.0823
spk_ver/v11/v1128	SES016	1.10771	-43.0158	-44.1235
spk_ver/v11/v1129	SES158	1.41776	-42.1489	-43.5666
spk_ver/v11/v1130	SES180	-2.25566	-45.7448	-43.4891
spk_ver/v11/v1131	SES180	-3.48017	-46.2268	-42.7466
spk_ver/v11/v1132	SES180	-1.81109	-45.9695	-44.1584
spk_ver/v11/v1133	SES180	-3.125	-46.0682	-42.9432
spk_ver/v11/v1134	SES180	-1.9298	-46.3931	-44.4633
spk_ver/v11/v1135	SES180	-1.23181	-43.8185	-42.5867
spk_ver/v11/v1136	SES180	-5.72267	-51.0488	-45.3261
spk_ver/v11/v1137	SES148	0.500824	-42.519	-43.0198
spk_ver/v11/v1138	SES104	1.62016	-40.8065	-42.4267
spk_ver/v11/v1139	SES180	-3.16587	-46.9758	-43.8099
spk_ver/v11/v1140	SES083	0.806381	-42.4816	-43.2879
spk_ver/v11/v1141	SES180	-4.60604	-48.6281	-44.0221
spk_ver/v11/v1142	SES180	-2.28637	-46.0693	-43.7829
spk_ver/v11/v1143	SES180	-3.08073	-47.6036	-44.5229
spk_ver/v11/v1144	SES099	1.8205	-43.0869	-44.9074
spk_ver/v11/v1145	SES180	-1.89131	-45.127	-43.2357
spk_ver/v11/v1146	SES183	-2.62772	-46.4281	-43.8004
spk_ver/v11/v1147	SES183	-1.00256	-44.3041	-43.3015
spk_ver/v11/v1148	SES183	-3.8536	-49.6818	-45.8282
spk_ver/v11/v1149	SES183	-4.88459	-48.8691	-43.9845
spk_ver/v11/v1150	SES183	-3.90527	-48.2039	-44.2987
spk_ver/v11/v1151	SES082	1.53857	-41.91	-43.4485
spk_ver/v11/v1152	SES183	-2.41328	-47.596	-45.1827
spk_ver/v11/v1153	SES183	-2.00724	-45.0287	-43.0215
spk_ver/v11/v1154	SES002	1.71979	-41.0961	-42.8159
spk_ver/v11/v1155	SES183	-2.22253	-45.9977	-43.7751
spk_ver/v11/v1156	SES183	-4.48449	-49.7612	-45.2767
spk_ver/v11/v1157	SES183	-1.78368	-43.7045	-41.9209
spk_ver/v11/v1158	SES183	-0.307148	-43.3833	-43.0762
spk_ver/v11/v1159	SES183	-2.62853	-46.3965	-43.768
spk_ver/v11/v1160	SES183	-4.41211	-48.1545	-43.7424
spk_ver/v11/v1161	SES183	-3.6272	-48.4504	-44.8232
spk_ver/v11/v1162	SES105	1.23203	-42.5228	-43.7548
spk_ver/v11/v1163	SES183	-4.54762	-48.5079	-43.9603
spk_ver/v11/v1164	SES259	2.24281	-41.2169	-43.4597
spk_ver/v11/v1165	SES183	-2.21685	-46.5279	-44.3111
spk_ver/v11/v1166	SES183	-4.18114	-47.5949	-43.4138
spk_ver/v11/v1167	SES183	-1.94571	-45.6701	-43.7244
spk_ver/v11/v1168	SES183	-1.68281	-44.4913	-42.8085
spk_ver/v11/v1169	SES183	-4.65856	-47.9693	-43.3107
spk_ver/v11/v1170	SES183	-3.80629	-46.3784	-42.5721
spk_ver/v11/v1171	SES183	-6.58396	-51.8332	-45.2493
spk_ver/v11/v1172	SES187	-2.51924	-45.995	-43.4757
spk_ver/v11/v1173	SES019	3.23903	-42.6368	-45.8758
spk_ver/v11/v1174	SES187	-5.31936	-50.4831	-45.1637
spk_ver/v11/v1175	SES187	-2.04873	-46.7285	-44.6797
spk_ver/v11/v1176	SES083	0.709103	-41.1602	-41.8693
spk_ver/v11/v1177	SES187	-5.19177	-50.9259	-45.7341
spk_ver/v11/v1178	SES187	-4.09732	-47.7205	-43.6232
spk_ver/v11/v1179	SES187	-2.08762	-46.7168	-44.6292
spk_ver/v11/v1180	SES187	-0.709316	-44.6357	-43.9264
spk_ver/v11/v1181	SES187	-4.76179	-47.9098	-43.148
spk_ver/v11/v1182	SES187	-0.991646	-43.5142	-42.5225
spk_ver/v11/v1183	SES187	-2.9721	-46.7286	-43.7565
spk_ver/v11/v1184	SES187	0.127914	-43.3238	-43.4517
spk_ver/v11/v1185	SES127	0.96537	-41.9239	-42.8892
spk_ver/v11/v1186	SES187	-0.741745	-43.3432	-42.6015
spk_ver/v11/v1187	SES187	-1.06766	-43.1915	-42.1239
spk_ver/v11/v1188	SES187	-2.02781	-46.2102	-44.1824
spk_ver/v11/v1189	SES042	2.24061	-41.0415	-43.2821
spk_ver/v11/v1190	SES187	-0.838753	-43.6957	-42.8569
spk_ver/v11/v1191	SES187	-4.24876	-49.8243	-45.5756
spk_ver/v11/v1192	SES187	-3.62858	-47.8656	-44.237
spk_ver/v11/v1193	SES183	0.721569	-43.1588	-43.8804
spk_ver/v11/v1194	SES187	-2.23737	-46.4373	-44.1999
spk_ver/v11/v1195	SES187	-4.78531	-48.7835	-43.9982
spk_ver/v11/v1196	SES146	1.01767	-43.7172	-44.7348
spk_ver/v11/v1197	SES189	-4.6795	-48.129	-43.4495
spk_ver/v11/v1198	SES175	1.12612	-42.9342	-44.0604
spk_ver/v11/v1199	SES189	-3.942	-48.8528	-44.9108
spk_ver/v12/v1200	SES189	-1.84387	-43.9495	-42.1056
spk_ver/v12/v1201	SES177	0.745872	-41.9361	-42.682
spk_ver/v12/v1202	SES189	-1.1341	-45.2667	-44.1326
spk_ver/v12/v1203	SES143	0.59996	-43.0339	-43.6339
spk_ver/v12/v1204	SES189	-2.62854	-45.6623	-43.0337
spk_ver/v12/v1205	SES189	-1.7175	-44.294	-42.5765
spk_ver/v12/v1206	SES189	-4.83947	-50.1147	-45.2752
spk_ver/v12/v1207	SES189	-3.16082	-45.9759	-42.815
spk_ver/v12/v1208	SES189	-3.17723	-45.0949	-41.9177
spk_ver/v12/v1209	SES189	-4.63056	-49.4576	-44.827
spk_ver/v12/v1210	SES189	-0.249561	-44.2184	-43.9689
spk_ver/v12/v1211	SES062	1.51981	-41.2137	-42.7335
spk_ver/v12/v1212	SES189	-2.20015	-44.6951	-42.495
spk_ver/v12/v1213	SES048	1.54118	-41.4339	-42.9751
spk_ver/v12/v1214	SES042	2.29008	-40.7239	-43.014
spk_ver/v12/v1215	SES008	1.92746	-40.7244	-42.6519
spk_ver/v12/v1216	SES202	-3.76714	-46.3283	-42.5612
spk_ver/v12/v1217	SES202	-2.81109	-47.3992	-44.5881
spk_ver/v12/v1218	SES085	1.06772	-40.6164	-41.6842
spk_ver/v12/v1219	SES202	-1.31103	-43.9799	-42.6689
spk_ver/v12/v1220	SES202	-4.26327	-46.7978	-42.5346
spk_ver/v12/v1221	SES202	-1.92947	-46.2754	-44.3459
spk_ver/v12/v1222	SES202	-6.95758	-52.1068	-45.1492
spk_ver/v12/v1223	SES158	1.07121	-42.4601	-43.5313
spk_ver/v12/v1224	SES202	-1.54617	-46.4664	-44.9202
spk_ver/v12/v1225	SES202	-6.41889	-49.7801	-43.3612
spk_ver/v12/v1226	SES202	-5.22752	-48.4314	-43.2039
spk_ver/v12/v1227	SES202	-4.37393	-48.5775	-44.2036
spk_ver/v12/v1228	SES177	0.285984	-43.0686	-43.3546
spk_ver/v12/v1229	SES202	-5.036	-48.6095	-43.5735
spk_ver/v12/v1230	SES202	-1.53562	-44.9724	-43.4367
spk_ver/v12/v1231	SES202	-6.35792	-50.5877	-44.2297
spk_ver/v12/v1232	SES202	-2.04318	-47.7655	-45.7223
spk_ver/v12/v1233	SES206	1.33132	-41.4488	-42.7801
spk_ver/v12/v1234	SES202	-6.0728	-50.0793	-44.0065
spk_ver/v12/v1235	SES202	-2.22559	-45.1692	-42.9436
spk_ver/v12/v1236	SES125	2.20111	-41.7682	-43.9693
spk_ver/v12/v1237	SES127	0.757607	-42.103	-42.8606
spk_ver/v12/v1238	SES202	2.14128	-40.9664	-43.1077
spk_ver/v12/v1239	SES167	1.42085	-41.3059	-42.7268
spk_ver/v12/v1240	SES206	-11.419	-55.4192	-44.0002
spk_ver/v12/v1241	SES206	-8.79102	-53.2219	-44.4309
spk_ver/v12/v1242	SES206	-0.751198	-43.9524	-43.2012
spk_ver/v12/v1243	SES206	-2.11788	-46.3932	-44.2753
spk_ver/v12/v1244	SES259	1.98121	-41.9954	-43.9766
spk_ver/v12/v1245	SES206	-4.97116	-48.0193	-43.0481
spk_ver/v12/v1246	SES206	-6.13578	-49.327	-43.1912
spk_ver/v12/v1247	SES206	-0.351315	-43.9515	-43.6002
spk_ver/v12/v1248	SES206	-11.5319	-56.4105	-44.8786
spk_ver/v12/v1249	SES270	2.16388	-42.7372	-44.901
spk_ver/v12/v1250	SES206	-8.65526	-52.3624	-43.7071
spk_ver/v12/v1251	SES206	-6.04433	-48.7052	-42.6609
spk_ver/v12/v1252	SES206	-4.17806	-47.6848	-43.5067
spk_ver/v12/v1253	SES206	-1.07277	-44.542	-43.4692
spk_ver/v12/v1254	SES206	-1.11762	-44.856	-43.7384
spk_ver/v12/v1255	SES125	1.94524	-41.3889	-43.3341
spk_ver/v12/v1256	SES206	-11.99	-55.3059	-43.3159
spk_ver/v12/v1257	SES206	-7.63478	-50.0505	-42.4157
spk_ver/v12/v1258	SES206	-1.60643	-45.9597	-44.3533
spk_ver/v12/v1259	SES206	-8.67371	-52.0403	-43.3666
spk_ver/v12/v1260	SES206	-11.5056	-55.8313	-44.3256
spk_ver/v12/v1261	SES206	-7.49109	-50.5498	-43.0587
spk_ver/v12/v1262	SES206	-10.2889	-54.08	-43.7911
spk_ver/v12/v1263	SES206	-7.27288	-50.235	-42.9621
spk_ver/v12/v1264	SES149	1.27724	-42.3913	-43.6685
spk_ver/v12/v1265	SES206	-0.656017	-46.2256	-45.5696
spk_ver/v12/v1266	SES206	-12.7352	-56.8936	-44.1584
spk_ver/v12/v1267	SES206	-0.566677	-46.742	-46.1753
spk_ver/v12/v1268	SES206	-4.83736	-48.9229	-44.0855
spk_ver/v12/v1269	SES206	-11.2414	-57.1839	-45.9425
spk_ver/v12/v1270	SES206	-13.9716	-59.8863	-45.9147
spk_ver/v12/v1271	SES226	-8.9094	-53.7457	-44.8363
spk_ver/v12/v1272	SES226	-0.548969	-43.3674	-42.8184
spk_ver/v12/v1273	SES226	-8.29128	-50.7501	-42.4589
spk_ver/v12/v1274	SES226	-5.91499	-49.5043	-43.5893
spk_ver/v12/v1275	SES226	-0.223068	-43.9953	-43.7722
spk_ver/v12/v1276	SES226	-7.73735	-51.3141	-43.5768
spk_ver/v12/v1277	SES226	-1.07579	-44.3226	-43.2468
spk_ver/v12/v1278	SES226	0.0768318	-44.1234	-44.2002
spk_ver/v12/v1279	SES226	-7.05365	-49.1646	-42.1109
spk_ver/v12/v1280	SES226	-2.19639	-45.1064	-42.91
spk_ver/v12/v1281	SES226	-1.46717	-46.244	-44.7769
spk_ver/v12/v1282	SES226	-0.983143	-45.464	-44.4809
spk_ver/v12/v1283	SES143	1.21284	-42.4083	-43.6211
spk_ver/v12/v1284	SES226	-4.79543	-47.3673	-42.5719
spk_ver/v12/v1285	SES226	-1.61071	-45.1828	-43.5721
spk_ver/v12/v1286	SES226	-1.73425	-45.7513	-44.0171
spk_ver/v12/v1287	SES226	-2.9987	-46.7691	-43.7704
spk_ver/v12/v1288	SES226	-6.88824	-49.5725	-42.6843
spk_ver/v12/v1289	SES104	1.82794	-42.1632	-43.9911
spk_ver/v12/v1290	SES008	2.14561	-42.1677	-44.3133
spk_ver/v12/v1291	SES226	-0.632298	-44.1929	-43.5606
spk_ver/v12/v1292	SES259	-3.13084	-47.7176	-44.5868
spk_ver/v12/v1293	SES062	1.19521	-41.3388	-42.534
spk_ver/v12/v1294	SES099	1.34392	-43.5094	-44.8533
spk_ver/v12/v1295	SES158	0.722031	-43.5705	-44.2925
spk_ver/v12/v1296	SES259	-5.5843	-47.9263	-42.3419
spk_ver/v12/v1297	SES259	-3.23991	-47.2368	-43.9969
spk_ver/v12/v1298	SES259	-1.72816	-45.321	-43.5929
spk_ver/v12/v1299	SES259	-6.42368	-49.9713	-43.5476
spk_ver/v13/v1300	SES120	0.877773	-42.9932	-43.871
spk_ver/v13/v1301	SES259	-8.05228	-51.2424	-43.1901
spk_ver/v13/v1302	SES259	-8.56488	-52.1893	-43.6245
spk_ver/v13/v1303	SES129	1.42406	-41.9918	-43.4159
spk_ver/v13/v1304	SES259	-3.02672	-46.888	-43.8613
spk_ver/v13/v1305	SES259	-3.529	-48.0634	-44.5344
spk_ver/v13/v1306	SES106	1.32386	-42.5635	-43.8874
spk_ver/v13/v1307	SES259	-3.28394	-47.6398	-44.3559
spk_ver/v13/v1308	SES259	-0.809715	-44.7173	-43.9076
spk_ver/v13/v1309	SES259	-5.91006	-48.6778	-42.7677
spk_ver/v13/v1310	SES259	-5.6155	-47.8929	-42.2774
spk_ver/v13/v1311	SES259	-5.96772	-48.7479	-42.7802
spk_ver/v13/v1312	SES259	-1.54364	-44.2749	-42.7313
spk_ver/v13/v1313	SES144	0.632477	-42.7045	-43.3369
spk_ver/v13/v1314	SES259	-7.68514	-51.2691	-43.584
spk_ver/v13/v1315	SES162	1.53976	-41.8561	-43.3959
spk_ver/v13/v1316	SES206	1.15908	-41.8152	-42.9743
spk_ver/v13/v1317	SES175	0.994213	-43.0246	-44.0188
spk_ver/v13/v1318	SES259	-6.37833	-50.7237	-44.3453
spk_ver/v13/v1319	SES259	-7.92386	-51.7892	-43.8653
spk_ver/v13/v1320	SES270	0.169365	-44.0376	-44.207
spk_ver/v13/v1321	SES101	0.0752945	-42.7819	-42.8572
spk_ver/v13/v1322	SES177	0.799828	-41.7626	-42.5624
spk_ver/v13/v1323	SES127	0.940933	-40.9684	-41.9093
spk_ver/v13/v1324	SES270	-6.95921	-50.6827	-43.7235
spk_ver/v13/v1325	SES062	1.02015	-41.7202	-42.7403
spk_ver/v13/v1326	SES270	0.447567	-44.0816	-44.5292
spk_ver/v13/v1327	SES120	-0.00400543	-44.161	-44.157
spk_ver/v13/v1328	SES270	-3.38078	-48.2684	-44.8876
spk_ver/v13/v1329	SES270	-6.4328	-47.9826	-41.5498
spk_ver/v13/v1330	SES270	0.555546	-44.5651	-45.1206
spk_ver/v13/v1331	SES270	-6.61038	-48.8777	-42.2673
spk_ver/v13/v1332	SES270	-0.541573	-43.4763	-42.9347
spk_ver/v13/v1333	SES270	-0.466331	-45.3898	-44.9235
spk_ver/v13/v1334	SES270	-2.87181	-46.268	-43.3962
spk_ver/v13/v1335	SES270	0.710949	-42.7552	-43.4661
spk_ver/v13/v1336	SES270	-1.07899	-44.5325	-43.4535
spk_ver/v13/v1337	SES016	1.35085	-42.0509	-43.4017
spk_ver/v13/v1338	SES270	-5.90327	-48.6836	-42.7804
spk_ver/v13/v1339	SES002	2.1268	-41.0454	-43.1722
spk_ver/v13/v1340	SES105	1.88726	-42.6029	-44.4902
spk_ver/v13/v1341	SES275	-2.67552	-47.3019	-44.6264
spk_ver/v13/v1342	SES187	1.0427	-43.1804	-44.2231
spk_ver/v13/v1343	SES275	-2.76149	-46.0863	-43.3248
spk_ver/v13/v1344	SES275	-3.43189	-47.9314	-44.4995
spk_ver/v13/v1345	SES275	-3.06652	-47.2192	-44.1527
spk_ver/v13/v1346	SES275	-5.59905	-49.7244	-44.1253
spk_ver/v13/v1347	SES275	-2.7793	-47.3258	-44.5466
spk_ver/v13/v1348	SES180	0.608994	-42.5107	-43.1197
spk_ver/v13/v1349	SES275	-1.74125	-47.3237	-45.5825
spk_ver/v13/v1350	SES275	-0.99831	-43.1499	-42.1516
spk_ver/v13/v1351	SES275	-3.31493	-50.6826	-47.3677
spk_ver/v13/v1352	SES275	-1.99791	-45.7974	-43.7994
spk_ver/v13/v1353	SES275	-2.73243	-48.1699	-45.4375
spk_ver/v13/v1354	SES189	1.14869	-44.3125	-45.4612
spk_ver/v13/v1355	SES068	0.686638	-41.5595	-42.2461
spk_ver/v13/v1356	SES275	-3.71127	-48.8676	-45.1563
spk_ver/v13/v1357	SES048	0.310066	-42.8684	-43.1785
spk_ver/v13/v1358	SES226	1.78238	-40.98	-42.7624
spk_ver/v13/v1359	SES016	0.89299	-42.0975	-42.9905
spk_ver/v13/v1360	SES275	-2.67213	-46.9029	-44.2307
spk_ver/v13/v1361	SES068	1.05157	-41.1558	-42.2074
spk_ver/v13/v1362	SES275	-3.98183	-47.3741	-43.3923
spk_ver/v13/v1363	SES275	-2.85241	-46.9197	-44.0673
spk_ver/v13/v1364	SES275	-3.01252	-48.4182	-45.4057
spk_ver/v13/v1365	SES275	-2.28148	-45.0541	-42.7726
spk_ver/v13/v1366	SES187	0.574738	-42.4957	-43.0705
spk_ver/v13/v1367	SES275	-5.13248	-50.1844	-45.052
spk_ver/v13/v1368	SES125	2.01809	-41.4996	-43.5177
spk_ver/v13/v1369	SES275	-1.93766	-46.5396	-44.6019
spk_ver/v13/v1370	SES292	-3.17381	-46.5668	-43.393
spk_ver/v13/v1371	SES292	-2.81599	-46.1777	-43.3617
spk_ver/v13/v1372	SES292	-2.88897	-47.8611	-44.9721
spk_ver/v13/v1373	SES292	-1.61272	-44.7653	-43.1526
spk_ver/v13/v1374	SES101	1.29733	-42.698	-43.9953
spk_ver/v13/v1375	SES292	-2.02879	-45.8964	-43.8676
spk_ver/v13/v1376	SES292	-1.60395	-44.4056	-42.8017
spk_ver/v13/v1377	SES292	-4.30238	-49.033	-44.7306
spk_ver/v13/v1378	SES292	-0.73978	-43.7619	-43.0222
spk_ver/v13/v1379	SES292	-0.997231	-44.4148	-43.4176
spk_ver/v13/v1380	SES292	-1.54399	-45.2331	-43.6891
spk_ver/v13/v1381	SES292	-2.7247	-44.7827	-42.058
spk_ver/v13/v1382	SES292	-2.00805	-46.2488	-44.2407
spk_ver/v13/v1383	SES292	-1.58436	-45.5167	-43.9323
spk_ver/v13/v1384	SES292	-1.37378	-44.496	-43.1222
spk_ver/v13/v1385	SES292	-1.01452	-44.2919	-43.2774
spk_ver/v13/v1386	SES292	-1.38555	-45.4424	-44.0569
spk_ver/v13/v1387	SES158	1.88915	-43.5628	-45.452
spk_ver/v13/v1388	SES292	-0.521301	-43.2198	-42.6985
spk_ver/v13/v1389	SES292	-1.04386	-42.4506	-41.4067
spk_ver/v13/v1390	SES292	-3.5072	-46.6687	-43.1615
spk_ver/v13/v1391	SES292	-1.56245	-44.9294	-43.367
spk_ver/v13/v1392	SES292	-2.86031	-47.5723	-44.712
spk_ver/v13/v1393	SES292	-2.71426	-46.2292	-43.5149
spk_ver/v13/v1394	SES292	-2.78798	-46.3892	-43.6012
spk_ver/v13/v1395	SES292	-3.88428	-46.8157	-42.9314
spk_ver/v13/v1396	SES117	1.14131	-43.0777	-44.219
spk_ver/v13/v1397	SES292	-2.65596	-45.8837	-43.2278
spk_ver/v13/v1398	SES292	-2.81159	-47.6295	-44.8179
spk_ver/v13/v1399	SES292	-1.60984	-45.0558	-43.446
