BLOCK00/SES002/SA002S12	SES002	0.666469	-7.26979	-7.93626
BLOCK00/SES002/SA002S13	SES002	1.68229	-7.29328	-8.97557
BLOCK00/SES002/SA002S23	SES002	0.488505	-7.70715	-8.19566
BLOCK00/SES002/SA002S26	SES002	0.355422	-8.48196	-8.83738
BLOCK00/SES002/SA002S28	SES002	0.266593	-7.87981	-8.14641
BLOCK00/SES007/SA007S14	SES007	0.547345	-5.99087	-6.53821
BLOCK00/SES007/SA007S15	SES007	0.43917	-6.8007	-7.23987
BLOCK00/SES007/SA007S24	SES007	0.535785	-6.44092	-6.97671
BLOCK00/SES007/SA007S27	SES007	0.164153	-7.8641	-8.02825
BLOCK00/SES007/SA007S29	SES007	0.174498	-6.81121	-6.98571
BLOCK00/SES008/SA008S11	SES008	1.49366	-6.37755	-7.87121
BLOCK00/SES008/SA008S12	SES008	0.0462637	-7.35518	-7.40144
BLOCK00/SES008/SA008S19	SES008	1.38672	-6.37709	-7.76381
BLOCK00/SES008/SA008S22	SES008	0.749059	-7.1594	-7.90846
BLOCK00/SES008/SA008S29	SES008	1.27302	-6.23241	-7.50543
BLOCK01/SES014/SA014S10	SES014	0.789618	-7.00863	-7.79825
BLOCK01/SES014/SA014S12	SES014	1.50616	-6.26859	-7.77476
BLOCK01/SES014/SA014S24	SES014	1.59837	-6.9814	-8.57976
BLOCK01/SES014/SA014S26	SES014	1.5736	-5.79311	-7.36672
BLOCK01/SES014/SA014S28	SES014	2.13922	-5.30127	-7.44049
BLOCK01/SES016/SA016S12	SES016	1.14431	-8.37661	-9.52092
BLOCK01/SES016/SA016S13	SES016	0.705231	-6.80958	-7.51481
BLOCK01/SES016/SA016S22	SES016	1.16338	-6.31076	-7.47413
BLOCK01/SES016/SA016S25	SES016	0.997633	-5.07967	-6.0773
BLOCK01/SES016/SA016S27	SES016	0.962311	-6.04902	-7.01133
BLOCK01/SES019/SA019S13	SES019	3.37238	-5.85847	-9.23085
BLOCK01/SES019/SA019S14	SES019	1.60465	-7.63331	-9.23796
BLOCK01/SES019/SA019S22	SES019	2.43673	-6.19505	-8.63178
BLOCK01/SES019/SA019S25	SES019	2.03729	-6.70036	-8.73765
BLOCK01/SES019/SA019S29	SES019	3.78602	-6.48241	-10.2684
BLOCK02/SES029/SA029S11	SES029	0.400488	-5.99507	-6.39556
BLOCK02/SES029/SA029S12	SES029	0.0110559	-6.65883	-6.66989
BLOCK02/SES029/SA029S20	SES029	0.426526	-6.08136	-6.50788
BLOCK02/SES029/SA029S25	SES029	0.40448	-6.74507	-7.14955
BLOCK02/SES029/SA029S28	SES029	0.39184	-6.47174	-6.86357
BLOCK04/SES042/SA042S12	SES042	1.24188	-6.2436	-7.48548
BLOCK04/SES042/SA042S15	SES042	1.04329	-5.74621	-6.7895
BLOCK04/SES042/SA042S22	SES042	1.63629	-6.59508	-8.23136
BLOCK04/SES042/SA042S25	SES042	0.672388	-8.24841	-8.9208
BLOCK04/SES042/SA042S27	SES042	1.46948	-6.80611	-8.27559
BLOCK04/SES048/SA048S11	SES048	0.763372	-5.87538	-6.63876
BLOCK04/SES048/SA048S12	SES048	0.099606	-7.48395	-7.58356
BLOCK04/SES048/SA048S20	SES048	0.290019	-6.11288	-6.4029
BLOCK04/SES048/SA048S23	SES048	1.12866	-6.28653	-7.41519
BLOCK04/SES048/SA048S27	SES048	0.046741	-7.27182	-7.31856
BLOCK06/SES060/SA060S11	SES060	0.969481	-6.36186	-7.33134
BLOCK06/SES060/SA060S12	SES060	0.699728	-7.39708	-8.0968
BLOCK06/SES060/SA060S22	SES060	-1.28776	-9.35328	-8.06552
BLOCK06/SES060/SA060S24	SES060	1.12485	-5.34762	-6.47247
BLOCK06/SES060/SA060S28	SES060	0.363334	-5.69876	-6.06209
BLOCK06/SES062/SA062S10	SES062	0.0388184	-6.88946	-6.92828
BLOCK06/SES062/SA062S11	SES062	0.12788	-7.98258	-8.11046
BLOCK06/SES062/SA062S21	SES062	0.807628	-5.1478	-5.95543
BLOCK06/SES062/SA062S26	SES062	0.397448	-6.98332	-7.38077
BLOCK06/SES062/SA062S29	SES062	0.676425	-6.07257	-6.74899
BLOCK06/SES068/SA068S14	SES068	0.364801	-7.10461	-7.46941
BLOCK06/SES068/SA068S15	SES068	0.841034	-6.7911	-7.63214
BLOCK06/SES068/SA068S23	SES068	0.249527	-7.13271	-7.38223
BLOCK06/SES068/SA068S27	SES068	1.36578	-5.97525	-7.34103
BLOCK06/SES068/SA068S29	SES068	0.730271	-6.8125	-7.54277
BLOCK08/SES082/SA082S12	SES082	0.0284986	-8.13999	-8.16849
BLOCK08/SES082/SA082S14	SES082	0.341416	-7.89805	-8.23946
BLOCK08/SES082/SA082S21	SES082	0.652252	-6.95246	-7.60471
BLOCK08/SES082/SA082S24	SES082	0.0760832	-7.79971	-7.87579
BLOCK08/SES082/SA082S28	SES082	0.107478	-7.75897	-7.86645
BLOCK08/SES083/SA083S14	SES083	0.0483484	-6.91468	-6.96303
BLOCK08/SES083/SA083S15	SES083	0.6081	-6.6705	-7.2786
BLOCK08/SES083/SA083S24	SES083	0.453147	-7.06021	-7.51335
BLOCK08/SES083/SA083S26	SES083	0.434888	-7.89689	-8.33178
BLOCK08/SES083/SA083S29	SES083	0.134701	-7.58802	-7.72272
BLOCK08/SES085/SA085S10	SES085	1.33905	-5.67706	-7.01611
BLOCK08/SES085/SA085S13	SES085	-0.11147	-7.98648	-7.87501
BLOCK08/SES085/SA085S22	SES085	0.462688	-6.59357	-7.05625
BLOCK08/SES085/SA085S26	SES085	0.0572491	-7.15452	-7.21177
BLOCK08/SES085/SA085S28	SES085	0.481866	-6.94227	-7.42413
BLOCK08/SES087/SA087S15	SES087	1.09966	-7.48138	-8.58104
BLOCK08/SES087/SA087S16	SES087	1.54608	-7.15178	-8.69786
BLOCK08/SES087/SA087S24	SES087	1.85186	-6.95369	-8.80555
BLOCK08/SES087/SA087S26	SES087	1.21746	-6.33522	-7.55268
BLOCK08/SES087/SA087S29	SES087	1.38349	-6.24102	-7.62451
BLOCK09/SES099/SA099S15	SES099	0.860294	-7.56997	-8.43027
BLOCK09/SES099/SA099S16	SES099	1.21343	-6.8388	-8.05223
BLOCK09/SES099/SA099S24	SES099	1.06281	-7.34442	-8.40723
BLOCK09/SES099/SA099S26	SES099	1.17963	-6.58375	-7.76338
BLOCK09/SES099/SA099S29	SES099	0.809873	-7.55231	-8.36218
BLOCK10/SES101/SA101S11	SES101	0.442321	-6.01398	-6.4563
BLOCK10/SES101/SA101S13	SES101	0.633375	-5.3225	-5.95588
BLOCK10/SES101/SA101S22	SES101	0.648503	-7.50262	-8.15113
BLOCK10/SES101/SA101S24	SES101	0.945192	-6.24313	-7.18832
BLOCK10/SES101/SA101S28	SES101	0.606945	-6.74363	-7.35057
BLOCK10/SES104/SA104S11	SES104	0.55892	-6.48128	-7.04021
BLOCK10/SES104/SA104S12	SES104	0.852949	-7.14935	-8.0023
BLOCK10/SES104/SA104S21	SES104	0.736102	-7.34129	-8.07739
BLOCK10/SES104/SA104S24	SES104	0.100446	-8.01326	-8.1137
BLOCK10/SES104/SA104S28	SES104	0.694364	-7.13816	-7.83252
BLOCK10/SES105/SA105S12	SES105	0.797784	-7.41101	-8.2088
BLOCK10/SES105/SA105S13	SES105	0.0572286	-7.12112	-7.17835
BLOCK10/SES105/SA105S22	SES105	0.333654	-8.18881	-8.52247
BLOCK10/SES105/SA105S26	SES105	1.05144	-7.27903	-8.33046
BLOCK10/SES105/SA105S29	SES105	1.05185	-5.89517	-6.94701
BLOCK10/SES106/SA106S09	SES106	1.05549	-7.4815	-8.53699
BLOCK10/SES106/SA106S11	SES106	0.947054	-6.53054	-7.4776
BLOCK10/SES106/SA106S22	SES106	1.46358	-7.19405	-8.65763
BLOCK10/SES106/SA106S27	SES106	0.847262	-6.65867	-7.50593
BLOCK10/SES106/SA106S29	SES106	0.88122	-6.00504	-6.88626
BLOCK11/SES117/SA117S12	SES117	0.676559	-7.19976	-7.87632
BLOCK11/SES117/SA117S13	SES117	0.437136	-7.6709	-8.10804
BLOCK11/SES117/SA117S23	SES117	0.7504	-8.19489	-8.94529
BLOCK11/SES117/SA117S25	SES117	0.500198	-7.5078	-8.008
BLOCK11/SES117/SA117S28	SES117	0.668508	-7.39844	-8.06695
BLOCK12/SES120/SA120S08	SES120	0.482084	-7.29155	-7.77363
BLOCK12/SES120/SA120S11	SES120	0.638621	-9.31649	-9.95511
BLOCK12/SES120/SA120S22	SES120	0.239993	-6.72743	-6.96742
BLOCK12/SES120/SA120S24	SES120	-0.21782	-7.92355	-7.70573
BLOCK12/SES120/SA120S28	SES120	-0.0388741	-7.86314	-7.82427
BLOCK12/SES125/SA125S13	SES125	0.887501	-6.81977	-7.70727
BLOCK12/SES125/SA125S14	SES125	0.826851	-7.36555	-8.1924
BLOCK12/SES125/SA125S25	SES125	1.09988	-7.55803	-8.65791
BLOCK12/SES125/SA125S27	SES125	1.37559	-6.35949	-7.73508
BLOCK12/SES125/SA125S29	SES125	0.562573	-6.86679	-7.42936
BLOCK12/SES127/SA127S11	SES127	0.262449	-7.40388	-7.66633
BLOCK12/SES127/SA127S12	SES127	0.275095	-5.8686	-6.1437
BLOCK12/SES127/SA127S23	SES127	0.410628	-6.37216	-6.78279
BLOCK12/SES127/SA127S25	SES127	0.306765	-6.46722	-6.77399
BLOCK12/SES127/SA127S27	SES127	0.685813	-6.59881	-7.28462
BLOCK12/SES129/SA129S11	SES129	1.16905	-5.7482	-6.91725
BLOCK12/SES129/SA129S12	SES129	0.721855	-5.72373	-6.44559
BLOCK12/SES129/SA129S22	SES129	1.02262	-6.34329	-7.36591
BLOCK12/SES129/SA129S27	SES129	1.01273	-6.53471	-7.54744
BLOCK12/SES129/SA129S29	SES129	0.433667	-7.80504	-8.2387
BLOCK14/SES142/SA142S11	SES142	1.04635	-6.07126	-7.11761
BLOCK14/SES142/SA142S12	SES142	0.400486	-7.20217	-7.60266
BLOCK14/SES142/SA142S24	SES142	0.929928	-6.24455	-7.17448
BLOCK14/SES142/SA142S27	SES142	0.956623	-6.17667	-7.13329
BLOCK14/SES142/SA142S29	SES142	1.06303	-5.88608	-6.94911
BLOCK14/SES143/SA143S12	SES143	0.939431	-6.57885	-7.51828
BLOCK14/SES143/SA143S13	SES143	0.80626	-6.86651	-7.67277
BLOCK14/SES143/SA143S23	SES143	0.201519	-6.89038	-7.0919
BLOCK14/SES143/SA143S25	SES143	0.490728	-7.26881	-7.75954
BLOCK14/SES143/SA143S28	SES143	0.534773	-6.86363	-7.39841
BLOCK14/SES144/SA144S09	SES144	0.354886	-7.14554	-7.50043
BLOCK14/SES144/SA144S11	SES144	0.287115	-6.9346	-7.22171
BLOCK14/SES144/SA144S21	SES144	-0.33775	-7.86571	-7.52796
BLOCK14/SES144/SA144S25	SES144	0.704215	-7.38269	-8.08691
BLOCK14/SES144/SA144S29	SES144	-0.454476	-8.0174	-7.56292
BLOCK14/SES146/SA146S14	SES146	0.545778	-7.29748	-7.84326
BLOCK14/SES146/SA146S15	SES146	-0.0557594	-7.67083	-7.61507
BLOCK14/SES146/SA146S24	SES146	0.471449	-6.95781	-7.42926
BLOCK14/SES146/SA146S26	SES146	0.83366	-6.9837	-7.81736
BLOCK14/SES146/SA146S29	SES146	0.559751	-7.61829	-8.17804
BLOCK14/SES147/SA147S11	SES147	0.342734	-7.02752	-7.37025
BLOCK14/SES147/SA147S13	SES147	0.415854	-6.3829	-6.79876
BLOCK14/SES147/SA147S23	SES147	0.422279	-7.14727	-7.56954
BLOCK14/SES147/SA147S26	SES147	0.812179	-6.80524	-7.61742
BLOCK14/SES147/SA147S28	SES147	0.798021	-6.42153	-7.21955
BLOCK14/SES148/SA148S10	SES148	0.531441	-6.33966	-6.8711
BLOCK14/SES148/SA148S12	SES148	0.287856	-7.44974	-7.7376
BLOCK14/SES148/SA148S22	SES148	0.568578	-6.36097	-6.92954
BLOCK14/SES148/SA148S26	SES148	0.113868	-6.121	-6.23487
BLOCK14/SES148/SA148S29	SES148	-0.00863266	-7.17823	-7.16959
BLOCK14/SES149/SA149S13	SES149	-0.157174	-6.82859	-6.67141
BLOCK14/SES149/SA149S14	SES149	0.320231	-6.2117	-6.53193
BLOCK14/SES149/SA149S24	SES149	0.660756	-6.56578	-7.22654
BLOCK14/SES149/SA149S26	SES149	0.596794	-5.82193	-6.41873
BLOCK14/SES149/SA149S28	SES149	1.48676	-4.90275	-6.3895
BLOCK15/SES158/SA158S13	SES158	0.92625	-6.58577	-7.51202
BLOCK15/SES158/SA158S14	SES158	0.867437	-7.65688	-8.52431
BLOCK15/SES158/SA158S23	SES158	0.581038	-6.04284	-6.62388
BLOCK15/SES158/SA158S26	SES158	1.28867	-7.02288	-8.31155
BLOCK15/SES158/SA158S28	SES158	0.525181	-7.436	-7.96118
BLOCK16/SES162/SA162S10	SES162	0.627685	-7.78153	-8.40921
BLOCK16/SES162/SA162S11	SES162	0.434709	-6.24855	-6.68326
BLOCK16/SES162/SA162S21	SES162	0.943287	-6.46227	-7.40556
BLOCK16/SES162/SA162S24	SES162	0.889133	-6.64743	-7.53657
BLOCK16/SES162/SA162S27	SES162	1.07732	-7.50327	-8.5806
BLOCK16/SES167/SA167S14	SES167	0.987911	-6.08934	-7.07725
BLOCK16/SES167/SA167S15	SES167	1.45957	-5.85869	-7.31826
BLOCK16/SES167/SA167S21	SES167	1.22858	-5.69614	-6.92472
BLOCK16/SES167/SA167S25	SES167	1.77875	-6.0695	-7.84824
BLOCK16/SES167/SA167S29	SES167	1.65745	-5.41738	-7.07483
BLOCK17/SES172/SA172S12	SES172	0.959121	-7.49362	-8.45274
BLOCK17/SES172/SA172S13	SES172	1.1263	-7.20294	-8.32923
BLOCK17/SES172/SA172S23	SES172	0.826005	-6.48901	-7.31501
BLOCK17/SES172/SA172S27	SES172	0.387239	-8.21422	-8.60146
BLOCK17/SES172/SA172S29	SES172	1.24891	-6.77477	-8.02367
BLOCK17/SES175/SA175S11	SES175	0.00174236	-7.20536	-7.2071
BLOCK17/SES175/SA175S13	SES175	0.258624	-5.25823	-5.51686
BLOCK17/SES175/SA175S23	SES175	0.558731	-6.06581	-6.62455
BLOCK17/SES175/SA175S25	SES175	-0.0521421	-7.91888	-7.86674
BLOCK17/SES175/SA175S28	SES175	0.18951	-6.44212	-6.63163
BLOCK17/SES177/SA177S15	SES177	0.362685	-7.82623	-8.18892
BLOCK17/SES177/SA177S17	SES177	0.28087	-7.40588	-7.68675
BLOCK17/SES177/SA177S23	SES177	0.50602	-7.45897	-7.96499
BLOCK17/SES177/SA177S26	SES177	0.696023	-5.39003	-6.08605
BLOCK17/SES177/SA177S28	SES177	0.714567	-7.18478	-7.89934
BLOCK18/SES180/SA180S13	SES180	-0.196053	-8.16354	-7.96749
BLOCK18/SES180/SA180S15	SES180	0.230214	-6.92596	-7.15618
BLOCK18/SES180/SA180S24	SES180	0.493806	-6.0826	-6.5764
BLOCK18/SES180/SA180S26	SES180	0.252388	-6.44199	-6.69438
BLOCK18/SES180/SA180S29	SES180	-0.249085	-7.78186	-7.53277
BLOCK18/SES183/SA183S13	SES183	1.35399	-6.55348	-7.90747
BLOCK18/SES183/SA183S14	SES183	-0.0654917	-7.16645	-7.10095
BLOCK18/SES183/SA183S24	SES183	1.27553	-7.06391	-8.33944
BLOCK18/SES183/SA183S27	SES183	1.21142	-7.63048	-8.8419
BLOCK18/SES183/SA183S29	SES183	1.36997	-6.58498	-7.95495
BLOCK18/SES187/SA187S13	SES187	0.387979	-8.1785	-8.56647
BLOCK18/SES187/SA187S14	SES187	0.27894	-7.71409	-7.99303
BLOCK18/SES187/SA187S24	SES187	0.739222	-7.80316	-8.54238
BLOCK18/SES187/SA187S27	SES187	0.331037	-7.98434	-8.31537
BLOCK18/SES187/SA187S29	SES187	0.327828	-8.23115	-8.55898
BLOCK18/SES189/SA189S10	SES189	1.09096	-7.44509	-8.53605
BLOCK18/SES189/SA189S13	SES189	0.954446	-8.17898	-9.13342
BLOCK18/SES189/SA189S24	SES189	0.752933	-6.63859	-7.39152
BLOCK18/SES189/SA189S26	SES189	1.0669	-6.64254	-7.70944
BLOCK18/SES189/SA189S29	SES189	0.970541	-6.38895	-7.35949
BLOCK20/SES202/SA202S12	SES202	0.764637	-6.8373	-7.60194
BLOCK20/SES202/SA202S14	SES202	0.874525	-6.69982	-7.57435
BLOCK20/SES202/SA202S24	SES202	0.243855	-7.74081	-7.98466
BLOCK20/SES202/SA202S27	SES202	0.651214	-6.43657	-7.08778
BLOCK20/SES202/SA202S29	SES202	0.636161	-6.5293	-7.16546
BLOCK20/SES206/SA206S15	SES206	-0.420296	-7.17945	-6.75915
BLOCK20/SES206/SA206S17	SES206	0.792635	-7.08633	-7.87896
BLOCK20/SES206/SA206S24	SES206	1.29394	-5.63378	-6.92772
BLOCK20/SES206/SA206S27	SES206	1.21562	-7.0829	-8.29852
BLOCK20/SES206/SA206S29	SES206	1.04431	-5.72923	-6.77354
BLOCK22/SES226/SA226S12	SES226	0.670104	-7.19725	-7.86735
BLOCK22/SES226/SA226S13	SES226	-0.261936	-8.33543	-8.07349
BLOCK22/SES226/SA226S20	SES226	0.918899	-7.15822	-8.07712
BLOCK22/SES226/SA226S23	SES226	0.900034	-6.57515	-7.47519
BLOCK22/SES226/SA226S28	SES226	1.29185	-6.43125	-7.7231
BLOCK25/SES259/SA259S13	SES259	1.84691	-6.0821	-7.92901
BLOCK25/SES259/SA259S14	SES259	1.12259	-6.24152	-7.36412
BLOCK25/SES259/SA259S22	SES259	1.63141	-5.76219	-7.3936
BLOCK25/SES259/SA259S24	SES259	1.10584	-6.53043	-7.63627
BLOCK25/SES259/SA259S28	SES259	0.960523	-6.52456	-7.48508
BLOCK27/SES270/SA270S14	SES270	1.88132	-6.89919	-8.78051
BLOCK27/SES270/SA270S16	SES270	0.561463	-6.92999	-7.49145
BLOCK27/SES270/SA270S22	SES270	2.01185	-6.2968	-8.30865
BLOCK27/SES270/SA270S26	SES270	0.678928	-7.39983	-8.07876
BLOCK27/SES270/SA270S28	SES270	1.37587	-6.88157	-8.25744
BLOCK27/SES275/SA275S17	SES275	0.684857	-6.54236	-7.22722
BLOCK27/SES275/SA275S18	SES275	0.0621257	-6.97358	-7.03571
BLOCK27/SES275/SA275S24	SES275	0.444056	-7.39563	-7.83968
BLOCK27/SES275/SA275S26	SES275	0.489995	-6.83194	-7.32194
BLOCK27/SES275/SA275S28	SES275	0.509647	-6.93391	-7.44355
BLOCK29/SES292/SA292S10	SES292	-0.0346045	-6.65136	-6.61675
BLOCK29/SES292/SA292S12	SES292	0.451041	-7.89611	-8.34715
BLOCK29/SES292/SA292S22	SES292	0.0523896	-7.39647	-7.44886
BLOCK29/SES292/SA292S24	SES292	0.22022	-7.29519	-7.51541
BLOCK29/SES292/SA292S27	SES292	-0.194407	-7.19811	-7.0037
BLOCK00/SES001/SA001S14	SES062	-1.63116	-9.86158	-8.23043
BLOCK00/SES001/SA001S14	SES082	-0.534147	-8.76458	-8.23043
BLOCK00/SES001/SA001S14	SES106	-1.07009	-9.30052	-8.23043
BLOCK00/SES001/SA001S14	SES206	-1.52441	-9.75484	-8.23043
BLOCK00/SES001/SA001S15	SES062	-0.96697	-8.34663	-7.37966
BLOCK00/SES001/SA001S15	SES104	-1.21009	-8.58975	-7.37966
BLOCK00/SES001/SA001S15	SES106	-1.64722	-9.02688	-7.37966
BLOCK00/SES001/SA001S15	SES206	-1.55751	-8.93717	-7.37966
BLOCK00/SES001/SA001S24	SES062	-0.45396	-8.10287	-7.64891
BLOCK00/SES001/SA001S24	SES082	-0.416003	-8.06492	-7.64891
BLOCK00/SES001/SA001S24	SES087	-0.337956	-7.98687	-7.64891
BLOCK00/SES001/SA001S24	SES206	0.102857	-7.54606	-7.64891
BLOCK00/SES001/SA001S27	SES062	-0.41534	-6.63865	-6.22331
BLOCK00/SES001/SA001S27	SES082	-0.571393	-6.79471	-6.22331
BLOCK00/SES001/SA001S27	SES087	-0.354085	-6.5774	-6.22331
BLOCK00/SES001/SA001S27	SES206	-0.929297	-7.15261	-6.22331
BLOCK00/SES001/SA001S29	SES062	-1.36378	-9.05082	-7.68705
BLOCK00/SES001/SA001S29	SES082	-0.416348	-8.10339	-7.68705
BLOCK00/SES001/SA001S29	SES158	-0.710185	-8.39723	-7.68705
BLOCK00/SES001/SA001S29	SES206	-0.995281	-8.68233	-7.68705
BLOCK00/SES003/SA003S11	SES002	-0.21594	-8.39676	-8.18082
BLOCK00/SES003/SA003S11	SES019	-1.19801	-9.37883	-8.18082
BLOCK00/SES003/SA003S11	SES082	-0.309261	-8.49008	-8.18082
BLOCK00/SES003/SA003S11	SES125	-0.730546	-8.91136	-8.18082
BLOCK00/SES003/SA003S15	SES016	-1.42464	-8.43818	-7.01354
BLOCK00/SES003/SA003S15	SES019	-3.59462	-10.6082	-7.01354
BLOCK00/SES003/SA003S15	SES062	-0.243034	-7.25658	-7.01354
BLOCK00/SES003/SA003S15	SES206	-1.04442	-8.05796	-7.01354
BLOCK00/SES003/SA003S22	SES002	-0.411503	-7.92836	-7.51686
BLOCK00/SES003/SA003S22	SES062	0.151131	-7.36573	-7.51686
BLOCK00/SES003/SA003S22	SES082	-0.372449	-7.88931	-7.51686
BLOCK00/SES003/SA003S22	SES087	-0.188576	-7.70544	-7.51686
BLOCK00/SES003/SA003S25	SES062	-1.10605	-10.3129	-9.20682
BLOCK00/SES003/SA003S25	SES082	-1.3614	-10.5682	-9.20682
BLOCK00/SES003/SA003S25	SES087	-1.10792	-10.3147	-9.20682
BLOCK00/SES003/SA003S25	SES206	-1.05131	-10.2581	-9.20682
BLOCK00/SES003/SA003S29	SES002	-1.20501	-9.30525	-8.10024
BLOCK00/SES003/SA003S29	SES062	-1.91505	-10.0153	-8.10024
BLOCK00/SES003/SA003S29	SES082	-1.34359	-9.44383	-8.10024
BLOCK00/SES003/SA003S29	SES087	-1.72073	-9.82097	-8.10024
BLOCK00/SES004/SA004S12	SES083	-1.28436	-8.07936	-6.795
BLOCK00/SES004/SA004S12	SES148	-0.83047	-7.62547	-6.795
BLOCK00/SES004/SA004S12	SES172	0.208745	-6.58625	-6.795
BLOCK00/SES004/SA004S12	SES292	-1.07924	-7.87424	-6.795
BLOCK00/SES004/SA004S17	SES083	-1.04348	-7.99662	-6.95314
BLOCK00/SES004/SA004S17	SES162	-1.07195	-8.02509	-6.95314
BLOCK00/SES004/SA004S17	SES172	-0.624277	-7.57742	-6.95314
BLOCK00/SES004/SA004S17	SES292	-1.18323	-8.13637	-6.95314
BLOCK00/SES004/SA004S24	SES083	-1.04835	-7.72123	-6.67288
BLOCK00/SES004/SA004S24	SES148	-1.52821	-8.2011	-6.67288
BLOCK00/SES004/SA004S24	SES172	-0.126715	-6.7996	-6.67288
BLOCK00/SES004/SA004S24	SES292	-0.8116	-7.48448	-6.67288
BLOCK00/SES004/SA004S26	SES083	-1.72189	-8.99139	-7.2695
BLOCK00/SES004/SA004S26	SES127	-0.977273	-8.24677	-7.2695
BLOCK00/SES004/SA004S26	SES148	-2.5016	-9.7711	-7.2695
BLOCK00/SES004/SA004S26	SES292	-1.47293	-8.74243	-7.2695
BLOCK00/SES004/SA004S28	SES083	-1.18275	-7.77719	-6.59444
BLOCK00/SES004/SA004S28	SES127	-0.332571	-6.92701	-6.59444
BLOCK00/SES004/SA004S28	SES187	-0.324734	-6.91917	-6.59444
BLOCK00/SES004/SA004S28	SES292	-1.54595	-8.14039	-6.59444
BLOCK00/SES006/SA006S10	SES014	-0.611632	-10.1914	-9.57974
BLOCK00/SES006/SA006S10	SES158	-0.803732	-10.3835	-9.57974
BLOCK00/SES006/SA006S10	SES226	-1.98827	-11.568	-9.57974
BLOCK00/SES006/SA006S10	SES270	0.582711	-8.99703	-9.57974
BLOCK00/SES006/SA006S11	SES158	-1.34886	-10.3267	-8.97788
BLOCK00/SES006/SA006S11	SES226	-1.16703	-10.1449	-8.97788
BLOCK00/SES006/SA006S11	SES270	0.0130377	-8.96484	-8.97788
BLOCK00/SES006/SA006S11	SES275	-1.38372	-10.3616	-8.97788
BLOCK00/SES006/SA006S23	SES062	-3.91627	-12.7151	-8.79882
BLOCK00/SES006/SA006S23	SES105	-3.04947	-11.8483	-8.79882
BLOCK00/SES006/SA006S23	SES158	-1.42147	-10.2203	-8.79882
BLOCK00/SES006/SA006S23	SES275	-2.77763	-11.5764	-8.79882
BLOCK00/SES006/SA006S26	SES104	-1.94023	-11.1263	-9.18606
BLOCK00/SES006/SA006S26	SES158	-1.22734	-10.4134	-9.18606
BLOCK00/SES006/SA006S26	SES270	0.116304	-9.06975	-9.18606
BLOCK00/SES006/SA006S26	SES275	-1.99463	-11.1807	-9.18606
BLOCK00/SES006/SA006S28	SES007	-1.3283	-10.9176	-9.58931
BLOCK00/SES006/SA006S28	SES105	-2.59946	-12.1888	-9.58931
BLOCK00/SES006/SA006S28	SES158	-0.305687	-9.895	-9.58931
BLOCK00/SES006/SA006S28	SES275	-1.59197	-11.1813	-9.58931
BLOCK00/SES009/SA009S12	SES083	-2.78262	-10.1001	-7.3175
BLOCK00/SES009/SA009S12	SES148	-1.73425	-9.05175	-7.3175
BLOCK00/SES009/SA009S12	SES177	-0.568145	-7.88564	-7.3175
BLOCK00/SES009/SA009S12	SES292	-0.952958	-8.27045	-7.3175
BLOCK00/SES009/SA009S15	SES007	-0.291158	-7.06289	-6.77173
BLOCK00/SES009/SA009S15	SES099	-2.57665	-9.34838	-6.77173
BLOCK00/SES009/SA009S15	SES148	-1.67522	-8.44695	-6.77173
BLOCK00/SES009/SA009S15	SES172	-1.01959	-7.79132	-6.77173
BLOCK00/SES009/SA009S24	SES146	-0.511956	-8.02032	-7.50836
BLOCK00/SES009/SA009S24	SES148	-1.85868	-9.36705	-7.50836
BLOCK00/SES009/SA009S24	SES177	-0.322992	-7.83136	-7.50836
BLOCK00/SES009/SA009S24	SES292	-0.973444	-8.48181	-7.50836
BLOCK00/SES009/SA009S26	SES083	-2.60812	-9.91898	-7.31086
BLOCK00/SES009/SA009S26	SES101	-2.15579	-9.46665	-7.31086
BLOCK00/SES009/SA009S26	SES120	-0.709188	-8.02005	-7.31086
BLOCK00/SES009/SA009S26	SES177	-0.869438	-8.1803	-7.31086
BLOCK00/SES009/SA009S29	SES083	-1.86809	-9.26115	-7.39306
BLOCK00/SES009/SA009S29	SES101	-1.27796	-8.67102	-7.39306
BLOCK00/SES009/SA009S29	SES177	-0.518682	-7.91174	-7.39306
BLOCK00/SES009/SA009S29	SES292	-1.11179	-8.50485	-7.39306
BLOCK01/SES011/SA011S10	SES019	-3.78131	-12.5022	-8.72091
BLOCK01/SES011/SA011S10	SES042	0.983371	-7.73754	-8.72091
BLOCK01/SES011/SA011S10	SES082	-0.655704	-9.37662	-8.72091
BLOCK01/SES011/SA011S10	SES206	-0.265125	-8.98604	-8.72091
BLOCK01/SES011/SA011S11	SES019	-2.57255	-11.0447	-8.47218
BLOCK01/SES011/SA011S11	SES042	0.542715	-7.92946	-8.47218
BLOCK01/SES011/SA011S11	SES082	-0.415964	-8.88814	-8.47218
BLOCK01/SES011/SA011S11	SES206	-0.390777	-8.86296	-8.47218
BLOCK01/SES011/SA011S22	SES019	-2.65507	-11.2843	-8.62921
BLOCK01/SES011/SA011S22	SES042	0.591484	-8.03773	-8.62921
BLOCK01/SES011/SA011S22	SES082	-0.941883	-9.5711	-8.62921
BLOCK01/SES011/SA011S22	SES206	-0.986288	-9.6155	-8.62921
BLOCK01/SES011/SA011S24	SES019	-2.87032	-10.5653	-7.69493
BLOCK01/SES011/SA011S24	SES042	1.06372	-6.63121	-7.69493
BLOCK01/SES011/SA011S24	SES104	-0.190625	-7.88556	-7.69493
BLOCK01/SES011/SA011S24	SES206	-0.489368	-8.1843	-7.69493
BLOCK01/SES011/SA011S27	SES082	-0.146826	-8.15908	-8.01225
BLOCK01/SES011/SA011S27	SES087	-0.988301	-9.00055	-8.01225
BLOCK01/SES011/SA011S27	SES125	0.122919	-7.88933	-8.01225
BLOCK01/SES011/SA011S27	SES206	-0.22287	-8.23512	-8.01225
BLOCK01/SES012/SA012S11	SES007	-0.252072	-6.91575	-6.66367
BLOCK01/SES012/SA012S11	SES082	-0.358717	-7.02239	-6.66367
BLOCK01/SES012/SA012S11	SES083	-1.29877	-7.96244	-6.66367
BLOCK01/SES012/SA012S11	SES206	-0.862763	-7.52644	-6.66367
BLOCK01/SES012/SA012S14	SES082	-0.712766	-8.36131	-7.64855
BLOCK01/SES012/SA012S14	SES087	-1.76271	-9.41126	-7.64855
BLOCK01/SES012/SA012S14	SES206	-0.65907	-8.30762	-7.64855
BLOCK01/SES012/SA012S14	SES292	-1.14426	-8.79281	-7.64855
BLOCK01/SES012/SA012S24	SES082	-0.160029	-8.88402	-8.72399
BLOCK01/SES012/SA012S24	SES087	-1.39613	-10.1201	-8.72399
BLOCK01/SES012/SA012S24	SES120	-1.48208	-10.2061	-8.72399
BLOCK01/SES012/SA012S24	SES206	-0.65217	-9.37616	-8.72399
BLOCK01/SES012/SA012S26	SES019	-7.94583	-16.2045	-8.25864
BLOCK01/SES012/SA012S26	SES082	-1.60368	-9.86232	-8.25864
BLOCK01/SES012/SA012S26	SES206	0.0961676	-8.16248	-8.25864
BLOCK01/SES012/SA012S26	SES292	-1.11297	-9.37162	-8.25864
BLOCK01/SES012/SA012S29	SES062	-1.00557	-7.55302	-6.54745
BLOCK01/SES012/SA012S29	SES082	0.256165	-6.29128	-6.54745
BLOCK01/SES012/SA012S29	SES083	-1.68176	-8.22921	-6.54745
BLOCK01/SES012/SA012S29	SES206	-0.0172257	-6.56467	-6.54745
BLOCK01/SES013/SA013S16	SES062	-2.50325	-11.4449	-8.9417
BLOCK01/SES013/SA013S16	SES106	-0.790676	-9.73238	-8.9417
BLOCK01/SES013/SA013S16	SES206	-1.01679	-9.95849	-8.9417
BLOCK01/SES013/SA013S16	SES226	-0.573425	-9.51513	-8.9417
BLOCK01/SES013/SA013S17	SES062	-0.780201	-8.93879	-8.15859
BLOCK01/SES013/SA013S17	SES106	-0.927712	-9.0863	-8.15859
BLOCK01/SES013/SA013S17	SES206	0.186417	-7.97217	-8.15859
BLOCK01/SES013/SA013S17	SES226	-0.0547218	-8.21331	-8.15859
BLOCK01/SES013/SA013S23	SES104	-0.74319	-9.97127	-9.22808
BLOCK01/SES013/SA013S23	SES106	0.425695	-8.80238	-9.22808
BLOCK01/SES013/SA013S23	SES206	-1.36928	-10.5974	-9.22808
BLOCK01/SES013/SA013S23	SES270	-0.332789	-9.56087	-9.22808
BLOCK01/SES013/SA013S25	SES042	-2.19132	-10.8007	-8.60937
BLOCK01/SES013/SA013S25	SES104	-0.132031	-8.7414	-8.60937
BLOCK01/SES013/SA013S25	SES106	0.476861	-8.13251	-8.60937
BLOCK01/SES013/SA013S25	SES206	-1.08275	-9.69212	-8.60937
BLOCK01/SES013/SA013S29	SES062	-2.69047	-11.3571	-8.66665
BLOCK01/SES013/SA013S29	SES104	-1.03883	-9.70549	-8.66665
BLOCK01/SES013/SA013S29	SES106	-0.149759	-8.81641	-8.66665
BLOCK01/SES013/SA013S29	SES206	-1.93621	-10.6029	-8.66665
BLOCK02/SES021/SA021S13	SES016	-2.83703	-10.4523	-7.61527
BLOCK02/SES021/SA021S13	SES029	-0.918902	-8.53417	-7.61527
BLOCK02/SES021/SA021S13	SES087	-2.7061	-10.3214	-7.61527
BLOCK02/SES021/SA021S13	SES206	-1.41474	-9.03	-7.61527
BLOCK02/SES021/SA021S15	SES087	-0.621017	-7.98694	-7.36592
BLOCK02/SES021/SA021S15	SES125	-0.911687	-8.27761	-7.36592
BLOCK02/SES021/SA021S15	SES206	-1.15566	-8.52158	-7.36592
BLOCK02/SES021/SA021S15	SES226	-0.743641	-8.10956	-7.36592
BLOCK02/SES021/SA021S23	SES062	-2.24778	-10.9673	-8.71949
BLOCK02/SES021/SA021S23	SES087	-0.557819	-9.27731	-8.71949
BLOCK02/SES021/SA021S23	SES206	-1.23743	-9.95692	-8.71949
BLOCK02/SES021/SA021S23	SES226	-0.749287	-9.46878	-8.71949
BLOCK02/SES021/SA021S27	SES002	-0.67229	-7.93036	-7.25807
BLOCK02/SES021/SA021S27	SES016	-3.0085	-10.2666	-7.25807
BLOCK02/SES021/SA021S27	SES019	-1.11601	-8.37407	-7.25807
BLOCK02/SES021/SA021S27	SES062	-0.812887	-8.07095	-7.25807
BLOCK02/SES021/SA021S29	SES087	-0.914409	-8.95002	-8.03562
BLOCK02/SES021/SA021S29	SES125	-1.57144	-9.60705	-8.03562
BLOCK02/SES021/SA021S29	SES206	-0.277455	-8.31307	-8.03562
BLOCK02/SES021/SA021S29	SES226	-0.798569	-8.83418	-8.03562
BLOCK04/SES043/SA043S09	SES083	-0.337317	-8.53435	-8.19703
BLOCK04/SES043/SA043S09	SES101	-0.449035	-8.64607	-8.19703
BLOCK04/SES043/SA043S09	SES144	-0.105677	-8.30271	-8.19703
BLOCK04/SES043/SA043S09	SES172	-1.39217	-9.5892	-8.19703
BLOCK04/SES043/SA043S11	SES083	-0.129891	-7.11552	-6.98563
BLOCK04/SES043/SA043S11	SES101	-0.482668	-7.4683	-6.98563
BLOCK04/SES043/SA043S11	SES144	0.0504255	-6.9352	-6.98563
BLOCK04/SES043/SA043S11	SES172	-0.473903	-7.45953	-6.98563
BLOCK04/SES043/SA043S23	SES083	-0.195176	-7.90986	-7.71469
BLOCK04/SES043/SA043S23	SES144	-0.0556273	-7.77031	-7.71469
BLOCK04/SES043/SA043S23	SES177	-0.63695	-8.35164	-7.71469
BLOCK04/SES043/SA043S23	SES275	-0.713699	-8.42839	-7.71469
BLOCK04/SES043/SA043S26	SES083	-0.720135	-9.43888	-8.71875
BLOCK04/SES043/SA043S26	SES101	-0.170608	-8.88936	-8.71875
BLOCK04/SES043/SA043S26	SES144	0.133619	-8.58513	-8.71875
BLOCK04/SES043/SA043S26	SES177	-0.843391	-9.56214	-8.71875
BLOCK04/SES043/SA043S28	SES016	-1.69524	-9.4448	-7.74956
BLOCK04/SES043/SA043S28	SES083	-0.503478	-8.25304	-7.74956
BLOCK04/SES043/SA043S28	SES101	-0.234592	-7.98415	-7.74956
BLOCK04/SES043/SA043S28	SES144	-0.491454	-8.24102	-7.74956
BLOCK04/SES044/SA044S10	SES127	-3.29195	-11.9906	-8.69864
BLOCK04/SES044/SA044S10	SES144	-0.0963287	-8.79496	-8.69864
BLOCK04/SES044/SA044S10	SES147	-4.72909	-13.4277	-8.69864
BLOCK04/SES044/SA044S10	SES148	-2.32806	-11.0267	-8.69864
BLOCK04/SES044/SA044S11	SES101	-0.177588	-7.92917	-7.75158
BLOCK04/SES044/SA044S11	SES144	0.150085	-7.60149	-7.75158
BLOCK04/SES044/SA044S11	SES147	-2.06723	-9.81881	-7.75158
BLOCK04/SES044/SA044S11	SES177	-0.985281	-8.73686	-7.75158
BLOCK04/SES044/SA044S24	SES007	-1.43908	-9.45553	-8.01645
BLOCK04/SES044/SA044S24	SES101	0.412436	-7.60401	-8.01645
BLOCK04/SES044/SA044S24	SES147	-2.29903	-10.3155	-8.01645
BLOCK04/SES044/SA044S24	SES177	-0.239237	-8.25569	-8.01645
BLOCK04/SES044/SA044S26	SES007	-1.33914	-8.57745	-7.23831
BLOCK04/SES044/SA044S26	SES016	-0.641641	-7.87995	-7.23831
BLOCK04/SES044/SA044S26	SES101	-0.135513	-7.37382	-7.23831
BLOCK04/SES044/SA044S26	SES147	-0.505172	-7.74348	-7.23831
BLOCK04/SES044/SA044S29	SES007	-2.098	-9.1256	-7.02759
BLOCK04/SES044/SA044S29	SES101	0.138753	-6.88884	-7.02759
BLOCK04/SES044/SA044S29	SES147	-1.5243	-8.55189	-7.02759
BLOCK04/SES044/SA044S29	SES177	-2.36008	-9.38768	-7.02759
BLOCK04/SES046/SA046S13	SES101	-0.323827	-8.99918	-8.67535
BLOCK04/SES046/SA046S13	SES144	-0.314321	-8.98967	-8.67535
BLOCK04/SES046/SA046S13	SES147	-2.43048	-11.1058	-8.67535
BLOCK04/SES046/SA046S13	SES177	-1.09848	-9.77383	-8.67535
BLOCK04/SES046/SA046S15	SES048	-0.128428	-6.351	-6.22257
BLOCK04/SES046/SA046S15	SES083	-0.883606	-7.10617	-6.22257
BLOCK04/SES046/SA046S15	SES120	-2.79473	-9.0173	-6.22257
BLOCK04/SES046/SA046S15	SES148	-0.946575	-7.16914	-6.22257
BLOCK04/SES046/SA046S22	SES101	-0.0475864	-8.05734	-8.00975
BLOCK04/SES046/SA046S22	SES144	0.0927205	-7.91703	-8.00975
BLOCK04/SES046/SA046S22	SES147	-2.25149	-10.2612	-8.00975
BLOCK04/SES046/SA046S22	SES172	-0.0135956	-8.02335	-8.00975
BLOCK04/SES046/SA046S25	SES083	-0.37916	-7.70329	-7.32412
BLOCK04/SES046/SA046S25	SES127	-1.04305	-8.36718	-7.32412
BLOCK04/SES046/SA046S25	SES144	-0.344147	-7.66827	-7.32412
BLOCK04/SES046/SA046S25	SES148	-1.27916	-8.60329	-7.32412
BLOCK04/SES046/SA046S28	SES007	-1.07579	-8.3348	-7.25901
BLOCK04/SES046/SA046S28	SES105	-1.28806	-8.54707	-7.25901
BLOCK04/SES046/SA046S28	SES147	-1.31229	-8.5713	-7.25901
BLOCK04/SES046/SA046S28	SES148	-1.43913	-8.69814	-7.25901
BLOCK04/SES049/SA049S16	SES104	-0.785254	-10.1951	-9.4098
BLOCK04/SES049/SA049S16	SES106	-1.54138	-10.9512	-9.4098
BLOCK04/SES049/SA049S16	SES120	-1.02567	-10.4355	-9.4098
BLOCK04/SES049/SA049S16	SES206	-1.34426	-10.7541	-9.4098
BLOCK04/SES049/SA049S18	SES099	0.0259209	-8.7463	-8.77222
BLOCK04/SES049/SA049S18	SES104	-1.45444	-10.2267	-8.77222
BLOCK04/SES049/SA049S18	SES125	-1.08174	-9.85397	-8.77222
BLOCK04/SES049/SA049S18	SES206	-2.11392	-10.8861	-8.77222
BLOCK04/SES049/SA049S25	SES087	-1.72148	-11.5046	-9.7831
BLOCK04/SES049/SA049S25	SES104	-0.500519	-10.2836	-9.7831
BLOCK04/SES049/SA049S25	SES125	-0.663194	-10.4463	-9.7831
BLOCK04/SES049/SA049S25	SES206	-0.371184	-10.1543	-9.7831
BLOCK04/SES049/SA049S27	SES099	-0.108763	-8.28511	-8.17635
BLOCK04/SES049/SA049S27	SES104	0.427275	-7.74907	-8.17635
BLOCK04/SES049/SA049S27	SES125	-1.30463	-9.48098	-8.17635
BLOCK04/SES049/SA049S27	SES206	-1.55421	-9.73056	-8.17635
BLOCK04/SES049/SA049S29	SES099	-0.367494	-8.15683	-7.78934
BLOCK04/SES049/SA049S29	SES104	0.14166	-7.64768	-7.78934
BLOCK04/SES049/SA049S29	SES125	-0.0926919	-7.88203	-7.78934
BLOCK04/SES049/SA049S29	SES206	-1.45953	-9.24887	-7.78934
BLOCK06/SES063/SA063S09	SES068	-2.1447	-11.3165	-9.1718
BLOCK06/SES063/SA063S09	SES083	-0.646116	-9.81792	-9.1718
BLOCK06/SES063/SA063S09	SES177	-0.642717	-9.81452	-9.1718
BLOCK06/SES063/SA063S09	SES187	-0.840233	-10.012	-9.1718
BLOCK06/SES063/SA063S10	SES068	-1.37167	-10.1008	-8.72912
BLOCK06/SES063/SA063S10	SES083	-0.612952	-9.34207	-8.72912
BLOCK06/SES063/SA063S10	SES172	-0.439075	-9.16819	-8.72912
BLOCK06/SES063/SA063S10	SES187	-0.98452	-9.71364	-8.72912
BLOCK06/SES063/SA063S20	SES068	-2.46895	-11.2421	-8.77312
BLOCK06/SES063/SA063S20	SES083	-0.737247	-9.51037	-8.77312
BLOCK06/SES063/SA063S20	SES172	-0.577223	-9.35034	-8.77312
BLOCK06/SES063/SA063S20	SES187	-0.78782	-9.56094	-8.77312
BLOCK06/SES063/SA063S24	SES029	-3.10857	-12.2532	-9.1446
BLOCK06/SES063/SA063S24	SES083	-1.48224	-10.6268	-9.1446
BLOCK06/SES063/SA063S24	SES177	-1.08876	-10.2334	-9.1446
BLOCK06/SES063/SA063S24	SES189	0.335993	-8.80861	-9.1446
BLOCK06/SES063/SA063S27	SES083	-0.358398	-8.74385	-8.38546
BLOCK06/SES063/SA063S27	SES172	-1.43398	-9.81943	-8.38546
BLOCK06/SES063/SA063S27	SES187	-0.886389	-9.27184	-8.38546
BLOCK06/SES063/SA063S27	SES292	-1.46775	-9.8532	-8.38546
BLOCK06/SES067/SA067S12	SES083	-0.78494	-8.04148	-7.25654
BLOCK06/SES067/SA067S12	SES172	-1.25427	-8.5108	-7.25654
BLOCK06/SES067/SA067S12	SES202	-0.582989	-7.83953	-7.25654
BLOCK06/SES067/SA067S12	SES292	-0.854333	-8.11087	-7.25654
BLOCK06/SES067/SA067S14	SES085	-0.85444	-6.91358	-6.05914
BLOCK06/SES067/SA067S14	SES177	-1.41621	-7.47535	-6.05914
BLOCK06/SES067/SA067S14	SES183	0.484807	-5.57433	-6.05914
BLOCK06/SES067/SA067S14	SES202	0.146399	-5.91274	-6.05914
BLOCK06/SES067/SA067S21	SES144	-1.25585	-8.80727	-7.55142
BLOCK06/SES067/SA067S21	SES177	-1.62601	-9.17743	-7.55142
BLOCK06/SES067/SA067S21	SES183	-1.64748	-9.19889	-7.55142
BLOCK06/SES067/SA067S21	SES189	-1.05684	-8.60825	-7.55142
BLOCK06/SES067/SA067S25	SES085	-1.59384	-8.54881	-6.95497
BLOCK06/SES067/SA067S25	SES177	-0.798366	-7.75333	-6.95497
BLOCK06/SES067/SA067S25	SES183	-1.01622	-7.97118	-6.95497
BLOCK06/SES067/SA067S25	SES202	-1.57282	-8.52779	-6.95497
BLOCK06/SES067/SA067S29	SES085	-1.891	-10.0849	-8.19387
BLOCK06/SES067/SA067S29	SES177	-1.71825	-9.91212	-8.19387
BLOCK06/SES067/SA067S29	SES183	-0.439111	-8.63298	-8.19387
BLOCK06/SES067/SA067S29	SES202	0.0249319	-8.16894	-8.19387
BLOCK06/SES069/SA069S12	SES029	-1.46831	-8.95957	-7.49126
BLOCK06/SES069/SA069S12	SES082	-0.514851	-8.00611	-7.49126
BLOCK06/SES069/SA069S12	SES087	-1.03095	-8.5222	-7.49126
BLOCK06/SES069/SA069S12	SES206	-0.232474	-7.72373	-7.49126
BLOCK06/SES069/SA069S13	SES029	-2.25504	-9.67028	-7.41524
BLOCK06/SES069/SA069S13	SES087	-1.1711	-8.58634	-7.41524
BLOCK06/SES069/SA069S13	SES206	-1.37157	-8.78681	-7.41524
BLOCK06/SES069/SA069S13	SES226	0.492418	-6.92282	-7.41524
BLOCK06/SES069/SA069S23	SES029	-0.462443	-7.33563	-6.87319
BLOCK06/SES069/SA069S23	SES087	-0.00927496	-6.88246	-6.87319
BLOCK06/SES069/SA069S23	SES206	-1.30274	-8.17593	-6.87319
BLOCK06/SES069/SA069S23	SES226	0.218952	-6.65424	-6.87319
BLOCK06/SES069/SA069S25	SES087	-1.28531	-8.68491	-7.3996
BLOCK06/SES069/SA069S25	SES206	-1.88979	-9.2894	-7.3996
BLOCK06/SES069/SA069S25	SES226	0.251939	-7.14766	-7.3996
BLOCK06/SES069/SA069S25	SES270	-1.2312	-8.6308	-7.3996
BLOCK06/SES069/SA069S27	SES087	-1.29745	-9.20479	-7.90734
BLOCK06/SES069/SA069S27	SES206	-0.889379	-8.79672	-7.90734
BLOCK06/SES069/SA069S27	SES226	0.482394	-7.42494	-7.90734
BLOCK06/SES069/SA069S27	SES270	-0.677995	-8.58533	-7.90734
BLOCK08/SES081/SA081S11	SES060	-1.74742	-9.68377	-7.93635
BLOCK08/SES081/SA081S11	SES062	-0.234409	-8.17076	-7.93635
BLOCK08/SES081/SA081S11	SES117	-1.97154	-9.90789	-7.93635
BLOCK08/SES081/SA081S11	SES162	-1.47162	-9.40797	-7.93635
BLOCK08/SES081/SA081S13	SES016	-0.44207	-7.28874	-6.84667
BLOCK08/SES081/SA081S13	SES060	-0.251665	-7.09833	-6.84667
BLOCK08/SES081/SA081S13	SES068	-0.230435	-7.0771	-6.84667
BLOCK08/SES081/SA081S13	SES129	-1.91359	-8.76025	-6.84667
BLOCK08/SES081/SA081S24	SES060	-0.454553	-7.83899	-7.38444
BLOCK08/SES081/SA081S24	SES068	-0.545586	-7.93002	-7.38444
BLOCK08/SES081/SA081S24	SES117	-1.5998	-8.98424	-7.38444
BLOCK08/SES081/SA081S24	SES275	-0.997043	-8.38148	-7.38444
BLOCK08/SES081/SA081S27	SES007	-0.3596	-8.31278	-7.95318
BLOCK08/SES081/SA081S27	SES060	-0.777519	-8.7307	-7.95318
BLOCK08/SES081/SA081S27	SES117	-1.04426	-8.99745	-7.95318
BLOCK08/SES081/SA081S27	SES275	-1.25837	-9.21156	-7.95318
BLOCK08/SES081/SA081S29	SES007	-0.338696	-8.74708	-8.40839
BLOCK08/SES081/SA081S29	SES060	-0.501445	-8.90983	-8.40839
BLOCK08/SES081/SA081S29	SES117	-1.00386	-9.41225	-8.40839
BLOCK08/SES081/SA081S29	SES275	-1.22843	-9.63682	-8.40839
BLOCK08/SES086/SA086S11	SES029	-2.25565	-11.9798	-9.72414
BLOCK08/SES086/SA086S11	SES082	-0.988031	-10.7122	-9.72414
BLOCK08/SES086/SA086S11	SES087	0.416561	-9.30758	-9.72414
BLOCK08/SES086/SA086S11	SES206	-0.959911	-10.684	-9.72414
BLOCK08/SES086/SA086S12	SES029	-1.92495	-10.6411	-8.71614
BLOCK08/SES086/SA086S12	SES082	-1.09521	-9.81135	-8.71614
BLOCK08/SES086/SA086S12	SES087	0.854843	-7.8613	-8.71614
BLOCK08/SES086/SA086S12	SES206	-0.527961	-9.2441	-8.71614
BLOCK08/SES086/SA086S20	SES029	-1.11725	-9.26848	-8.15123
BLOCK08/SES086/SA086S20	SES082	-1.2319	-9.38313	-8.15123
BLOCK08/SES086/SA086S20	SES087	0.350792	-7.80044	-8.15123
BLOCK08/SES086/SA086S20	SES206	-0.806465	-8.95769	-8.15123
BLOCK08/SES086/SA086S24	SES087	0.566285	-8.8413	-9.40759
BLOCK08/SES086/SA086S24	SES104	-0.915383	-10.323	-9.40759
BLOCK08/SES086/SA086S24	SES120	-0.429387	-9.83698	-9.40759
BLOCK08/SES086/SA086S24	SES206	0.0605335	-9.34706	-9.40759
BLOCK08/SES086/SA086S28	SES029	-1.56761	-9.66163	-8.09403
BLOCK08/SES086/SA086S28	SES082	-0.789902	-8.88393	-8.09403
BLOCK08/SES086/SA086S28	SES087	0.390859	-7.70317	-8.09403
BLOCK08/SES086/SA086S28	SES206	-0.0443544	-8.13838	-8.09403
BLOCK08/SES089/SA089S13	SES087	-0.69996	-9.49427	-8.79431
BLOCK08/SES089/SA089S13	SES206	-1.39633	-10.1906	-8.79431
BLOCK08/SES089/SA089S13	SES226	-0.831374	-9.62568	-8.79431
BLOCK08/SES089/SA089S13	SES270	-1.51672	-10.311	-8.79431
BLOCK08/SES089/SA089S14	SES062	-1.43944	-9.62504	-8.1856
BLOCK08/SES089/SA089S14	SES087	-0.213279	-8.39888	-8.1856
BLOCK08/SES089/SA089S14	SES206	-1.661	-9.84659	-8.1856
BLOCK08/SES089/SA089S14	SES226	-1.18966	-9.37526	-8.1856
BLOCK08/SES089/SA089S23	SES087	-0.41094	-10.5907	-10.1798
BLOCK08/SES089/SA089S23	SES206	-1.63537	-11.8152	-10.1798
BLOCK08/SES089/SA089S23	SES226	-0.304193	-10.484	-10.1798
BLOCK08/SES089/SA089S23	SES270	-3.37959	-13.5594	-10.1798
BLOCK08/SES089/SA089S25	SES062	-0.828163	-9.61386	-8.7857
BLOCK08/SES089/SA089S25	SES087	-0.268369	-9.05406	-8.7857
BLOCK08/SES089/SA089S25	SES206	-2.03773	-10.8234	-8.7857
BLOCK08/SES089/SA089S25	SES226	-0.84517	-9.63087	-8.7857
BLOCK08/SES089/SA089S28	SES062	-0.464655	-9.05596	-8.5913
BLOCK08/SES089/SA089S28	SES087	0.320521	-8.27078	-8.5913
BLOCK08/SES089/SA089S28	SES206	-1.55439	-10.1457	-8.5913
BLOCK08/SES089/SA089S28	SES226	-0.424308	-9.01561	-8.5913
BLOCK09/SES097/SA097S11	SES099	0.266909	-9.09028	-9.35719
BLOCK09/SES097/SA097S11	SES125	-0.898671	-10.2559	-9.35719
BLOCK09/SES097/SA097S11	SES206	-0.839375	-10.1966	-9.35719
BLOCK09/SES097/SA097S11	SES226	1.08466	-8.27253	-9.35719
BLOCK09/SES097/SA097S14	SES062	-2.12249	-10.5227	-8.40017
BLOCK09/SES097/SA097S14	SES099	-0.590238	-8.99041	-8.40017
BLOCK09/SES097/SA097S14	SES104	-0.605148	-9.00532	-8.40017
BLOCK09/SES097/SA097S14	SES206	-1.69505	-10.0952	-8.40017
BLOCK09/SES097/SA097S22	SES099	0.348885	-8.61651	-8.96539
BLOCK09/SES097/SA097S22	SES206	-1.31814	-10.2835	-8.96539
BLOCK09/SES097/SA097S22	SES226	-0.351144	-9.31653	-8.96539
BLOCK09/SES097/SA097S22	SES270	-0.772704	-9.7381	-8.96539
BLOCK09/SES097/SA097S26	SES099	0.185417	-9.0132	-9.19861
BLOCK09/SES097/SA097S26	SES120	-0.427945	-9.62656	-9.19861
BLOCK09/SES097/SA097S26	SES206	-1.9887	-11.1873	-9.19861
BLOCK09/SES097/SA097S26	SES226	0.19226	-9.00635	-9.19861
BLOCK09/SES097/SA097S28	SES099	-0.0165067	-7.94274	-7.92624
BLOCK09/SES097/SA097S28	SES120	-0.941555	-8.86779	-7.92624
BLOCK09/SES097/SA097S28	SES206	-1.5275	-9.45374	-7.92624
BLOCK09/SES097/SA097S28	SES226	-0.577125	-8.50336	-7.92624
BLOCK09/SES098/SA098S11	SES127	-1.04845	-7.9143	-6.86585
BLOCK09/SES098/SA098S11	SES144	-0.600251	-7.4661	-6.86585
BLOCK09/SES098/SA098S11	SES147	-0.911348	-7.7772	-6.86585
BLOCK09/SES098/SA098S11	SES148	-2.22465	-9.0905	-6.86585
BLOCK09/SES098/SA098S12	SES127	-2.71952	-11.0047	-8.28519
BLOCK09/SES098/SA098S12	SES144	-1.83905	-10.1242	-8.28519
BLOCK09/SES098/SA098S12	SES147	-1.72199	-10.0072	-8.28519
BLOCK09/SES098/SA098S12	SES189	-1.49488	-9.78008	-8.28519
BLOCK09/SES098/SA098S20	SES127	-3.26749	-11.0306	-7.76314
BLOCK09/SES098/SA098S20	SES147	-1.70741	-9.47055	-7.76314
BLOCK09/SES098/SA098S20	SES148	-3.80748	-11.5706	-7.76314
BLOCK09/SES098/SA098S20	SES292	-1.60112	-9.36426	-7.76314
BLOCK09/SES098/SA098S23	SES127	-1.69049	-9.375	-7.68451
BLOCK09/SES098/SA098S23	SES147	-1.83832	-9.52283	-7.68451
BLOCK09/SES098/SA098S23	SES187	-0.832894	-8.51741	-7.68451
BLOCK09/SES098/SA098S23	SES292	-0.904309	-8.58882	-7.68451
BLOCK09/SES098/SA098S27	SES127	-2.96564	-10.7895	-7.82382
BLOCK09/SES098/SA098S27	SES147	-2.78333	-10.6072	-7.82382
BLOCK09/SES098/SA098S27	SES148	-3.38933	-11.2131	-7.82382
BLOCK09/SES098/SA098S27	SES292	-0.503283	-8.3271	-7.82382
BLOCK10/SES102/SA102S13	SES101	-0.0887337	-8.85629	-8.76756
BLOCK10/SES102/SA102S13	SES105	-1.15739	-9.92496	-8.76756
BLOCK10/SES102/SA102S13	SES120	-3.16903	-11.9366	-8.76756
BLOCK10/SES102/SA102S13	SES158	-2.32084	-11.0884	-8.76756
BLOCK10/SES102/SA102S14	SES007	0.0738306	-5.97019	-6.04402
BLOCK10/SES102/SA102S14	SES101	-0.285549	-6.32957	-6.04402
BLOCK10/SES102/SA102S14	SES105	-0.77848	-6.8225	-6.04402
BLOCK10/SES102/SA102S14	SES147	-1.9704	-8.01442	-6.04402
BLOCK10/SES102/SA102S22	SES007	-0.941487	-8.07081	-7.12932
BLOCK10/SES102/SA102S22	SES101	-0.433724	-7.56305	-7.12932
BLOCK10/SES102/SA102S22	SES105	-0.774372	-7.9037	-7.12932
BLOCK10/SES102/SA102S22	SES158	-2.12167	-9.251	-7.12932
BLOCK10/SES102/SA102S25	SES007	-0.308407	-7.25361	-6.9452
BLOCK10/SES102/SA102S25	SES101	-0.14975	-7.09495	-6.9452
BLOCK10/SES102/SA102S25	SES105	-1.18139	-8.12659	-6.9452
BLOCK10/SES102/SA102S25	SES147	-2.99696	-9.94216	-6.9452
BLOCK10/SES102/SA102S27	SES007	-0.57335	-7.94524	-7.37189
BLOCK10/SES102/SA102S27	SES101	0.081214	-7.29067	-7.37189
BLOCK10/SES102/SA102S27	SES105	-1.49453	-8.86642	-7.37189
BLOCK10/SES102/SA102S27	SES147	-2.57164	-9.94353	-7.37189
BLOCK10/SES103/SA103S14	SES105	-1.78059	-10.4939	-8.71333
BLOCK10/SES103/SA103S14	SES106	-1.34218	-10.0555	-8.71333
BLOCK10/SES103/SA103S14	SES120	-1.82958	-10.5429	-8.71333
BLOCK10/SES103/SA103S14	SES206	-1.68241	-10.3957	-8.71333
BLOCK10/SES103/SA103S15	SES099	-1.76225	-11.5177	-9.7555
BLOCK10/SES103/SA103S15	SES101	-3.73926	-13.4948	-9.7555
BLOCK10/SES103/SA103S15	SES104	-1.31376	-11.0693	-9.7555
BLOCK10/SES103/SA103S15	SES125	-1.68948	-11.445	-9.7555
BLOCK10/SES103/SA103S24	SES104	-1.24414	-9.80665	-8.56251
BLOCK10/SES103/SA103S24	SES125	-2.63509	-11.1976	-8.56251
BLOCK10/SES103/SA103S24	SES148	-2.1159	-10.6784	-8.56251
BLOCK10/SES103/SA103S24	SES158	-1.35175	-9.91426	-8.56251
BLOCK10/SES103/SA103S26	SES104	-0.755303	-9.16042	-8.40511
BLOCK10/SES103/SA103S26	SES106	-1.63836	-10.0435	-8.40511
BLOCK10/SES103/SA103S26	SES125	-1.14375	-9.54887	-8.40511
BLOCK10/SES103/SA103S26	SES148	-1.98592	-10.391	-8.40511
BLOCK10/SES103/SA103S28	SES104	-0.819644	-9.62849	-8.80885
BLOCK10/SES103/SA103S28	SES106	-1.3132	-10.122	-8.80885
BLOCK10/SES103/SA103S28	SES125	-2.10092	-10.9098	-8.80885
BLOCK10/SES103/SA103S28	SES206	-1.78498	-10.5938	-8.80885
BLOCK12/SES121/SA121S12	SES042	-0.916633	-9.92221	-9.00558
BLOCK12/SES121/SA121S12	SES087	-0.785319	-9.7909	-9.00558
BLOCK12/SES121/SA121S12	SES105	0.0380964	-8.96749	-9.00558
BLOCK12/SES121/SA121S12	SES206	-0.227031	-9.23261	-9.00558
BLOCK12/SES121/SA121S14	SES007	-2.43228	-12.8808	-10.4485
BLOCK12/SES121/SA121S14	SES105	-1.75704	-12.2056	-10.4485
BLOCK12/SES121/SA121S14	SES106	-1.7054	-12.1539	-10.4485
BLOCK12/SES121/SA121S14	SES206	-1.60917	-12.0577	-10.4485
BLOCK12/SES121/SA121S23	SES105	-1.24253	-11.3454	-10.1029
BLOCK12/SES121/SA121S23	SES106	-0.91199	-11.0149	-10.1029
BLOCK12/SES121/SA121S23	SES120	-1.54405	-11.6469	-10.1029
BLOCK12/SES121/SA121S23	SES206	-0.543913	-10.6468	-10.1029
BLOCK12/SES121/SA121S25	SES007	-1.33701	-11.8892	-10.5522
BLOCK12/SES121/SA121S25	SES105	-1.75903	-12.3112	-10.5522
BLOCK12/SES121/SA121S25	SES106	-1.0163	-11.5685	-10.5522
BLOCK12/SES121/SA121S25	SES206	-1.503	-12.0552	-10.5522
BLOCK12/SES121/SA121S27	SES087	0.944942	-9.53853	-10.4835
BLOCK12/SES121/SA121S27	SES105	-2.48525	-12.9687	-10.4835
BLOCK12/SES121/SA121S27	SES120	-0.0437317	-10.5272	-10.4835
BLOCK12/SES121/SA121S27	SES206	-0.580711	-11.0642	-10.4835
BLOCK12/SES124/SA124S16	SES042	0.235166	-6.76837	-7.00354
BLOCK12/SES124/SA124S16	SES082	-0.123678	-7.12722	-7.00354
BLOCK12/SES124/SA124S16	SES183	-1.122	-8.12553	-7.00354
BLOCK12/SES124/SA124S16	SES206	-0.785763	-7.7893	-7.00354
BLOCK12/SES124/SA124S17	SES105	-1.91797	-9.97009	-8.05212
BLOCK12/SES124/SA124S17	SES149	-0.997301	-9.04942	-8.05212
BLOCK12/SES124/SA124S17	SES158	-1.87073	-9.92285	-8.05212
BLOCK12/SES124/SA124S17	SES275	-1.32558	-9.3777	-8.05212
BLOCK12/SES124/SA124S23	SES105	-1.79901	-8.3124	-6.51338
BLOCK12/SES124/SA124S23	SES125	0.622522	-5.89086	-6.51338
BLOCK12/SES124/SA124S23	SES129	-2.00347	-8.51685	-6.51338
BLOCK12/SES124/SA124S23	SES158	-1.05467	-7.56806	-6.51338
BLOCK12/SES124/SA124S26	SES105	-2.03999	-9.86853	-7.82854
BLOCK12/SES124/SA124S26	SES125	-0.272212	-8.10075	-7.82854
BLOCK12/SES124/SA124S26	SES129	-2.23056	-10.0591	-7.82854
BLOCK12/SES124/SA124S26	SES158	-0.584462	-8.413	-7.82854
BLOCK12/SES124/SA124S28	SES104	-0.646071	-7.59127	-6.9452
BLOCK12/SES124/SA124S28	SES106	-1.14698	-8.09217	-6.9452
BLOCK12/SES124/SA124S28	SES125	0.0378046	-6.90739	-6.9452
BLOCK12/SES124/SA124S28	SES275	-1.05418	-7.99938	-6.9452
BLOCK12/SES126/SA126S13	SES007	-0.528715	-8.16796	-7.63925
BLOCK12/SES126/SA126S13	SES162	-1.41779	-9.05704	-7.63925
BLOCK12/SES126/SA126S13	SES177	-0.689839	-8.32909	-7.63925
BLOCK12/SES126/SA126S13	SES180	-1.60129	-9.24054	-7.63925
BLOCK12/SES126/SA126S14	SES144	-0.344232	-7.54609	-7.20186
BLOCK12/SES126/SA126S14	SES148	-1.26029	-8.46215	-7.20186
BLOCK12/SES126/SA126S14	SES177	-0.758832	-7.96069	-7.20186
BLOCK12/SES126/SA126S14	SES180	-1.30928	-8.51114	-7.20186
BLOCK12/SES126/SA126S20	SES007	-0.554722	-7.18288	-6.62815
BLOCK12/SES126/SA126S20	SES162	-1.15669	-7.78484	-6.62815
BLOCK12/SES126/SA126S20	SES172	-1.40017	-8.02833	-6.62815
BLOCK12/SES126/SA126S20	SES180	-1.07729	-7.70545	-6.62815
BLOCK12/SES126/SA126S24	SES120	-0.156491	-7.09024	-6.93375
BLOCK12/SES126/SA126S24	SES162	-1.20211	-8.13585	-6.93375
BLOCK12/SES126/SA126S24	SES177	-0.256367	-7.19011	-6.93375
BLOCK12/SES126/SA126S24	SES180	-0.761886	-7.69563	-6.93375
BLOCK12/SES126/SA126S26	SES120	0.426067	-7.14479	-7.57085
BLOCK12/SES126/SA126S26	SES177	-0.054894	-7.62575	-7.57085
BLOCK12/SES126/SA126S26	SES180	-0.526211	-8.09706	-7.57085
BLOCK12/SES126/SA126S26	SES202	-0.811916	-8.38277	-7.57085
BLOCK12/SES128/SA128S10	SES087	-2.04419	-10.1071	-8.0629
BLOCK12/SES128/SA128S10	SES206	-0.80811	-8.87101	-8.0629
BLOCK12/SES128/SA128S10	SES226	-0.187015	-8.24992	-8.0629
BLOCK12/SES128/SA128S10	SES270	-0.910902	-8.9738	-8.0629
BLOCK12/SES128/SA128S12	SES120	-0.151638	-8.03201	-7.88037
BLOCK12/SES128/SA128S12	SES158	-0.313905	-8.19427	-7.88037
BLOCK12/SES128/SA128S12	SES206	-0.490897	-8.37127	-7.88037
BLOCK12/SES128/SA128S12	SES226	-1.50235	-9.38272	-7.88037
BLOCK12/SES128/SA128S21	SES106	-0.989609	-8.68062	-7.69101
BLOCK12/SES128/SA128S21	SES120	-1.10441	-8.79542	-7.69101
BLOCK12/SES128/SA128S21	SES206	-1.4385	-9.12951	-7.69101
BLOCK12/SES128/SA128S21	SES226	0.1063	-7.58471	-7.69101
BLOCK12/SES128/SA128S24	SES087	-0.915122	-9.47575	-8.56063
BLOCK12/SES128/SA128S24	SES120	-0.332338	-8.89296	-8.56063
BLOCK12/SES128/SA128S24	SES206	-0.0413275	-8.60195	-8.56063
BLOCK12/SES128/SA128S24	SES226	-0.950594	-9.51122	-8.56063
BLOCK12/SES128/SA128S27	SES099	0.290536	-7.15413	-7.44467
BLOCK12/SES128/SA128S27	SES120	0.189404	-7.25526	-7.44467
BLOCK12/SES128/SA128S27	SES206	-0.436429	-7.8811	-7.44467
BLOCK12/SES128/SA128S27	SES226	-0.660271	-8.10494	-7.44467
BLOCK13/SES130/SA130S13	SES143	-0.254365	-9.0891	-8.83473
BLOCK13/SES130/SA130S13	SES144	0.555042	-8.27969	-8.83473
BLOCK13/SES130/SA130S13	SES146	-2.00242	-10.8372	-8.83473
BLOCK13/SES130/SA130S13	SES275	-2.29677	-11.1315	-8.83473
BLOCK13/SES130/SA130S15	SES143	-0.890696	-8.00932	-7.11862
BLOCK13/SES130/SA130S15	SES144	0.217167	-6.90146	-7.11862
BLOCK13/SES130/SA130S15	SES146	-0.524887	-7.64351	-7.11862
BLOCK13/SES130/SA130S15	SES275	-1.06996	-8.18858	-7.11862
BLOCK13/SES130/SA130S23	SES127	-0.904986	-9.02061	-8.11562
BLOCK13/SES130/SA130S23	SES144	0.0881653	-8.02746	-8.11562
BLOCK13/SES130/SA130S23	SES146	-0.659967	-8.77559	-8.11562
BLOCK13/SES130/SA130S23	SES162	-0.655063	-8.77068	-8.11562
BLOCK13/SES130/SA130S25	SES127	-1.01722	-7.48467	-6.46745
BLOCK13/SES130/SA130S25	SES144	-0.315335	-6.78279	-6.46745
BLOCK13/SES130/SA130S25	SES146	-1.11936	-7.58681	-6.46745
BLOCK13/SES130/SA130S25	SES275	-1.28174	-7.74919	-6.46745
BLOCK13/SES130/SA130S28	SES127	-0.471341	-8.48394	-8.0126
BLOCK13/SES130/SA130S28	SES144	-0.562153	-8.57476	-8.0126
BLOCK13/SES130/SA130S28	SES146	-0.284513	-8.29712	-8.0126
BLOCK13/SES130/SA130S28	SES275	-0.682441	-8.69504	-8.0126
BLOCK13/SES131/SA131S13	SES002	-1.27152	-10.1305	-8.85899
BLOCK13/SES131/SA131S13	SES007	-1.06829	-9.92728	-8.85899
BLOCK13/SES131/SA131S13	SES099	0.172463	-8.68653	-8.85899
BLOCK13/SES131/SA131S13	SES105	-0.980692	-9.83969	-8.85899
BLOCK13/SES131/SA131S14	SES104	-0.482784	-6.94621	-6.46342
BLOCK13/SES131/SA131S14	SES106	-1.76026	-8.22369	-6.46342
BLOCK13/SES131/SA131S14	SES125	-1.38688	-7.8503	-6.46342
BLOCK13/SES131/SA131S14	SES148	0.0492787	-6.41414	-6.46342
BLOCK13/SES131/SA131S20	SES104	-0.703052	-9.81938	-9.11633
BLOCK13/SES131/SA131S20	SES106	-1.03761	-10.1539	-9.11633
BLOCK13/SES131/SA131S20	SES125	-0.995111	-10.1114	-9.11633
BLOCK13/SES131/SA131S20	SES148	-1.02678	-10.1431	-9.11633
BLOCK13/SES131/SA131S22	SES099	-0.103952	-7.35353	-7.24958
BLOCK13/SES131/SA131S22	SES104	-0.51301	-7.76259	-7.24958
BLOCK13/SES131/SA131S22	SES125	-0.318204	-7.56778	-7.24958
BLOCK13/SES131/SA131S22	SES206	-0.626382	-7.87596	-7.24958
BLOCK13/SES131/SA131S29	SES087	-1.54081	-10.4179	-8.87712
BLOCK13/SES131/SA131S29	SES104	-1.79037	-10.6675	-8.87712
BLOCK13/SES131/SA131S29	SES125	-3.62875	-12.5059	-8.87712
BLOCK13/SES131/SA131S29	SES206	-1.92095	-10.7981	-8.87712
BLOCK13/SES132/SA132S11	SES083	-1.47426	-8.93173	-7.45748
BLOCK13/SES132/SA132S11	SES120	0.0681195	-7.38936	-7.45748
BLOCK13/SES132/SA132S11	SES127	-2.27425	-9.73173	-7.45748
BLOCK13/SES132/SA132S11	SES275	-1.35524	-8.81272	-7.45748
BLOCK13/SES132/SA132S12	SES083	-1.62534	-8.93861	-7.31327
BLOCK13/SES132/SA132S12	SES143	-1.88472	-9.19799	-7.31327
BLOCK13/SES132/SA132S12	SES144	-0.51762	-7.83089	-7.31327
BLOCK13/SES132/SA132S12	SES148	-1.12421	-8.43748	-7.31327
BLOCK13/SES132/SA132S22	SES062	-0.748283	-8.19178	-7.4435
BLOCK13/SES132/SA132S22	SES083	-2.05799	-9.50149	-7.4435
BLOCK13/SES132/SA132S22	SES127	-1.907	-9.3505	-7.4435
BLOCK13/SES132/SA132S22	SES275	-0.912445	-8.35594	-7.4435
BLOCK13/SES132/SA132S24	SES007	-0.648293	-7.53095	-6.88266
BLOCK13/SES132/SA132S24	SES083	-1.84016	-8.72282	-6.88266
BLOCK13/SES132/SA132S24	SES127	-2.56235	-9.44501	-6.88266
BLOCK13/SES132/SA132S24	SES275	-0.994609	-7.87727	-6.88266
BLOCK13/SES132/SA132S27	SES083	-2.60668	-11.0317	-8.42498
BLOCK13/SES132/SA132S27	SES120	0.331069	-8.09391	-8.42498
BLOCK13/SES132/SA132S27	SES127	-4.42976	-12.8547	-8.42498
BLOCK13/SES132/SA132S27	SES275	-1.6613	-10.0863	-8.42498
BLOCK14/SES141/SA141S09	SES143	-1.21543	-8.03027	-6.81484
BLOCK14/SES141/SA141S09	SES144	-0.240104	-7.05494	-6.81484
BLOCK14/SES141/SA141S09	SES162	-1.00533	-7.82017	-6.81484
BLOCK14/SES141/SA141S09	SES180	-1.00605	-7.82089	-6.81484
BLOCK14/SES141/SA141S15	SES127	-1.863	-9.55751	-7.69451
BLOCK14/SES141/SA141S15	SES144	-1.38289	-9.0774	-7.69451
BLOCK14/SES141/SA141S15	SES162	-2.01433	-9.70884	-7.69451
BLOCK14/SES141/SA141S15	SES180	-1.42702	-9.12152	-7.69451
BLOCK14/SES141/SA141S24	SES127	-2.33083	-9.54572	-7.21489
BLOCK14/SES141/SA141S24	SES144	-1.33247	-8.54736	-7.21489
BLOCK14/SES141/SA141S24	SES162	-1.81824	-9.03312	-7.21489
BLOCK14/SES141/SA141S24	SES183	-1.44205	-8.65693	-7.21489
BLOCK14/SES141/SA141S26	SES142	-0.229281	-8.28314	-8.05386
BLOCK14/SES141/SA141S26	SES144	-1.26783	-9.32168	-8.05386
BLOCK14/SES141/SA141S26	SES172	-0.894209	-8.94806	-8.05386
BLOCK14/SES141/SA141S26	SES180	-1.04772	-9.10158	-8.05386
BLOCK14/SES141/SA141S29	SES127	-1.43534	-8.54301	-7.10768
BLOCK14/SES141/SA141S29	SES142	0.141958	-6.96572	-7.10768
BLOCK14/SES141/SA141S29	SES144	-0.28342	-7.3911	-7.10768
BLOCK14/SES141/SA141S29	SES180	-0.315207	-7.42288	-7.10768
BLOCK15/SES157/SA157S08	SES083	-1.08287	-8.32797	-7.2451
BLOCK15/SES157/SA157S08	SES127	-0.971001	-8.2161	-7.2451
BLOCK15/SES157/SA157S08	SES148	-0.0572414	-7.30234	-7.2451
BLOCK15/SES157/SA157S08	SES292	-1.27201	-8.51711	-7.2451
BLOCK15/SES157/SA157S11	SES083	-1.01463	-8.86035	-7.84572
BLOCK15/SES157/SA157S11	SES127	-1.06644	-8.91216	-7.84572
BLOCK15/SES157/SA157S11	SES148	-1.66652	-9.51224	-7.84572
BLOCK15/SES157/SA157S11	SES292	-1.89079	-9.73651	-7.84572
BLOCK15/SES157/SA157S21	SES127	-0.253928	-7.02707	-6.77315
BLOCK15/SES157/SA157S21	SES148	-0.000220299	-6.77337	-6.77315
BLOCK15/SES157/SA157S21	SES158	-3.91851	-10.6917	-6.77315
BLOCK15/SES157/SA157S21	SES292	-1.72036	-8.4935	-6.77315
BLOCK15/SES157/SA157S24	SES127	-0.47631	-8.65959	-8.18328
BLOCK15/SES157/SA157S24	SES148	-0.526591	-8.70988	-8.18328
BLOCK15/SES157/SA157S24	SES183	-0.75131	-8.9346	-8.18328
BLOCK15/SES157/SA157S24	SES292	-1.74325	-9.92654	-8.18328
BLOCK15/SES157/SA157S26	SES007	-0.978981	-8.2	-7.22101
BLOCK15/SES157/SA157S26	SES127	-0.716031	-7.93705	-7.22101
BLOCK15/SES157/SA157S26	SES147	-1.34658	-8.56759	-7.22101
BLOCK15/SES157/SA157S26	SES148	-1.12325	-8.34427	-7.22101
BLOCK16/SES161/SA161S10	SES007	-0.628534	-8.36963	-7.7411
BLOCK16/SES161/SA161S10	SES105	-0.781777	-8.52287	-7.7411
BLOCK16/SES161/SA161S10	SES158	-1.16589	-8.90699	-7.7411
BLOCK16/SES161/SA161S10	SES275	-0.595602	-8.3367	-7.7411
BLOCK16/SES161/SA161S12	SES007	-2.19695	-11.1092	-8.91222
BLOCK16/SES161/SA161S12	SES105	-1.57775	-10.49	-8.91222
BLOCK16/SES161/SA161S12	SES158	-1.13544	-10.0477	-8.91222
BLOCK16/SES161/SA161S12	SES275	-3.23153	-12.1438	-8.91222
BLOCK16/SES161/SA161S20	SES007	-0.572871	-9.72573	-9.15286
BLOCK16/SES161/SA161S20	SES105	-1.9391	-11.092	-9.15286
BLOCK16/SES161/SA161S20	SES158	-0.0286179	-9.18147	-9.15286
BLOCK16/SES161/SA161S20	SES275	-2.25103	-11.4039	-9.15286
BLOCK16/SES161/SA161S23	SES007	-2.33698	-11.2908	-8.95384
BLOCK16/SES161/SA161S23	SES105	-0.650874	-9.60471	-8.95384
BLOCK16/SES161/SA161S23	SES148	-2.45831	-11.4121	-8.95384
BLOCK16/SES161/SA161S23	SES158	-2.40771	-11.3615	-8.95384
BLOCK16/SES161/SA161S28	SES007	-1.43604	-9.49804	-8.06199
BLOCK16/SES161/SA161S28	SES105	-2.20331	-10.2653	-8.06199
BLOCK16/SES161/SA161S28	SES158	-0.384568	-8.44656	-8.06199
BLOCK16/SES161/SA161S28	SES206	-0.954336	-9.01633	-8.06199
BLOCK16/SES164/SA164S11	SES104	-1.11649	-9.24187	-8.12538
BLOCK16/SES164/SA164S11	SES125	0.280931	-7.84445	-8.12538
BLOCK16/SES164/SA164S11	SES158	-0.966958	-9.09234	-8.12538
BLOCK16/SES164/SA164S11	SES206	-2.3648	-10.4902	-8.12538
BLOCK16/SES164/SA164S13	SES099	-1.64045	-10.1174	-8.47698
BLOCK16/SES164/SA164S13	SES104	-0.922814	-9.3998	-8.47698
BLOCK16/SES164/SA164S13	SES125	-0.991543	-9.46852	-8.47698
BLOCK16/SES164/SA164S13	SES206	-2.04633	-10.5233	-8.47698
BLOCK16/SES164/SA164S24	SES002	0.477098	-7.65298	-8.13007
BLOCK16/SES164/SA164S24	SES099	-0.606122	-8.7362	-8.13007
BLOCK16/SES164/SA164S24	SES125	-0.534068	-8.66414	-8.13007
BLOCK16/SES164/SA164S24	SES226	0.806197	-7.32388	-8.13007
BLOCK16/SES164/SA164S27	SES087	-2.82018	-11.5285	-8.70836
BLOCK16/SES164/SA164S27	SES125	-0.355518	-9.06388	-8.70836
BLOCK16/SES164/SA164S27	SES206	-1.95394	-10.6623	-8.70836
BLOCK16/SES164/SA164S27	SES226	0.183439	-8.52492	-8.70836
BLOCK16/SES164/SA164S29	SES002	0.0716085	-8.24587	-8.31748
BLOCK16/SES164/SA164S29	SES019	-1.56982	-9.88729	-8.31748
BLOCK16/SES164/SA164S29	SES125	-0.256535	-8.57401	-8.31748
BLOCK16/SES164/SA164S29	SES226	0.155484	-8.16199	-8.31748
BLOCK16/SES169/SA169S13	SES117	-1.35708	-9.13153	-7.77445
BLOCK16/SES169/SA169S13	SES144	-0.572556	-8.34701	-7.77445
BLOCK16/SES169/SA169S13	SES146	-0.598617	-8.37307	-7.77445
BLOCK16/SES169/SA169S13	SES162	-1.17666	-8.95111	-7.77445
BLOCK16/SES169/SA169S14	SES144	-0.607807	-7.03146	-6.42365
BLOCK16/SES169/SA169S14	SES148	-0.430907	-6.85456	-6.42365
BLOCK16/SES169/SA169S14	SES177	-0.130853	-6.5545	-6.42365
BLOCK16/SES169/SA169S14	SES180	-0.732276	-7.15592	-6.42365
BLOCK16/SES169/SA169S24	SES117	-1.05919	-9.36146	-8.30227
BLOCK16/SES169/SA169S24	SES144	-0.598248	-8.90052	-8.30227
BLOCK16/SES169/SA169S24	SES146	-0.768357	-9.07063	-8.30227
BLOCK16/SES169/SA169S24	SES162	-1.18995	-9.49221	-8.30227
BLOCK16/SES169/SA169S27	SES127	-0.795753	-8.3242	-7.52845
BLOCK16/SES169/SA169S27	SES129	-0.881463	-8.40991	-7.52845
BLOCK16/SES169/SA169S27	SES144	-0.511667	-8.04011	-7.52845
BLOCK16/SES169/SA169S27	SES146	-0.458905	-7.98735	-7.52845
BLOCK16/SES169/SA169S29	SES144	0.165149	-6.53602	-6.70117
BLOCK16/SES169/SA169S29	SES162	-0.173714	-6.87488	-6.70117
BLOCK16/SES169/SA169S29	SES177	-0.654717	-7.35589	-6.70117
BLOCK16/SES169/SA169S29	SES180	-0.990945	-7.69211	-6.70117
BLOCK17/SES171/SA171S12	SES083	-1.07893	-9.75189	-8.67297
BLOCK17/SES171/SA171S12	SES148	-2.20983	-10.8828	-8.67297
BLOCK17/SES171/SA171S12	SES172	-1.40617	-10.0791	-8.67297
BLOCK17/SES171/SA171S12	SES292	-2.91984	-11.5928	-8.67297
BLOCK17/SES171/SA171S15	SES148	-1.21113	-9.37696	-8.16583
BLOCK17/SES171/SA171S15	SES177	-0.825307	-8.99114	-8.16583
BLOCK17/SES171/SA171S15	SES180	-2.67206	-10.8379	-8.16583
BLOCK17/SES171/SA171S15	SES292	-1.71345	-9.87929	-8.16583
BLOCK17/SES171/SA171S22	SES007	-0.806052	-7.30919	-6.50313
BLOCK17/SES171/SA171S22	SES148	-0.465181	-6.96831	-6.50313
BLOCK17/SES171/SA171S22	SES177	-0.207905	-6.71104	-6.50313
BLOCK17/SES171/SA171S22	SES180	-1.62022	-8.12336	-6.50313
BLOCK17/SES171/SA171S25	SES101	-1.67432	-9.73815	-8.06382
BLOCK17/SES171/SA171S25	SES120	-3.14586	-11.2097	-8.06382
BLOCK17/SES171/SA171S25	SES177	-1.1432	-9.20702	-8.06382
BLOCK17/SES171/SA171S25	SES180	-2.06033	-10.1242	-8.06382
BLOCK17/SES171/SA171S27	SES177	-0.659259	-9.07521	-8.41595
BLOCK17/SES171/SA171S27	SES180	-2.94639	-11.3623	-8.41595
BLOCK17/SES171/SA171S27	SES189	-0.141622	-8.55757	-8.41595
BLOCK17/SES171/SA171S27	SES292	-2.53359	-10.9495	-8.41595
BLOCK17/SES173/SA173S13	SES162	-2.1571	-9.7913	-7.63419
BLOCK17/SES173/SA173S13	SES177	-1.04555	-8.67974	-7.63419
BLOCK17/SES173/SA173S13	SES180	-1.74077	-9.37496	-7.63419
BLOCK17/SES173/SA173S13	SES292	0.0486546	-7.58554	-7.63419
BLOCK17/SES173/SA173S14	SES007	-0.640656	-8.04389	-7.40324
BLOCK17/SES173/SA173S14	SES162	-2.6626	-10.0658	-7.40324
BLOCK17/SES173/SA173S14	SES177	-1.36249	-8.76573	-7.40324
BLOCK17/SES173/SA173S14	SES180	-2.5883	-9.99153	-7.40324
BLOCK17/SES173/SA173S24	SES144	-1.84944	-9.77839	-7.92895
BLOCK17/SES173/SA173S24	SES162	-2.16954	-10.0985	-7.92895
BLOCK17/SES173/SA173S24	SES177	-0.442195	-8.37115	-7.92895
BLOCK17/SES173/SA173S24	SES180	-2.35941	-10.2884	-7.92895
BLOCK17/SES173/SA173S27	SES162	-3.68033	-11.1771	-7.49676
BLOCK17/SES173/SA173S27	SES177	-1.29032	-8.78708	-7.49676
BLOCK17/SES173/SA173S27	SES180	-1.84086	-9.33762	-7.49676
BLOCK17/SES173/SA173S27	SES292	-0.32898	-7.82574	-7.49676
BLOCK17/SES173/SA173S29	SES162	-1.84946	-10.0233	-8.17384
BLOCK17/SES173/SA173S29	SES175	-0.624949	-8.79879	-8.17384
BLOCK17/SES173/SA173S29	SES177	-0.550722	-8.72456	-8.17384
BLOCK17/SES173/SA173S29	SES292	-1.32796	-9.50179	-8.17384
BLOCK18/SES182/SA182S10	SES144	-1.08608	-8.20712	-7.12104
BLOCK18/SES182/SA182S10	SES177	-1.31238	-8.43342	-7.12104
BLOCK18/SES182/SA182S10	SES180	-2.7141	-9.83515	-7.12104
BLOCK18/SES182/SA182S10	SES275	-0.633392	-7.75443	-7.12104
BLOCK18/SES182/SA182S12	SES144	-0.911774	-7.65231	-6.74053
BLOCK18/SES182/SA182S12	SES177	-0.861722	-7.60226	-6.74053
BLOCK18/SES182/SA182S12	SES180	-2.29727	-9.0378	-6.74053
BLOCK18/SES182/SA182S12	SES275	-0.752581	-7.49311	-6.74053
BLOCK18/SES182/SA182S21	SES117	-1.76507	-10.1252	-8.3601
BLOCK18/SES182/SA182S21	SES144	-1.04779	-9.40789	-8.3601
BLOCK18/SES182/SA182S21	SES162	-1.24159	-9.60169	-8.3601
BLOCK18/SES182/SA182S21	SES180	-2.75067	-11.1108	-8.3601
BLOCK18/SES182/SA182S23	SES117	-1.70004	-10.2962	-8.59616
BLOCK18/SES182/SA182S23	SES144	-1.77112	-10.3673	-8.59616
BLOCK18/SES182/SA182S23	SES180	-4.28564	-12.8818	-8.59616
BLOCK18/SES182/SA182S23	SES275	-1.56458	-10.1607	-8.59616
BLOCK18/SES182/SA182S25	SES007	-0.0209255	-7.77988	-7.75895
BLOCK18/SES182/SA182S25	SES162	-1.22272	-8.98167	-7.75895
BLOCK18/SES182/SA182S25	SES177	-1.07845	-8.8374	-7.75895
BLOCK18/SES182/SA182S25	SES180	-2.42665	-10.1856	-7.75895
BLOCK18/SES184/SA184S12	SES177	-1.64305	-8.80661	-7.16356
BLOCK18/SES184/SA184S12	SES180	-0.457575	-7.62113	-7.16356
BLOCK18/SES184/SA184S12	SES189	-1.55106	-8.71462	-7.16356
BLOCK18/SES184/SA184S12	SES292	-0.254242	-7.4178	-7.16356
BLOCK18/SES184/SA184S13	SES101	-0.834441	-8.39133	-7.55688
BLOCK18/SES184/SA184S13	SES177	-0.862286	-8.41917	-7.55688
BLOCK18/SES184/SA184S13	SES180	-0.880733	-8.43762	-7.55688
BLOCK18/SES184/SA184S13	SES292	-0.883633	-8.44052	-7.55688
BLOCK18/SES184/SA184S22	SES177	-1.40511	-9.08202	-7.6769
BLOCK18/SES184/SA184S22	SES180	-0.323048	-7.99995	-7.6769
BLOCK18/SES184/SA184S22	SES189	-1.18348	-8.86038	-7.6769
BLOCK18/SES184/SA184S22	SES292	-0.693992	-8.3709	-7.6769
BLOCK18/SES184/SA184S25	SES101	-0.871024	-8.28011	-7.40909
BLOCK18/SES184/SA184S25	SES177	-1.17432	-8.58341	-7.40909
BLOCK18/SES184/SA184S25	SES180	-0.191109	-7.6002	-7.40909
BLOCK18/SES184/SA184S25	SES292	-0.563839	-7.97293	-7.40909
BLOCK18/SES184/SA184S27	SES083	-0.969868	-8.41385	-7.44398
BLOCK18/SES184/SA184S27	SES177	-0.613531	-8.05751	-7.44398
BLOCK18/SES184/SA184S27	SES202	-0.728465	-8.17245	-7.44398
BLOCK18/SES184/SA184S27	SES292	-0.943169	-8.38715	-7.44398
BLOCK20/SES204/SA204S12	SES062	-0.809282	-7.87394	-7.06466
BLOCK20/SES204/SA204S12	SES083	-2.09114	-9.15579	-7.06466
BLOCK20/SES204/SA204S12	SES206	-0.624349	-7.68901	-7.06466
BLOCK20/SES204/SA204S12	SES226	-0.861162	-7.92582	-7.06466
BLOCK20/SES204/SA204S14	SES068	-0.119652	-6.57286	-6.45321
BLOCK20/SES204/SA204S14	SES087	0.218684	-6.23453	-6.45321
BLOCK20/SES204/SA204S14	SES206	-0.753376	-7.20659	-6.45321
BLOCK20/SES204/SA204S14	SES226	-0.946054	-7.39926	-6.45321
BLOCK20/SES204/SA204S22	SES068	-0.405657	-7.42956	-7.0239
BLOCK20/SES204/SA204S22	SES082	-0.847723	-7.87162	-7.0239
BLOCK20/SES204/SA204S22	SES083	-2.61572	-9.63962	-7.0239
BLOCK20/SES204/SA204S22	SES206	-0.485197	-7.5091	-7.0239
BLOCK20/SES204/SA204S25	SES062	-0.628771	-7.4984	-6.86963
BLOCK20/SES204/SA204S25	SES083	-2.26392	-9.13355	-6.86963
BLOCK20/SES204/SA204S25	SES206	-0.182955	-7.05259	-6.86963
BLOCK20/SES204/SA204S25	SES226	-0.772205	-7.64184	-6.86963
BLOCK20/SES204/SA204S27	SES068	-0.117956	-8.02768	-7.90973
BLOCK20/SES204/SA204S27	SES082	-1.39532	-9.30505	-7.90973
BLOCK20/SES204/SA204S27	SES087	0.312046	-7.59768	-7.90973
BLOCK20/SES204/SA204S27	SES206	-1.56097	-9.47069	-7.90973
BLOCK20/SES207/SA207S10	SES127	-1.9256	-9.23441	-7.3088
BLOCK20/SES207/SA207S10	SES183	-1.22832	-8.53713	-7.3088
BLOCK20/SES207/SA207S10	SES189	-0.589632	-7.89844	-7.3088
BLOCK20/SES207/SA207S10	SES292	-1.21676	-8.52557	-7.3088
BLOCK20/SES207/SA207S11	SES127	-1.58404	-10.0336	-8.44961
BLOCK20/SES207/SA207S11	SES183	-1.50902	-9.95863	-8.44961
BLOCK20/SES207/SA207S11	SES187	-0.932316	-9.38192	-8.44961
BLOCK20/SES207/SA207S11	SES292	-0.445077	-8.89468	-8.44961
BLOCK20/SES207/SA207S25	SES068	-1.13209	-9.36235	-8.23026
BLOCK20/SES207/SA207S25	SES083	-1.73916	-9.96942	-8.23026
BLOCK20/SES207/SA207S25	SES127	-0.725471	-8.95573	-8.23026
BLOCK20/SES207/SA207S25	SES187	-0.95675	-9.18701	-8.23026
BLOCK20/SES207/SA207S27	SES127	-1.90413	-10.0754	-8.17123
BLOCK20/SES207/SA207S27	SES183	-1.21429	-9.38552	-8.17123
BLOCK20/SES207/SA207S27	SES187	-0.687533	-8.85876	-8.17123
BLOCK20/SES207/SA207S27	SES292	-1.41165	-9.58288	-8.17123
BLOCK20/SES207/SA207S29	SES083	-2.57195	-10.127	-7.55504
BLOCK20/SES207/SA207S29	SES085	-1.44028	-8.99532	-7.55504
BLOCK20/SES207/SA207S29	SES172	-0.520523	-8.07556	-7.55504
BLOCK20/SES207/SA207S29	SES189	-2.1358	-9.69084	-7.55504
BLOCK22/SES221/SA221S12	SES068	-0.0599604	-6.75447	-6.69451
BLOCK22/SES221/SA221S12	SES143	-1.28909	-7.9836	-6.69451
BLOCK22/SES221/SA221S12	SES175	-0.26175	-6.95626	-6.69451
BLOCK22/SES221/SA221S12	SES202	-0.453193	-7.1477	-6.69451
BLOCK22/SES221/SA221S15	SES085	-0.124064	-7.20805	-7.08399
BLOCK22/SES221/SA221S15	SES143	-1.12355	-8.20754	-7.08399
BLOCK22/SES221/SA221S15	SES175	-0.528039	-7.61203	-7.08399
BLOCK22/SES221/SA221S15	SES187	-0.883455	-7.96744	-7.08399
BLOCK22/SES221/SA221S23	SES068	0.23451	-6.68393	-6.91844
BLOCK22/SES221/SA221S23	SES143	-1.46176	-8.3802	-6.91844
BLOCK22/SES221/SA221S23	SES175	-0.831689	-7.75013	-6.91844
BLOCK22/SES221/SA221S23	SES189	-1.44975	-8.36819	-6.91844
BLOCK22/SES221/SA221S27	SES085	0.518827	-6.94803	-7.46686
BLOCK22/SES221/SA221S27	SES143	-1.12107	-8.58793	-7.46686
BLOCK22/SES221/SA221S27	SES175	-0.924479	-8.39134	-7.46686
BLOCK22/SES221/SA221S27	SES189	-0.916806	-8.38367	-7.46686
BLOCK22/SES221/SA221S29	SES085	-0.0239902	-6.9244	-6.90041
BLOCK22/SES221/SA221S29	SES143	-0.942474	-7.84289	-6.90041
BLOCK22/SES221/SA221S29	SES175	-0.461503	-7.36192	-6.90041
BLOCK22/SES221/SA221S29	SES187	-1.13575	-8.03616	-6.90041
BLOCK22/SES223/SA223S11	SES143	-0.97605	-8.63178	-7.65573
BLOCK22/SES223/SA223S11	SES144	-1.9265	-9.58223	-7.65573
BLOCK22/SES223/SA223S11	SES175	-0.54407	-8.1998	-7.65573
BLOCK22/SES223/SA223S11	SES187	-1.36895	-9.02467	-7.65573
BLOCK22/SES223/SA223S13	SES068	0.158655	-7.3758	-7.53446
BLOCK22/SES223/SA223S13	SES143	-1.41726	-8.95172	-7.53446
BLOCK22/SES223/SA223S13	SES146	-1.04755	-8.58201	-7.53446
BLOCK22/SES223/SA223S13	SES202	-1.05512	-8.58957	-7.53446
BLOCK22/SES223/SA223S22	SES143	-0.469476	-7.83863	-7.36916
BLOCK22/SES223/SA223S22	SES144	-1.73837	-9.10752	-7.36916
BLOCK22/SES223/SA223S22	SES175	-0.461282	-7.83044	-7.36916
BLOCK22/SES223/SA223S22	SES187	-1.2433	-8.61246	-7.36916
BLOCK22/SES223/SA223S25	SES068	-0.608957	-7.98439	-7.37544
BLOCK22/SES223/SA223S25	SES143	-1.19246	-8.5679	-7.37544
BLOCK22/SES223/SA223S25	SES175	-0.875601	-8.25104	-7.37544
BLOCK22/SES223/SA223S25	SES187	-1.53437	-8.9098	-7.37544
BLOCK22/SES223/SA223S27	SES143	-0.228329	-8.33996	-8.11163
BLOCK22/SES223/SA223S27	SES146	-1.74676	-9.85839	-8.11163
BLOCK22/SES223/SA223S27	SES187	-1.31329	-9.42492	-8.11163
BLOCK22/SES223/SA223S27	SES292	-0.269427	-8.38106	-8.11163
BLOCK27/SES273/SA273S12	SES099	-0.0900564	-7.44673	-7.35667
BLOCK27/SES273/SA273S12	SES104	0.191782	-7.16489	-7.35667
BLOCK27/SES273/SA273S12	SES125	-0.341939	-7.69861	-7.35667
BLOCK27/SES273/SA273S12	SES206	-0.176587	-7.53326	-7.35667
BLOCK27/SES273/SA273S13	SES099	-1.17122	-8.07142	-6.9002
BLOCK27/SES273/SA273S13	SES104	0.0672975	-6.8329	-6.9002
BLOCK27/SES273/SA273S13	SES206	-1.57429	-8.47449	-6.9002
BLOCK27/SES273/SA273S13	SES292	-0.75622	-7.65642	-6.9002
BLOCK27/SES273/SA273S21	SES099	-0.813408	-8.61007	-7.79666
BLOCK27/SES273/SA273S21	SES148	-1.7878	-9.58446	-7.79666
BLOCK27/SES273/SA273S21	SES149	-1.47463	-9.27129	-7.79666
BLOCK27/SES273/SA273S21	SES177	-1.8286	-9.62526	-7.79666
BLOCK27/SES273/SA273S25	SES104	-0.0473299	-8.12713	-8.0798
BLOCK27/SES273/SA273S25	SES125	-1.15059	-9.23038	-8.0798
BLOCK27/SES273/SA273S25	SES158	0.142403	-7.93739	-8.0798
BLOCK27/SES273/SA273S25	SES206	-0.342922	-8.42272	-8.0798
BLOCK27/SES273/SA273S27	SES099	-0.417575	-6.90109	-6.48351
BLOCK27/SES273/SA273S27	SES104	-0.360895	-6.84441	-6.48351
BLOCK27/SES273/SA273S27	SES149	-0.900968	-7.38448	-6.48351
BLOCK27/SES273/SA273S27	SES275	-0.985281	-7.46879	-6.48351
BLOCK27/SES274/SA274S10	SES105	-1.6194	-8.17303	-6.55362
BLOCK27/SES274/SA274S10	SES125	-1.47753	-8.03115	-6.55362
BLOCK27/SES274/SA274S10	SES129	-0.138973	-6.69259	-6.55362
BLOCK27/SES274/SA274S10	SES158	-3.63489	-10.1885	-6.55362
BLOCK27/SES274/SA274S11	SES105	-1.04046	-7.54312	-6.50266
BLOCK27/SES274/SA274S11	SES149	-0.674232	-7.17689	-6.50266
BLOCK27/SES274/SA274S11	SES158	-1.28843	-7.79109	-6.50266
BLOCK27/SES274/SA274S11	SES275	-0.0971351	-6.5998	-6.50266
BLOCK27/SES274/SA274S21	SES105	-1.15203	-7.93907	-6.78703
BLOCK27/SES274/SA274S21	SES129	0.0632792	-6.72375	-6.78703
BLOCK27/SES274/SA274S21	SES149	-1.67028	-8.45731	-6.78703
BLOCK27/SES274/SA274S21	SES158	-3.33243	-10.1195	-6.78703
BLOCK27/SES274/SA274S24	SES105	-1.59939	-9.18742	-7.58802
BLOCK27/SES274/SA274S24	SES129	0.247413	-7.34061	-7.58802
BLOCK27/SES274/SA274S24	SES149	-2.4543	-10.0423	-7.58802
BLOCK27/SES274/SA274S24	SES158	-4.94817	-12.5362	-7.58802
BLOCK27/SES274/SA274S29	SES105	-1.32807	-8.39962	-7.07154
BLOCK27/SES274/SA274S29	SES106	-1.64876	-8.72031	-7.07154
BLOCK27/SES274/SA274S29	SES120	-0.914851	-7.98639	-7.07154
BLOCK27/SES274/SA274S29	SES275	-0.615803	-7.68735	-7.07154
BLOCK27/SES276/SA276S16	SES148	-0.4344	-7.37692	-6.94252
BLOCK27/SES276/SA276S16	SES172	0.203659	-6.73886	-6.94252
BLOCK27/SES276/SA276S16	SES180	-0.664273	-7.60679	-6.94252
BLOCK27/SES276/SA276S16	SES292	-0.55734	-7.49986	-6.94252
BLOCK27/SES276/SA276S17	SES101	-1.05809	-8.56388	-7.50579
BLOCK27/SES276/SA276S17	SES177	-1.29793	-8.80371	-7.50579
BLOCK27/SES276/SA276S17	SES180	-1.35213	-8.85792	-7.50579
BLOCK27/SES276/SA276S17	SES292	-0.931204	-8.43699	-7.50579
BLOCK27/SES276/SA276S24	SES101	-0.487395	-7.00104	-6.51364
BLOCK27/SES276/SA276S24	SES177	-0.788812	-7.30245	-6.51364
BLOCK27/SES276/SA276S24	SES180	-1.09994	-7.61358	-6.51364
BLOCK27/SES276/SA276S24	SES292	-1.13189	-7.64553	-6.51364
BLOCK27/SES276/SA276S26	SES101	-0.564841	-7.4095	-6.84466
BLOCK27/SES276/SA276S26	SES177	-0.670838	-7.5155	-6.84466
BLOCK27/SES276/SA276S26	SES180	-0.640461	-7.48512	-6.84466
BLOCK27/SES276/SA276S26	SES292	-0.0969357	-6.9416	-6.84466
BLOCK27/SES276/SA276S28	SES101	-0.477736	-7.34608	-6.86835
BLOCK27/SES276/SA276S28	SES177	-0.894233	-7.76258	-6.86835
BLOCK27/SES276/SA276S28	SES180	-0.245365	-7.11371	-6.86835
BLOCK27/SES276/SA276S28	SES292	-0.347869	-7.21622	-6.86835
BLOCK27/SES277/SA277S12	SES101	-0.0826292	-8.72118	-8.63855
BLOCK27/SES277/SA277S12	SES177	-1.73708	-10.3756	-8.63855
BLOCK27/SES277/SA277S12	SES180	-1.66127	-10.2998	-8.63855
BLOCK27/SES277/SA277S12	SES292	-1.18706	-9.82561	-8.63855
BLOCK27/SES277/SA277S14	SES177	-0.861839	-9.59165	-8.72981
BLOCK27/SES277/SA277S14	SES180	-1.67526	-10.4051	-8.72981
BLOCK27/SES277/SA277S14	SES189	0.120084	-8.60972	-8.72981
BLOCK27/SES277/SA277S14	SES292	-1.81438	-10.5442	-8.72981
BLOCK27/SES277/SA277S21	SES177	-0.2764	-9.02975	-8.75335
BLOCK27/SES277/SA277S21	SES180	-0.853601	-9.60695	-8.75335
BLOCK27/SES277/SA277S21	SES189	0.316355	-8.43699	-8.75335
BLOCK27/SES277/SA277S21	SES292	-2.36693	-11.1203	-8.75335
BLOCK27/SES277/SA277S24	SES144	-0.335344	-9.25019	-8.91485
BLOCK27/SES277/SA277S24	SES177	-0.740927	-9.65578	-8.91485
BLOCK27/SES277/SA277S24	SES180	-2.4279	-11.3428	-8.91485
BLOCK27/SES277/SA277S24	SES189	0.329166	-8.58568	-8.91485
BLOCK27/SES277/SA277S29	SES177	-0.690061	-6.96693	-6.27687
BLOCK27/SES277/SA277S29	SES180	-0.618273	-6.89515	-6.27687
BLOCK27/SES277/SA277S29	SES202	-0.316037	-6.59291	-6.27687
BLOCK27/SES277/SA277S29	SES292	-1.36325	-7.64012	-6.27687
BLOCK27/SES279/SA279S09	SES120	-1.0153	-7.68546	-6.67016
BLOCK27/SES279/SA279S09	SES146	-1.18327	-7.85343	-6.67016
BLOCK27/SES279/SA279S09	SES206	-0.535805	-7.20597	-6.67016
BLOCK27/SES279/SA279S09	SES226	-0.988413	-7.65858	-6.67016
BLOCK27/SES279/SA279S10	SES099	-1.00139	-8.35454	-7.35315
BLOCK27/SES279/SA279S10	SES206	-1.57741	-8.93056	-7.35315
BLOCK27/SES279/SA279S10	SES226	-1.77895	-9.1321	-7.35315
BLOCK27/SES279/SA279S10	SES292	-0.328222	-7.68137	-7.35315
BLOCK27/SES279/SA279S20	SES099	-1.40207	-9.03708	-7.635
BLOCK27/SES279/SA279S20	SES206	-0.317184	-7.95219	-7.635
BLOCK27/SES279/SA279S20	SES226	-2.20508	-9.84009	-7.635
BLOCK27/SES279/SA279S20	SES292	-0.216184	-7.85119	-7.635
BLOCK27/SES279/SA279S26	SES099	-0.614861	-8.69741	-8.08255
BLOCK27/SES279/SA279S26	SES206	-0.750731	-8.83328	-8.08255
BLOCK27/SES279/SA279S26	SES226	-1.71087	-9.79342	-8.08255
BLOCK27/SES279/SA279S26	SES292	0.361081	-7.72147	-8.08255
BLOCK27/SES279/SA279S28	SES099	-0.427703	-7.19796	-6.77026
BLOCK27/SES279/SA279S28	SES120	-0.408676	-7.17893	-6.77026
BLOCK27/SES279/SA279S28	SES177	-1.6566	-8.42685	-6.77026
BLOCK27/SES279/SA279S28	SES206	-0.664274	-7.43453	-6.77026
BLOCK29/SES290/SA290S12	SES162	-0.0118012	-5.81949	-5.80769
BLOCK29/SES290/SA290S12	SES177	-0.239751	-6.04744	-5.80769
BLOCK29/SES290/SA290S12	SES180	-0.527975	-6.33567	-5.80769
BLOCK29/SES290/SA290S12	SES292	-0.964035	-6.77173	-5.80769
BLOCK29/SES290/SA290S13	SES007	-0.181155	-6.50651	-6.32535
BLOCK29/SES290/SA290S13	SES162	-1.43766	-7.76301	-6.32535
BLOCK29/SES290/SA290S13	SES177	-0.792563	-7.11791	-6.32535
BLOCK29/SES290/SA290S13	SES180	-0.58903	-6.91438	-6.32535
BLOCK29/SES290/SA290S22	SES177	-0.809418	-7.41455	-6.60514
BLOCK29/SES290/SA290S22	SES180	-0.526346	-7.13148	-6.60514
BLOCK29/SES290/SA290S22	SES202	-0.58505	-7.19019	-6.60514
BLOCK29/SES290/SA290S22	SES292	-0.575277	-7.18041	-6.60514
BLOCK29/SES290/SA290S25	SES162	-0.372233	-6.82202	-6.44979
BLOCK29/SES290/SA290S25	SES177	-0.576954	-7.02674	-6.44979
BLOCK29/SES290/SA290S25	SES180	-1.02693	-7.47671	-6.44979
BLOCK29/SES290/SA290S25	SES292	-0.524492	-6.97428	-6.44979
BLOCK29/SES290/SA290S29	SES177	-0.369803	-6.58205	-6.21225
BLOCK29/SES290/SA290S29	SES180	-0.0519662	-6.26421	-6.21225
BLOCK29/SES290/SA290S29	SES275	-0.624202	-6.83645	-6.21225
BLOCK29/SES290/SA290S29	SES292	-0.40534	-6.61759	-6.21225
BLOCK29/SES291/SA291S11	SES105	-1.55196	-9.64455	-8.09259
BLOCK29/SES291/SA291S11	SES125	-0.970507	-9.06309	-8.09259
BLOCK29/SES291/SA291S11	SES158	-0.208047	-8.30063	-8.09259
BLOCK29/SES291/SA291S11	SES275	-0.782458	-8.87504	-8.09259
BLOCK29/SES291/SA291S12	SES158	0.447602	-6.9676	-7.4152
BLOCK29/SES291/SA291S12	SES226	-0.827752	-8.24295	-7.4152
BLOCK29/SES291/SA291S12	SES270	-0.674422	-8.08962	-7.4152
BLOCK29/SES291/SA291S12	SES275	-2.18903	-9.60423	-7.4152
BLOCK29/SES291/SA291S22	SES082	-0.556076	-8.23121	-7.67514
BLOCK29/SES291/SA291S22	SES158	-0.0945621	-7.7697	-7.67514
BLOCK29/SES291/SA291S22	SES259	-0.662163	-8.3373	-7.67514
BLOCK29/SES291/SA291S22	SES275	-1.41116	-9.0863	-7.67514
BLOCK29/SES291/SA291S24	SES104	0.534952	-6.6914	-7.22635
BLOCK29/SES291/SA291S24	SES125	-0.24614	-7.47249	-7.22635
BLOCK29/SES291/SA291S24	SES158	-0.0401397	-7.26649	-7.22635
BLOCK29/SES291/SA291S24	SES275	-1.23025	-8.4566	-7.22635
BLOCK29/SES291/SA291S27	SES158	0.163656	-7.0582	-7.22185
BLOCK29/SES291/SA291S27	SES172	-2.03279	-9.25464	-7.22185
BLOCK29/SES291/SA291S27	SES275	-1.43247	-8.65432	-7.22185
BLOCK29/SES291/SA291S27	SES292	-0.102454	-7.32431	-7.22185
