BLOCK00/SES002/SA002S12	SES002	1.59977	-42.1903	-43.79
BLOCK00/SES002/SA002S13	SES002	2.41237	-41.5415	-43.9538
BLOCK00/SES002/SA002S23	SES002	1.58238	-41.7866	-43.369
BLOCK00/SES002/SA002S26	SES002	2.32599	-41.4682	-43.7942
BLOCK00/SES002/SA002S28	SES002	1.40517	-42.0792	-43.4844
BLOCK00/SES007/SA007S14	SES007	1.13191	-41.174	-42.3059
BLOCK00/SES007/SA007S15	SES007	0.87648	-42.224	-43.1005
BLOCK00/SES007/SA007S24	SES007	0.856079	-42.1189	-42.975
BLOCK00/SES007/SA007S27	SES007	0.608379	-43.1307	-43.7391
BLOCK00/SES007/SA007S29	SES007	0.396103	-41.9941	-42.3902
BLOCK00/SES008/SA008S11	SES008	1.72887	-41.9642	-43.6931
BLOCK00/SES008/SA008S12	SES008	0.874775	-42.6771	-43.5519
BLOCK00/SES008/SA008S19	SES008	1.74704	-41.2896	-43.0366
BLOCK00/SES008/SA008S22	SES008	1.13996	-42.8103	-43.9502
BLOCK00/SES008/SA008S29	SES008	1.65809	-41.6177	-43.2758
BLOCK01/SES014/SA014S10	SES014	2.61196	-41.2853	-43.8972
BLOCK01/SES014/SA014S12	SES014	2.88737	-39.7326	-42.62
BLOCK01/SES014/SA014S24	SES014	1.85403	-41.5919	-43.4459
BLOCK01/SES014/SA014S26	SES014	2.24572	-39.8369	-42.0826
BLOCK01/SES014/SA014S28	SES014	3.08477	-39.733	-42.8177
BLOCK01/SES016/SA016S12	SES016	1.71483	-42.9317	-44.6466
BLOCK01/SES016/SA016S13	SES016	1.7491	-41.833	-43.5821
BLOCK01/SES016/SA016S22	SES016	0.430862	-42.9866	-43.4175
BLOCK01/SES016/SA016S25	SES016	1.49235	-40.5169	-42.0092
BLOCK01/SES016/SA016S27	SES016	1.91809	-40.6693	-42.5874
BLOCK01/SES019/SA019S13	SES019	3.06556	-42.25	-45.3155
BLOCK01/SES019/SA019S14	SES019	2.11184	-42.5375	-44.6493
BLOCK01/SES019/SA019S22	SES019	2.97086	-41.7273	-44.6982
BLOCK01/SES019/SA019S25	SES019	3.05542	-42.1066	-45.162
BLOCK01/SES019/SA019S29	SES019	3.58732	-42.1272	-45.7146
BLOCK02/SES029/SA029S11	SES029	1.70344	-41.501	-43.2045
BLOCK02/SES029/SA029S12	SES029	0.895607	-42.0035	-42.8991
BLOCK02/SES029/SA029S20	SES029	0.631081	-43.2218	-43.8528
BLOCK02/SES029/SA029S25	SES029	0.910759	-41.775	-42.6857
BLOCK02/SES029/SA029S28	SES029	0.734718	-42.4707	-43.2054
BLOCK04/SES042/SA042S12	SES042	2.58518	-40.8011	-43.3863
BLOCK04/SES042/SA042S15	SES042	2.63021	-41.1856	-43.8158
BLOCK04/SES042/SA042S22	SES042	3.44297	-39.7879	-43.2309
BLOCK04/SES042/SA042S25	SES042	2.24968	-42.3935	-44.6432
BLOCK04/SES042/SA042S27	SES042	2.15458	-41.2292	-43.3838
BLOCK04/SES048/SA048S11	SES048	1.36314	-41.8943	-43.2574
BLOCK04/SES048/SA048S12	SES048	0.601173	-42.5487	-43.1499
BLOCK04/SES048/SA048S20	SES048	0.61097	-42.2515	-42.8625
BLOCK04/SES048/SA048S23	SES048	1.43003	-42.4684	-43.8984
BLOCK04/SES048/SA048S27	SES048	0.797771	-41.6268	-42.4246
BLOCK06/SES060/SA060S11	SES060	1.96947	-41.4213	-43.3908
BLOCK06/SES060/SA060S12	SES060	-0.595768	-43.4734	-42.8777
BLOCK06/SES060/SA060S22	SES060	0.0471878	-43.6688	-43.716
BLOCK06/SES060/SA060S24	SES060	1.21212	-41.8168	-43.029
BLOCK06/SES060/SA060S28	SES060	1.25452	-40.5235	-41.778
BLOCK06/SES062/SA062S10	SES062	0.701897	-41.9891	-42.6909
BLOCK06/SES062/SA062S11	SES062	1.62056	-41.3251	-42.9457
BLOCK06/SES062/SA062S21	SES062	2.03461	-39.6447	-41.6793
BLOCK06/SES062/SA062S26	SES062	1.10875	-40.9148	-42.0235
BLOCK06/SES062/SA062S29	SES062	1.32608	-40.719	-42.0451
BLOCK06/SES068/SA068S14	SES068	0.832092	-42.251	-43.0831
BLOCK06/SES068/SA068S15	SES068	1.21707	-41.243	-42.4601
BLOCK06/SES068/SA068S23	SES068	0.977589	-42.4372	-43.4148
BLOCK06/SES068/SA068S27	SES068	1.71675	-40.8965	-42.6133
BLOCK06/SES068/SA068S29	SES068	1.19746	-41.691	-42.8884
BLOCK08/SES082/SA082S12	SES082	1.35466	-43.4044	-44.759
BLOCK08/SES082/SA082S14	SES082	0.875511	-43.7642	-44.6397
BLOCK08/SES082/SA082S21	SES082	0.709824	-43.1645	-43.8743
BLOCK08/SES082/SA082S24	SES082	1.03498	-43.0713	-44.1063
BLOCK08/SES082/SA082S28	SES082	0.835236	-43.1517	-43.9869
BLOCK08/SES083/SA083S14	SES083	-0.463261	-43.0643	-42.601
BLOCK08/SES083/SA083S15	SES083	-0.139095	-42.7586	-42.6195
BLOCK08/SES083/SA083S24	SES083	0.407146	-42.6367	-43.0439
BLOCK08/SES083/SA083S26	SES083	1.05662	-41.9304	-42.987
BLOCK08/SES083/SA083S29	SES083	-0.0259895	-42.5397	-42.5137
BLOCK08/SES085/SA085S10	SES085	0.365452	-42.5876	-42.953
BLOCK08/SES085/SA085S13	SES085	1.00537	-42.4581	-43.4635
BLOCK08/SES085/SA085S22	SES085	-0.797333	-43.72	-42.9227
BLOCK08/SES085/SA085S26	SES085	-0.193264	-43.0687	-42.8755
BLOCK08/SES085/SA085S28	SES085	1.15596	-41.7368	-42.8928
BLOCK08/SES087/SA087S15	SES087	1.86803	-42.3941	-44.2621
BLOCK08/SES087/SA087S16	SES087	2.17639	-41.9676	-44.144
BLOCK08/SES087/SA087S24	SES087	2.09062	-42.1223	-44.2129
BLOCK08/SES087/SA087S26	SES087	1.64272	-41.0772	-42.7199
BLOCK08/SES087/SA087S29	SES087	2.25413	-41.8191	-44.0733
BLOCK09/SES099/SA099S15	SES099	1.71625	-42.7195	-44.4357
BLOCK09/SES099/SA099S16	SES099	1.53964	-42.5258	-44.0655
BLOCK09/SES099/SA099S24	SES099	2.00137	-41.7689	-43.7702
BLOCK09/SES099/SA099S26	SES099	1.74642	-42.0088	-43.7553
BLOCK09/SES099/SA099S29	SES099	1.7647	-41.9614	-43.7261
BLOCK10/SES101/SA101S11	SES101	0.634109	-41.9921	-42.6262
BLOCK10/SES101/SA101S13	SES101	1.11578	-41.435	-42.5508
BLOCK10/SES101/SA101S22	SES101	1.43644	-42.2248	-43.6613
BLOCK10/SES101/SA101S24	SES101	1.41404	-41.73	-43.144
BLOCK10/SES101/SA101S28	SES101	0.386097	-43.0037	-43.3898
BLOCK10/SES104/SA104S11	SES104	1.7516	-41.0404	-42.792
BLOCK10/SES104/SA104S12	SES104	1.88259	-41.1439	-43.0265
BLOCK10/SES104/SA104S21	SES104	1.12546	-42.2803	-43.4057
BLOCK10/SES104/SA104S24	SES104	1.04993	-42.6402	-43.6902
BLOCK10/SES104/SA104S28	SES104	1.32795	-42.3794	-43.7073
BLOCK10/SES105/SA105S12	SES105	0.972622	-43.1853	-44.1579
BLOCK10/SES105/SA105S13	SES105	1.1158	-42.7712	-43.887
BLOCK10/SES105/SA105S22	SES105	0.360741	-44.0704	-44.4312
BLOCK10/SES105/SA105S26	SES105	1.4056	-42.6065	-44.0121
BLOCK10/SES105/SA105S29	SES105	1.21744	-42.3821	-43.5995
BLOCK10/SES106/SA106S09	SES106	1.08385	-43.8738	-44.9576
BLOCK10/SES106/SA106S11	SES106	1.61768	-41.6954	-43.3131
BLOCK10/SES106/SA106S22	SES106	2.60244	-42.1569	-44.7593
BLOCK10/SES106/SA106S27	SES106	1.5503	-42.1768	-43.7271
BLOCK10/SES106/SA106S29	SES106	0.825668	-42.6425	-43.4681
BLOCK11/SES117/SA117S12	SES117	0.933727	-42.5022	-43.436
BLOCK11/SES117/SA117S13	SES117	0.651051	-42.5059	-43.157
BLOCK11/SES117/SA117S23	SES117	1.62231	-43.071	-44.6933
BLOCK11/SES117/SA117S25	SES117	1.03214	-43.1601	-44.1923
BLOCK11/SES117/SA117S28	SES117	1.27511	-43.0194	-44.2946
BLOCK12/SES120/SA120S08	SES120	1.35316	-43.5233	-44.8765
BLOCK12/SES120/SA120S11	SES120	1.0353	-44.7272	-45.7625
BLOCK12/SES120/SA120S22	SES120	0.493095	-42.9619	-43.455
BLOCK12/SES120/SA120S24	SES120	0.65815	-43.3391	-43.9972
BLOCK12/SES120/SA120S28	SES120	0.575897	-44.5689	-45.1448
BLOCK12/SES125/SA125S13	SES125	2.18551	-41.263	-43.4485
BLOCK12/SES125/SA125S14	SES125	1.43351	-42.2619	-43.6954
BLOCK12/SES125/SA125S25	SES125	2.31306	-41.3856	-43.6987
BLOCK12/SES125/SA125S27	SES125	2.41043	-40.7888	-43.1992
BLOCK12/SES125/SA125S29	SES125	1.70117	-41.6023	-43.3035
BLOCK12/SES127/SA127S11	SES127	0.768333	-42.8419	-43.6102
BLOCK12/SES127/SA127S12	SES127	-0.483303	-43.189	-42.7057
BLOCK12/SES127/SA127S23	SES127	0.358932	-42.9622	-43.3211
BLOCK12/SES127/SA127S25	SES127	-0.250813	-43.4277	-43.1769
BLOCK12/SES127/SA127S27	SES127	0.686184	-42.1549	-42.8411
BLOCK12/SES129/SA129S11	SES129	1.59427	-41.1368	-42.7311
BLOCK12/SES129/SA129S12	SES129	1.3592	-41.2817	-42.6409
BLOCK12/SES129/SA129S22	SES129	1.11431	-41.7037	-42.8181
BLOCK12/SES129/SA129S27	SES129	1.48582	-41.2368	-42.7227
BLOCK12/SES129/SA129S29	SES129	1.51917	-41.2811	-42.8003
BLOCK14/SES142/SA142S11	SES142	1.46515	-42.282	-43.7472
BLOCK14/SES142/SA142S12	SES142	1.18847	-42.6892	-43.8777
BLOCK14/SES142/SA142S24	SES142	1.59771	-41.9871	-43.5848
BLOCK14/SES142/SA142S27	SES142	1.9136	-41.8083	-43.7219
BLOCK14/SES142/SA142S29	SES142	1.85247	-41.1675	-43.02
BLOCK14/SES143/SA143S12	SES143	1.01945	-42.6484	-43.6679
BLOCK14/SES143/SA143S13	SES143	0.941334	-42.7915	-43.7329
BLOCK14/SES143/SA143S23	SES143	1.13383	-42.7629	-43.8967
BLOCK14/SES143/SA143S25	SES143	0.826519	-42.7681	-43.5946
BLOCK14/SES143/SA143S28	SES143	0.989841	-41.9987	-42.9886
BLOCK14/SES144/SA144S09	SES144	0.982594	-42.4345	-43.4171
BLOCK14/SES144/SA144S11	SES144	0.812607	-43.504	-44.3166
BLOCK14/SES144/SA144S21	SES144	0.22776	-43.207	-43.4347
BLOCK14/SES144/SA144S25	SES144	0.794395	-43.056	-43.8504
BLOCK14/SES144/SA144S29	SES144	0.25341	-43.0792	-43.3326
BLOCK14/SES146/SA146S14	SES146	0.656006	-43.6233	-44.2794
BLOCK14/SES146/SA146S15	SES146	0.162266	-43.4422	-43.6045
BLOCK14/SES146/SA146S24	SES146	0.480694	-43.3147	-43.7954
BLOCK14/SES146/SA146S26	SES146	1.17093	-43.2828	-44.4538
BLOCK14/SES146/SA146S29	SES146	0.512402	-44.1753	-44.6877
BLOCK14/SES147/SA147S11	SES147	1.55786	-42.654	-44.2119
BLOCK14/SES147/SA147S13	SES147	2.02245	-41.4708	-43.4933
BLOCK14/SES147/SA147S23	SES147	1.45238	-42.8617	-44.3141
BLOCK14/SES147/SA147S26	SES147	1.31208	-42.7142	-44.0263
BLOCK14/SES147/SA147S28	SES147	2.1918	-42.1661	-44.3579
BLOCK14/SES148/SA148S10	SES148	1.31478	-41.8478	-43.1626
BLOCK14/SES148/SA148S12	SES148	0.848213	-42.9196	-43.7678
BLOCK14/SES148/SA148S22	SES148	1.0819	-41.3993	-42.4812
BLOCK14/SES148/SA148S26	SES148	0.64904	-42.3116	-42.9607
BLOCK14/SES148/SA148S29	SES148	0.600403	-42.9237	-43.5241
BLOCK14/SES149/SA149S13	SES149	0.611374	-42.8073	-43.4186
BLOCK14/SES149/SA149S14	SES149	0.537373	-42.3067	-42.8441
BLOCK14/SES149/SA149S24	SES149	1.45461	-42.2441	-43.6987
BLOCK14/SES149/SA149S26	SES149	1.73157	-41.8557	-43.5872
BLOCK14/SES149/SA149S28	SES149	2.09391	-41.0815	-43.1754
BLOCK15/SES158/SA158S13	SES158	1.40462	-42.8889	-44.2936
BLOCK15/SES158/SA158S14	SES158	2.28385	-42.6661	-44.95
BLOCK15/SES158/SA158S23	SES158	1.35301	-42.3927	-43.7457
BLOCK15/SES158/SA158S26	SES158	2.03159	-42.3954	-44.427
BLOCK15/SES158/SA158S28	SES158	1.44459	-42.7857	-44.2303
BLOCK16/SES162/SA162S10	SES162	0.794884	-43.5121	-44.307
BLOCK16/SES162/SA162S11	SES162	0.766254	-42.6042	-43.3704
BLOCK16/SES162/SA162S21	SES162	1.66281	-42.1125	-43.7754
BLOCK16/SES162/SA162S24	SES162	1.07787	-42.7862	-43.8641
BLOCK16/SES162/SA162S27	SES162	1.48554	-42.7796	-44.2651
BLOCK16/SES167/SA167S14	SES167	1.3958	-41.1055	-42.5013
BLOCK16/SES167/SA167S15	SES167	1.51263	-41.7947	-43.3073
BLOCK16/SES167/SA167S21	SES167	1.61639	-41.0638	-42.6802
BLOCK16/SES167/SA167S25	SES167	1.70602	-41.8947	-43.6007
BLOCK16/SES167/SA167S29	SES167	2.20997	-40.5922	-42.8022
BLOCK17/SES172/SA172S12	SES172	1.49408	-42.1815	-43.6756
BLOCK17/SES172/SA172S13	SES172	1.60168	-42.2867	-43.8884
BLOCK17/SES172/SA172S23	SES172	1.17484	-40.9421	-42.1169
BLOCK17/SES172/SA172S27	SES172	1.15205	-42.2144	-43.3665
BLOCK17/SES172/SA172S29	SES172	1.7197	-41.8318	-43.5515
BLOCK17/SES175/SA175S11	SES175	1.28017	-42.0184	-43.2985
BLOCK17/SES175/SA175S13	SES175	1.23202	-41.9564	-43.1885
BLOCK17/SES175/SA175S23	SES175	1.43819	-42.4365	-43.8747
BLOCK17/SES175/SA175S25	SES175	0.711079	-43.9599	-44.6709
BLOCK17/SES175/SA175S28	SES175	1.23649	-41.8974	-43.1339
BLOCK17/SES177/SA177S15	SES177	-0.0154152	-43.0032	-42.9878
BLOCK17/SES177/SA177S17	SES177	0.17186	-42.908	-43.0799
BLOCK17/SES177/SA177S23	SES177	0.240479	-42.9947	-43.2351
BLOCK17/SES177/SA177S26	SES177	0.632355	-40.9936	-41.6259
BLOCK17/SES177/SA177S28	SES177	0.665749	-41.7272	-42.3929
BLOCK18/SES180/SA180S13	SES180	0.794231	-42.657	-43.4512
BLOCK18/SES180/SA180S15	SES180	0.565128	-42.9782	-43.5433
BLOCK18/SES180/SA180S24	SES180	1.15456	-41.2181	-42.3727
BLOCK18/SES180/SA180S26	SES180	0.85508	-42.2991	-43.1542
BLOCK18/SES180/SA180S29	SES180	0.998154	-42.675	-43.6732
BLOCK18/SES183/SA183S13	SES183	1.1073	-42.9969	-44.1042
BLOCK18/SES183/SA183S14	SES183	0.489517	-43.3554	-43.8449
BLOCK18/SES183/SA183S24	SES183	1.49408	-42.8739	-44.368
BLOCK18/SES183/SA183S27	SES183	1.36579	-42.6273	-43.9931
BLOCK18/SES183/SA183S29	SES183	1.12216	-42.3517	-43.4739
BLOCK18/SES187/SA187S13	SES187	0.724621	-43.3628	-44.0874
BLOCK18/SES187/SA187S14	SES187	0.926029	-43.0043	-43.9303
BLOCK18/SES187/SA187S24	SES187	1.07772	-42.5764	-43.6541
BLOCK18/SES187/SA187S27	SES187	1.62338	-41.962	-43.5854
BLOCK18/SES187/SA187S29	SES187	1.50676	-42.6108	-44.1176
BLOCK18/SES189/SA189S10	SES189	1.48348	-44.1409	-45.6244
BLOCK18/SES189/SA189S13	SES189	1.50878	-44.5606	-46.0694
BLOCK18/SES189/SA189S24	SES189	1.47665	-43.4136	-44.8902
BLOCK18/SES189/SA189S26	SES189	1.25823	-43.2344	-44.4927
BLOCK18/SES189/SA189S29	SES189	1.72361	-43.1949	-44.9185
BLOCK20/SES202/SA202S12	SES202	0.887657	-43.6209	-44.5086
BLOCK20/SES202/SA202S14	SES202	2.17519	-41.6798	-43.855
BLOCK20/SES202/SA202S24	SES202	1.31386	-42.8286	-44.1425
BLOCK20/SES202/SA202S27	SES202	1.51864	-41.3	-42.8186
BLOCK20/SES202/SA202S29	SES202	1.82414	-41.244	-43.0682
BLOCK20/SES206/SA206S15	SES206	0.394169	-42.3712	-42.7653
BLOCK20/SES206/SA206S17	SES206	2.18398	-41.1072	-43.2912
BLOCK20/SES206/SA206S24	SES206	1.5629	-41.2671	-42.83
BLOCK20/SES206/SA206S27	SES206	2.07476	-41.8613	-43.9361
BLOCK20/SES206/SA206S29	SES206	1.84227	-40.874	-42.7163
BLOCK22/SES226/SA226S12	SES226	1.54883	-42.5558	-44.1047
BLOCK22/SES226/SA226S13	SES226	-0.00931168	-44.0332	-44.0239
BLOCK22/SES226/SA226S20	SES226	1.42158	-42.9413	-44.3629
BLOCK22/SES226/SA226S23	SES226	1.22788	-42.5153	-43.7432
BLOCK22/SES226/SA226S28	SES226	1.6026	-42.0562	-43.6588
BLOCK25/SES259/SA259S13	SES259	3.21015	-40.5863	-43.7965
BLOCK25/SES259/SA259S14	SES259	2.02558	-41.3279	-43.3534
BLOCK25/SES259/SA259S22	SES259	1.51356	-41.6485	-43.1621
BLOCK25/SES259/SA259S24	SES259	2.11249	-41.1054	-43.2179
BLOCK25/SES259/SA259S28	SES259	2.1428	-40.9318	-43.0746
BLOCK27/SES270/SA270S14	SES270	2.17702	-42.9442	-45.1212
BLOCK27/SES270/SA270S16	SES270	1.1913	-42.7496	-43.9409
BLOCK27/SES270/SA270S22	SES270	2.57947	-41.9972	-44.5767
BLOCK27/SES270/SA270S26	SES270	1.5154	-43.5162	-45.0316
BLOCK27/SES270/SA270S28	SES270	1.32477	-42.3996	-43.7244
BLOCK27/SES275/SA275S17	SES275	1.36444	-42.8082	-44.1726
BLOCK27/SES275/SA275S18	SES275	0.486584	-42.7749	-43.2615
BLOCK27/SES275/SA275S24	SES275	0.481262	-44.1186	-44.5998
BLOCK27/SES275/SA275S26	SES275	1.24509	-42.1405	-43.3856
BLOCK27/SES275/SA275S28	SES275	0.499466	-42.7868	-43.2863
BLOCK29/SES292/SA292S10	SES292	0.502914	-42.7964	-43.2993
BLOCK29/SES292/SA292S12	SES292	0.319637	-43.6477	-43.9674
BLOCK29/SES292/SA292S22	SES292	1.17335	-41.9469	-43.1203
BLOCK29/SES292/SA292S24	SES292	0.504066	-42.4244	-42.9284
BLOCK29/SES292/SA292S27	SES292	0.304192	-42.3306	-42.6348
BLOCK00/SES001/SA001S14	SES062	-1.68369	-45.3794	-43.6957
BLOCK00/SES001/SA001S14	SES082	-1.73153	-45.4273	-43.6957
BLOCK00/SES001/SA001S14	SES106	-2.99149	-46.6872	-43.6957
BLOCK00/SES001/SA001S14	SES206	-2.80876	-46.5045	-43.6957
BLOCK00/SES001/SA001S15	SES062	-2.45259	-45.3729	-42.9203
BLOCK00/SES001/SA001S15	SES104	-3.41023	-46.3306	-42.9203
BLOCK00/SES001/SA001S15	SES106	-2.98598	-45.9063	-42.9203
BLOCK00/SES001/SA001S15	SES206	-3.23822	-46.1586	-42.9203
BLOCK00/SES001/SA001S24	SES062	-2.47763	-46.8173	-44.3397
BLOCK00/SES001/SA001S24	SES082	-1.40263	-45.7423	-44.3397
BLOCK00/SES001/SA001S24	SES087	-2.53691	-46.8766	-44.3397
BLOCK00/SES001/SA001S24	SES206	-0.96664	-45.3063	-44.3397
BLOCK00/SES001/SA001S27	SES062	-1.51783	-44.2844	-42.7665
BLOCK00/SES001/SA001S27	SES082	-1.77544	-44.542	-42.7665
BLOCK00/SES001/SA001S27	SES087	-2.49022	-45.2567	-42.7665
BLOCK00/SES001/SA001S27	SES206	-2.55887	-45.3254	-42.7665
BLOCK00/SES001/SA001S29	SES062	-2.67551	-46.458	-43.7825
BLOCK00/SES001/SA001S29	SES082	-1.49001	-45.2725	-43.7825
BLOCK00/SES001/SA001S29	SES158	-1.50378	-45.2863	-43.7825
BLOCK00/SES001/SA001S29	SES206	-3.63763	-47.4201	-43.7825
BLOCK00/SES003/SA003S11	SES002	-1.38731	-45.4841	-44.0968
BLOCK00/SES003/SA003S11	SES019	-1.31839	-45.4152	-44.0968
BLOCK00/SES003/SA003S11	SES082	-0.0470886	-44.1439	-44.0968
BLOCK00/SES003/SA003S11	SES125	-1.01571	-45.1125	-44.0968
BLOCK00/SES003/SA003S15	SES016	-1.87873	-45.3396	-43.4608
BLOCK00/SES003/SA003S15	SES019	-2.06055	-45.5214	-43.4608
BLOCK00/SES003/SA003S15	SES062	-1.67119	-45.132	-43.4608
BLOCK00/SES003/SA003S15	SES206	-1.35981	-44.8207	-43.4608
BLOCK00/SES003/SA003S22	SES002	-2.59906	-45.9515	-43.3524
BLOCK00/SES003/SA003S22	SES062	-1.24939	-44.6018	-43.3524
BLOCK00/SES003/SA003S22	SES082	-0.788315	-44.1407	-43.3524
BLOCK00/SES003/SA003S22	SES087	-1.72963	-45.0821	-43.3524
BLOCK00/SES003/SA003S25	SES062	-2.30401	-46.7046	-44.4006
BLOCK00/SES003/SA003S25	SES082	-0.733871	-45.1344	-44.4006
BLOCK00/SES003/SA003S25	SES087	-1.81039	-46.2109	-44.4006
BLOCK00/SES003/SA003S25	SES206	-2.34565	-46.7462	-44.4006
BLOCK00/SES003/SA003S29	SES002	-2.71738	-46.7634	-44.046
BLOCK00/SES003/SA003S29	SES062	-2.21867	-46.2646	-44.046
BLOCK00/SES003/SA003S29	SES082	-0.61504	-44.661	-44.046
BLOCK00/SES003/SA003S29	SES087	-2.45313	-46.4991	-44.046
BLOCK00/SES004/SA004S12	SES083	-2.16728	-45.6371	-43.4698
BLOCK00/SES004/SA004S12	SES148	-1.81458	-45.2844	-43.4698
BLOCK00/SES004/SA004S12	SES172	-1.15342	-44.6232	-43.4698
BLOCK00/SES004/SA004S12	SES292	-1.69625	-45.1661	-43.4698
BLOCK00/SES004/SA004S17	SES083	-1.94806	-45.8356	-43.8876
BLOCK00/SES004/SA004S17	SES162	-0.600685	-44.4883	-43.8876
BLOCK00/SES004/SA004S17	SES172	-1.84703	-45.7346	-43.8876
BLOCK00/SES004/SA004S17	SES292	-1.60148	-45.4891	-43.8876
BLOCK00/SES004/SA004S24	SES083	-1.87187	-44.9707	-43.0988
BLOCK00/SES004/SA004S24	SES148	-1.42808	-44.5269	-43.0988
BLOCK00/SES004/SA004S24	SES172	-0.722839	-43.8216	-43.0988
BLOCK00/SES004/SA004S24	SES292	-1.00298	-44.1018	-43.0988
BLOCK00/SES004/SA004S26	SES083	-1.68674	-44.7173	-43.0306
BLOCK00/SES004/SA004S26	SES127	-1.01305	-44.0436	-43.0306
BLOCK00/SES004/SA004S26	SES148	-2.52799	-45.5586	-43.0306
BLOCK00/SES004/SA004S26	SES292	-1.38522	-44.4158	-43.0306
BLOCK00/SES004/SA004S28	SES083	-2.2484	-44.7914	-42.543
BLOCK00/SES004/SA004S28	SES127	-1.01229	-43.5553	-42.543
BLOCK00/SES004/SA004S28	SES187	-0.532242	-43.0752	-42.543
BLOCK00/SES004/SA004S28	SES292	-1.63237	-44.1754	-42.543
BLOCK00/SES006/SA006S10	SES014	-2.63177	-48.5365	-45.9047
BLOCK00/SES006/SA006S10	SES158	-0.331295	-46.236	-45.9047
BLOCK00/SES006/SA006S10	SES226	-3.1951	-49.0998	-45.9047
BLOCK00/SES006/SA006S10	SES270	-0.263973	-46.1687	-45.9047
BLOCK00/SES006/SA006S11	SES158	-0.827164	-46.5193	-45.6921
BLOCK00/SES006/SA006S11	SES226	-1.95214	-47.6443	-45.6921
BLOCK00/SES006/SA006S11	SES270	-0.00453186	-45.6967	-45.6921
BLOCK00/SES006/SA006S11	SES275	-3.5414	-49.2335	-45.6921
BLOCK00/SES006/SA006S23	SES062	-2.20786	-46.9574	-44.7495
BLOCK00/SES006/SA006S23	SES105	-2.05688	-46.8064	-44.7495
BLOCK00/SES006/SA006S23	SES158	-0.915588	-45.6651	-44.7495
BLOCK00/SES006/SA006S23	SES275	-2.20586	-46.9554	-44.7495
BLOCK00/SES006/SA006S26	SES104	-2.18324	-46.7589	-44.5757
BLOCK00/SES006/SA006S26	SES158	-0.278343	-44.854	-44.5757
BLOCK00/SES006/SA006S26	SES270	0.55344	-44.0222	-44.5757
BLOCK00/SES006/SA006S26	SES275	-2.9255	-47.5012	-44.5757
BLOCK00/SES006/SA006S28	SES007	-2.32338	-47.5762	-45.2528
BLOCK00/SES006/SA006S28	SES105	-2.48976	-47.7426	-45.2528
BLOCK00/SES006/SA006S28	SES158	-1.09824	-46.3511	-45.2528
BLOCK00/SES006/SA006S28	SES275	-3.55236	-48.8052	-45.2528
BLOCK00/SES009/SA009S12	SES083	-2.04849	-45.3433	-43.2948
BLOCK00/SES009/SA009S12	SES148	-1.39489	-44.6897	-43.2948
BLOCK00/SES009/SA009S12	SES177	-0.561634	-43.8564	-43.2948
BLOCK00/SES009/SA009S12	SES292	-1.13307	-44.4278	-43.2948
BLOCK00/SES009/SA009S15	SES007	0.0914497	-42.477	-42.5685
BLOCK00/SES009/SA009S15	SES099	-8.93901	-51.5075	-42.5685
BLOCK00/SES009/SA009S15	SES148	-1.53991	-44.1084	-42.5685
BLOCK00/SES009/SA009S15	SES172	-0.680935	-43.2494	-42.5685
BLOCK00/SES009/SA009S24	SES146	-1.04667	-43.9118	-42.8652
BLOCK00/SES009/SA009S24	SES148	-1.21492	-44.0801	-42.8652
BLOCK00/SES009/SA009S24	SES177	-0.028183	-42.8933	-42.8652
BLOCK00/SES009/SA009S24	SES292	-1.01992	-43.8851	-42.8652
BLOCK00/SES009/SA009S26	SES083	-1.8415	-45.206	-43.3645
BLOCK00/SES009/SA009S26	SES101	-1.62294	-44.9874	-43.3645
BLOCK00/SES009/SA009S26	SES120	-0.636196	-44.0007	-43.3645
BLOCK00/SES009/SA009S26	SES177	-0.281223	-43.6457	-43.3645
BLOCK00/SES009/SA009S29	SES083	-1.55624	-44.4424	-42.8862
BLOCK00/SES009/SA009S29	SES101	-1.41972	-44.3059	-42.8862
BLOCK00/SES009/SA009S29	SES177	-0.153042	-43.0392	-42.8862
BLOCK00/SES009/SA009S29	SES292	-1.34555	-44.2317	-42.8862
BLOCK01/SES011/SA011S10	SES019	-0.983032	-45.1482	-44.1651
BLOCK01/SES011/SA011S10	SES042	-0.280239	-44.4454	-44.1651
BLOCK01/SES011/SA011S10	SES082	-2.21922	-46.3844	-44.1651
BLOCK01/SES011/SA011S10	SES206	-0.742599	-44.9077	-44.1651
BLOCK01/SES011/SA011S11	SES019	-0.650993	-45.1122	-44.4612
BLOCK01/SES011/SA011S11	SES042	-1.58529	-46.0465	-44.4612
BLOCK01/SES011/SA011S11	SES082	-2.10807	-46.5693	-44.4612
BLOCK01/SES011/SA011S11	SES206	-0.717285	-45.1785	-44.4612
BLOCK01/SES011/SA011S22	SES019	-0.38303	-44.6437	-44.2607
BLOCK01/SES011/SA011S22	SES042	-0.779675	-45.0404	-44.2607
BLOCK01/SES011/SA011S22	SES082	-1.31708	-45.5778	-44.2607
BLOCK01/SES011/SA011S22	SES206	-0.583389	-44.8441	-44.2607
BLOCK01/SES011/SA011S24	SES019	-0.862885	-44.6054	-43.7425
BLOCK01/SES011/SA011S24	SES042	-0.409309	-44.1518	-43.7425
BLOCK01/SES011/SA011S24	SES104	-1.12319	-44.8657	-43.7425
BLOCK01/SES011/SA011S24	SES206	0.00995255	-43.7325	-43.7425
BLOCK01/SES011/SA011S27	SES082	0.546406	-43.0919	-43.6383
BLOCK01/SES011/SA011S27	SES087	-1.24881	-44.8871	-43.6383
BLOCK01/SES011/SA011S27	SES125	-0.435783	-44.074	-43.6383
BLOCK01/SES011/SA011S27	SES206	0.0143661	-43.6239	-43.6383
BLOCK01/SES012/SA012S11	SES007	-1.94636	-44.7628	-42.8164
BLOCK01/SES012/SA012S11	SES082	-1.35576	-44.1722	-42.8164
BLOCK01/SES012/SA012S11	SES083	-2.39187	-45.2083	-42.8164
BLOCK01/SES012/SA012S11	SES206	-0.555176	-43.3716	-42.8164
BLOCK01/SES012/SA012S14	SES082	-1.28563	-44.7281	-43.4425
BLOCK01/SES012/SA012S14	SES087	-1.75	-45.1925	-43.4425
BLOCK01/SES012/SA012S14	SES206	-0.673786	-44.1163	-43.4425
BLOCK01/SES012/SA012S14	SES292	-3.41285	-46.8553	-43.4425
BLOCK01/SES012/SA012S24	SES082	-0.0560455	-44.5826	-44.5266
BLOCK01/SES012/SA012S24	SES087	-1.02226	-45.5488	-44.5266
BLOCK01/SES012/SA012S24	SES120	-3.60342	-48.13	-44.5266
BLOCK01/SES012/SA012S24	SES206	-0.182812	-44.7094	-44.5266
BLOCK01/SES012/SA012S26	SES019	-2.49093	-45.9444	-43.4535
BLOCK01/SES012/SA012S26	SES082	-1.90536	-45.3588	-43.4535
BLOCK01/SES012/SA012S26	SES206	-0.184048	-43.6375	-43.4535
BLOCK01/SES012/SA012S26	SES292	-2.71687	-46.1703	-43.4535
BLOCK01/SES012/SA012S29	SES062	-1.72999	-44.8291	-43.0991
BLOCK01/SES012/SA012S29	SES082	-0.854404	-43.9535	-43.0991
BLOCK01/SES012/SA012S29	SES083	-2.43228	-45.5313	-43.0991
BLOCK01/SES012/SA012S29	SES206	-0.481411	-43.5805	-43.0991
BLOCK01/SES013/SA013S16	SES062	-3.67608	-47.3511	-43.675
BLOCK01/SES013/SA013S16	SES106	-0.452545	-44.1276	-43.675
BLOCK01/SES013/SA013S16	SES206	-0.921223	-44.5962	-43.675
BLOCK01/SES013/SA013S16	SES226	-0.329147	-44.0042	-43.675
BLOCK01/SES013/SA013S17	SES062	-3.28588	-46.573	-43.2871
BLOCK01/SES013/SA013S17	SES106	-0.97929	-44.2664	-43.2871
BLOCK01/SES013/SA013S17	SES206	-0.223267	-43.5104	-43.2871
BLOCK01/SES013/SA013S17	SES226	0.471001	-42.8161	-43.2871
BLOCK01/SES013/SA013S23	SES104	-1.14206	-44.9909	-43.8488
BLOCK01/SES013/SA013S23	SES106	-0.596584	-44.4454	-43.8488
BLOCK01/SES013/SA013S23	SES206	-1.03981	-44.8886	-43.8488
BLOCK01/SES013/SA013S23	SES270	-0.150757	-43.9996	-43.8488
BLOCK01/SES013/SA013S25	SES042	-1.44164	-44.9381	-43.4965
BLOCK01/SES013/SA013S25	SES104	-0.686531	-44.183	-43.4965
BLOCK01/SES013/SA013S25	SES106	-0.126446	-43.623	-43.4965
BLOCK01/SES013/SA013S25	SES206	-1.02628	-44.5228	-43.4965
BLOCK01/SES013/SA013S29	SES062	-3.73082	-47.6408	-43.91
BLOCK01/SES013/SA013S29	SES104	-1.25237	-45.1624	-43.91
BLOCK01/SES013/SA013S29	SES106	-0.195232	-44.1052	-43.91
BLOCK01/SES013/SA013S29	SES206	-1.28198	-45.192	-43.91
BLOCK02/SES021/SA021S13	SES016	-2.08389	-45.2398	-43.1559
BLOCK02/SES021/SA021S13	SES029	-1.59882	-44.7548	-43.1559
BLOCK02/SES021/SA021S13	SES087	-1.80521	-44.9611	-43.1559
BLOCK02/SES021/SA021S13	SES206	-0.814713	-43.9707	-43.1559
BLOCK02/SES021/SA021S15	SES087	-1.85205	-43.9557	-42.1037
BLOCK02/SES021/SA021S15	SES125	-0.84766	-42.9514	-42.1037
BLOCK02/SES021/SA021S15	SES206	-0.406334	-42.51	-42.1037
BLOCK02/SES021/SA021S15	SES226	-1.12809	-43.2318	-42.1037
BLOCK02/SES021/SA021S23	SES062	-2.62054	-46.8493	-44.2287
BLOCK02/SES021/SA021S23	SES087	-2.21819	-46.4469	-44.2287
BLOCK02/SES021/SA021S23	SES206	-1.56877	-45.7975	-44.2287
BLOCK02/SES021/SA021S23	SES226	-0.924736	-45.1535	-44.2287
BLOCK02/SES021/SA021S27	SES002	-2.02544	-44.7004	-42.675
BLOCK02/SES021/SA021S27	SES016	-2.98769	-45.6627	-42.675
BLOCK02/SES021/SA021S27	SES019	-2.30763	-44.9826	-42.675
BLOCK02/SES021/SA021S27	SES062	-1.15994	-43.8349	-42.675
BLOCK02/SES021/SA021S29	SES087	-2.09479	-44.9422	-42.8474
BLOCK02/SES021/SA021S29	SES125	-1.42339	-44.2708	-42.8474
BLOCK02/SES021/SA021S29	SES206	-0.875034	-43.7225	-42.8474
BLOCK02/SES021/SA021S29	SES226	-1.15429	-44.0017	-42.8474
BLOCK04/SES043/SA043S09	SES083	-1.96512	-46.3872	-44.4221
BLOCK04/SES043/SA043S09	SES101	-2.18387	-46.606	-44.4221
BLOCK04/SES043/SA043S09	SES144	-0.359207	-44.7813	-44.4221
BLOCK04/SES043/SA043S09	SES172	-2.97415	-47.3963	-44.4221
BLOCK04/SES043/SA043S11	SES083	-0.856831	-44.0852	-43.2284
BLOCK04/SES043/SA043S11	SES101	-1.16829	-44.3967	-43.2284
BLOCK04/SES043/SA043S11	SES144	-0.570694	-43.7991	-43.2284
BLOCK04/SES043/SA043S11	SES172	-1.35381	-44.5822	-43.2284
BLOCK04/SES043/SA043S23	SES083	-0.86301	-44.3328	-43.4698
BLOCK04/SES043/SA043S23	SES144	0.119942	-43.3499	-43.4698
BLOCK04/SES043/SA043S23	SES177	-1.62176	-45.0916	-43.4698
BLOCK04/SES043/SA043S23	SES275	-0.717308	-44.1871	-43.4698
BLOCK04/SES043/SA043S26	SES083	-0.904232	-44.6273	-43.7231
BLOCK04/SES043/SA043S26	SES101	-1.19309	-44.9162	-43.7231
BLOCK04/SES043/SA043S26	SES144	0.0786591	-43.6445	-43.7231
BLOCK04/SES043/SA043S26	SES177	-1.16057	-44.8837	-43.7231
BLOCK04/SES043/SA043S28	SES016	-1.23198	-44.0969	-42.8649
BLOCK04/SES043/SA043S28	SES083	-0.827602	-43.6926	-42.8649
BLOCK04/SES043/SA043S28	SES101	-0.828964	-43.6939	-42.8649
BLOCK04/SES043/SA043S28	SES144	-0.532761	-43.3977	-42.8649
BLOCK04/SES044/SA044S10	SES127	-2.61519	-48.2954	-45.6802
BLOCK04/SES044/SA044S10	SES144	-0.270027	-45.9502	-45.6802
BLOCK04/SES044/SA044S10	SES147	-2.35981	-48.04	-45.6802
BLOCK04/SES044/SA044S10	SES148	-2.45722	-48.1374	-45.6802
BLOCK04/SES044/SA044S11	SES101	-2.01821	-46.8555	-44.8373
BLOCK04/SES044/SA044S11	SES144	0.322296	-44.515	-44.8373
BLOCK04/SES044/SA044S11	SES147	-2.49768	-47.3349	-44.8373
BLOCK04/SES044/SA044S11	SES177	-2.06322	-46.9005	-44.8373
BLOCK04/SES044/SA044S24	SES007	-2.37103	-46.5049	-44.1339
BLOCK04/SES044/SA044S24	SES101	-1.51937	-45.6533	-44.1339
BLOCK04/SES044/SA044S24	SES147	-2.26786	-46.4018	-44.1339
BLOCK04/SES044/SA044S24	SES177	-1.9029	-46.0368	-44.1339
BLOCK04/SES044/SA044S26	SES007	-1.68179	-45.7559	-44.0741
BLOCK04/SES044/SA044S26	SES016	-0.966766	-45.0408	-44.0741
BLOCK04/SES044/SA044S26	SES101	-1.46365	-45.5377	-44.0741
BLOCK04/SES044/SA044S26	SES147	-1.151	-45.2251	-44.0741
BLOCK04/SES044/SA044S29	SES007	-1.44708	-44.8807	-43.4336
BLOCK04/SES044/SA044S29	SES101	-0.741314	-44.1749	-43.4336
BLOCK04/SES044/SA044S29	SES147	-1.60875	-45.0424	-43.4336
BLOCK04/SES044/SA044S29	SES177	-1.89607	-45.3297	-43.4336
BLOCK04/SES046/SA046S13	SES101	-2.39819	-46.594	-44.1958
BLOCK04/SES046/SA046S13	SES144	-0.623993	-44.8198	-44.1958
BLOCK04/SES046/SA046S13	SES147	-2.64884	-46.8447	-44.1958
BLOCK04/SES046/SA046S13	SES177	-1.38443	-45.5803	-44.1958
BLOCK04/SES046/SA046S15	SES048	-1.93303	-44.7208	-42.7878
BLOCK04/SES046/SA046S15	SES083	-1.09173	-43.8795	-42.7878
BLOCK04/SES046/SA046S15	SES120	-3.04055	-45.8283	-42.7878
BLOCK04/SES046/SA046S15	SES148	-1.15005	-43.9378	-42.7878
BLOCK04/SES046/SA046S22	SES101	-1.42923	-45.371	-43.9418
BLOCK04/SES046/SA046S22	SES144	-0.913715	-44.8555	-43.9418
BLOCK04/SES046/SA046S22	SES147	-2.89502	-46.8368	-43.9418
BLOCK04/SES046/SA046S22	SES172	-1.10407	-45.0458	-43.9418
BLOCK04/SES046/SA046S25	SES083	-2.03417	-45.3237	-43.2895
BLOCK04/SES046/SA046S25	SES127	-1.45407	-44.7436	-43.2895
BLOCK04/SES046/SA046S25	SES144	-1.38116	-44.6707	-43.2895
BLOCK04/SES046/SA046S25	SES148	-0.826046	-44.1156	-43.2895
BLOCK04/SES046/SA046S28	SES007	-2.94543	-47.4638	-44.5184
BLOCK04/SES046/SA046S28	SES105	-2.124	-46.6424	-44.5184
BLOCK04/SES046/SA046S28	SES147	-2.19967	-46.7181	-44.5184
BLOCK04/SES046/SA046S28	SES148	-1.41209	-45.9305	-44.5184
BLOCK04/SES049/SA049S16	SES104	-1.46717	-46.3203	-44.8531
BLOCK04/SES049/SA049S16	SES106	-1.19526	-46.0484	-44.8531
BLOCK04/SES049/SA049S16	SES120	-2.77536	-47.6285	-44.8531
BLOCK04/SES049/SA049S16	SES206	-1.05843	-45.9116	-44.8531
BLOCK04/SES049/SA049S18	SES099	0.251297	-45.7538	-46.0051
BLOCK04/SES049/SA049S18	SES104	-1.85112	-47.8562	-46.0051
BLOCK04/SES049/SA049S18	SES125	-1.97871	-47.9838	-46.0051
BLOCK04/SES049/SA049S18	SES206	-1.70592	-47.711	-46.0051
BLOCK04/SES049/SA049S25	SES087	-0.705769	-45.6627	-44.9569
BLOCK04/SES049/SA049S25	SES104	-0.952381	-45.9093	-44.9569
BLOCK04/SES049/SA049S25	SES125	-1.32795	-46.2848	-44.9569
BLOCK04/SES049/SA049S25	SES206	-0.205296	-45.1622	-44.9569
BLOCK04/SES049/SA049S27	SES099	-0.611309	-44.8158	-44.2045
BLOCK04/SES049/SA049S27	SES104	-0.347866	-44.5523	-44.2045
BLOCK04/SES049/SA049S27	SES125	-1.58723	-45.7917	-44.2045
BLOCK04/SES049/SA049S27	SES206	-1.13136	-45.3358	-44.2045
BLOCK04/SES049/SA049S29	SES099	0.0845032	-43.2986	-43.3831
BLOCK04/SES049/SA049S29	SES104	0.290344	-43.0928	-43.3831
BLOCK04/SES049/SA049S29	SES125	-0.55624	-43.9394	-43.3831
BLOCK04/SES049/SA049S29	SES206	-0.0225334	-43.4057	-43.3831
BLOCK06/SES063/SA063S09	SES068	-1.90533	-45.4185	-43.5131
BLOCK06/SES063/SA063S09	SES083	-0.566452	-44.0796	-43.5131
BLOCK06/SES063/SA063S09	SES177	-0.915688	-44.4288	-43.5131
BLOCK06/SES063/SA063S09	SES187	-1.28193	-44.7951	-43.5131
BLOCK06/SES063/SA063S10	SES068	-2.0774	-45.8964	-43.819
BLOCK06/SES063/SA063S10	SES083	-0.772804	-44.5918	-43.819
BLOCK06/SES063/SA063S10	SES172	-1.18108	-45.0001	-43.819
BLOCK06/SES063/SA063S10	SES187	-1.35196	-45.1709	-43.819
BLOCK06/SES063/SA063S20	SES068	-2.12582	-45.978	-43.8522
BLOCK06/SES063/SA063S20	SES083	-1.14051	-44.9927	-43.8522
BLOCK06/SES063/SA063S20	SES172	-1.11937	-44.9716	-43.8522
BLOCK06/SES063/SA063S20	SES187	-0.524544	-44.3768	-43.8522
BLOCK06/SES063/SA063S24	SES029	-2.97316	-46.1197	-43.1465
BLOCK06/SES063/SA063S24	SES083	-0.566761	-43.7133	-43.1465
BLOCK06/SES063/SA063S24	SES177	-0.711834	-43.8584	-43.1465
BLOCK06/SES063/SA063S24	SES189	-1.12264	-44.2692	-43.1465
BLOCK06/SES063/SA063S27	SES083	-0.161358	-44.268	-44.1066
BLOCK06/SES063/SA063S27	SES172	-0.627998	-44.7346	-44.1066
BLOCK06/SES063/SA063S27	SES187	-2.06821	-46.1748	-44.1066
BLOCK06/SES063/SA063S27	SES292	-1.51536	-45.622	-44.1066
BLOCK06/SES067/SA067S12	SES083	-2.35205	-45.8646	-43.5125
BLOCK06/SES067/SA067S12	SES172	-2.03739	-45.5499	-43.5125
BLOCK06/SES067/SA067S12	SES202	-0.24345	-43.756	-43.5125
BLOCK06/SES067/SA067S12	SES292	-1.2201	-44.7326	-43.5125
BLOCK06/SES067/SA067S14	SES085	-1.44458	-44.3822	-42.9376
BLOCK06/SES067/SA067S14	SES177	-1.60912	-44.5467	-42.9376
BLOCK06/SES067/SA067S14	SES183	-1.10527	-44.0429	-42.9376
BLOCK06/SES067/SA067S14	SES202	-0.546062	-43.4837	-42.9376
BLOCK06/SES067/SA067S21	SES144	-1.44922	-45.7052	-44.256
BLOCK06/SES067/SA067S21	SES177	-0.890747	-45.1467	-44.256
BLOCK06/SES067/SA067S21	SES183	-2.66051	-46.9165	-44.256
BLOCK06/SES067/SA067S21	SES189	-0.253292	-44.5093	-44.256
BLOCK06/SES067/SA067S25	SES085	-1.05466	-44.5688	-43.5141
BLOCK06/SES067/SA067S25	SES177	-1.23208	-44.7462	-43.5141
BLOCK06/SES067/SA067S25	SES183	-1.10299	-44.6171	-43.5141
BLOCK06/SES067/SA067S25	SES202	-0.576317	-44.0904	-43.5141
BLOCK06/SES067/SA067S29	SES085	-0.709518	-44.4297	-43.7202
BLOCK06/SES067/SA067S29	SES177	-1.55228	-45.2724	-43.7202
BLOCK06/SES067/SA067S29	SES183	-0.814812	-44.535	-43.7202
BLOCK06/SES067/SA067S29	SES202	0.43058	-43.2896	-43.7202
BLOCK06/SES069/SA069S12	SES029	-1.49786	-44.9893	-43.4915
BLOCK06/SES069/SA069S12	SES082	-0.578449	-44.0699	-43.4915
BLOCK06/SES069/SA069S12	SES087	-2.19852	-45.69	-43.4915
BLOCK06/SES069/SA069S12	SES206	-1.2827	-44.7742	-43.4915
BLOCK06/SES069/SA069S13	SES029	-2.20362	-45.5331	-43.3294
BLOCK06/SES069/SA069S13	SES087	-2.12528	-45.4547	-43.3294
BLOCK06/SES069/SA069S13	SES206	-1.95387	-45.2833	-43.3294
BLOCK06/SES069/SA069S13	SES226	-0.635914	-43.9653	-43.3294
BLOCK06/SES069/SA069S23	SES029	-0.994335	-42.9049	-41.9106
BLOCK06/SES069/SA069S23	SES087	-3.04813	-44.9587	-41.9106
BLOCK06/SES069/SA069S23	SES206	-2.34292	-44.2535	-41.9106
BLOCK06/SES069/SA069S23	SES226	-1.13984	-43.0504	-41.9106
BLOCK06/SES069/SA069S25	SES087	-1.55755	-44.1858	-42.6283
BLOCK06/SES069/SA069S25	SES206	-1.70277	-44.331	-42.6283
BLOCK06/SES069/SA069S25	SES226	-0.867649	-43.4959	-42.6283
BLOCK06/SES069/SA069S25	SES270	-0.937901	-43.5662	-42.6283
BLOCK06/SES069/SA069S27	SES087	-2.49836	-45.2495	-42.7512
BLOCK06/SES069/SA069S27	SES206	-0.894833	-43.646	-42.7512
BLOCK06/SES069/SA069S27	SES226	-0.56654	-43.3177	-42.7512
BLOCK06/SES069/SA069S27	SES270	-0.962067	-43.7132	-42.7512
BLOCK08/SES081/SA081S11	SES060	-1.1466	-44.3031	-43.1565
BLOCK08/SES081/SA081S11	SES062	-2.69488	-45.8514	-43.1565
BLOCK08/SES081/SA081S11	SES117	-2.68391	-45.8404	-43.1565
BLOCK08/SES081/SA081S11	SES162	-2.05864	-45.2151	-43.1565
BLOCK08/SES081/SA081S13	SES016	-1.22328	-43.6965	-42.4732
BLOCK08/SES081/SA081S13	SES060	-0.054615	-42.5278	-42.4732
BLOCK08/SES081/SA081S13	SES068	-0.639977	-43.1132	-42.4732
BLOCK08/SES081/SA081S13	SES129	-1.30249	-43.7757	-42.4732
BLOCK08/SES081/SA081S24	SES060	-0.688	-43.427	-42.739
BLOCK08/SES081/SA081S24	SES068	-0.454273	-43.1933	-42.739
BLOCK08/SES081/SA081S24	SES117	-1.99328	-44.7323	-42.739
BLOCK08/SES081/SA081S24	SES275	-1.25966	-43.9987	-42.739
BLOCK08/SES081/SA081S27	SES007	-0.789139	-43.8277	-43.0386
BLOCK08/SES081/SA081S27	SES060	-1.26471	-44.3033	-43.0386
BLOCK08/SES081/SA081S27	SES117	-1.07828	-44.1169	-43.0386
BLOCK08/SES081/SA081S27	SES275	-0.956799	-43.9954	-43.0386
BLOCK08/SES081/SA081S29	SES007	-0.891308	-43.4484	-42.5571
BLOCK08/SES081/SA081S29	SES060	-0.670845	-43.228	-42.5571
BLOCK08/SES081/SA081S29	SES117	-1.55715	-44.1143	-42.5571
BLOCK08/SES081/SA081S29	SES275	-1.59575	-44.1529	-42.5571
BLOCK08/SES086/SA086S11	SES029	-4.2576	-49.5849	-45.3273
BLOCK08/SES086/SA086S11	SES082	-1.38446	-46.7118	-45.3273
BLOCK08/SES086/SA086S11	SES087	-0.467957	-45.7953	-45.3273
BLOCK08/SES086/SA086S11	SES206	-1.43015	-46.7575	-45.3273
BLOCK08/SES086/SA086S12	SES029	-4.06144	-48.8979	-44.8365
BLOCK08/SES086/SA086S12	SES082	-1.26573	-46.1022	-44.8365
BLOCK08/SES086/SA086S12	SES087	0.685387	-44.1511	-44.8365
BLOCK08/SES086/SA086S12	SES206	-0.483284	-45.3197	-44.8365
BLOCK08/SES086/SA086S20	SES029	-3.51306	-46.9312	-43.4182
BLOCK08/SES086/SA086S20	SES082	-1.34429	-44.7625	-43.4182
BLOCK08/SES086/SA086S20	SES087	0.701183	-42.717	-43.4182
BLOCK08/SES086/SA086S20	SES206	-0.160629	-43.5788	-43.4182
BLOCK08/SES086/SA086S24	SES087	0.236557	-44.4562	-44.6928
BLOCK08/SES086/SA086S24	SES104	-1.51864	-46.2114	-44.6928
BLOCK08/SES086/SA086S24	SES120	-3.25058	-47.9434	-44.6928
BLOCK08/SES086/SA086S24	SES206	0.0460167	-44.6468	-44.6928
BLOCK08/SES086/SA086S28	SES029	-3.11666	-46.5206	-43.404
BLOCK08/SES086/SA086S28	SES082	-1.32264	-44.7266	-43.404
BLOCK08/SES086/SA086S28	SES087	0.0895004	-43.3145	-43.404
BLOCK08/SES086/SA086S28	SES206	-0.428085	-43.832	-43.404
BLOCK08/SES089/SA089S13	SES087	-2.62889	-46.6274	-43.9985
BLOCK08/SES089/SA089S13	SES206	-2.66459	-46.6631	-43.9985
BLOCK08/SES089/SA089S13	SES226	-1.48579	-45.4843	-43.9985
BLOCK08/SES089/SA089S13	SES270	-2.65718	-46.6557	-43.9985
BLOCK08/SES089/SA089S14	SES062	-1.5713	-45.4563	-43.885
BLOCK08/SES089/SA089S14	SES087	-0.678059	-44.563	-43.885
BLOCK08/SES089/SA089S14	SES206	-0.737492	-44.6225	-43.885
BLOCK08/SES089/SA089S14	SES226	-0.722668	-44.6076	-43.885
BLOCK08/SES089/SA089S23	SES087	-1.89374	-46.4573	-44.5635
BLOCK08/SES089/SA089S23	SES206	-1.33615	-45.8997	-44.5635
BLOCK08/SES089/SA089S23	SES226	-1.40723	-45.9707	-44.5635
BLOCK08/SES089/SA089S23	SES270	-2.08299	-46.6465	-44.5635
BLOCK08/SES089/SA089S25	SES062	-2.48575	-46.3504	-43.8646
BLOCK08/SES089/SA089S25	SES087	-1.46423	-45.3288	-43.8646
BLOCK08/SES089/SA089S25	SES206	-1.72733	-45.5919	-43.8646
BLOCK08/SES089/SA089S25	SES226	-0.723568	-44.5882	-43.8646
BLOCK08/SES089/SA089S28	SES062	-2.03642	-45.7418	-43.7054
BLOCK08/SES089/SA089S28	SES087	-1.51398	-45.2194	-43.7054
BLOCK08/SES089/SA089S28	SES206	-1.25816	-44.9636	-43.7054
BLOCK08/SES089/SA089S28	SES226	-1.05143	-44.7569	-43.7054
BLOCK09/SES097/SA097S11	SES099	0.428776	-44.1754	-44.6042
BLOCK09/SES097/SA097S11	SES125	-1.73027	-46.3344	-44.6042
BLOCK09/SES097/SA097S11	SES206	-0.921062	-45.5252	-44.6042
BLOCK09/SES097/SA097S11	SES226	-0.0802231	-44.6844	-44.6042
BLOCK09/SES097/SA097S14	SES062	-2.17555	-46.4918	-44.3163
BLOCK09/SES097/SA097S14	SES099	-0.936531	-45.2528	-44.3163
BLOCK09/SES097/SA097S14	SES104	-1.5418	-45.8581	-44.3163
BLOCK09/SES097/SA097S14	SES206	-1.37538	-45.6917	-44.3163
BLOCK09/SES097/SA097S22	SES099	0.180737	-44.3742	-44.5549
BLOCK09/SES097/SA097S22	SES206	-0.908997	-45.4639	-44.5549
BLOCK09/SES097/SA097S22	SES226	-0.66954	-45.2245	-44.5549
BLOCK09/SES097/SA097S22	SES270	0.618164	-43.9368	-44.5549
BLOCK09/SES097/SA097S26	SES099	-0.278835	-44.2566	-43.9778
BLOCK09/SES097/SA097S26	SES120	-2.10837	-46.0862	-43.9778
BLOCK09/SES097/SA097S26	SES206	-0.651714	-44.6295	-43.9778
BLOCK09/SES097/SA097S26	SES226	-1.02616	-45.004	-43.9778
BLOCK09/SES097/SA097S28	SES099	-0.80695	-45.0275	-44.2206
BLOCK09/SES097/SA097S28	SES120	-1.92968	-46.1502	-44.2206
BLOCK09/SES097/SA097S28	SES206	-1.6557	-45.8763	-44.2206
BLOCK09/SES097/SA097S28	SES226	-1.11736	-45.3379	-44.2206
BLOCK09/SES098/SA098S11	SES127	-1.86534	-46.5186	-44.6533
BLOCK09/SES098/SA098S11	SES144	-1.19013	-45.8434	-44.6533
BLOCK09/SES098/SA098S11	SES147	-0.522457	-45.1757	-44.6533
BLOCK09/SES098/SA098S11	SES148	-2.78575	-47.439	-44.6533
BLOCK09/SES098/SA098S12	SES127	-3.19475	-48.9367	-45.742
BLOCK09/SES098/SA098S12	SES144	-1.40917	-47.1512	-45.742
BLOCK09/SES098/SA098S12	SES147	-1.35372	-47.0957	-45.742
BLOCK09/SES098/SA098S12	SES189	-1.23188	-46.9739	-45.742
BLOCK09/SES098/SA098S20	SES127	-2.45891	-47.5362	-45.0773
BLOCK09/SES098/SA098S20	SES147	-1.63873	-46.716	-45.0773
BLOCK09/SES098/SA098S20	SES148	-2.81085	-47.8881	-45.0773
BLOCK09/SES098/SA098S20	SES292	-2.78763	-47.8649	-45.0773
BLOCK09/SES098/SA098S23	SES127	-1.56439	-45.912	-44.3476
BLOCK09/SES098/SA098S23	SES147	-0.918793	-45.2664	-44.3476
BLOCK09/SES098/SA098S23	SES187	-0.993721	-45.3413	-44.3476
BLOCK09/SES098/SA098S23	SES292	-1.67541	-46.023	-44.3476
BLOCK09/SES098/SA098S27	SES127	-2.4517	-47.2211	-44.7694
BLOCK09/SES098/SA098S27	SES147	-1.58131	-46.3507	-44.7694
BLOCK09/SES098/SA098S27	SES148	-2.90238	-47.6718	-44.7694
BLOCK09/SES098/SA098S27	SES292	-1.66152	-46.4309	-44.7694
BLOCK10/SES102/SA102S13	SES101	-0.677376	-45.1515	-44.4742
BLOCK10/SES102/SA102S13	SES105	-1.91485	-46.389	-44.4742
BLOCK10/SES102/SA102S13	SES120	-1.61207	-46.0862	-44.4742
BLOCK10/SES102/SA102S13	SES158	-4.47072	-48.9449	-44.4742
BLOCK10/SES102/SA102S14	SES007	-0.471466	-43.156	-42.6845
BLOCK10/SES102/SA102S14	SES101	-0.636471	-43.321	-42.6845
BLOCK10/SES102/SA102S14	SES105	-0.815113	-43.4996	-42.6845
BLOCK10/SES102/SA102S14	SES147	-2.10704	-44.7915	-42.6845
BLOCK10/SES102/SA102S22	SES007	-1.23462	-44.3562	-43.1216
BLOCK10/SES102/SA102S22	SES101	-0.280048	-43.4016	-43.1216
BLOCK10/SES102/SA102S22	SES105	-0.832703	-43.9543	-43.1216
BLOCK10/SES102/SA102S22	SES158	-3.09668	-46.2182	-43.1216
BLOCK10/SES102/SA102S25	SES007	-0.787468	-44.1009	-43.3134
BLOCK10/SES102/SA102S25	SES101	0.00371552	-43.3097	-43.3134
BLOCK10/SES102/SA102S25	SES105	-0.968433	-44.2818	-43.3134
BLOCK10/SES102/SA102S25	SES147	-2.46251	-45.7759	-43.3134
BLOCK10/SES102/SA102S27	SES007	-1.1942	-44.6897	-43.4955
BLOCK10/SES102/SA102S27	SES101	-0.902328	-44.3978	-43.4955
BLOCK10/SES102/SA102S27	SES105	-1.35316	-44.8487	-43.4955
BLOCK10/SES102/SA102S27	SES147	-2.00717	-45.5027	-43.4955
BLOCK10/SES103/SA103S14	SES105	-2.43942	-47.5589	-45.1194
BLOCK10/SES103/SA103S14	SES106	-0.463696	-45.5831	-45.1194
BLOCK10/SES103/SA103S14	SES120	-3.57552	-48.695	-45.1194
BLOCK10/SES103/SA103S14	SES206	-1.62156	-46.741	-45.1194
BLOCK10/SES103/SA103S15	SES099	-0.903751	-46.4814	-45.5776
BLOCK10/SES103/SA103S15	SES101	-3.12677	-48.7044	-45.5776
BLOCK10/SES103/SA103S15	SES104	-1.10923	-46.6869	-45.5776
BLOCK10/SES103/SA103S15	SES125	-1.33615	-46.9138	-45.5776
BLOCK10/SES103/SA103S24	SES104	-1.47933	-45.9392	-44.4598
BLOCK10/SES103/SA103S24	SES125	-1.50544	-45.9653	-44.4598
BLOCK10/SES103/SA103S24	SES148	-3.42658	-47.8864	-44.4598
BLOCK10/SES103/SA103S24	SES158	-0.588779	-45.0486	-44.4598
BLOCK10/SES103/SA103S26	SES104	-1.81621	-46.7152	-44.8989
BLOCK10/SES103/SA103S26	SES106	-0.636532	-45.5355	-44.8989
BLOCK10/SES103/SA103S26	SES125	-1.64119	-46.5401	-44.8989
BLOCK10/SES103/SA103S26	SES148	-3.67947	-48.5784	-44.8989
BLOCK10/SES103/SA103S28	SES104	-2.64457	-47.5719	-44.9273
BLOCK10/SES103/SA103S28	SES106	-1.13161	-46.0589	-44.9273
BLOCK10/SES103/SA103S28	SES125	-2.56951	-47.4968	-44.9273
BLOCK10/SES103/SA103S28	SES206	-2.92612	-47.8534	-44.9273
BLOCK12/SES121/SA121S12	SES042	-2.00348	-48.1058	-46.1023
BLOCK12/SES121/SA121S12	SES087	-1.51343	-47.6157	-46.1023
BLOCK12/SES121/SA121S12	SES105	-1.08403	-47.1863	-46.1023
BLOCK12/SES121/SA121S12	SES206	-0.946831	-47.0491	-46.1023
BLOCK12/SES121/SA121S14	SES007	-3.17103	-49.5913	-46.4203
BLOCK12/SES121/SA121S14	SES105	-2.30848	-48.7288	-46.4203
BLOCK12/SES121/SA121S14	SES106	-0.849625	-47.2699	-46.4203
BLOCK12/SES121/SA121S14	SES206	-1.29001	-47.7103	-46.4203
BLOCK12/SES121/SA121S23	SES105	-2.32922	-48.8033	-46.4741
BLOCK12/SES121/SA121S23	SES106	-0.620968	-47.095	-46.4741
BLOCK12/SES121/SA121S23	SES120	-3.4658	-49.9399	-46.4741
BLOCK12/SES121/SA121S23	SES206	-1.1052	-47.5793	-46.4741
BLOCK12/SES121/SA121S25	SES007	-2.83865	-49.9572	-47.1185
BLOCK12/SES121/SA121S25	SES105	-2.67351	-49.7921	-47.1185
BLOCK12/SES121/SA121S25	SES106	-0.922382	-48.0409	-47.1185
BLOCK12/SES121/SA121S25	SES206	-1.63658	-48.7551	-47.1185
BLOCK12/SES121/SA121S27	SES087	-0.156712	-45.8554	-45.6987
BLOCK12/SES121/SA121S27	SES105	-3.85519	-49.5539	-45.6987
BLOCK12/SES121/SA121S27	SES120	-2.43171	-48.1304	-45.6987
BLOCK12/SES121/SA121S27	SES206	-0.726242	-46.425	-45.6987
BLOCK12/SES124/SA124S16	SES042	-0.568645	-44.2028	-43.6341
BLOCK12/SES124/SA124S16	SES082	-0.733089	-44.3672	-43.6341
BLOCK12/SES124/SA124S16	SES183	-3.94531	-47.5794	-43.6341
BLOCK12/SES124/SA124S16	SES206	-0.900558	-44.5347	-43.6341
BLOCK12/SES124/SA124S17	SES105	-2.98685	-47.7323	-44.7454
BLOCK12/SES124/SA124S17	SES149	-1.98205	-46.7275	-44.7454
BLOCK12/SES124/SA124S17	SES158	-2.1869	-46.9323	-44.7454
BLOCK12/SES124/SA124S17	SES275	-4.34077	-49.0862	-44.7454
BLOCK12/SES124/SA124S23	SES105	-2.4425	-44.8181	-42.3756
BLOCK12/SES124/SA124S23	SES125	0.243248	-42.1324	-42.3756
BLOCK12/SES124/SA124S23	SES129	-3.74163	-46.1172	-42.3756
BLOCK12/SES124/SA124S23	SES158	-0.758369	-43.134	-42.3756
BLOCK12/SES124/SA124S26	SES105	-3.30423	-46.7202	-43.416
BLOCK12/SES124/SA124S26	SES125	0.146561	-43.2694	-43.416
BLOCK12/SES124/SA124S26	SES129	-4.48299	-47.8989	-43.416
BLOCK12/SES124/SA124S26	SES158	-0.74279	-44.1587	-43.416
BLOCK12/SES124/SA124S28	SES104	-0.484829	-43.5995	-43.1147
BLOCK12/SES124/SA124S28	SES106	-0.236847	-43.3515	-43.1147
BLOCK12/SES124/SA124S28	SES125	-0.0212364	-43.1359	-43.1147
BLOCK12/SES124/SA124S28	SES275	-4.46191	-47.5766	-43.1147
BLOCK12/SES126/SA126S13	SES007	-2.08527	-46.8926	-44.8073
BLOCK12/SES126/SA126S13	SES162	-2.18465	-46.992	-44.8073
BLOCK12/SES126/SA126S13	SES177	-1.65059	-46.4579	-44.8073
BLOCK12/SES126/SA126S13	SES180	-2.03047	-46.8378	-44.8073
BLOCK12/SES126/SA126S14	SES144	-1.03566	-44.3747	-43.3391
BLOCK12/SES126/SA126S14	SES148	-1.49366	-44.8327	-43.3391
BLOCK12/SES126/SA126S14	SES177	-0.815002	-44.1541	-43.3391
BLOCK12/SES126/SA126S14	SES180	-1.48711	-44.8262	-43.3391
BLOCK12/SES126/SA126S20	SES007	-1.87347	-45.8086	-43.9351
BLOCK12/SES126/SA126S20	SES162	-1.51601	-45.4512	-43.9351
BLOCK12/SES126/SA126S20	SES172	-3.23712	-47.1723	-43.9351
BLOCK12/SES126/SA126S20	SES180	-2.22182	-46.157	-43.9351
BLOCK12/SES126/SA126S24	SES120	-1.18938	-44.5647	-43.3754
BLOCK12/SES126/SA126S24	SES162	-1.60865	-44.984	-43.3754
BLOCK12/SES126/SA126S24	SES177	-0.870098	-44.2455	-43.3754
BLOCK12/SES126/SA126S24	SES180	-1.12294	-44.4983	-43.3754
BLOCK12/SES126/SA126S26	SES120	-0.649746	-45.0322	-44.3824
BLOCK12/SES126/SA126S26	SES177	-0.765968	-45.1484	-44.3824
BLOCK12/SES126/SA126S26	SES180	-0.999882	-45.3823	-44.3824
BLOCK12/SES126/SA126S26	SES202	-1.26564	-45.648	-44.3824
BLOCK12/SES128/SA128S10	SES087	-2.15279	-45.9985	-43.8457
BLOCK12/SES128/SA128S10	SES206	-1.39145	-45.2371	-43.8457
BLOCK12/SES128/SA128S10	SES226	-0.619457	-44.4651	-43.8457
BLOCK12/SES128/SA128S10	SES270	-0.819637	-44.6653	-43.8457
BLOCK12/SES128/SA128S12	SES120	-2.21004	-45.9403	-43.7303
BLOCK12/SES128/SA128S12	SES158	-1.52682	-45.2571	-43.7303
BLOCK12/SES128/SA128S12	SES206	-1.22768	-44.958	-43.7303
BLOCK12/SES128/SA128S12	SES226	-1.22034	-44.9507	-43.7303
BLOCK12/SES128/SA128S21	SES106	-3.28595	-48.2564	-44.9705
BLOCK12/SES128/SA128S21	SES120	-1.30585	-46.2763	-44.9705
BLOCK12/SES128/SA128S21	SES206	-3.46892	-48.4394	-44.9705
BLOCK12/SES128/SA128S21	SES226	-2.43551	-47.406	-44.9705
BLOCK12/SES128/SA128S24	SES087	-3.03079	-47.371	-44.3402
BLOCK12/SES128/SA128S24	SES120	-0.818832	-45.1591	-44.3402
BLOCK12/SES128/SA128S24	SES206	-2.37215	-46.7124	-44.3402
BLOCK12/SES128/SA128S24	SES226	-1.97593	-46.3162	-44.3402
BLOCK12/SES128/SA128S27	SES099	-1.65454	-45.2631	-43.6086
BLOCK12/SES128/SA128S27	SES120	-1.04329	-44.6518	-43.6086
BLOCK12/SES128/SA128S27	SES206	-1.76076	-45.3693	-43.6086
BLOCK12/SES128/SA128S27	SES226	-0.796432	-44.405	-43.6086
BLOCK13/SES130/SA130S13	SES143	-1.24773	-46.6073	-45.3596
BLOCK13/SES130/SA130S13	SES144	-0.0245628	-45.3841	-45.3596
BLOCK13/SES130/SA130S13	SES146	-0.502789	-45.8624	-45.3596
BLOCK13/SES130/SA130S13	SES275	-2.79494	-48.1545	-45.3596
BLOCK13/SES130/SA130S15	SES143	-1.78738	-45.6602	-43.8728
BLOCK13/SES130/SA130S15	SES144	-0.502472	-44.3753	-43.8728
BLOCK13/SES130/SA130S15	SES146	-0.705944	-44.5787	-43.8728
BLOCK13/SES130/SA130S15	SES275	-1.25056	-45.1233	-43.8728
BLOCK13/SES130/SA130S23	SES127	-1.61854	-46.8008	-45.1823
BLOCK13/SES130/SA130S23	SES144	-1.66358	-46.8458	-45.1823
BLOCK13/SES130/SA130S23	SES146	-0.9104	-46.0927	-45.1823
BLOCK13/SES130/SA130S23	SES162	-1.14807	-46.3303	-45.1823
BLOCK13/SES130/SA130S25	SES127	-1.06584	-44.7342	-43.6684
BLOCK13/SES130/SA130S25	SES144	-0.484413	-44.1528	-43.6684
BLOCK13/SES130/SA130S25	SES146	-0.852066	-44.5205	-43.6684
BLOCK13/SES130/SA130S25	SES275	-1.10085	-44.7692	-43.6684
BLOCK13/SES130/SA130S28	SES127	-0.965256	-44.8273	-43.8621
BLOCK13/SES130/SA130S28	SES144	-0.692951	-44.555	-43.8621
BLOCK13/SES130/SA130S28	SES146	-0.855999	-44.7181	-43.8621
BLOCK13/SES130/SA130S28	SES275	-0.341145	-44.2032	-43.8621
BLOCK13/SES131/SA131S13	SES002	-2.43561	-48.4265	-45.9909
BLOCK13/SES131/SA131S13	SES007	-3.72115	-49.7121	-45.9909
BLOCK13/SES131/SA131S13	SES099	-1.62377	-47.6147	-45.9909
BLOCK13/SES131/SA131S13	SES105	-2.41508	-48.406	-45.9909
BLOCK13/SES131/SA131S14	SES104	-0.713238	-44.8878	-44.1745
BLOCK13/SES131/SA131S14	SES106	-0.420609	-44.5951	-44.1745
BLOCK13/SES131/SA131S14	SES125	-1.33028	-45.5048	-44.1745
BLOCK13/SES131/SA131S14	SES148	-2.52885	-46.7034	-44.1745
BLOCK13/SES131/SA131S20	SES104	-1.61343	-47.0561	-45.4427
BLOCK13/SES131/SA131S20	SES106	-0.439133	-45.8818	-45.4427
BLOCK13/SES131/SA131S20	SES125	-1.49388	-46.9366	-45.4427
BLOCK13/SES131/SA131S20	SES148	-4.20238	-49.6451	-45.4427
BLOCK13/SES131/SA131S22	SES099	-0.866203	-45.4455	-44.5793
BLOCK13/SES131/SA131S22	SES104	-1.44883	-46.0282	-44.5793
BLOCK13/SES131/SA131S22	SES125	-1.33765	-45.917	-44.5793
BLOCK13/SES131/SA131S22	SES206	-1.5845	-46.1638	-44.5793
BLOCK13/SES131/SA131S29	SES087	-1.28722	-46.6215	-45.3343
BLOCK13/SES131/SA131S29	SES104	-2.07837	-47.4126	-45.3343
BLOCK13/SES131/SA131S29	SES125	-1.82347	-47.1577	-45.3343
BLOCK13/SES131/SA131S29	SES206	-1.40631	-46.7406	-45.3343
BLOCK13/SES132/SA132S11	SES083	-1.8519	-45.224	-43.3721
BLOCK13/SES132/SA132S11	SES120	0.0824623	-43.2897	-43.3721
BLOCK13/SES132/SA132S11	SES127	-1.06583	-44.438	-43.3721
BLOCK13/SES132/SA132S11	SES275	-0.772976	-44.1451	-43.3721
BLOCK13/SES132/SA132S12	SES083	-1.60729	-44.7562	-43.1489
BLOCK13/SES132/SA132S12	SES143	-1.16713	-44.316	-43.1489
BLOCK13/SES132/SA132S12	SES144	-0.926262	-44.0751	-43.1489
BLOCK13/SES132/SA132S12	SES148	-1.04147	-44.1903	-43.1489
BLOCK13/SES132/SA132S22	SES062	-0.146904	-43.3634	-43.2165
BLOCK13/SES132/SA132S22	SES083	-1.05348	-44.27	-43.2165
BLOCK13/SES132/SA132S22	SES127	-0.964474	-44.181	-43.2165
BLOCK13/SES132/SA132S22	SES275	-0.461796	-43.6783	-43.2165
BLOCK13/SES132/SA132S24	SES007	-0.244564	-43.1421	-42.8976
BLOCK13/SES132/SA132S24	SES083	-1.72474	-44.6223	-42.8976
BLOCK13/SES132/SA132S24	SES127	-1.46191	-44.3595	-42.8976
BLOCK13/SES132/SA132S24	SES275	-0.534504	-43.4321	-42.8976
BLOCK13/SES132/SA132S27	SES083	-2.12833	-45.7405	-43.6122
BLOCK13/SES132/SA132S27	SES120	-0.456085	-44.0683	-43.6122
BLOCK13/SES132/SA132S27	SES127	-1.96984	-45.582	-43.6122
BLOCK13/SES132/SA132S27	SES275	-1.54334	-45.1555	-43.6122
BLOCK14/SES141/SA141S09	SES143	-1.07584	-44.7107	-43.6348
BLOCK14/SES141/SA141S09	SES144	-0.582802	-44.2176	-43.6348
BLOCK14/SES141/SA141S09	SES162	-1.21291	-44.8477	-43.6348
BLOCK14/SES141/SA141S09	SES180	-1.07811	-44.7129	-43.6348
BLOCK14/SES141/SA141S15	SES127	-1.28255	-44.7683	-43.4858
BLOCK14/SES141/SA141S15	SES144	-1.04808	-44.5339	-43.4858
BLOCK14/SES141/SA141S15	SES162	-1.25791	-44.7437	-43.4858
BLOCK14/SES141/SA141S15	SES180	-0.767918	-44.2537	-43.4858
BLOCK14/SES141/SA141S24	SES127	-0.757896	-43.8997	-43.1418
BLOCK14/SES141/SA141S24	SES144	-1.06799	-44.2098	-43.1418
BLOCK14/SES141/SA141S24	SES162	-1.06973	-44.2115	-43.1418
BLOCK14/SES141/SA141S24	SES183	-1.68897	-44.8307	-43.1418
BLOCK14/SES141/SA141S26	SES142	-1.06338	-45.0768	-44.0134
BLOCK14/SES141/SA141S26	SES144	-0.926449	-44.9398	-44.0134
BLOCK14/SES141/SA141S26	SES172	-1.43714	-45.4505	-44.0134
BLOCK14/SES141/SA141S26	SES180	-0.95826	-44.9717	-44.0134
BLOCK14/SES141/SA141S29	SES127	-0.0995903	-43.2784	-43.1788
BLOCK14/SES141/SA141S29	SES142	-0.0708466	-43.2496	-43.1788
BLOCK14/SES141/SA141S29	SES144	-1.02042	-44.1992	-43.1788
BLOCK14/SES141/SA141S29	SES180	-0.409	-43.5878	-43.1788
BLOCK15/SES157/SA157S08	SES083	-2.93556	-46.9006	-43.965
BLOCK15/SES157/SA157S08	SES127	-1.3392	-45.3042	-43.965
BLOCK15/SES157/SA157S08	SES148	-1.28493	-45.25	-43.965
BLOCK15/SES157/SA157S08	SES292	-2.3763	-46.3413	-43.965
BLOCK15/SES157/SA157S11	SES083	-2.88436	-46.7736	-43.8893
BLOCK15/SES157/SA157S11	SES127	-1.35457	-45.2438	-43.8893
BLOCK15/SES157/SA157S11	SES148	-1.24144	-45.1307	-43.8893
BLOCK15/SES157/SA157S11	SES292	-1.93185	-45.8211	-43.8893
BLOCK15/SES157/SA157S21	SES127	-1.007	-44.433	-43.426
BLOCK15/SES157/SA157S21	SES148	-0.734959	-44.161	-43.426
BLOCK15/SES157/SA157S21	SES158	-4.6596	-48.0856	-43.426
BLOCK15/SES157/SA157S21	SES292	-1.5007	-44.9267	-43.426
BLOCK15/SES157/SA157S24	SES127	-1.0702	-44.5778	-43.5076
BLOCK15/SES157/SA157S24	SES148	-1.43383	-44.9415	-43.5076
BLOCK15/SES157/SA157S24	SES183	-1.71545	-45.2231	-43.5076
BLOCK15/SES157/SA157S24	SES292	-2.29829	-45.8059	-43.5076
BLOCK15/SES157/SA157S26	SES007	-0.571575	-43.9241	-43.3525
BLOCK15/SES157/SA157S26	SES127	-0.557545	-43.9101	-43.3525
BLOCK15/SES157/SA157S26	SES147	-2.9231	-46.2756	-43.3525
BLOCK15/SES157/SA157S26	SES148	-1.16522	-44.5177	-43.3525
BLOCK16/SES161/SA161S10	SES007	-2.19152	-47.3087	-45.1172
BLOCK16/SES161/SA161S10	SES105	-1.66544	-46.7826	-45.1172
BLOCK16/SES161/SA161S10	SES158	-1.83556	-46.9527	-45.1172
BLOCK16/SES161/SA161S10	SES275	-2.0454	-47.1626	-45.1172
BLOCK16/SES161/SA161S12	SES007	-1.46133	-46.0964	-44.6351
BLOCK16/SES161/SA161S12	SES105	-2.06988	-46.705	-44.6351
BLOCK16/SES161/SA161S12	SES158	-1.37281	-46.0079	-44.6351
BLOCK16/SES161/SA161S12	SES275	-1.67534	-46.3104	-44.6351
BLOCK16/SES161/SA161S20	SES007	-2.64449	-48.2687	-45.6242
BLOCK16/SES161/SA161S20	SES105	-2.46037	-48.0845	-45.6242
BLOCK16/SES161/SA161S20	SES158	-1.51292	-47.1371	-45.6242
BLOCK16/SES161/SA161S20	SES275	-2.99644	-48.6206	-45.6242
BLOCK16/SES161/SA161S23	SES007	-2.17553	-46.579	-44.4035
BLOCK16/SES161/SA161S23	SES105	-1.1365	-45.54	-44.4035
BLOCK16/SES161/SA161S23	SES148	-1.96386	-46.3674	-44.4035
BLOCK16/SES161/SA161S23	SES158	-1.21286	-45.6164	-44.4035
BLOCK16/SES161/SA161S28	SES007	-2.80295	-47.639	-44.836
BLOCK16/SES161/SA161S28	SES105	-2.59431	-47.4303	-44.836
BLOCK16/SES161/SA161S28	SES158	-0.730019	-45.566	-44.836
BLOCK16/SES161/SA161S28	SES206	-1.75148	-46.5875	-44.836
BLOCK16/SES164/SA164S11	SES104	-1.59109	-45.4239	-43.8328
BLOCK16/SES164/SA164S11	SES125	-0.55999	-44.3928	-43.8328
BLOCK16/SES164/SA164S11	SES158	-0.247471	-44.0802	-43.8328
BLOCK16/SES164/SA164S11	SES206	-1.38153	-45.2143	-43.8328
BLOCK16/SES164/SA164S13	SES099	-0.804115	-45.8238	-45.0197
BLOCK16/SES164/SA164S13	SES104	-1.45028	-46.47	-45.0197
BLOCK16/SES164/SA164S13	SES125	-1.58087	-46.6006	-45.0197
BLOCK16/SES164/SA164S13	SES206	-1.77268	-46.7924	-45.0197
BLOCK16/SES164/SA164S24	SES002	-0.236359	-44.6377	-44.4014
BLOCK16/SES164/SA164S24	SES099	-0.331493	-44.7329	-44.4014
BLOCK16/SES164/SA164S24	SES125	-1.39556	-45.7969	-44.4014
BLOCK16/SES164/SA164S24	SES226	-0.0605049	-44.4619	-44.4014
BLOCK16/SES164/SA164S27	SES087	-2.13548	-46.7495	-44.614
BLOCK16/SES164/SA164S27	SES125	-1.20517	-45.8191	-44.614
BLOCK16/SES164/SA164S27	SES206	-1.56073	-46.1747	-44.614
BLOCK16/SES164/SA164S27	SES226	-0.454685	-45.0687	-44.614
BLOCK16/SES164/SA164S29	SES002	0.175854	-44.1366	-44.3125
BLOCK16/SES164/SA164S29	SES019	-1.02282	-45.3353	-44.3125
BLOCK16/SES164/SA164S29	SES125	-0.916073	-45.2286	-44.3125
BLOCK16/SES164/SA164S29	SES226	-0.571396	-44.8839	-44.3125
BLOCK16/SES169/SA169S13	SES117	-1.26369	-45.1651	-43.9014
BLOCK16/SES169/SA169S13	SES144	-0.950024	-44.8514	-43.9014
BLOCK16/SES169/SA169S13	SES146	-1.38097	-45.2824	-43.9014
BLOCK16/SES169/SA169S13	SES162	-0.91795	-44.8194	-43.9014
BLOCK16/SES169/SA169S14	SES144	-1.10016	-44.05	-42.9499
BLOCK16/SES169/SA169S14	SES148	-0.879887	-43.8297	-42.9499
BLOCK16/SES169/SA169S14	SES177	-1.09716	-44.047	-42.9499
BLOCK16/SES169/SA169S14	SES180	-1.55868	-44.5085	-42.9499
BLOCK16/SES169/SA169S24	SES117	-1.00326	-45.7109	-44.7077
BLOCK16/SES169/SA169S24	SES144	-0.482861	-45.1905	-44.7077
BLOCK16/SES169/SA169S24	SES146	-1.22393	-45.9316	-44.7077
BLOCK16/SES169/SA169S24	SES162	-1.02937	-45.737	-44.7077
BLOCK16/SES169/SA169S27	SES127	-1.15214	-45.0205	-43.8683
BLOCK16/SES169/SA169S27	SES129	-1.34376	-45.2121	-43.8683
BLOCK16/SES169/SA169S27	SES144	-1.08672	-44.9551	-43.8683
BLOCK16/SES169/SA169S27	SES146	-0.514732	-44.3831	-43.8683
BLOCK16/SES169/SA169S29	SES144	-0.326698	-43.3214	-42.9947
BLOCK16/SES169/SA169S29	SES162	-0.626915	-43.6216	-42.9947
BLOCK16/SES169/SA169S29	SES177	-1.66965	-44.6644	-42.9947
BLOCK16/SES169/SA169S29	SES180	-0.682365	-43.6771	-42.9947
BLOCK17/SES171/SA171S12	SES083	-1.536	-45.9976	-44.4616
BLOCK17/SES171/SA171S12	SES148	-1.48472	-45.9463	-44.4616
BLOCK17/SES171/SA171S12	SES172	-1.50484	-45.9664	-44.4616
BLOCK17/SES171/SA171S12	SES292	-2.11717	-46.5787	-44.4616
BLOCK17/SES171/SA171S15	SES148	-1.52062	-46.5052	-44.9845
BLOCK17/SES171/SA171S15	SES177	-1.67501	-46.6596	-44.9845
BLOCK17/SES171/SA171S15	SES180	-3.54095	-48.5255	-44.9845
BLOCK17/SES171/SA171S15	SES292	-2.45418	-47.4387	-44.9845
BLOCK17/SES171/SA171S22	SES007	-1.4929	-45.1989	-43.706
BLOCK17/SES171/SA171S22	SES148	-1.06604	-44.772	-43.706
BLOCK17/SES171/SA171S22	SES177	-0.690987	-44.3969	-43.706
BLOCK17/SES171/SA171S22	SES180	-1.79449	-45.5004	-43.706
BLOCK17/SES171/SA171S25	SES101	-2.50115	-47.2428	-44.7417
BLOCK17/SES171/SA171S25	SES120	-3.36695	-48.1086	-44.7417
BLOCK17/SES171/SA171S25	SES177	-1.14165	-45.8833	-44.7417
BLOCK17/SES171/SA171S25	SES180	-2.68103	-47.4227	-44.7417
BLOCK17/SES171/SA171S27	SES177	-0.716461	-44.9202	-44.2038
BLOCK17/SES171/SA171S27	SES180	-2.64221	-46.846	-44.2038
BLOCK17/SES171/SA171S27	SES189	-0.754917	-44.9587	-44.2038
BLOCK17/SES171/SA171S27	SES292	-2.30301	-46.5068	-44.2038
BLOCK17/SES173/SA173S13	SES162	-2.19046	-47.1561	-44.9657
BLOCK17/SES173/SA173S13	SES177	-2.06023	-47.0259	-44.9657
BLOCK17/SES173/SA173S13	SES180	-2.54369	-47.5094	-44.9657
BLOCK17/SES173/SA173S13	SES292	-0.804897	-45.7706	-44.9657
BLOCK17/SES173/SA173S14	SES007	-2.48443	-47.5649	-45.0805
BLOCK17/SES173/SA173S14	SES162	-1.75475	-46.8352	-45.0805
BLOCK17/SES173/SA173S14	SES177	-1.31059	-46.3911	-45.0805
BLOCK17/SES173/SA173S14	SES180	-2.7756	-47.8561	-45.0805
BLOCK17/SES173/SA173S24	SES144	-1.63133	-47.121	-45.4896
BLOCK17/SES173/SA173S24	SES162	-2.2176	-47.7072	-45.4896
BLOCK17/SES173/SA173S24	SES177	-1.94011	-47.4298	-45.4896
BLOCK17/SES173/SA173S24	SES180	-2.87863	-48.3683	-45.4896
BLOCK17/SES173/SA173S27	SES162	-2.52153	-47.4692	-44.9477
BLOCK17/SES173/SA173S27	SES177	-2.0866	-47.0343	-44.9477
BLOCK17/SES173/SA173S27	SES180	-2.73935	-47.6871	-44.9477
BLOCK17/SES173/SA173S27	SES292	-1.67676	-46.6245	-44.9477
BLOCK17/SES173/SA173S29	SES162	-1.85043	-46.8441	-44.9936
BLOCK17/SES173/SA173S29	SES175	-0.974468	-45.9681	-44.9936
BLOCK17/SES173/SA173S29	SES177	-1.80041	-46.7941	-44.9936
BLOCK17/SES173/SA173S29	SES292	-1.76358	-46.7572	-44.9936
BLOCK18/SES182/SA182S10	SES144	-0.883492	-44.7357	-43.8522
BLOCK18/SES182/SA182S10	SES177	-1.21796	-45.0702	-43.8522
BLOCK18/SES182/SA182S10	SES180	-1.71955	-45.5718	-43.8522
BLOCK18/SES182/SA182S10	SES275	-0.442677	-44.2949	-43.8522
BLOCK18/SES182/SA182S12	SES144	-0.459621	-43.8293	-43.3697
BLOCK18/SES182/SA182S12	SES177	-0.876041	-44.2457	-43.3697
BLOCK18/SES182/SA182S12	SES180	-1.19918	-44.5688	-43.3697
BLOCK18/SES182/SA182S12	SES275	-0.741589	-44.1112	-43.3697
BLOCK18/SES182/SA182S21	SES117	-1.52672	-45.6917	-44.165
BLOCK18/SES182/SA182S21	SES144	-0.900177	-45.0652	-44.165
BLOCK18/SES182/SA182S21	SES162	-1.18932	-45.3543	-44.165
BLOCK18/SES182/SA182S21	SES180	-1.99127	-46.1563	-44.165
BLOCK18/SES182/SA182S23	SES117	-1.42174	-45.5895	-44.1677
BLOCK18/SES182/SA182S23	SES144	-1.04581	-45.2135	-44.1677
BLOCK18/SES182/SA182S23	SES180	-1.67845	-45.8462	-44.1677
BLOCK18/SES182/SA182S23	SES275	-0.270733	-44.4384	-44.1677
BLOCK18/SES182/SA182S25	SES007	-0.0932922	-43.849	-43.7557
BLOCK18/SES182/SA182S25	SES162	-0.946033	-44.7018	-43.7557
BLOCK18/SES182/SA182S25	SES177	-0.933182	-44.6889	-43.7557
BLOCK18/SES182/SA182S25	SES180	-1.61389	-45.3696	-43.7557
BLOCK18/SES184/SA184S12	SES177	-1.60459	-45.9204	-44.3158
BLOCK18/SES184/SA184S12	SES180	-1.58002	-45.8958	-44.3158
BLOCK18/SES184/SA184S12	SES189	-1.27678	-45.5926	-44.3158
BLOCK18/SES184/SA184S12	SES292	-0.873531	-45.1893	-44.3158
BLOCK18/SES184/SA184S13	SES101	-1.92152	-45.6821	-43.7605
BLOCK18/SES184/SA184S13	SES177	-1.07346	-44.834	-43.7605
BLOCK18/SES184/SA184S13	SES180	-1.1176	-44.8781	-43.7605
BLOCK18/SES184/SA184S13	SES292	-1.51441	-45.2749	-43.7605
BLOCK18/SES184/SA184S22	SES177	-1.52473	-44.4401	-42.9154
BLOCK18/SES184/SA184S22	SES180	-0.92527	-43.8407	-42.9154
BLOCK18/SES184/SA184S22	SES189	-2.09808	-45.0135	-42.9154
BLOCK18/SES184/SA184S22	SES292	-1.5122	-44.4276	-42.9154
BLOCK18/SES184/SA184S25	SES101	-0.903625	-43.512	-42.6084
BLOCK18/SES184/SA184S25	SES177	-1.47118	-44.0796	-42.6084
BLOCK18/SES184/SA184S25	SES180	-0.82933	-43.4377	-42.6084
BLOCK18/SES184/SA184S25	SES292	-0.775654	-43.3841	-42.6084
BLOCK18/SES184/SA184S27	SES083	-1.38746	-44.8565	-43.469
BLOCK18/SES184/SA184S27	SES177	-1.1587	-44.6277	-43.469
BLOCK18/SES184/SA184S27	SES202	-1.26267	-44.7317	-43.469
BLOCK18/SES184/SA184S27	SES292	-1.05539	-44.5244	-43.469
BLOCK20/SES204/SA204S12	SES062	-1.72265	-45.0368	-43.3142
BLOCK20/SES204/SA204S12	SES083	-2.38514	-45.6993	-43.3142
BLOCK20/SES204/SA204S12	SES206	-0.474445	-43.7886	-43.3142
BLOCK20/SES204/SA204S12	SES226	-1.7092	-45.0234	-43.3142
BLOCK20/SES204/SA204S14	SES068	-1.92835	-44.5549	-42.6266
BLOCK20/SES204/SA204S14	SES087	-0.646233	-43.2728	-42.6266
BLOCK20/SES204/SA204S14	SES206	-1.44427	-44.0708	-42.6266
BLOCK20/SES204/SA204S14	SES226	-1.55108	-44.1777	-42.6266
BLOCK20/SES204/SA204S22	SES068	-3.03239	-46.3906	-43.3582
BLOCK20/SES204/SA204S22	SES082	-3.17831	-46.5365	-43.3582
BLOCK20/SES204/SA204S22	SES083	-3.10495	-46.4632	-43.3582
BLOCK20/SES204/SA204S22	SES206	-1.27122	-44.6295	-43.3582
BLOCK20/SES204/SA204S25	SES062	-2.89687	-46.5622	-43.6653
BLOCK20/SES204/SA204S25	SES083	-2.66151	-46.3268	-43.6653
BLOCK20/SES204/SA204S25	SES206	-0.781845	-44.4471	-43.6653
BLOCK20/SES204/SA204S25	SES226	-1.71992	-45.3852	-43.6653
BLOCK20/SES204/SA204S27	SES068	-3.31908	-47.0136	-43.6945
BLOCK20/SES204/SA204S27	SES082	-2.44782	-46.1424	-43.6945
BLOCK20/SES204/SA204S27	SES087	-0.87822	-44.5728	-43.6945
BLOCK20/SES204/SA204S27	SES206	-0.99939	-44.6939	-43.6945
BLOCK20/SES207/SA207S10	SES127	-1.17899	-45.2205	-44.0416
BLOCK20/SES207/SA207S10	SES183	-1.60075	-45.6423	-44.0416
BLOCK20/SES207/SA207S10	SES189	-1.4211	-45.4627	-44.0416
BLOCK20/SES207/SA207S10	SES292	-1.3233	-45.3649	-44.0416
BLOCK20/SES207/SA207S11	SES127	-1.79792	-45.8919	-44.0939
BLOCK20/SES207/SA207S11	SES183	-1.6047	-45.6986	-44.0939
BLOCK20/SES207/SA207S11	SES187	-0.895943	-44.9899	-44.0939
BLOCK20/SES207/SA207S11	SES292	-1.93966	-46.0336	-44.0939
BLOCK20/SES207/SA207S25	SES068	-1.24892	-45.2924	-44.0435
BLOCK20/SES207/SA207S25	SES083	-2.42565	-46.4691	-44.0435
BLOCK20/SES207/SA207S25	SES127	-0.76062	-44.8041	-44.0435
BLOCK20/SES207/SA207S25	SES187	-0.561756	-44.6052	-44.0435
BLOCK20/SES207/SA207S27	SES127	-1.4889	-46.261	-44.7721
BLOCK20/SES207/SA207S27	SES183	-0.871559	-45.6436	-44.7721
BLOCK20/SES207/SA207S27	SES187	-1.12191	-45.894	-44.7721
BLOCK20/SES207/SA207S27	SES292	-1.52457	-46.2966	-44.7721
BLOCK20/SES207/SA207S29	SES083	-2.20248	-46.1615	-43.959
BLOCK20/SES207/SA207S29	SES085	-1.37101	-45.33	-43.959
BLOCK20/SES207/SA207S29	SES172	-1.257	-45.216	-43.959
BLOCK20/SES207/SA207S29	SES189	-2.03751	-45.9965	-43.959
BLOCK22/SES221/SA221S12	SES068	-2.30381	-45.8982	-43.5944
BLOCK22/SES221/SA221S12	SES143	-1.86318	-45.4576	-43.5944
BLOCK22/SES221/SA221S12	SES175	-0.942875	-44.5373	-43.5944
BLOCK22/SES221/SA221S12	SES202	-0.754227	-44.3486	-43.5944
BLOCK22/SES221/SA221S15	SES085	-2.64991	-47.5927	-44.9428
BLOCK22/SES221/SA221S15	SES143	-2.74535	-47.6881	-44.9428
BLOCK22/SES221/SA221S15	SES175	-1.188	-46.1308	-44.9428
BLOCK22/SES221/SA221S15	SES187	-0.994602	-45.9374	-44.9428
BLOCK22/SES221/SA221S23	SES068	-1.56469	-45.201	-43.6363
BLOCK22/SES221/SA221S23	SES143	-2.77896	-46.4153	-43.6363
BLOCK22/SES221/SA221S23	SES175	-1.24168	-44.878	-43.6363
BLOCK22/SES221/SA221S23	SES189	-0.537388	-44.1737	-43.6363
BLOCK22/SES221/SA221S27	SES085	-2.37221	-46.4546	-44.0824
BLOCK22/SES221/SA221S27	SES143	-1.91822	-46.0006	-44.0824
BLOCK22/SES221/SA221S27	SES175	-0.834637	-44.9171	-44.0824
BLOCK22/SES221/SA221S27	SES189	0.415207	-43.6672	-44.0824
BLOCK22/SES221/SA221S29	SES085	-3.10447	-48.0645	-44.96
BLOCK22/SES221/SA221S29	SES143	-2.28486	-47.2449	-44.96
BLOCK22/SES221/SA221S29	SES175	-0.540661	-45.5007	-44.96
BLOCK22/SES221/SA221S29	SES187	-0.838795	-45.7988	-44.96
BLOCK22/SES223/SA223S11	SES143	-1.51594	-46.1262	-44.6102
BLOCK22/SES223/SA223S11	SES144	-2.46593	-47.0761	-44.6102
BLOCK22/SES223/SA223S11	SES175	-0.952934	-45.5632	-44.6102
BLOCK22/SES223/SA223S11	SES187	-1.60466	-46.2149	-44.6102
BLOCK22/SES223/SA223S13	SES068	-1.92941	-47.4679	-45.5385
BLOCK22/SES223/SA223S13	SES143	-2.53663	-48.0751	-45.5385
BLOCK22/SES223/SA223S13	SES146	-2.7397	-48.2782	-45.5385
BLOCK22/SES223/SA223S13	SES202	-1.6905	-47.229	-45.5385
BLOCK22/SES223/SA223S22	SES143	-1.33129	-45.9613	-44.6301
BLOCK22/SES223/SA223S22	SES144	-2.06202	-46.6921	-44.6301
BLOCK22/SES223/SA223S22	SES175	-1.25945	-45.8895	-44.6301
BLOCK22/SES223/SA223S22	SES187	-1.15297	-45.783	-44.6301
BLOCK22/SES223/SA223S25	SES068	-0.993198	-45.4046	-44.4114
BLOCK22/SES223/SA223S25	SES143	-1.6489	-46.0603	-44.4114
BLOCK22/SES223/SA223S25	SES175	-1.17546	-45.5869	-44.4114
BLOCK22/SES223/SA223S25	SES187	-1.12801	-45.5394	-44.4114
BLOCK22/SES223/SA223S27	SES143	-0.720963	-45.4212	-44.7002
BLOCK22/SES223/SA223S27	SES146	-1.63688	-46.3371	-44.7002
BLOCK22/SES223/SA223S27	SES187	-0.797325	-45.4976	-44.7002
BLOCK22/SES223/SA223S27	SES292	-1.43236	-46.1326	-44.7002
BLOCK27/SES273/SA273S12	SES099	-0.0387039	-42.9668	-42.9281
BLOCK27/SES273/SA273S12	SES104	-0.0530396	-42.9811	-42.9281
BLOCK27/SES273/SA273S12	SES125	-0.745567	-43.6736	-42.9281
BLOCK27/SES273/SA273S12	SES206	0.0607414	-42.8673	-42.9281
BLOCK27/SES273/SA273S13	SES099	-1.15495	-43.6077	-42.4527
BLOCK27/SES273/SA273S13	SES104	-0.67001	-43.1227	-42.4527
BLOCK27/SES273/SA273S13	SES206	-1.14826	-43.601	-42.4527
BLOCK27/SES273/SA273S13	SES292	-3.22672	-45.6794	-42.4527
BLOCK27/SES273/SA273S21	SES099	-0.191303	-43.3756	-43.1843
BLOCK27/SES273/SA273S21	SES148	-2.56863	-45.753	-43.1843
BLOCK27/SES273/SA273S21	SES149	-0.712048	-43.8964	-43.1843
BLOCK27/SES273/SA273S21	SES177	-3.83326	-47.0176	-43.1843
BLOCK27/SES273/SA273S25	SES104	-0.528496	-43.5279	-42.9994
BLOCK27/SES273/SA273S25	SES125	-1.21606	-44.2155	-42.9994
BLOCK27/SES273/SA273S25	SES158	-0.256786	-43.2562	-42.9994
BLOCK27/SES273/SA273S25	SES206	-0.123901	-43.1233	-42.9994
BLOCK27/SES273/SA273S27	SES099	-0.491508	-43.0033	-42.5118
BLOCK27/SES273/SA273S27	SES104	-0.550461	-43.0623	-42.5118
BLOCK27/SES273/SA273S27	SES149	-0.759029	-43.2708	-42.5118
BLOCK27/SES273/SA273S27	SES275	-2.35301	-44.8648	-42.5118
BLOCK27/SES274/SA274S10	SES105	-1.60002	-44.4006	-42.8006
BLOCK27/SES274/SA274S10	SES125	-0.555355	-43.3559	-42.8006
BLOCK27/SES274/SA274S10	SES129	-1.01012	-43.8107	-42.8006
BLOCK27/SES274/SA274S10	SES158	-1.20332	-44.0039	-42.8006
BLOCK27/SES274/SA274S11	SES105	-1.66143	-44.7367	-43.0753
BLOCK27/SES274/SA274S11	SES149	-0.783611	-43.8589	-43.0753
BLOCK27/SES274/SA274S11	SES158	-0.936638	-44.0119	-43.0753
BLOCK27/SES274/SA274S11	SES275	-1.52441	-44.5997	-43.0753
BLOCK27/SES274/SA274S21	SES105	-1.2296	-44.6481	-43.4185
BLOCK27/SES274/SA274S21	SES129	-1.08901	-44.5075	-43.4185
BLOCK27/SES274/SA274S21	SES149	-0.101299	-43.5198	-43.4185
BLOCK27/SES274/SA274S21	SES158	-1.65981	-45.0783	-43.4185
BLOCK27/SES274/SA274S24	SES105	-1.72439	-45.1988	-43.4744
BLOCK27/SES274/SA274S24	SES129	-2.17949	-45.6539	-43.4744
BLOCK27/SES274/SA274S24	SES149	-0.56181	-44.0362	-43.4744
BLOCK27/SES274/SA274S24	SES158	-1.88759	-45.362	-43.4744
BLOCK27/SES274/SA274S29	SES105	-1.77458	-44.9321	-43.1576
BLOCK27/SES274/SA274S29	SES106	-1.53316	-44.6907	-43.1576
BLOCK27/SES274/SA274S29	SES120	-1.77328	-44.9308	-43.1576
BLOCK27/SES274/SA274S29	SES275	-1.61683	-44.7744	-43.1576
BLOCK27/SES276/SA276S16	SES148	-1.20407	-44.9528	-43.7487
BLOCK27/SES276/SA276S16	SES172	-1.27222	-45.021	-43.7487
BLOCK27/SES276/SA276S16	SES180	-1.52951	-45.2783	-43.7487
BLOCK27/SES276/SA276S16	SES292	-1.01844	-44.7672	-43.7487
BLOCK27/SES276/SA276S17	SES101	-2.0431	-45.8411	-43.798
BLOCK27/SES276/SA276S17	SES177	-1.42921	-45.2272	-43.798
BLOCK27/SES276/SA276S17	SES180	-1.18792	-44.9859	-43.798
BLOCK27/SES276/SA276S17	SES292	-1.27314	-45.0711	-43.798
BLOCK27/SES276/SA276S24	SES101	-0.900661	-43.7919	-42.8912
BLOCK27/SES276/SA276S24	SES177	-1.3743	-44.2655	-42.8912
BLOCK27/SES276/SA276S24	SES180	-1.31414	-44.2053	-42.8912
BLOCK27/SES276/SA276S24	SES292	-1.93358	-44.8248	-42.8912
BLOCK27/SES276/SA276S26	SES101	-2.17353	-45.3502	-43.1767
BLOCK27/SES276/SA276S26	SES177	-0.864502	-44.0412	-43.1767
BLOCK27/SES276/SA276S26	SES180	-0.90192	-44.0786	-43.1767
BLOCK27/SES276/SA276S26	SES292	-0.500614	-43.6773	-43.1767
BLOCK27/SES276/SA276S28	SES101	-2.11047	-45.5546	-43.4441
BLOCK27/SES276/SA276S28	SES177	-1.89033	-45.3344	-43.4441
BLOCK27/SES276/SA276S28	SES180	-1.24816	-44.6922	-43.4441
BLOCK27/SES276/SA276S28	SES292	-1.80801	-45.2521	-43.4441
BLOCK27/SES277/SA277S12	SES101	-0.756996	-44.8743	-44.1174
BLOCK27/SES277/SA277S12	SES177	-1.54786	-45.6652	-44.1174
BLOCK27/SES277/SA277S12	SES180	-2.02545	-46.1428	-44.1174
BLOCK27/SES277/SA277S12	SES292	-1.84046	-45.9578	-44.1174
BLOCK27/SES277/SA277S14	SES177	-1.21841	-45.8215	-44.6031
BLOCK27/SES277/SA277S14	SES180	-2.28035	-46.8834	-44.6031
BLOCK27/SES277/SA277S14	SES189	-0.85397	-45.457	-44.6031
BLOCK27/SES277/SA277S14	SES292	-2.27337	-46.8764	-44.6031
BLOCK27/SES277/SA277S21	SES177	-0.323757	-44.0273	-43.7036
BLOCK27/SES277/SA277S21	SES180	-1.98484	-45.6884	-43.7036
BLOCK27/SES277/SA277S21	SES189	-0.83025	-44.5338	-43.7036
BLOCK27/SES277/SA277S21	SES292	-2.37797	-46.0815	-43.7036
BLOCK27/SES277/SA277S24	SES144	-1.71523	-46.3749	-44.6597
BLOCK27/SES277/SA277S24	SES177	-0.805668	-45.4654	-44.6597
BLOCK27/SES277/SA277S24	SES180	-2.48003	-47.1397	-44.6597
BLOCK27/SES277/SA277S24	SES189	-0.983624	-45.6433	-44.6597
BLOCK27/SES277/SA277S29	SES177	-0.779205	-43.4044	-42.6252
BLOCK27/SES277/SA277S29	SES180	-1.00242	-43.6276	-42.6252
BLOCK27/SES277/SA277S29	SES202	-0.904366	-43.5296	-42.6252
BLOCK27/SES277/SA277S29	SES292	-1.7446	-44.3698	-42.6252
BLOCK27/SES279/SA279S09	SES120	-1.12346	-44.4073	-43.2839
BLOCK27/SES279/SA279S09	SES146	-1.57316	-44.857	-43.2839
BLOCK27/SES279/SA279S09	SES206	-2.32946	-45.6133	-43.2839
BLOCK27/SES279/SA279S09	SES226	-2.41549	-45.6994	-43.2839
BLOCK27/SES279/SA279S10	SES099	-1.96817	-45.439	-43.4709
BLOCK27/SES279/SA279S10	SES206	-1.64352	-45.1144	-43.4709
BLOCK27/SES279/SA279S10	SES226	-1.97751	-45.4484	-43.4709
BLOCK27/SES279/SA279S10	SES292	-1.04934	-44.5202	-43.4709
BLOCK27/SES279/SA279S20	SES099	-3.21787	-47.1515	-43.9336
BLOCK27/SES279/SA279S20	SES206	-1.97593	-45.9096	-43.9336
BLOCK27/SES279/SA279S20	SES226	-2.71668	-46.6503	-43.9336
BLOCK27/SES279/SA279S20	SES292	-0.67524	-44.6089	-43.9336
BLOCK27/SES279/SA279S26	SES099	-2.98441	-46.785	-43.8006
BLOCK27/SES279/SA279S26	SES206	-1.39312	-45.1938	-43.8006
BLOCK27/SES279/SA279S26	SES226	-2.23795	-46.0386	-43.8006
BLOCK27/SES279/SA279S26	SES292	-1.07187	-44.8725	-43.8006
BLOCK27/SES279/SA279S28	SES099	-2.69162	-45.0098	-42.3182
BLOCK27/SES279/SA279S28	SES120	-0.735462	-43.0536	-42.3182
BLOCK27/SES279/SA279S28	SES177	-1.6954	-44.0136	-42.3182
BLOCK27/SES279/SA279S28	SES206	-1.97698	-44.2951	-42.3182
BLOCK29/SES290/SA290S12	SES162	-1.35932	-44.3387	-42.9794
BLOCK29/SES290/SA290S12	SES177	-1.54017	-44.5196	-42.9794
BLOCK29/SES290/SA290S12	SES180	-2.25728	-45.2367	-42.9794
BLOCK29/SES290/SA290S12	SES292	-2.17961	-45.159	-42.9794
BLOCK29/SES290/SA290S13	SES007	-1.68271	-45.1693	-43.4866
BLOCK29/SES290/SA290S13	SES162	-1.99645	-45.4831	-43.4866
BLOCK29/SES290/SA290S13	SES177	-0.964432	-44.451	-43.4866
BLOCK29/SES290/SA290S13	SES180	-1.94852	-45.4351	-43.4866
BLOCK29/SES290/SA290S22	SES177	-0.922676	-44.004	-43.0813
BLOCK29/SES290/SA290S22	SES180	-1.28485	-44.3661	-43.0813
BLOCK29/SES290/SA290S22	SES202	-1.32019	-44.4015	-43.0813
BLOCK29/SES290/SA290S22	SES292	-1.60849	-44.6898	-43.0813
BLOCK29/SES290/SA290S25	SES162	-1.45238	-44.3678	-42.9154
BLOCK29/SES290/SA290S25	SES177	-1.1148	-44.0302	-42.9154
BLOCK29/SES290/SA290S25	SES180	-1.26169	-44.1771	-42.9154
BLOCK29/SES290/SA290S25	SES292	-1.19198	-44.1074	-42.9154
BLOCK29/SES290/SA290S29	SES177	-0.369564	-43.247	-42.8774
BLOCK29/SES290/SA290S29	SES180	-0.843109	-43.7205	-42.8774
BLOCK29/SES290/SA290S29	SES275	-1.33696	-44.2144	-42.8774
BLOCK29/SES290/SA290S29	SES292	-1.14566	-44.0231	-42.8774
BLOCK29/SES291/SA291S11	SES105	-3.24345	-47.5219	-44.2785
BLOCK29/SES291/SA291S11	SES125	-1.11841	-45.3969	-44.2785
BLOCK29/SES291/SA291S11	SES158	-1.10584	-45.3843	-44.2785
BLOCK29/SES291/SA291S11	SES275	-5.2067	-49.4852	-44.2785
BLOCK29/SES291/SA291S12	SES158	-0.435871	-44.3147	-43.8788
BLOCK29/SES291/SA291S12	SES226	-0.7537	-44.6325	-43.8788
BLOCK29/SES291/SA291S12	SES270	0.330116	-43.5487	-43.8788
BLOCK29/SES291/SA291S12	SES275	-5.45109	-49.3299	-43.8788
BLOCK29/SES291/SA291S22	SES082	-0.810642	-44.5518	-43.7411
BLOCK29/SES291/SA291S22	SES158	-0.956272	-44.6974	-43.7411
BLOCK29/SES291/SA291S22	SES259	-1.18118	-44.9223	-43.7411
BLOCK29/SES291/SA291S22	SES275	-3.80236	-47.5435	-43.7411
BLOCK29/SES291/SA291S24	SES104	-0.18924	-42.9178	-42.7286
BLOCK29/SES291/SA291S24	SES125	-0.199833	-42.9284	-42.7286
BLOCK29/SES291/SA291S24	SES158	-0.635464	-43.364	-42.7286
BLOCK29/SES291/SA291S24	SES275	-4.01654	-46.7451	-42.7286
BLOCK29/SES291/SA291S27	SES158	-0.0133934	-43.0277	-43.0143
BLOCK29/SES291/SA291S27	SES172	-4.67182	-47.6861	-43.0143
BLOCK29/SES291/SA291S27	SES275	-4.52247	-47.5367	-43.0143
BLOCK29/SES291/SA291S27	SES292	-3.7153	-46.7296	-43.0143
