BLOCK00/SES002/SA002S12	SES002	1.12639	-50.3537	-51.4801
BLOCK00/SES002/SA002S13	SES002	2.05754	-50.0997	-52.1572
BLOCK00/SES002/SA002S23	SES002	1.41179	-50.1148	-51.5266
BLOCK00/SES002/SA002S26	SES002	2.04203	-49.7028	-51.7448
BLOCK00/SES002/SA002S28	SES002	1.55251	-50.8143	-52.3668
BLOCK00/SES007/SA007S14	SES007	1.35188	-49.895	-51.2469
BLOCK00/SES007/SA007S15	SES007	0.810692	-51.5298	-52.3405
BLOCK00/SES007/SA007S24	SES007	0.980087	-51.2691	-52.2492
BLOCK00/SES007/SA007S27	SES007	0.544094	-52.0857	-52.6297
BLOCK00/SES007/SA007S29	SES007	0.475925	-51.0467	-51.5226
BLOCK00/SES008/SA008S11	SES008	1.25558	-51.0606	-52.3161
BLOCK00/SES008/SA008S12	SES008	0.346649	-52.1058	-52.4524
BLOCK00/SES008/SA008S19	SES008	2.03305	-50.3492	-52.3823
BLOCK00/SES008/SA008S22	SES008	1.25788	-51.5015	-52.7594
BLOCK00/SES008/SA008S29	SES008	1.37976	-50.6791	-52.0589
BLOCK01/SES014/SA014S10	SES014	2.23554	-50.7398	-52.9754
BLOCK01/SES014/SA014S12	SES014	3.01635	-48.1969	-51.2132
BLOCK01/SES014/SA014S24	SES014	1.95047	-50.012	-51.9624
BLOCK01/SES014/SA014S26	SES014	2.74958	-47.5629	-50.3124
BLOCK01/SES014/SA014S28	SES014	3.18712	-48.1094	-51.2965
BLOCK01/SES016/SA016S12	SES016	1.63276	-52.503	-54.1358
BLOCK01/SES016/SA016S13	SES016	1.1799	-51.6881	-52.868
BLOCK01/SES016/SA016S22	SES016	0.380524	-52.51	-52.8905
BLOCK01/SES016/SA016S25	SES016	1.46773	-49.3838	-50.8515
BLOCK01/SES016/SA016S27	SES016	1.61956	-49.6178	-51.2374
BLOCK01/SES019/SA019S13	SES019	3.35087	-50.5673	-53.9181
BLOCK01/SES019/SA019S14	SES019	2.32087	-51.0992	-53.4201
BLOCK01/SES019/SA019S22	SES019	3.06022	-50.446	-53.5063
BLOCK01/SES019/SA019S25	SES019	2.7795	-50.7906	-53.5701
BLOCK01/SES019/SA019S29	SES019	3.31178	-50.5162	-53.828
BLOCK02/SES029/SA029S11	SES029	1.43681	-50.6722	-52.109
BLOCK02/SES029/SA029S12	SES029	0.642143	-51.1872	-51.8294
BLOCK02/SES029/SA029S20	SES029	0.865559	-52.0636	-52.9291
BLOCK02/SES029/SA029S25	SES029	0.700748	-50.8558	-51.5566
BLOCK02/SES029/SA029S28	SES029	0.686729	-51.5935	-52.2803
BLOCK04/SES042/SA042S12	SES042	2.41436	-49.2247	-51.6391
BLOCK04/SES042/SA042S15	SES042	1.95884	-50.2116	-52.1704
BLOCK04/SES042/SA042S22	SES042	3.49682	-47.7587	-51.2556
BLOCK04/SES042/SA042S25	SES042	1.8929	-50.7731	-52.666
BLOCK04/SES042/SA042S27	SES042	1.99284	-49.2799	-51.2727
BLOCK04/SES048/SA048S11	SES048	1.32656	-50.6669	-51.9935
BLOCK04/SES048/SA048S12	SES048	0.752762	-50.9916	-51.7444
BLOCK04/SES048/SA048S20	SES048	0.970123	-50.5143	-51.4844
BLOCK04/SES048/SA048S23	SES048	1.47174	-51.0759	-52.5476
BLOCK04/SES048/SA048S27	SES048	1.36164	-49.837	-51.1987
BLOCK06/SES060/SA060S11	SES060	1.61927	-50.7025	-52.3218
BLOCK06/SES060/SA060S12	SES060	-2.63866	-54.8914	-52.2528
BLOCK06/SES060/SA060S22	SES060	-0.375088	-53.4935	-53.1184
BLOCK06/SES060/SA060S24	SES060	1.12058	-50.8158	-51.9364
BLOCK06/SES060/SA060S28	SES060	1.5071	-48.5522	-50.0593
BLOCK06/SES062/SA062S10	SES062	1.03005	-50.7934	-51.8234
BLOCK06/SES062/SA062S11	SES062	1.32434	-50.5639	-51.8883
BLOCK06/SES062/SA062S21	SES062	2.5623	-47.8563	-50.4186
BLOCK06/SES062/SA062S26	SES062	0.60936	-50.106	-50.7154
BLOCK06/SES062/SA062S29	SES062	1.74248	-49.0964	-50.8389
BLOCK06/SES068/SA068S14	SES068	0.512779	-51.3714	-51.8842
BLOCK06/SES068/SA068S15	SES068	1.31101	-49.8768	-51.1879
BLOCK06/SES068/SA068S23	SES068	0.352211	-52.4279	-52.7801
BLOCK06/SES068/SA068S27	SES068	1.65117	-49.9472	-51.5984
BLOCK06/SES068/SA068S29	SES068	0.822025	-50.83	-51.652
BLOCK08/SES082/SA082S12	SES082	1.02864	-52.1444	-53.173
BLOCK08/SES082/SA082S14	SES082	0.235947	-52.9262	-53.1621
BLOCK08/SES082/SA082S21	SES082	0.743065	-51.9797	-52.7228
BLOCK08/SES082/SA082S24	SES082	0.858463	-51.2536	-52.1121
BLOCK08/SES082/SA082S28	SES082	0.490532	-52.2473	-52.7379
BLOCK08/SES083/SA083S14	SES083	-0.563007	-52.232	-51.669
BLOCK08/SES083/SA083S15	SES083	0.0763779	-51.4733	-51.5497
BLOCK08/SES083/SA083S24	SES083	-0.101273	-52.0957	-51.9945
BLOCK08/SES083/SA083S26	SES083	0.95118	-51.1357	-52.0869
BLOCK08/SES083/SA083S29	SES083	0.0403328	-51.4982	-51.5385
BLOCK08/SES085/SA085S10	SES085	0.362999	-51.1783	-51.5413
BLOCK08/SES085/SA085S13	SES085	0.773857	-51.5236	-52.2975
BLOCK08/SES085/SA085S22	SES085	-1.97021	-53.9021	-51.9319
BLOCK08/SES085/SA085S26	SES085	-0.262653	-51.9741	-51.7114
BLOCK08/SES085/SA085S28	SES085	0.993309	-50.9474	-51.9407
BLOCK08/SES087/SA087S15	SES087	1.61509	-50.9453	-52.5603
BLOCK08/SES087/SA087S16	SES087	2.03364	-50.5929	-52.6265
BLOCK08/SES087/SA087S24	SES087	1.98561	-50.5551	-52.5407
BLOCK08/SES087/SA087S26	SES087	1.65976	-49.5906	-51.2504
BLOCK08/SES087/SA087S29	SES087	1.9643	-50.8747	-52.839
BLOCK09/SES099/SA099S15	SES099	1.32869	-51.4593	-52.788
BLOCK09/SES099/SA099S16	SES099	1.38339	-51.0302	-52.4136
BLOCK09/SES099/SA099S24	SES099	1.46093	-50.3103	-51.7712
BLOCK09/SES099/SA099S26	SES099	1.56387	-50.2196	-51.7835
BLOCK09/SES099/SA099S29	SES099	1.78026	-50.253	-52.0332
BLOCK10/SES101/SA101S11	SES101	0.278732	-51.158	-51.4367
BLOCK10/SES101/SA101S13	SES101	1.29785	-50.0999	-51.3978
BLOCK10/SES101/SA101S22	SES101	1.16851	-51.7526	-52.9211
BLOCK10/SES101/SA101S24	SES101	1.22218	-51.0612	-52.2834
BLOCK10/SES101/SA101S28	SES101	-0.00776672	-52.3453	-52.3376
BLOCK10/SES104/SA104S11	SES104	1.20708	-49.8631	-51.0702
BLOCK10/SES104/SA104S12	SES104	1.47626	-49.8569	-51.3331
BLOCK10/SES104/SA104S21	SES104	0.938965	-51.1155	-52.0545
BLOCK10/SES104/SA104S24	SES104	0.604664	-51.6897	-52.2944
BLOCK10/SES104/SA104S28	SES104	1.02559	-51.1457	-52.1712
BLOCK10/SES105/SA105S12	SES105	0.959412	-52.3065	-53.2659
BLOCK10/SES105/SA105S13	SES105	1.06699	-51.6138	-52.6808
BLOCK10/SES105/SA105S22	SES105	0.298229	-52.8478	-53.1461
BLOCK10/SES105/SA105S26	SES105	1.51036	-51.4224	-52.9328
BLOCK10/SES105/SA105S29	SES105	0.792316	-51.8185	-52.6109
BLOCK10/SES106/SA106S09	SES106	1.44932	-52.0631	-53.5124
BLOCK10/SES106/SA106S11	SES106	1.67136	-50.3887	-52.0601
BLOCK10/SES106/SA106S22	SES106	2.96262	-50.4278	-53.3904
BLOCK10/SES106/SA106S27	SES106	1.3367	-51.5764	-52.9131
BLOCK10/SES106/SA106S29	SES106	0.879189	-51.2033	-52.0825
BLOCK11/SES117/SA117S12	SES117	0.702248	-52.3093	-53.0116
BLOCK11/SES117/SA117S13	SES117	0.58654	-51.7095	-52.296
BLOCK11/SES117/SA117S23	SES117	1.756	-52.6165	-54.3725
BLOCK11/SES117/SA117S25	SES117	0.799358	-52.6129	-53.4123
BLOCK11/SES117/SA117S28	SES117	1.33696	-52.5795	-53.9164
BLOCK12/SES120/SA120S08	SES120	1.68374	-52.6113	-54.2951
BLOCK12/SES120/SA120S11	SES120	0.583733	-54.7891	-55.3728
BLOCK12/SES120/SA120S22	SES120	0.373623	-52.1266	-52.5003
BLOCK12/SES120/SA120S24	SES120	0.223316	-52.7555	-52.9788
BLOCK12/SES120/SA120S28	SES120	0.48172	-53.7322	-54.214
BLOCK12/SES125/SA125S13	SES125	2.37512	-49.5636	-51.9388
BLOCK12/SES125/SA125S14	SES125	1.36086	-50.8015	-52.1623
BLOCK12/SES125/SA125S25	SES125	2.05338	-50.0764	-52.1298
BLOCK12/SES125/SA125S27	SES125	1.95714	-49.2575	-51.2146
BLOCK12/SES125/SA125S29	SES125	1.82071	-50.2123	-52.0331
BLOCK12/SES127/SA127S11	SES127	0.938683	-51.8352	-52.7739
BLOCK12/SES127/SA127S12	SES127	-0.473137	-51.9652	-51.492
BLOCK12/SES127/SA127S23	SES127	0.353622	-51.8379	-52.1916
BLOCK12/SES127/SA127S25	SES127	0.0597	-52.1501	-52.2098
BLOCK12/SES127/SA127S27	SES127	1.32207	-50.6761	-51.9982
BLOCK12/SES129/SA129S11	SES129	1.81168	-50.2956	-52.1073
BLOCK12/SES129/SA129S12	SES129	1.45293	-50.2972	-51.7502
BLOCK12/SES129/SA129S22	SES129	1.25661	-51.0318	-52.2884
BLOCK12/SES129/SA129S27	SES129	1.831	-50.0574	-51.8884
BLOCK12/SES129/SA129S29	SES129	1.417	-50.2294	-51.6464
BLOCK14/SES142/SA142S11	SES142	2.14495	-51.2478	-53.3928
BLOCK14/SES142/SA142S12	SES142	1.05811	-52.3996	-53.4577
BLOCK14/SES142/SA142S24	SES142	2.20626	-51.0115	-53.2177
BLOCK14/SES142/SA142S27	SES142	2.33438	-50.92	-53.2544
BLOCK14/SES142/SA142S29	SES142	2.45509	-49.8712	-52.3263
BLOCK14/SES143/SA143S12	SES143	1.0435	-51.937	-52.9805
BLOCK14/SES143/SA143S13	SES143	0.835682	-52.1188	-52.9545
BLOCK14/SES143/SA143S23	SES143	0.828739	-52.2347	-53.0635
BLOCK14/SES143/SA143S25	SES143	0.861835	-51.8259	-52.6877
BLOCK14/SES143/SA143S28	SES143	1.00594	-51.1153	-52.1212
BLOCK14/SES144/SA144S09	SES144	1.11962	-51.411	-52.5306
BLOCK14/SES144/SA144S11	SES144	0.724327	-52.4512	-53.1755
BLOCK14/SES144/SA144S21	SES144	0.481499	-52.2342	-52.7157
BLOCK14/SES144/SA144S25	SES144	0.453011	-52.5795	-53.0325
BLOCK14/SES144/SA144S29	SES144	0.215664	-52.2155	-52.4312
BLOCK14/SES146/SA146S14	SES146	0.965633	-52.1881	-53.1537
BLOCK14/SES146/SA146S15	SES146	0.495819	-52.5214	-53.0172
BLOCK14/SES146/SA146S24	SES146	0.655197	-52.2926	-52.9478
BLOCK14/SES146/SA146S26	SES146	0.807884	-52.6304	-53.4383
BLOCK14/SES146/SA146S29	SES146	0.541103	-53.0102	-53.5513
BLOCK14/SES147/SA147S11	SES147	2.37669	-51.5098	-53.8865
BLOCK14/SES147/SA147S13	SES147	2.56983	-50.372	-52.9418
BLOCK14/SES147/SA147S23	SES147	1.97347	-51.9058	-53.8793
BLOCK14/SES147/SA147S26	SES147	1.56282	-51.9911	-53.554
BLOCK14/SES147/SA147S28	SES147	2.5631	-50.8802	-53.4433
BLOCK14/SES148/SA148S10	SES148	1.51091	-50.8583	-52.3692
BLOCK14/SES148/SA148S12	SES148	0.820728	-52.0271	-52.8478
BLOCK14/SES148/SA148S22	SES148	1.33486	-50.1562	-51.4911
BLOCK14/SES148/SA148S26	SES148	0.582428	-51.1487	-51.7311
BLOCK14/SES148/SA148S29	SES148	0.726624	-51.8829	-52.6095
BLOCK14/SES149/SA149S13	SES149	0.104378	-52.0497	-52.1541
BLOCK14/SES149/SA149S14	SES149	0.333069	-51.3328	-51.6659
BLOCK14/SES149/SA149S24	SES149	1.16384	-51.0128	-52.1766
BLOCK14/SES149/SA149S26	SES149	2.12269	-50.2722	-52.3949
BLOCK14/SES149/SA149S28	SES149	2.32155	-49.5811	-51.9026
BLOCK15/SES158/SA158S13	SES158	1.64977	-51.5363	-53.1861
BLOCK15/SES158/SA158S14	SES158	2.24592	-51.0951	-53.3411
BLOCK15/SES158/SA158S23	SES158	1.43706	-51.1428	-52.5798
BLOCK15/SES158/SA158S26	SES158	1.86858	-51.081	-52.9496
BLOCK15/SES158/SA158S28	SES158	0.952717	-51.8423	-52.795
BLOCK16/SES162/SA162S10	SES162	0.65543	-52.5818	-53.2372
BLOCK16/SES162/SA162S11	SES162	0.93219	-51.4141	-52.3463
BLOCK16/SES162/SA162S21	SES162	1.71507	-51.2266	-52.9417
BLOCK16/SES162/SA162S24	SES162	0.807907	-52.0292	-52.8371
BLOCK16/SES162/SA162S27	SES162	1.67451	-51.4937	-53.1682
BLOCK16/SES167/SA167S14	SES167	1.118	-50.1989	-51.3169
BLOCK16/SES167/SA167S15	SES167	1.42688	-50.9848	-52.4116
BLOCK16/SES167/SA167S21	SES167	1.30834	-50.2113	-51.5196
BLOCK16/SES167/SA167S25	SES167	1.64291	-51.1545	-52.7974
BLOCK16/SES167/SA167S29	SES167	2.17722	-49.3685	-51.5457
BLOCK17/SES172/SA172S12	SES172	1.45845	-51.1281	-52.5866
BLOCK17/SES172/SA172S13	SES172	1.80779	-51.5112	-53.319
BLOCK17/SES172/SA172S23	SES172	1.14123	-50.1104	-51.2516
BLOCK17/SES172/SA172S27	SES172	1.23071	-51.5809	-52.8116
BLOCK17/SES172/SA172S29	SES172	1.70435	-50.8488	-52.5532
BLOCK17/SES175/SA175S11	SES175	1.56097	-51.0614	-52.6223
BLOCK17/SES175/SA175S13	SES175	1.40935	-51.1136	-52.5229
BLOCK17/SES175/SA175S23	SES175	1.9433	-50.9725	-52.9158
BLOCK17/SES175/SA175S25	SES175	1.21562	-52.8335	-54.0492
BLOCK17/SES175/SA175S28	SES175	1.51175	-50.8124	-52.3242
BLOCK17/SES177/SA177S15	SES177	-0.236938	-52.4041	-52.1672
BLOCK17/SES177/SA177S17	SES177	0.271938	-51.8292	-52.1011
BLOCK17/SES177/SA177S23	SES177	-0.180801	-52.3604	-52.1796
BLOCK17/SES177/SA177S26	SES177	0.953335	-49.6519	-50.6052
BLOCK17/SES177/SA177S28	SES177	1.04144	-50.5402	-51.5816
BLOCK18/SES180/SA180S13	SES180	0.625118	-51.7922	-52.4173
BLOCK18/SES180/SA180S15	SES180	0.677719	-52.175	-52.8528
BLOCK18/SES180/SA180S24	SES180	0.84079	-50.3335	-51.1742
BLOCK18/SES180/SA180S26	SES180	0.988487	-51.1353	-52.1238
BLOCK18/SES180/SA180S29	SES180	1.20957	-51.7424	-52.952
BLOCK18/SES183/SA183S13	SES183	0.812744	-52.617	-53.4297
BLOCK18/SES183/SA183S14	SES183	0.558949	-52.4863	-53.0452
BLOCK18/SES183/SA183S24	SES183	1.25003	-52.281	-53.531
BLOCK18/SES183/SA183S27	SES183	1.59998	-51.4978	-53.0978
BLOCK18/SES183/SA183S29	SES183	1.05062	-51.4306	-52.4812
BLOCK18/SES187/SA187S13	SES187	1.17185	-52.2919	-53.4637
BLOCK18/SES187/SA187S14	SES187	0.938526	-52.4178	-53.3563
BLOCK18/SES187/SA187S24	SES187	1.45475	-51.4598	-52.9145
BLOCK18/SES187/SA187S27	SES187	1.60588	-51.3419	-52.9478
BLOCK18/SES187/SA187S29	SES187	1.14657	-51.9798	-53.1264
BLOCK18/SES189/SA189S10	SES189	1.84219	-53.3511	-55.1933
BLOCK18/SES189/SA189S13	SES189	2.59959	-53.4188	-56.0184
BLOCK18/SES189/SA189S24	SES189	2.17783	-52.5772	-54.7551
BLOCK18/SES189/SA189S26	SES189	1.30338	-52.67	-53.9734
BLOCK18/SES189/SA189S29	SES189	2.49712	-52.0172	-54.5143
BLOCK20/SES202/SA202S12	SES202	1.34437	-52.9636	-54.308
BLOCK20/SES202/SA202S14	SES202	2.80685	-50.2378	-53.0446
BLOCK20/SES202/SA202S24	SES202	1.97781	-51.4867	-53.4645
BLOCK20/SES202/SA202S27	SES202	1.83755	-50.0691	-51.9066
BLOCK20/SES202/SA202S29	SES202	2.19527	-49.9914	-52.1867
BLOCK20/SES206/SA206S15	SES206	0.00611115	-51.2413	-51.2474
BLOCK20/SES206/SA206S17	SES206	1.98884	-49.2877	-51.2766
BLOCK20/SES206/SA206S24	SES206	1.60232	-49.6369	-51.2392
BLOCK20/SES206/SA206S27	SES206	1.63963	-50.2742	-51.9139
BLOCK20/SES206/SA206S29	SES206	1.82935	-49.0568	-50.8862
BLOCK22/SES226/SA226S12	SES226	1.23096	-51.8357	-53.0667
BLOCK22/SES226/SA226S13	SES226	0.278431	-52.2077	-52.4861
BLOCK22/SES226/SA226S20	SES226	1.26285	-51.4986	-52.7614
BLOCK22/SES226/SA226S23	SES226	1.53619	-50.9312	-52.4674
BLOCK22/SES226/SA226S28	SES226	1.81958	-50.6799	-52.4995
BLOCK25/SES259/SA259S13	SES259	3.30724	-49.0915	-52.3987
BLOCK25/SES259/SA259S14	SES259	2.13652	-50.3413	-52.4778
BLOCK25/SES259/SA259S22	SES259	1.87624	-50.4795	-52.3557
BLOCK25/SES259/SA259S24	SES259	2.1619	-49.2164	-51.3783
BLOCK25/SES259/SA259S28	SES259	1.98863	-49.561	-51.5496
BLOCK27/SES270/SA270S14	SES270	2.45602	-51.1899	-53.6459
BLOCK27/SES270/SA270S16	SES270	0.940243	-51.6786	-52.6188
BLOCK27/SES270/SA270S22	SES270	2.04282	-50.7773	-52.8201
BLOCK27/SES270/SA270S26	SES270	1.35958	-52.2997	-53.6593
BLOCK27/SES270/SA270S28	SES270	1.19007	-51.0313	-52.2213
BLOCK27/SES275/SA275S17	SES275	1.33265	-52.012	-53.3446
BLOCK27/SES275/SA275S18	SES275	0.419426	-52.1043	-52.5238
BLOCK27/SES275/SA275S24	SES275	0.705059	-53.0883	-53.7934
BLOCK27/SES275/SA275S26	SES275	0.909008	-51.4789	-52.3879
BLOCK27/SES275/SA275S28	SES275	0.469501	-51.5911	-52.0606
BLOCK29/SES292/SA292S10	SES292	0.597767	-52.1459	-52.7437
BLOCK29/SES292/SA292S12	SES292	0.227989	-52.8538	-53.0818
BLOCK29/SES292/SA292S22	SES292	1.11109	-50.8297	-51.9408
BLOCK29/SES292/SA292S24	SES292	0.195435	-51.6927	-51.8882
BLOCK29/SES292/SA292S27	SES292	0.339733	-51.2144	-51.5541
BLOCK00/SES001/SA001S14	SES062	-1.5887	-54.9464	-53.3577
BLOCK00/SES001/SA001S14	SES082	-2.89326	-56.2509	-53.3577
BLOCK00/SES001/SA001S14	SES106	-3.47227	-56.8299	-53.3577
BLOCK00/SES001/SA001S14	SES206	-3.79327	-57.1509	-53.3577
BLOCK00/SES001/SA001S15	SES062	-1.81993	-54.0623	-52.2424
BLOCK00/SES001/SA001S15	SES104	-3.90997	-56.1523	-52.2424
BLOCK00/SES001/SA001S15	SES106	-3.24658	-55.489	-52.2424
BLOCK00/SES001/SA001S15	SES206	-3.84775	-56.0901	-52.2424
BLOCK00/SES001/SA001S24	SES062	-3.76806	-57.2417	-53.4737
BLOCK00/SES001/SA001S24	SES082	-2.65362	-56.1273	-53.4737
BLOCK00/SES001/SA001S24	SES087	-3.36471	-56.8384	-53.4737
BLOCK00/SES001/SA001S24	SES206	-2.19429	-55.6679	-53.4737
BLOCK00/SES001/SA001S27	SES062	-1.83443	-53.7163	-51.8818
BLOCK00/SES001/SA001S27	SES082	-2.05193	-53.9338	-51.8818
BLOCK00/SES001/SA001S27	SES087	-2.80179	-54.6836	-51.8818
BLOCK00/SES001/SA001S27	SES206	-3.00914	-54.891	-51.8818
BLOCK00/SES001/SA001S29	SES062	-2.80498	-56.0374	-53.2325
BLOCK00/SES001/SA001S29	SES082	-2.31304	-55.5455	-53.2325
BLOCK00/SES001/SA001S29	SES158	-1.98256	-55.215	-53.2325
BLOCK00/SES001/SA001S29	SES206	-4.81779	-58.0503	-53.2325
BLOCK00/SES003/SA003S11	SES002	-1.72815	-54.4055	-52.6774
BLOCK00/SES003/SA003S11	SES019	-1.43927	-54.1167	-52.6774
BLOCK00/SES003/SA003S11	SES082	-0.209156	-52.8865	-52.6774
BLOCK00/SES003/SA003S11	SES125	-1.40026	-54.0777	-52.6774
BLOCK00/SES003/SA003S15	SES016	-3.09481	-55.1191	-52.0243
BLOCK00/SES003/SA003S15	SES019	-2.06597	-54.0903	-52.0243
BLOCK00/SES003/SA003S15	SES062	-2.03028	-54.0546	-52.0243
BLOCK00/SES003/SA003S15	SES206	-1.48026	-53.5046	-52.0243
BLOCK00/SES003/SA003S22	SES002	-3.0799	-55.4287	-52.3488
BLOCK00/SES003/SA003S22	SES062	-1.46275	-53.8116	-52.3488
BLOCK00/SES003/SA003S22	SES082	-1.28846	-53.6373	-52.3488
BLOCK00/SES003/SA003S22	SES087	-1.75385	-54.1027	-52.3488
BLOCK00/SES003/SA003S25	SES062	-2.77394	-56.0011	-53.2272
BLOCK00/SES003/SA003S25	SES082	-0.207504	-53.4347	-53.2272
BLOCK00/SES003/SA003S25	SES087	-0.787491	-54.0146	-53.2272
BLOCK00/SES003/SA003S25	SES206	-1.70911	-54.9363	-53.2272
BLOCK00/SES003/SA003S29	SES002	-2.84167	-55.7253	-52.8837
BLOCK00/SES003/SA003S29	SES062	-2.15221	-55.0359	-52.8837
BLOCK00/SES003/SA003S29	SES082	-0.686573	-53.5702	-52.8837
BLOCK00/SES003/SA003S29	SES087	-1.98662	-54.8703	-52.8837
BLOCK00/SES004/SA004S12	SES083	-2.72757	-56.0134	-53.2859
BLOCK00/SES004/SA004S12	SES148	-1.89886	-55.1847	-53.2859
BLOCK00/SES004/SA004S12	SES172	-1.97602	-55.2619	-53.2859
BLOCK00/SES004/SA004S12	SES292	-2.31277	-55.5986	-53.2859
BLOCK00/SES004/SA004S17	SES083	-2.50401	-56.07	-53.5659
BLOCK00/SES004/SA004S17	SES162	-1.48581	-55.0518	-53.5659
BLOCK00/SES004/SA004S17	SES172	-1.84342	-55.4094	-53.5659
BLOCK00/SES004/SA004S17	SES292	-2.33001	-55.896	-53.5659
BLOCK00/SES004/SA004S24	SES083	-2.35498	-55.1733	-52.8183
BLOCK00/SES004/SA004S24	SES148	-2.11382	-54.9321	-52.8183
BLOCK00/SES004/SA004S24	SES172	-1.16839	-53.9867	-52.8183
BLOCK00/SES004/SA004S24	SES292	-1.4911	-54.3094	-52.8183
BLOCK00/SES004/SA004S26	SES083	-1.49189	-54.1768	-52.6849
BLOCK00/SES004/SA004S26	SES127	-1.42778	-54.1127	-52.6849
BLOCK00/SES004/SA004S26	SES148	-2.62931	-55.3142	-52.6849
BLOCK00/SES004/SA004S26	SES292	-1.20145	-53.8864	-52.6849
BLOCK00/SES004/SA004S28	SES083	-2.6045	-54.2758	-51.6713
BLOCK00/SES004/SA004S28	SES127	-1.36399	-53.0353	-51.6713
BLOCK00/SES004/SA004S28	SES187	-1.48188	-53.1532	-51.6713
BLOCK00/SES004/SA004S28	SES292	-2.91368	-54.585	-51.6713
BLOCK00/SES006/SA006S10	SES014	-2.78503	-57.5327	-54.7477
BLOCK00/SES006/SA006S10	SES158	-1.31163	-56.0593	-54.7477
BLOCK00/SES006/SA006S10	SES226	-3.49765	-58.2454	-54.7477
BLOCK00/SES006/SA006S10	SES270	-0.355862	-55.1036	-54.7477
BLOCK00/SES006/SA006S11	SES158	-1.4692	-56.0411	-54.5719
BLOCK00/SES006/SA006S11	SES226	-2.40917	-56.9811	-54.5719
BLOCK00/SES006/SA006S11	SES270	-0.76265	-55.3346	-54.5719
BLOCK00/SES006/SA006S11	SES275	-3.68769	-58.2596	-54.5719
BLOCK00/SES006/SA006S23	SES062	-2.29886	-55.6452	-53.3464
BLOCK00/SES006/SA006S23	SES105	-2.16542	-55.5118	-53.3464
BLOCK00/SES006/SA006S23	SES158	-0.824547	-54.1709	-53.3464
BLOCK00/SES006/SA006S23	SES275	-2.41597	-55.7623	-53.3464
BLOCK00/SES006/SA006S26	SES104	-2.35855	-55.3927	-53.0341
BLOCK00/SES006/SA006S26	SES158	-0.427399	-53.4615	-53.0341
BLOCK00/SES006/SA006S26	SES270	0.271133	-52.763	-53.0341
BLOCK00/SES006/SA006S26	SES275	-3.15154	-56.1857	-53.0341
BLOCK00/SES006/SA006S28	SES007	-3.11844	-57.3154	-54.197
BLOCK00/SES006/SA006S28	SES105	-2.67424	-56.8712	-54.197
BLOCK00/SES006/SA006S28	SES158	-1.60088	-55.7979	-54.197
BLOCK00/SES006/SA006S28	SES275	-4.16674	-58.3637	-54.197
BLOCK00/SES009/SA009S12	SES083	-2.32067	-54.3797	-52.059
BLOCK00/SES009/SA009S12	SES148	-1.67051	-53.7295	-52.059
BLOCK00/SES009/SA009S12	SES177	-1.58129	-53.6403	-52.059
BLOCK00/SES009/SA009S12	SES292	-1.33866	-53.3977	-52.059
BLOCK00/SES009/SA009S15	SES007	0.130772	-51.4547	-51.5855
BLOCK00/SES009/SA009S15	SES099	-10.7758	-62.3612	-51.5855
BLOCK00/SES009/SA009S15	SES148	-1.73652	-53.322	-51.5855
BLOCK00/SES009/SA009S15	SES172	-1.20469	-52.7902	-51.5855
BLOCK00/SES009/SA009S24	SES146	-1.2244	-53.0466	-51.8222
BLOCK00/SES009/SA009S24	SES148	-1.46928	-53.2915	-51.8222
BLOCK00/SES009/SA009S24	SES177	-0.764149	-52.5864	-51.8222
BLOCK00/SES009/SA009S24	SES292	-0.974785	-52.797	-51.8222
BLOCK00/SES009/SA009S26	SES083	-2.43354	-54.7584	-52.3248
BLOCK00/SES009/SA009S26	SES101	-1.5512	-53.876	-52.3248
BLOCK00/SES009/SA009S26	SES120	-1.14798	-53.4728	-52.3248
BLOCK00/SES009/SA009S26	SES177	-1.55655	-53.8814	-52.3248
BLOCK00/SES009/SA009S29	SES083	-2.03796	-53.7432	-51.7052
BLOCK00/SES009/SA009S29	SES101	-1.52752	-53.2328	-51.7052
BLOCK00/SES009/SA009S29	SES177	-1.53301	-53.2383	-51.7052
BLOCK00/SES009/SA009S29	SES292	-1.41236	-53.1176	-51.7052
BLOCK01/SES011/SA011S10	SES019	-1.01834	-53.2256	-52.2072
BLOCK01/SES011/SA011S10	SES042	-1.09097	-53.2982	-52.2072
BLOCK01/SES011/SA011S10	SES082	-2.13581	-54.343	-52.2072
BLOCK01/SES011/SA011S10	SES206	-1.08457	-53.2918	-52.2072
BLOCK01/SES011/SA011S11	SES019	-0.993534	-54.2692	-53.2757
BLOCK01/SES011/SA011S11	SES042	-1.8542	-55.1299	-53.2757
BLOCK01/SES011/SA011S11	SES082	-2.22709	-55.5028	-53.2757
BLOCK01/SES011/SA011S11	SES206	-0.840538	-54.1162	-53.2757
BLOCK01/SES011/SA011S22	SES019	-0.383125	-53.6216	-53.2384
BLOCK01/SES011/SA011S22	SES042	-1.15448	-54.3929	-53.2384
BLOCK01/SES011/SA011S22	SES082	-1.36694	-54.6054	-53.2384
BLOCK01/SES011/SA011S22	SES206	-1.27159	-54.51	-53.2384
BLOCK01/SES011/SA011S24	SES019	-0.508389	-52.878	-52.3696
BLOCK01/SES011/SA011S24	SES042	-0.904293	-53.2739	-52.3696
BLOCK01/SES011/SA011S24	SES104	-1.44117	-53.8108	-52.3696
BLOCK01/SES011/SA011S24	SES206	-0.371262	-52.7409	-52.3696
BLOCK01/SES011/SA011S27	SES082	0.423515	-52.0468	-52.4703
BLOCK01/SES011/SA011S27	SES087	-1.13219	-53.6025	-52.4703
BLOCK01/SES011/SA011S27	SES125	-0.56464	-53.0349	-52.4703
BLOCK01/SES011/SA011S27	SES206	-0.0734787	-52.5438	-52.4703
BLOCK01/SES012/SA012S11	SES007	-2.03198	-53.0335	-51.0015
BLOCK01/SES012/SA012S11	SES082	-1.79061	-52.7921	-51.0015
BLOCK01/SES012/SA012S11	SES083	-2.64708	-53.6485	-51.0015
BLOCK01/SES012/SA012S11	SES206	-0.96106	-51.9625	-51.0015
BLOCK01/SES012/SA012S14	SES082	-1.38964	-53.4244	-52.0348
BLOCK01/SES012/SA012S14	SES087	-2.07608	-54.1109	-52.0348
BLOCK01/SES012/SA012S14	SES206	-1.13225	-53.167	-52.0348
BLOCK01/SES012/SA012S14	SES292	-3.89076	-55.9255	-52.0348
BLOCK01/SES012/SA012S24	SES082	-0.309818	-53.0743	-52.7645
BLOCK01/SES012/SA012S24	SES087	-1.51641	-54.2809	-52.7645
BLOCK01/SES012/SA012S24	SES120	-4.83301	-57.5975	-52.7645
BLOCK01/SES012/SA012S24	SES206	-0.571846	-53.3364	-52.7645
BLOCK01/SES012/SA012S26	SES019	-2.44738	-54.2852	-51.8378
BLOCK01/SES012/SA012S26	SES082	-1.73238	-53.5702	-51.8378
BLOCK01/SES012/SA012S26	SES206	-0.372398	-52.2102	-51.8378
BLOCK01/SES012/SA012S26	SES292	-2.89344	-54.7312	-51.8378
BLOCK01/SES012/SA012S29	SES062	-2.62928	-54.0794	-51.4501
BLOCK01/SES012/SA012S29	SES082	-1.00108	-52.4512	-51.4501
BLOCK01/SES012/SA012S29	SES083	-2.1723	-53.6224	-51.4501
BLOCK01/SES012/SA012S29	SES206	-1.19536	-52.6454	-51.4501
BLOCK01/SES013/SA013S16	SES062	-4.1594	-56.5747	-52.4153
BLOCK01/SES013/SA013S16	SES106	-0.864937	-53.2803	-52.4153
BLOCK01/SES013/SA013S16	SES206	-0.957474	-53.3728	-52.4153
BLOCK01/SES013/SA013S16	SES226	-0.197407	-52.6128	-52.4153
BLOCK01/SES013/SA013S17	SES062	-3.63951	-55.1762	-51.5367
BLOCK01/SES013/SA013S17	SES106	-1.45665	-52.9933	-51.5367
BLOCK01/SES013/SA013S17	SES206	-0.365025	-51.9017	-51.5367
BLOCK01/SES013/SA013S17	SES226	0.0386925	-51.498	-51.5367
BLOCK01/SES013/SA013S23	SES104	-1.72601	-54.3358	-52.6098
BLOCK01/SES013/SA013S23	SES106	-0.870083	-53.4799	-52.6098
BLOCK01/SES013/SA013S23	SES206	-0.658821	-53.2687	-52.6098
BLOCK01/SES013/SA013S23	SES270	-0.306473	-52.9163	-52.6098
BLOCK01/SES013/SA013S25	SES042	-1.62581	-53.4271	-51.8013
BLOCK01/SES013/SA013S25	SES104	-1.67039	-53.4717	-51.8013
BLOCK01/SES013/SA013S25	SES106	-0.428711	-52.23	-51.8013
BLOCK01/SES013/SA013S25	SES206	-0.951942	-52.7532	-51.8013
BLOCK01/SES013/SA013S29	SES062	-4.37852	-56.5918	-52.2133
BLOCK01/SES013/SA013S29	SES104	-1.66223	-53.8755	-52.2133
BLOCK01/SES013/SA013S29	SES106	-0.668499	-52.8818	-52.2133
BLOCK01/SES013/SA013S29	SES206	-1.20309	-53.4164	-52.2133
BLOCK02/SES021/SA021S13	SES016	-3.45706	-55.22	-51.7629
BLOCK02/SES021/SA021S13	SES029	-2.3266	-54.0895	-51.7629
BLOCK02/SES021/SA021S13	SES087	-2.12152	-53.8844	-51.7629
BLOCK02/SES021/SA021S13	SES206	-0.622337	-52.3852	-51.7629
BLOCK02/SES021/SA021S15	SES087	-1.27065	-51.592	-50.3214
BLOCK02/SES021/SA021S15	SES125	-0.954784	-51.2762	-50.3214
BLOCK02/SES021/SA021S15	SES206	-0.573788	-50.8952	-50.3214
BLOCK02/SES021/SA021S15	SES226	-1.59315	-51.9145	-50.3214
BLOCK02/SES021/SA021S23	SES062	-3.43458	-56.0742	-52.6396
BLOCK02/SES021/SA021S23	SES087	-2.45484	-55.0944	-52.6396
BLOCK02/SES021/SA021S23	SES206	-2.03553	-54.6751	-52.6396
BLOCK02/SES021/SA021S23	SES226	-1.42769	-54.0673	-52.6396
BLOCK02/SES021/SA021S27	SES002	-2.0948	-53.4944	-51.3996
BLOCK02/SES021/SA021S27	SES016	-3.83767	-55.2373	-51.3996
BLOCK02/SES021/SA021S27	SES019	-1.72484	-53.1244	-51.3996
BLOCK02/SES021/SA021S27	SES062	-1.31001	-52.7096	-51.3996
BLOCK02/SES021/SA021S29	SES087	-1.55814	-52.5982	-51.0401
BLOCK02/SES021/SA021S29	SES125	-1.17797	-52.218	-51.0401
BLOCK02/SES021/SA021S29	SES206	-1.00218	-52.0422	-51.0401
BLOCK02/SES021/SA021S29	SES226	-1.55777	-52.5978	-51.0401
BLOCK04/SES043/SA043S09	SES083	-2.64845	-56.1741	-53.5257
BLOCK04/SES043/SA043S09	SES101	-3.21372	-56.7394	-53.5257
BLOCK04/SES043/SA043S09	SES144	-0.773331	-54.299	-53.5257
BLOCK04/SES043/SA043S09	SES172	-3.99039	-57.5161	-53.5257
BLOCK04/SES043/SA043S11	SES083	-1.1828	-53.3354	-52.1526
BLOCK04/SES043/SA043S11	SES101	-1.53888	-53.6914	-52.1526
BLOCK04/SES043/SA043S11	SES144	-0.61095	-52.7635	-52.1526
BLOCK04/SES043/SA043S11	SES172	-1.75208	-53.9046	-52.1526
BLOCK04/SES043/SA043S23	SES083	-1.41505	-54.1123	-52.6973
BLOCK04/SES043/SA043S23	SES144	-0.142632	-52.8399	-52.6973
BLOCK04/SES043/SA043S23	SES177	-2.59998	-55.2972	-52.6973
BLOCK04/SES043/SA043S23	SES275	-0.606098	-53.3034	-52.6973
BLOCK04/SES043/SA043S26	SES083	-0.757278	-53.7382	-52.9809
BLOCK04/SES043/SA043S26	SES101	-1.13239	-54.1133	-52.9809
BLOCK04/SES043/SA043S26	SES144	-0.23032	-53.2113	-52.9809
BLOCK04/SES043/SA043S26	SES177	-2.36698	-55.3479	-52.9809
BLOCK04/SES043/SA043S28	SES016	-1.59052	-53.6987	-52.1082
BLOCK04/SES043/SA043S28	SES083	-0.915741	-53.024	-52.1082
BLOCK04/SES043/SA043S28	SES101	-0.845589	-52.9538	-52.1082
BLOCK04/SES043/SA043S28	SES144	-0.799019	-52.9072	-52.1082
BLOCK04/SES044/SA044S10	SES127	-2.9436	-58.5885	-55.6449
BLOCK04/SES044/SA044S10	SES144	-1.17931	-56.8242	-55.6449
BLOCK04/SES044/SA044S10	SES147	-5.06746	-60.7124	-55.6449
BLOCK04/SES044/SA044S10	SES148	-2.69704	-58.3419	-55.6449
BLOCK04/SES044/SA044S11	SES101	-2.65122	-57.1922	-54.541
BLOCK04/SES044/SA044S11	SES144	-0.0451813	-54.5862	-54.541
BLOCK04/SES044/SA044S11	SES147	-3.68573	-58.2268	-54.541
BLOCK04/SES044/SA044S11	SES177	-3.55175	-58.0928	-54.541
BLOCK04/SES044/SA044S24	SES007	-2.94917	-56.8122	-53.863
BLOCK04/SES044/SA044S24	SES101	-1.84629	-55.7093	-53.863
BLOCK04/SES044/SA044S24	SES147	-3.99694	-57.8599	-53.863
BLOCK04/SES044/SA044S24	SES177	-2.33106	-56.1941	-53.863
BLOCK04/SES044/SA044S26	SES007	-2.21096	-55.4533	-53.2423
BLOCK04/SES044/SA044S26	SES016	-0.618004	-53.8603	-53.2423
BLOCK04/SES044/SA044S26	SES101	-1.55066	-54.793	-53.2423
BLOCK04/SES044/SA044S26	SES147	-2.11488	-55.3572	-53.2423
BLOCK04/SES044/SA044S29	SES007	-2.14075	-54.8035	-52.6627
BLOCK04/SES044/SA044S29	SES101	-0.694397	-53.3571	-52.6627
BLOCK04/SES044/SA044S29	SES147	-3.23743	-55.9002	-52.6627
BLOCK04/SES044/SA044S29	SES177	-2.6558	-55.3185	-52.6627
BLOCK04/SES046/SA046S13	SES101	-4.473	-57.8934	-53.4204
BLOCK04/SES046/SA046S13	SES144	-1.25909	-54.6795	-53.4204
BLOCK04/SES046/SA046S13	SES147	-4.02158	-57.442	-53.4204
BLOCK04/SES046/SA046S13	SES177	-1.95518	-55.3756	-53.4204
BLOCK04/SES046/SA046S15	SES048	-3.03549	-54.9863	-51.9508
BLOCK04/SES046/SA046S15	SES083	-1.40042	-53.3512	-51.9508
BLOCK04/SES046/SA046S15	SES120	-3.15147	-55.1023	-51.9508
BLOCK04/SES046/SA046S15	SES148	-1.51155	-53.4623	-51.9508
BLOCK04/SES046/SA046S22	SES101	-1.91467	-55.1332	-53.2185
BLOCK04/SES046/SA046S22	SES144	-1.24975	-54.4683	-53.2185
BLOCK04/SES046/SA046S22	SES147	-3.0971	-56.3156	-53.2185
BLOCK04/SES046/SA046S22	SES172	-1.72374	-54.9423	-53.2185
BLOCK04/SES046/SA046S25	SES083	-1.8773	-54.7881	-52.9108
BLOCK04/SES046/SA046S25	SES127	-1.72769	-54.6385	-52.9108
BLOCK04/SES046/SA046S25	SES144	-1.84379	-54.7546	-52.9108
BLOCK04/SES046/SA046S25	SES148	-1.06322	-53.9741	-52.9108
BLOCK04/SES046/SA046S28	SES007	-4.64455	-58.1397	-53.4951
BLOCK04/SES046/SA046S28	SES105	-2.65063	-56.1458	-53.4951
BLOCK04/SES046/SA046S28	SES147	-2.68985	-56.185	-53.4951
BLOCK04/SES046/SA046S28	SES148	-1.71512	-55.2103	-53.4951
BLOCK04/SES049/SA049S16	SES104	-1.73601	-54.9388	-53.2028
BLOCK04/SES049/SA049S16	SES106	-1.37686	-54.5797	-53.2028
BLOCK04/SES049/SA049S16	SES120	-3.80379	-57.0066	-53.2028
BLOCK04/SES049/SA049S16	SES206	-1.23286	-54.4357	-53.2028
BLOCK04/SES049/SA049S18	SES099	0.162113	-53.9604	-54.1225
BLOCK04/SES049/SA049S18	SES104	-2.54284	-56.6654	-54.1225
BLOCK04/SES049/SA049S18	SES125	-2.65028	-56.7728	-54.1225
BLOCK04/SES049/SA049S18	SES206	-1.87773	-56.0002	-54.1225
BLOCK04/SES049/SA049S25	SES087	-0.955387	-54.03	-53.0746
BLOCK04/SES049/SA049S25	SES104	-1.09005	-54.1647	-53.0746
BLOCK04/SES049/SA049S25	SES125	-1.74192	-54.8165	-53.0746
BLOCK04/SES049/SA049S25	SES206	-0.693176	-53.7678	-53.0746
BLOCK04/SES049/SA049S27	SES099	-0.508331	-53.2446	-52.7363
BLOCK04/SES049/SA049S27	SES104	-0.419292	-53.1556	-52.7363
BLOCK04/SES049/SA049S27	SES125	-1.23658	-53.9728	-52.7363
BLOCK04/SES049/SA049S27	SES206	-1.09461	-53.8309	-52.7363
BLOCK04/SES049/SA049S29	SES099	0.169613	-51.8002	-51.9698
BLOCK04/SES049/SA049S29	SES104	0.00669479	-51.9631	-51.9698
BLOCK04/SES049/SA049S29	SES125	-0.918724	-52.8885	-51.9698
BLOCK04/SES049/SA049S29	SES206	-0.180405	-52.1502	-51.9698
BLOCK06/SES063/SA063S09	SES068	-1.92912	-54.3366	-52.4075
BLOCK06/SES063/SA063S09	SES083	-1.32641	-53.7339	-52.4075
BLOCK06/SES063/SA063S09	SES177	-1.91571	-54.3232	-52.4075
BLOCK06/SES063/SA063S09	SES187	-1.97865	-54.3862	-52.4075
BLOCK06/SES063/SA063S10	SES068	-2.6063	-55.7808	-53.1745
BLOCK06/SES063/SA063S10	SES083	-1.18266	-54.3572	-53.1745
BLOCK06/SES063/SA063S10	SES172	-1.04493	-54.2194	-53.1745
BLOCK06/SES063/SA063S10	SES187	-1.65228	-54.8268	-53.1745
BLOCK06/SES063/SA063S20	SES068	-3.77275	-56.6345	-52.8618
BLOCK06/SES063/SA063S20	SES083	-2.27066	-55.1325	-52.8618
BLOCK06/SES063/SA063S20	SES172	-2.15317	-55.015	-52.8618
BLOCK06/SES063/SA063S20	SES187	-1.0751	-53.9369	-52.8618
BLOCK06/SES063/SA063S24	SES029	-3.1296	-55.2022	-52.0726
BLOCK06/SES063/SA063S24	SES083	-0.526875	-52.5994	-52.0726
BLOCK06/SES063/SA063S24	SES177	-1.34642	-53.419	-52.0726
BLOCK06/SES063/SA063S24	SES189	-1.45715	-53.5297	-52.0726
BLOCK06/SES063/SA063S27	SES083	-0.438152	-54.1634	-53.7253
BLOCK06/SES063/SA063S27	SES172	-1.14311	-54.8684	-53.7253
BLOCK06/SES063/SA063S27	SES187	-2.10285	-55.8281	-53.7253
BLOCK06/SES063/SA063S27	SES292	-2.093	-55.8183	-53.7253
BLOCK06/SES067/SA067S12	SES083	-2.91267	-55.3787	-52.466
BLOCK06/SES067/SA067S12	SES172	-3.44402	-55.91	-52.466
BLOCK06/SES067/SA067S12	SES202	-0.288094	-52.7541	-52.466
BLOCK06/SES067/SA067S12	SES292	-2.59518	-55.0612	-52.466
BLOCK06/SES067/SA067S14	SES085	-1.62997	-53.6175	-51.9875
BLOCK06/SES067/SA067S14	SES177	-1.99889	-53.9864	-51.9875
BLOCK06/SES067/SA067S14	SES183	-2.68968	-54.6772	-51.9875
BLOCK06/SES067/SA067S14	SES202	-0.708076	-52.6956	-51.9875
BLOCK06/SES067/SA067S21	SES144	-1.06081	-54.6979	-53.6371
BLOCK06/SES067/SA067S21	SES177	-1.73683	-55.3739	-53.6371
BLOCK06/SES067/SA067S21	SES183	-4.16269	-57.7997	-53.6371
BLOCK06/SES067/SA067S21	SES189	-0.145931	-53.783	-53.6371
BLOCK06/SES067/SA067S25	SES085	-1.09693	-53.6861	-52.5891
BLOCK06/SES067/SA067S25	SES177	-1.58846	-54.1776	-52.5891
BLOCK06/SES067/SA067S25	SES183	-2.96371	-55.5528	-52.5891
BLOCK06/SES067/SA067S25	SES202	-0.802654	-53.3918	-52.5891
BLOCK06/SES067/SA067S29	SES085	-1.07406	-53.9218	-52.8478
BLOCK06/SES067/SA067S29	SES177	-1.51855	-54.3663	-52.8478
BLOCK06/SES067/SA067S29	SES183	-2.85165	-55.6994	-52.8478
BLOCK06/SES067/SA067S29	SES202	0.255787	-52.592	-52.8478
BLOCK06/SES069/SA069S12	SES029	-2.58743	-54.6984	-52.111
BLOCK06/SES069/SA069S12	SES082	-0.878799	-52.9898	-52.111
BLOCK06/SES069/SA069S12	SES087	-2.0627	-54.1737	-52.111
BLOCK06/SES069/SA069S12	SES206	-1.61872	-53.7297	-52.111
BLOCK06/SES069/SA069S13	SES029	-2.51133	-54.7626	-52.2513
BLOCK06/SES069/SA069S13	SES087	-2.12267	-54.3739	-52.2513
BLOCK06/SES069/SA069S13	SES206	-1.84002	-54.0913	-52.2513
BLOCK06/SES069/SA069S13	SES226	-1.56323	-53.8145	-52.2513
BLOCK06/SES069/SA069S23	SES029	-1.02695	-51.6846	-50.6576
BLOCK06/SES069/SA069S23	SES087	-2.71139	-53.369	-50.6576
BLOCK06/SES069/SA069S23	SES206	-2.17239	-52.83	-50.6576
BLOCK06/SES069/SA069S23	SES226	-1.24507	-51.9027	-50.6576
BLOCK06/SES069/SA069S25	SES087	-1.84203	-52.8723	-51.0303
BLOCK06/SES069/SA069S25	SES206	-2.37466	-53.4049	-51.0303
BLOCK06/SES069/SA069S25	SES226	-1.48229	-52.5126	-51.0303
BLOCK06/SES069/SA069S25	SES270	-1.30436	-52.3346	-51.0303
BLOCK06/SES069/SA069S27	SES087	-2.45866	-53.6171	-51.1584
BLOCK06/SES069/SA069S27	SES206	-1.29529	-52.4537	-51.1584
BLOCK06/SES069/SA069S27	SES226	-0.51033	-51.6688	-51.1584
BLOCK06/SES069/SA069S27	SES270	-1.09375	-52.2522	-51.1584
BLOCK08/SES081/SA081S11	SES060	-1.70189	-54.1186	-52.4167
BLOCK08/SES081/SA081S11	SES062	-3.8842	-56.3009	-52.4167
BLOCK08/SES081/SA081S11	SES117	-2.3797	-54.7964	-52.4167
BLOCK08/SES081/SA081S11	SES162	-1.96849	-54.3852	-52.4167
BLOCK08/SES081/SA081S13	SES016	-0.99604	-52.4896	-51.4936
BLOCK08/SES081/SA081S13	SES060	-0.592297	-52.0859	-51.4936
BLOCK08/SES081/SA081S13	SES068	-0.237785	-51.7314	-51.4936
BLOCK08/SES081/SA081S13	SES129	-2.04013	-53.5337	-51.4936
BLOCK08/SES081/SA081S24	SES060	-1.287	-53.2791	-51.9921
BLOCK08/SES081/SA081S24	SES068	-1.51756	-53.5097	-51.9921
BLOCK08/SES081/SA081S24	SES117	-2.28734	-54.2794	-51.9921
BLOCK08/SES081/SA081S24	SES275	-2.46523	-54.4573	-51.9921
BLOCK08/SES081/SA081S27	SES007	-2.38935	-54.5982	-52.2089
BLOCK08/SES081/SA081S27	SES060	-2.43837	-54.6472	-52.2089
BLOCK08/SES081/SA081S27	SES117	-1.16704	-53.3759	-52.2089
BLOCK08/SES081/SA081S27	SES275	-2.16119	-54.3701	-52.2089
BLOCK08/SES081/SA081S29	SES007	-1.88211	-53.4204	-51.5383
BLOCK08/SES081/SA081S29	SES060	-1.38984	-52.9282	-51.5383
BLOCK08/SES081/SA081S29	SES117	-2.06421	-53.6025	-51.5383
BLOCK08/SES081/SA081S29	SES275	-2.38927	-53.9276	-51.5383
BLOCK08/SES086/SA086S11	SES029	-4.90095	-58.7584	-53.8575
BLOCK08/SES086/SA086S11	SES082	-1.94378	-55.8013	-53.8575
BLOCK08/SES086/SA086S11	SES087	-1.04466	-54.9022	-53.8575
BLOCK08/SES086/SA086S11	SES206	-1.83232	-55.6898	-53.8575
BLOCK08/SES086/SA086S12	SES029	-4.51102	-57.5743	-53.0633
BLOCK08/SES086/SA086S12	SES082	-2.23298	-55.2963	-53.0633
BLOCK08/SES086/SA086S12	SES087	0.246132	-52.8171	-53.0633
BLOCK08/SES086/SA086S12	SES206	-1.32426	-54.3875	-53.0633
BLOCK08/SES086/SA086S20	SES029	-4.08748	-55.8877	-51.8002
BLOCK08/SES086/SA086S20	SES082	-2.01343	-53.8136	-51.8002
BLOCK08/SES086/SA086S20	SES087	0.449066	-51.3511	-51.8002
BLOCK08/SES086/SA086S20	SES206	-0.30991	-52.1101	-51.8002
BLOCK08/SES086/SA086S24	SES087	-0.148689	-52.9204	-52.7717
BLOCK08/SES086/SA086S24	SES104	-1.72502	-54.4968	-52.7717
BLOCK08/SES086/SA086S24	SES120	-4.4371	-57.2088	-52.7717
BLOCK08/SES086/SA086S24	SES206	-0.435905	-53.2076	-52.7717
BLOCK08/SES086/SA086S28	SES029	-3.1632	-54.9845	-51.8213
BLOCK08/SES086/SA086S28	SES082	-1.45869	-53.28	-51.8213
BLOCK08/SES086/SA086S28	SES087	-0.135956	-51.9572	-51.8213
BLOCK08/SES086/SA086S28	SES206	-0.803688	-52.625	-51.8213
BLOCK08/SES089/SA089S13	SES087	-2.30049	-54.9451	-52.6447
BLOCK08/SES089/SA089S13	SES206	-2.2419	-54.8866	-52.6447
BLOCK08/SES089/SA089S13	SES226	-1.56949	-54.2142	-52.6447
BLOCK08/SES089/SA089S13	SES270	-2.61875	-55.2634	-52.6447
BLOCK08/SES089/SA089S14	SES062	-2.12833	-54.5547	-52.4263
BLOCK08/SES089/SA089S14	SES087	-0.800728	-53.2271	-52.4263
BLOCK08/SES089/SA089S14	SES206	-1.2037	-53.63	-52.4263
BLOCK08/SES089/SA089S14	SES226	-1.01366	-53.44	-52.4263
BLOCK08/SES089/SA089S23	SES087	-2.07528	-55.565	-53.4897
BLOCK08/SES089/SA089S23	SES206	-2.2894	-55.7791	-53.4897
BLOCK08/SES089/SA089S23	SES226	-1.70008	-55.1898	-53.4897
BLOCK08/SES089/SA089S23	SES270	-2.53473	-56.0244	-53.4897
BLOCK08/SES089/SA089S25	SES062	-2.40447	-54.8692	-52.4647
BLOCK08/SES089/SA089S25	SES087	-0.697563	-53.1623	-52.4647
BLOCK08/SES089/SA089S25	SES206	-1.52132	-53.986	-52.4647
BLOCK08/SES089/SA089S25	SES226	-0.722996	-53.1877	-52.4647
BLOCK08/SES089/SA089S28	SES062	-2.13377	-54.6733	-52.5395
BLOCK08/SES089/SA089S28	SES087	-0.823158	-53.3627	-52.5395
BLOCK08/SES089/SA089S28	SES206	-0.851749	-53.3912	-52.5395
BLOCK08/SES089/SA089S28	SES226	-0.652134	-53.1916	-52.5395
BLOCK09/SES097/SA097S11	SES099	0.144917	-52.8949	-53.0398
BLOCK09/SES097/SA097S11	SES125	-2.0112	-55.051	-53.0398
BLOCK09/SES097/SA097S11	SES206	-1.48423	-54.524	-53.0398
BLOCK09/SES097/SA097S11	SES226	-0.586994	-53.6268	-53.0398
BLOCK09/SES097/SA097S14	SES062	-3.33744	-55.9644	-52.627
BLOCK09/SES097/SA097S14	SES099	-0.786861	-53.4139	-52.627
BLOCK09/SES097/SA097S14	SES104	-1.25479	-53.8818	-52.627
BLOCK09/SES097/SA097S14	SES206	-1.73125	-54.3582	-52.627
BLOCK09/SES097/SA097S22	SES099	0.432529	-52.3157	-52.7483
BLOCK09/SES097/SA097S22	SES206	-1.21686	-53.9651	-52.7483
BLOCK09/SES097/SA097S22	SES226	-1.64411	-54.3924	-52.7483
BLOCK09/SES097/SA097S22	SES270	0.248135	-52.5001	-52.7483
BLOCK09/SES097/SA097S26	SES099	0.184746	-51.94	-52.1247
BLOCK09/SES097/SA097S26	SES120	-3.38872	-55.5134	-52.1247
BLOCK09/SES097/SA097S26	SES206	-0.95015	-53.0749	-52.1247
BLOCK09/SES097/SA097S26	SES226	-2.00399	-54.1287	-52.1247
BLOCK09/SES097/SA097S28	SES099	-0.853653	-53.5238	-52.6701
BLOCK09/SES097/SA097S28	SES120	-2.7124	-55.3825	-52.6701
BLOCK09/SES097/SA097S28	SES206	-1.88805	-54.5582	-52.6701
BLOCK09/SES097/SA097S28	SES226	-2.38409	-55.0542	-52.6701
BLOCK09/SES098/SA098S11	SES127	-3.23334	-57.0672	-53.8339
BLOCK09/SES098/SA098S11	SES144	-1.81383	-55.6477	-53.8339
BLOCK09/SES098/SA098S11	SES147	-1.51598	-55.3498	-53.8339
BLOCK09/SES098/SA098S11	SES148	-3.43259	-57.2664	-53.8339
BLOCK09/SES098/SA098S12	SES127	-4.8517	-59.9521	-55.1004
BLOCK09/SES098/SA098S12	SES144	-2.38985	-57.4902	-55.1004
BLOCK09/SES098/SA098S12	SES147	-2.37339	-57.4738	-55.1004
BLOCK09/SES098/SA098S12	SES189	-1.49618	-56.5966	-55.1004
BLOCK09/SES098/SA098S20	SES127	-3.65241	-58.1959	-54.5435
BLOCK09/SES098/SA098S20	SES147	-1.3601	-55.9036	-54.5435
BLOCK09/SES098/SA098S20	SES148	-3.23548	-57.7789	-54.5435
BLOCK09/SES098/SA098S20	SES292	-3.55691	-58.1004	-54.5435
BLOCK09/SES098/SA098S23	SES127	-2.45013	-55.7844	-53.3343
BLOCK09/SES098/SA098S23	SES147	-1.80716	-55.1414	-53.3343
BLOCK09/SES098/SA098S23	SES187	-1.46637	-54.8007	-53.3343
BLOCK09/SES098/SA098S23	SES292	-2.58533	-55.9196	-53.3343
BLOCK09/SES098/SA098S27	SES127	-3.2711	-57.0839	-53.8128
BLOCK09/SES098/SA098S27	SES147	-2.58246	-56.3952	-53.8128
BLOCK09/SES098/SA098S27	SES148	-4.04195	-57.8547	-53.8128
BLOCK09/SES098/SA098S27	SES292	-3.37027	-57.183	-53.8128
BLOCK10/SES102/SA102S13	SES101	-0.895046	-54.7954	-53.9004
BLOCK10/SES102/SA102S13	SES105	-2.41327	-56.3136	-53.9004
BLOCK10/SES102/SA102S13	SES120	-1.6597	-55.5601	-53.9004
BLOCK10/SES102/SA102S13	SES158	-6.82291	-60.7233	-53.9004
BLOCK10/SES102/SA102S14	SES007	-0.319828	-52.4163	-52.0965
BLOCK10/SES102/SA102S14	SES101	-0.884636	-52.9811	-52.0965
BLOCK10/SES102/SA102S14	SES105	-0.720722	-52.8172	-52.0965
BLOCK10/SES102/SA102S14	SES147	-3.87315	-55.9696	-52.0965
BLOCK10/SES102/SA102S22	SES007	-1.32691	-53.5276	-52.2007
BLOCK10/SES102/SA102S22	SES101	-0.0179977	-52.2187	-52.2007
BLOCK10/SES102/SA102S22	SES105	-0.404446	-52.6052	-52.2007
BLOCK10/SES102/SA102S22	SES158	-4.04911	-56.2498	-52.2007
BLOCK10/SES102/SA102S25	SES007	-0.993855	-53.3085	-52.3147
BLOCK10/SES102/SA102S25	SES101	-0.0799484	-52.3946	-52.3147
BLOCK10/SES102/SA102S25	SES105	-1.1455	-53.4602	-52.3147
BLOCK10/SES102/SA102S25	SES147	-4.42823	-56.7429	-52.3147
BLOCK10/SES102/SA102S27	SES007	-1.49022	-54.1806	-52.6904
BLOCK10/SES102/SA102S27	SES101	-0.870911	-53.5613	-52.6904
BLOCK10/SES102/SA102S27	SES105	-1.19057	-53.8809	-52.6904
BLOCK10/SES102/SA102S27	SES147	-3.65533	-56.3457	-52.6904
BLOCK10/SES103/SA103S14	SES105	-2.74358	-56.7269	-53.9833
BLOCK10/SES103/SA103S14	SES106	-1.26353	-55.2469	-53.9833
BLOCK10/SES103/SA103S14	SES120	-4.05225	-58.0356	-53.9833
BLOCK10/SES103/SA103S14	SES206	-1.5547	-55.538	-53.9833
BLOCK10/SES103/SA103S15	SES099	-0.584492	-55.2641	-54.6796
BLOCK10/SES103/SA103S15	SES101	-3.9125	-58.5921	-54.6796
BLOCK10/SES103/SA103S15	SES104	-1.16966	-55.8493	-54.6796
BLOCK10/SES103/SA103S15	SES125	-1.10505	-55.7847	-54.6796
BLOCK10/SES103/SA103S24	SES104	-1.91199	-55.1061	-53.1941
BLOCK10/SES103/SA103S24	SES125	-1.60548	-54.7996	-53.1941
BLOCK10/SES103/SA103S24	SES148	-2.83008	-56.0242	-53.1941
BLOCK10/SES103/SA103S24	SES158	-0.638985	-53.8331	-53.1941
BLOCK10/SES103/SA103S26	SES104	-1.91476	-55.9531	-54.0384
BLOCK10/SES103/SA103S26	SES106	-1.0603	-55.0987	-54.0384
BLOCK10/SES103/SA103S26	SES125	-2.04998	-56.0884	-54.0384
BLOCK10/SES103/SA103S26	SES148	-3.1151	-57.1535	-54.0384
BLOCK10/SES103/SA103S28	SES104	-3.03685	-58.0134	-54.9765
BLOCK10/SES103/SA103S28	SES106	-2.0104	-56.9869	-54.9765
BLOCK10/SES103/SA103S28	SES125	-3.50045	-58.477	-54.9765
BLOCK10/SES103/SA103S28	SES206	-3.25257	-58.2291	-54.9765
BLOCK12/SES121/SA121S12	SES042	-2.79702	-57.595	-54.798
BLOCK12/SES121/SA121S12	SES087	-1.68332	-56.4813	-54.798
BLOCK12/SES121/SA121S12	SES105	-1.95235	-56.7504	-54.798
BLOCK12/SES121/SA121S12	SES206	-1.6847	-56.4827	-54.798
BLOCK12/SES121/SA121S14	SES007	-3.52641	-58.9217	-55.3953
BLOCK12/SES121/SA121S14	SES105	-3.18443	-58.5798	-55.3953
BLOCK12/SES121/SA121S14	SES106	-1.54195	-56.9373	-55.3953
BLOCK12/SES121/SA121S14	SES206	-1.94987	-57.3452	-55.3953
BLOCK12/SES121/SA121S23	SES105	-3.00377	-58.4233	-55.4195
BLOCK12/SES121/SA121S23	SES106	-1.22602	-56.6456	-55.4195
BLOCK12/SES121/SA121S23	SES120	-4.01835	-59.4379	-55.4195
BLOCK12/SES121/SA121S23	SES206	-1.3371	-56.7566	-55.4195
BLOCK12/SES121/SA121S25	SES007	-2.90279	-59.1327	-56.2299
BLOCK12/SES121/SA121S25	SES105	-3.72856	-59.9585	-56.2299
BLOCK12/SES121/SA121S25	SES106	-1.46617	-57.6961	-56.2299
BLOCK12/SES121/SA121S25	SES206	-1.72223	-57.9521	-56.2299
BLOCK12/SES121/SA121S27	SES087	-0.191303	-54.6399	-54.4486
BLOCK12/SES121/SA121S27	SES105	-4.53322	-58.9818	-54.4486
BLOCK12/SES121/SA121S27	SES120	-3.80151	-58.2501	-54.4486
BLOCK12/SES121/SA121S27	SES206	-1.55008	-55.9986	-54.4486
BLOCK12/SES124/SA124S16	SES042	-0.802536	-53.8819	-53.0794
BLOCK12/SES124/SA124S16	SES082	-1.33216	-54.4115	-53.0794
BLOCK12/SES124/SA124S16	SES183	-3.79311	-56.8725	-53.0794
BLOCK12/SES124/SA124S16	SES206	-1.15882	-54.2382	-53.0794
BLOCK12/SES124/SA124S17	SES105	-3.28239	-57.0398	-53.7574
BLOCK12/SES124/SA124S17	SES149	-2.70586	-56.4632	-53.7574
BLOCK12/SES124/SA124S17	SES158	-2.43925	-56.1966	-53.7574
BLOCK12/SES124/SA124S17	SES275	-5.14537	-58.9027	-53.7574
BLOCK12/SES124/SA124S23	SES105	-2.99669	-54.1769	-51.1802
BLOCK12/SES124/SA124S23	SES125	-0.0202827	-51.2005	-51.1802
BLOCK12/SES124/SA124S23	SES129	-3.58129	-54.7615	-51.1802
BLOCK12/SES124/SA124S23	SES158	-0.381981	-51.5622	-51.1802
BLOCK12/SES124/SA124S26	SES105	-4.34755	-56.3456	-51.998
BLOCK12/SES124/SA124S26	SES125	-0.636192	-52.6342	-51.998
BLOCK12/SES124/SA124S26	SES129	-5.0503	-57.0483	-51.998
BLOCK12/SES124/SA124S26	SES158	-1.39321	-53.3912	-51.998
BLOCK12/SES124/SA124S28	SES104	-0.71209	-52.6721	-51.9601
BLOCK12/SES124/SA124S28	SES106	-0.677197	-52.6372	-51.9601
BLOCK12/SES124/SA124S28	SES125	-0.351467	-52.3115	-51.9601
BLOCK12/SES124/SA124S28	SES275	-4.72026	-56.6803	-51.9601
BLOCK12/SES126/SA126S13	SES007	-3.11087	-57.7044	-54.5936
BLOCK12/SES126/SA126S13	SES162	-2.29961	-56.8932	-54.5936
BLOCK12/SES126/SA126S13	SES177	-1.94167	-56.5352	-54.5936
BLOCK12/SES126/SA126S13	SES180	-2.00669	-56.6003	-54.5936
BLOCK12/SES126/SA126S14	SES144	-1.51168	-54.1938	-52.6821
BLOCK12/SES126/SA126S14	SES148	-1.84232	-54.5244	-52.6821
BLOCK12/SES126/SA126S14	SES177	-1.02328	-53.7054	-52.6821
BLOCK12/SES126/SA126S14	SES180	-1.56409	-54.2462	-52.6821
BLOCK12/SES126/SA126S20	SES007	-3.25254	-56.2118	-52.9593
BLOCK12/SES126/SA126S20	SES162	-2.22507	-55.1844	-52.9593
BLOCK12/SES126/SA126S20	SES172	-4.35225	-57.3115	-52.9593
BLOCK12/SES126/SA126S20	SES180	-3.25041	-56.2097	-52.9593
BLOCK12/SES126/SA126S24	SES120	-1.2886	-54.0734	-52.7848
BLOCK12/SES126/SA126S24	SES162	-1.65086	-54.4356	-52.7848
BLOCK12/SES126/SA126S24	SES177	-1.10456	-53.8893	-52.7848
BLOCK12/SES126/SA126S24	SES180	-1.03149	-53.8163	-52.7848
BLOCK12/SES126/SA126S26	SES120	-1.01331	-54.9416	-53.9283
BLOCK12/SES126/SA126S26	SES177	-0.757839	-54.6862	-53.9283
BLOCK12/SES126/SA126S26	SES180	-1.31145	-55.2398	-53.9283
BLOCK12/SES126/SA126S26	SES202	-3.25011	-57.1784	-53.9283
BLOCK12/SES128/SA128S10	SES087	-2.68263	-55.2074	-52.5247
BLOCK12/SES128/SA128S10	SES206	-1.78552	-54.3103	-52.5247
BLOCK12/SES128/SA128S10	SES226	-1.08623	-53.611	-52.5247
BLOCK12/SES128/SA128S10	SES270	-0.891026	-53.4158	-52.5247
BLOCK12/SES128/SA128S12	SES120	-3.02209	-55.5527	-52.5306
BLOCK12/SES128/SA128S12	SES158	-1.95735	-54.488	-52.5306
BLOCK12/SES128/SA128S12	SES206	-1.46373	-53.9944	-52.5306
BLOCK12/SES128/SA128S12	SES226	-1.35008	-53.8807	-52.5306
BLOCK12/SES128/SA128S21	SES106	-3.24931	-56.8287	-53.5794
BLOCK12/SES128/SA128S21	SES120	-2.54639	-56.1258	-53.5794
BLOCK12/SES128/SA128S21	SES206	-3.05057	-56.63	-53.5794
BLOCK12/SES128/SA128S21	SES226	-2.67649	-56.2559	-53.5794
BLOCK12/SES128/SA128S24	SES087	-3.15652	-56.5558	-53.3992
BLOCK12/SES128/SA128S24	SES120	-1.52112	-54.9204	-53.3992
BLOCK12/SES128/SA128S24	SES206	-2.64772	-56.047	-53.3992
BLOCK12/SES128/SA128S24	SES226	-2.25621	-55.6554	-53.3992
BLOCK12/SES128/SA128S27	SES099	-1.18641	-53.3142	-52.1278
BLOCK12/SES128/SA128S27	SES120	-1.92751	-54.0553	-52.1278
BLOCK12/SES128/SA128S27	SES206	-1.93179	-54.0596	-52.1278
BLOCK12/SES128/SA128S27	SES226	-1.42591	-53.5538	-52.1278
BLOCK13/SES130/SA130S13	SES143	-2.01475	-56.583	-54.5683
BLOCK13/SES130/SA130S13	SES144	-0.689411	-55.2577	-54.5683
BLOCK13/SES130/SA130S13	SES146	-1.12893	-55.6972	-54.5683
BLOCK13/SES130/SA130S13	SES275	-3.22528	-57.7935	-54.5683
BLOCK13/SES130/SA130S15	SES143	-1.95683	-54.93	-52.9732
BLOCK13/SES130/SA130S15	SES144	-0.867054	-53.8403	-52.9732
BLOCK13/SES130/SA130S15	SES146	-1.0878	-54.061	-52.9732
BLOCK13/SES130/SA130S15	SES275	-1.76339	-54.7366	-52.9732
BLOCK13/SES130/SA130S23	SES127	-3.14245	-57.8255	-54.683
BLOCK13/SES130/SA130S23	SES144	-1.59893	-56.282	-54.683
BLOCK13/SES130/SA130S23	SES146	-0.900654	-55.5837	-54.683
BLOCK13/SES130/SA130S23	SES162	-1.33315	-56.0162	-54.683
BLOCK13/SES130/SA130S25	SES127	-1.69188	-54.4184	-52.7265
BLOCK13/SES130/SA130S25	SES144	-0.620716	-53.3473	-52.7265
BLOCK13/SES130/SA130S25	SES146	-0.822353	-53.5489	-52.7265
BLOCK13/SES130/SA130S25	SES275	-0.915562	-53.6421	-52.7265
BLOCK13/SES130/SA130S28	SES127	-1.77603	-54.6993	-52.9233
BLOCK13/SES130/SA130S28	SES144	-1.01444	-53.9377	-52.9233
BLOCK13/SES130/SA130S28	SES146	-1.15811	-54.0814	-52.9233
BLOCK13/SES130/SA130S28	SES275	-0.387127	-53.3104	-52.9233
BLOCK13/SES131/SA131S13	SES002	-2.96053	-58.0593	-55.0988
BLOCK13/SES131/SA131S13	SES007	-4.54395	-59.6427	-55.0988
BLOCK13/SES131/SA131S13	SES099	-2.06188	-57.1606	-55.0988
BLOCK13/SES131/SA131S13	SES105	-2.88367	-57.9824	-55.0988
BLOCK13/SES131/SA131S14	SES104	-1.17031	-54.2377	-53.0673
BLOCK13/SES131/SA131S14	SES106	-0.767094	-53.8344	-53.0673
BLOCK13/SES131/SA131S14	SES125	-1.55493	-54.6223	-53.0673
BLOCK13/SES131/SA131S14	SES148	-2.34033	-55.4077	-53.0673
BLOCK13/SES131/SA131S20	SES104	-1.94911	-56.4227	-54.4736
BLOCK13/SES131/SA131S20	SES106	-1.04323	-55.5168	-54.4736
BLOCK13/SES131/SA131S20	SES125	-2.02749	-56.501	-54.4736
BLOCK13/SES131/SA131S20	SES148	-3.35588	-57.8294	-54.4736
BLOCK13/SES131/SA131S22	SES099	-1.00908	-54.7251	-53.716
BLOCK13/SES131/SA131S22	SES104	-1.74839	-55.4644	-53.716
BLOCK13/SES131/SA131S22	SES125	-1.77809	-55.4941	-53.716
BLOCK13/SES131/SA131S22	SES206	-1.97601	-55.692	-53.716
BLOCK13/SES131/SA131S29	SES087	-1.33258	-55.6101	-54.2775
BLOCK13/SES131/SA131S29	SES104	-2.38927	-56.6668	-54.2775
BLOCK13/SES131/SA131S29	SES125	-2.18833	-56.4659	-54.2775
BLOCK13/SES131/SA131S29	SES206	-1.72628	-56.0038	-54.2775
BLOCK13/SES132/SA132S11	SES083	-2.40922	-54.7739	-52.3647
BLOCK13/SES132/SA132S11	SES120	-0.369308	-52.734	-52.3647
BLOCK13/SES132/SA132S11	SES127	-1.34919	-53.7139	-52.3647
BLOCK13/SES132/SA132S11	SES275	-1.11972	-53.4844	-52.3647
BLOCK13/SES132/SA132S12	SES083	-2.18525	-54.3658	-52.1805
BLOCK13/SES132/SA132S12	SES143	-1.33955	-53.5201	-52.1805
BLOCK13/SES132/SA132S12	SES144	-1.36979	-53.5503	-52.1805
BLOCK13/SES132/SA132S12	SES148	-1.9764	-54.1569	-52.1805
BLOCK13/SES132/SA132S22	SES062	-0.919964	-52.9632	-52.0432
BLOCK13/SES132/SA132S22	SES083	-1.30813	-53.3513	-52.0432
BLOCK13/SES132/SA132S22	SES127	-1.36507	-53.4083	-52.0432
BLOCK13/SES132/SA132S22	SES275	-1.12988	-53.1731	-52.0432
BLOCK13/SES132/SA132S24	SES007	-0.672211	-52.7732	-52.1009
BLOCK13/SES132/SA132S24	SES083	-2.66037	-54.7613	-52.1009
BLOCK13/SES132/SA132S24	SES127	-1.39662	-53.4976	-52.1009
BLOCK13/SES132/SA132S24	SES275	-1.42879	-53.5297	-52.1009
BLOCK13/SES132/SA132S27	SES083	-2.73277	-55.5149	-52.7822
BLOCK13/SES132/SA132S27	SES120	-0.481525	-53.2637	-52.7822
BLOCK13/SES132/SA132S27	SES127	-1.92414	-54.7063	-52.7822
BLOCK13/SES132/SA132S27	SES275	-2.0974	-54.8796	-52.7822
BLOCK14/SES141/SA141S09	SES143	-1.07502	-54.1902	-53.1152
BLOCK14/SES141/SA141S09	SES144	-1.00211	-54.1173	-53.1152
BLOCK14/SES141/SA141S09	SES162	-1.30386	-54.4191	-53.1152
BLOCK14/SES141/SA141S09	SES180	-1.3267	-54.4419	-53.1152
BLOCK14/SES141/SA141S15	SES127	-1.54338	-54.4217	-52.8783
BLOCK14/SES141/SA141S15	SES144	-1.55735	-54.4357	-52.8783
BLOCK14/SES141/SA141S15	SES162	-1.39976	-54.2781	-52.8783
BLOCK14/SES141/SA141S15	SES180	-1.13254	-54.0109	-52.8783
BLOCK14/SES141/SA141S24	SES127	-1.09317	-53.7174	-52.6242
BLOCK14/SES141/SA141S24	SES144	-1.77052	-54.3947	-52.6242
BLOCK14/SES141/SA141S24	SES162	-0.673313	-53.2975	-52.6242
BLOCK14/SES141/SA141S24	SES183	-2.93967	-55.5639	-52.6242
BLOCK14/SES141/SA141S26	SES142	-2.0902	-55.452	-53.3618
BLOCK14/SES141/SA141S26	SES144	-1.90294	-55.2648	-53.3618
BLOCK14/SES141/SA141S26	SES172	-2.13793	-55.4998	-53.3618
BLOCK14/SES141/SA141S26	SES180	-1.30681	-54.6686	-53.3618
BLOCK14/SES141/SA141S29	SES127	-0.486713	-53.0005	-52.5138
BLOCK14/SES141/SA141S29	SES142	-0.432823	-52.9466	-52.5138
BLOCK14/SES141/SA141S29	SES144	-1.23997	-53.7537	-52.5138
BLOCK14/SES141/SA141S29	SES180	-0.734833	-53.2486	-52.5138
BLOCK15/SES157/SA157S08	SES083	-2.87201	-56.1773	-53.3053
BLOCK15/SES157/SA157S08	SES127	-2.43324	-55.7385	-53.3053
BLOCK15/SES157/SA157S08	SES148	-1.52829	-54.8336	-53.3053
BLOCK15/SES157/SA157S08	SES292	-2.43555	-55.7409	-53.3053
BLOCK15/SES157/SA157S11	SES083	-3.395	-56.1362	-52.7412
BLOCK15/SES157/SA157S11	SES127	-2.39074	-55.132	-52.7412
BLOCK15/SES157/SA157S11	SES148	-1.35631	-54.0975	-52.7412
BLOCK15/SES157/SA157S11	SES292	-2.21111	-54.9523	-52.7412
BLOCK15/SES157/SA157S21	SES127	-2.11046	-54.7486	-52.6381
BLOCK15/SES157/SA157S21	SES148	-1.02863	-53.6668	-52.6381
BLOCK15/SES157/SA157S21	SES158	-6.11715	-58.7553	-52.6381
BLOCK15/SES157/SA157S21	SES292	-1.56437	-54.2025	-52.6381
BLOCK15/SES157/SA157S24	SES127	-2.1466	-54.7899	-52.6433
BLOCK15/SES157/SA157S24	SES148	-1.73993	-54.3832	-52.6433
BLOCK15/SES157/SA157S24	SES183	-2.23901	-54.8823	-52.6433
BLOCK15/SES157/SA157S24	SES292	-2.25679	-54.9001	-52.6433
BLOCK15/SES157/SA157S26	SES007	-1.43297	-53.8853	-52.4524
BLOCK15/SES157/SA157S26	SES127	-1.51622	-53.9686	-52.4524
BLOCK15/SES157/SA157S26	SES147	-4.8483	-57.3007	-52.4524
BLOCK15/SES157/SA157S26	SES148	-1.38324	-53.8356	-52.4524
BLOCK16/SES161/SA161S10	SES007	-2.70478	-57.1205	-54.4158
BLOCK16/SES161/SA161S10	SES105	-1.71587	-56.1316	-54.4158
BLOCK16/SES161/SA161S10	SES158	-2.76307	-57.1788	-54.4158
BLOCK16/SES161/SA161S10	SES275	-2.33405	-56.7498	-54.4158
BLOCK16/SES161/SA161S12	SES007	-1.96534	-56.0053	-54.04
BLOCK16/SES161/SA161S12	SES105	-2.03038	-56.0703	-54.04
BLOCK16/SES161/SA161S12	SES158	-1.39435	-55.4343	-54.04
BLOCK16/SES161/SA161S12	SES275	-1.69959	-55.7395	-54.04
BLOCK16/SES161/SA161S20	SES007	-2.65802	-57.9944	-55.3364
BLOCK16/SES161/SA161S20	SES105	-2.61029	-57.9467	-55.3364
BLOCK16/SES161/SA161S20	SES158	-2.24366	-57.58	-55.3364
BLOCK16/SES161/SA161S20	SES275	-3.14389	-58.4803	-55.3364
BLOCK16/SES161/SA161S23	SES007	-2.53218	-55.971	-53.4388
BLOCK16/SES161/SA161S23	SES105	-1.55239	-54.9912	-53.4388
BLOCK16/SES161/SA161S23	SES148	-2.31098	-55.7498	-53.4388
BLOCK16/SES161/SA161S23	SES158	-1.56971	-55.0085	-53.4388
BLOCK16/SES161/SA161S28	SES007	-3.45215	-57.2331	-53.7809
BLOCK16/SES161/SA161S28	SES105	-2.61958	-56.4005	-53.7809
BLOCK16/SES161/SA161S28	SES158	-1.2403	-55.0212	-53.7809
BLOCK16/SES161/SA161S28	SES206	-2.04025	-55.8212	-53.7809
BLOCK16/SES164/SA164S11	SES104	-1.91943	-53.9095	-51.99
BLOCK16/SES164/SA164S11	SES125	-1.01138	-53.0014	-51.99
BLOCK16/SES164/SA164S11	SES158	-0.265747	-52.2558	-51.99
BLOCK16/SES164/SA164S11	SES206	-2.10189	-54.0919	-51.99
BLOCK16/SES164/SA164S13	SES099	-0.897427	-54.2314	-53.334
BLOCK16/SES164/SA164S13	SES104	-1.84844	-55.1825	-53.334
BLOCK16/SES164/SA164S13	SES125	-2.10489	-55.4389	-53.334
BLOCK16/SES164/SA164S13	SES206	-1.76124	-55.0953	-53.334
BLOCK16/SES164/SA164S24	SES002	-1.01583	-53.6674	-52.6516
BLOCK16/SES164/SA164S24	SES099	-0.682045	-53.3337	-52.6516
BLOCK16/SES164/SA164S24	SES125	-2.34263	-54.9943	-52.6516
BLOCK16/SES164/SA164S24	SES226	-0.82967	-53.4813	-52.6516
BLOCK16/SES164/SA164S27	SES087	-2.67615	-55.6189	-52.9428
BLOCK16/SES164/SA164S27	SES125	-1.82479	-54.7676	-52.9428
BLOCK16/SES164/SA164S27	SES206	-1.90063	-54.8434	-52.9428
BLOCK16/SES164/SA164S27	SES226	-1.46288	-54.4056	-52.9428
BLOCK16/SES164/SA164S29	SES002	0.0203018	-52.8823	-52.9026
BLOCK16/SES164/SA164S29	SES019	-1.61372	-54.5163	-52.9026
BLOCK16/SES164/SA164S29	SES125	-1.60485	-54.5075	-52.9026
BLOCK16/SES164/SA164S29	SES226	-1.40366	-54.3063	-52.9026
BLOCK16/SES169/SA169S13	SES117	-1.6255	-54.4736	-52.8481
BLOCK16/SES169/SA169S13	SES144	-1.55742	-54.4055	-52.8481
BLOCK16/SES169/SA169S13	SES146	-1.93428	-54.7824	-52.8481
BLOCK16/SES169/SA169S13	SES162	-2.00701	-54.8551	-52.8481
BLOCK16/SES169/SA169S14	SES144	-1.26538	-52.9761	-51.7107
BLOCK16/SES169/SA169S14	SES148	-1.4199	-53.1306	-51.7107
BLOCK16/SES169/SA169S14	SES177	-1.21054	-52.9213	-51.7107
BLOCK16/SES169/SA169S14	SES180	-2.79981	-54.5105	-51.7107
BLOCK16/SES169/SA169S24	SES117	-1.51044	-55.1169	-53.6065
BLOCK16/SES169/SA169S24	SES144	-1.01453	-54.621	-53.6065
BLOCK16/SES169/SA169S24	SES146	-1.61848	-55.2249	-53.6065
BLOCK16/SES169/SA169S24	SES162	-1.84976	-55.4562	-53.6065
BLOCK16/SES169/SA169S27	SES127	-1.66971	-54.5272	-52.8575
BLOCK16/SES169/SA169S27	SES129	-1.94747	-54.805	-52.8575
BLOCK16/SES169/SA169S27	SES144	-1.9744	-54.8319	-52.8575
BLOCK16/SES169/SA169S27	SES146	-1.15257	-54.0101	-52.8575
BLOCK16/SES169/SA169S29	SES144	-0.930977	-53.4195	-52.4885
BLOCK16/SES169/SA169S29	SES162	-1.13553	-53.624	-52.4885
BLOCK16/SES169/SA169S29	SES177	-2.5758	-55.0643	-52.4885
BLOCK16/SES169/SA169S29	SES180	-1.55787	-54.0463	-52.4885
BLOCK17/SES171/SA171S12	SES083	-1.96407	-55.7423	-53.7782
BLOCK17/SES171/SA171S12	SES148	-1.93388	-55.7121	-53.7782
BLOCK17/SES171/SA171S12	SES172	-1.89457	-55.6728	-53.7782
BLOCK17/SES171/SA171S12	SES292	-2.79367	-56.5719	-53.7782
BLOCK17/SES171/SA171S15	SES148	-1.87651	-55.9998	-54.1233
BLOCK17/SES171/SA171S15	SES177	-2.33873	-56.462	-54.1233
BLOCK17/SES171/SA171S15	SES180	-5.10388	-59.2271	-54.1233
BLOCK17/SES171/SA171S15	SES292	-3.66952	-57.7928	-54.1233
BLOCK17/SES171/SA171S22	SES007	-2.18169	-55.0581	-52.8764
BLOCK17/SES171/SA171S22	SES148	-1.19716	-54.0736	-52.8764
BLOCK17/SES171/SA171S22	SES177	-0.972084	-53.8485	-52.8764
BLOCK17/SES171/SA171S22	SES180	-2.09412	-54.9705	-52.8764
BLOCK17/SES171/SA171S25	SES101	-3.00145	-56.7667	-53.7652
BLOCK17/SES171/SA171S25	SES120	-3.07926	-56.8445	-53.7652
BLOCK17/SES171/SA171S25	SES177	-1.922	-55.6872	-53.7652
BLOCK17/SES171/SA171S25	SES180	-3.6008	-57.366	-53.7652
BLOCK17/SES171/SA171S27	SES177	-1.31277	-54.5828	-53.27
BLOCK17/SES171/SA171S27	SES180	-2.80137	-56.0714	-53.27
BLOCK17/SES171/SA171S27	SES189	-1.28898	-54.559	-53.27
BLOCK17/SES171/SA171S27	SES292	-2.91066	-56.1807	-53.27
BLOCK17/SES173/SA173S13	SES162	-2.96506	-57.5145	-54.5494
BLOCK17/SES173/SA173S13	SES177	-3.75425	-58.3037	-54.5494
BLOCK17/SES173/SA173S13	SES180	-4.26571	-58.8151	-54.5494
BLOCK17/SES173/SA173S13	SES292	-3.01573	-57.5652	-54.5494
BLOCK17/SES173/SA173S14	SES007	-4.03531	-58.9437	-54.9084
BLOCK17/SES173/SA173S14	SES162	-2.67389	-57.5823	-54.9084
BLOCK17/SES173/SA173S14	SES177	-2.30175	-57.2102	-54.9084
BLOCK17/SES173/SA173S14	SES180	-3.88942	-58.7978	-54.9084
BLOCK17/SES173/SA173S24	SES144	-2.48161	-57.7675	-55.2859
BLOCK17/SES173/SA173S24	SES162	-3.10448	-58.3904	-55.2859
BLOCK17/SES173/SA173S24	SES177	-2.6628	-57.9487	-55.2859
BLOCK17/SES173/SA173S24	SES180	-3.8062	-59.0921	-55.2859
BLOCK17/SES173/SA173S27	SES162	-3.50758	-57.857	-54.3494
BLOCK17/SES173/SA173S27	SES177	-2.84451	-57.1939	-54.3494
BLOCK17/SES173/SA173S27	SES180	-3.76262	-58.1121	-54.3494
BLOCK17/SES173/SA173S27	SES292	-3.40985	-57.7593	-54.3494
BLOCK17/SES173/SA173S29	SES162	-2.46104	-56.7328	-54.2717
BLOCK17/SES173/SA173S29	SES175	-1.54444	-55.8162	-54.2717
BLOCK17/SES173/SA173S29	SES177	-2.20356	-56.4753	-54.2717
BLOCK17/SES173/SA173S29	SES292	-3.90805	-58.1798	-54.2717
BLOCK18/SES182/SA182S10	SES144	-1.57779	-54.4685	-52.8907
BLOCK18/SES182/SA182S10	SES177	-2.08903	-54.9797	-52.8907
BLOCK18/SES182/SA182S10	SES180	-2.82334	-55.7141	-52.8907
BLOCK18/SES182/SA182S10	SES275	-0.95871	-53.8494	-52.8907
BLOCK18/SES182/SA182S12	SES144	-0.886692	-53.4672	-52.5805
BLOCK18/SES182/SA182S12	SES177	-1.7045	-54.285	-52.5805
BLOCK18/SES182/SA182S12	SES180	-1.87638	-54.4568	-52.5805
BLOCK18/SES182/SA182S12	SES275	-1.18423	-53.7647	-52.5805
BLOCK18/SES182/SA182S21	SES117	-1.77118	-55.3054	-53.5342
BLOCK18/SES182/SA182S21	SES144	-1.73458	-55.2688	-53.5342
BLOCK18/SES182/SA182S21	SES162	-1.2908	-54.825	-53.5342
BLOCK18/SES182/SA182S21	SES180	-2.30239	-55.8366	-53.5342
BLOCK18/SES182/SA182S23	SES117	-1.7228	-54.8653	-53.1425
BLOCK18/SES182/SA182S23	SES144	-1.82954	-54.972	-53.1425
BLOCK18/SES182/SA182S23	SES180	-2.67721	-55.8197	-53.1425
BLOCK18/SES182/SA182S23	SES275	-1.39064	-54.5331	-53.1425
BLOCK18/SES182/SA182S25	SES007	-1.1364	-54.307	-53.1706
BLOCK18/SES182/SA182S25	SES162	-0.775352	-53.9459	-53.1706
BLOCK18/SES182/SA182S25	SES177	-1.04923	-54.2198	-53.1706
BLOCK18/SES182/SA182S25	SES180	-1.68351	-54.8541	-53.1706
BLOCK18/SES184/SA184S12	SES177	-2.23822	-55.5849	-53.3466
BLOCK18/SES184/SA184S12	SES180	-1.64548	-54.9921	-53.3466
BLOCK18/SES184/SA184S12	SES189	-2.09696	-55.4436	-53.3466
BLOCK18/SES184/SA184S12	SES292	-2.27394	-55.6206	-53.3466
BLOCK18/SES184/SA184S13	SES101	-2.51221	-55.6539	-53.1417
BLOCK18/SES184/SA184S13	SES177	-1.92969	-55.0713	-53.1417
BLOCK18/SES184/SA184S13	SES180	-2.12957	-55.2712	-53.1417
BLOCK18/SES184/SA184S13	SES292	-2.20007	-55.3417	-53.1417
BLOCK18/SES184/SA184S22	SES177	-2.1211	-54.148	-52.0269
BLOCK18/SES184/SA184S22	SES180	-1.73502	-53.7619	-52.0269
BLOCK18/SES184/SA184S22	SES189	-3.34095	-55.3678	-52.0269
BLOCK18/SES184/SA184S22	SES292	-2.53018	-54.557	-52.0269
BLOCK18/SES184/SA184S25	SES101	-1.63229	-53.4827	-51.8504
BLOCK18/SES184/SA184S25	SES177	-2.40456	-54.255	-51.8504
BLOCK18/SES184/SA184S25	SES180	-2.23191	-54.0824	-51.8504
BLOCK18/SES184/SA184S25	SES292	-1.26339	-53.1138	-51.8504
BLOCK18/SES184/SA184S27	SES083	-1.94101	-54.7321	-52.7911
BLOCK18/SES184/SA184S27	SES177	-1.42691	-54.218	-52.7911
BLOCK18/SES184/SA184S27	SES202	-3.19683	-55.9879	-52.7911
BLOCK18/SES184/SA184S27	SES292	-2.21877	-55.0099	-52.7911
BLOCK20/SES204/SA204S12	SES062	-2.54992	-54.3353	-51.7854
BLOCK20/SES204/SA204S12	SES083	-2.54321	-54.3286	-51.7854
BLOCK20/SES204/SA204S12	SES206	-1.05419	-52.8396	-51.7854
BLOCK20/SES204/SA204S12	SES226	-2.15442	-53.9398	-51.7854
BLOCK20/SES204/SA204S14	SES068	-2.34847	-53.4147	-51.0662
BLOCK20/SES204/SA204S14	SES087	-0.882145	-51.9484	-51.0662
BLOCK20/SES204/SA204S14	SES206	-1.5848	-52.651	-51.0662
BLOCK20/SES204/SA204S14	SES226	-2.19017	-53.2564	-51.0662
BLOCK20/SES204/SA204S22	SES068	-2.9468	-54.7453	-51.7985
BLOCK20/SES204/SA204S22	SES082	-2.79512	-54.5936	-51.7985
BLOCK20/SES204/SA204S22	SES083	-3.33572	-55.1342	-51.7985
BLOCK20/SES204/SA204S22	SES206	-1.14187	-52.9403	-51.7985
BLOCK20/SES204/SA204S25	SES062	-3.0182	-55.0151	-51.9969
BLOCK20/SES204/SA204S25	SES083	-3.00412	-55.001	-51.9969
BLOCK20/SES204/SA204S25	SES206	-0.701008	-52.6979	-51.9969
BLOCK20/SES204/SA204S25	SES226	-1.99473	-53.9917	-51.9969
BLOCK20/SES204/SA204S27	SES068	-3.86203	-56.1137	-52.2517
BLOCK20/SES204/SA204S27	SES082	-2.31239	-54.5641	-52.2517
BLOCK20/SES204/SA204S27	SES087	-1.25339	-53.5051	-52.2517
BLOCK20/SES204/SA204S27	SES206	-1.04325	-53.2949	-52.2517
BLOCK20/SES207/SA207S10	SES127	-1.51002	-54.789	-53.279
BLOCK20/SES207/SA207S10	SES183	-2.21037	-55.4894	-53.279
BLOCK20/SES207/SA207S10	SES189	-1.93419	-55.2132	-53.279
BLOCK20/SES207/SA207S10	SES292	-2.52251	-55.8015	-53.279
BLOCK20/SES207/SA207S11	SES127	-2.78888	-55.9058	-53.1169
BLOCK20/SES207/SA207S11	SES183	-2.41071	-55.5276	-53.1169
BLOCK20/SES207/SA207S11	SES187	-1.6404	-54.7573	-53.1169
BLOCK20/SES207/SA207S11	SES292	-1.79374	-54.9107	-53.1169
BLOCK20/SES207/SA207S25	SES068	-2.25212	-55.4375	-53.1854
BLOCK20/SES207/SA207S25	SES083	-2.96726	-56.1527	-53.1854
BLOCK20/SES207/SA207S25	SES127	-1.50882	-54.6942	-53.1854
BLOCK20/SES207/SA207S25	SES187	-0.930225	-54.1156	-53.1854
BLOCK20/SES207/SA207S27	SES127	-1.80545	-55.6095	-53.804
BLOCK20/SES207/SA207S27	SES183	-1.75972	-55.5638	-53.804
BLOCK20/SES207/SA207S27	SES187	-1.68969	-55.4937	-53.804
BLOCK20/SES207/SA207S27	SES292	-2.312	-56.116	-53.804
BLOCK20/SES207/SA207S29	SES083	-3.50556	-56.3525	-52.8469
BLOCK20/SES207/SA207S29	SES085	-2.08348	-54.9304	-52.8469
BLOCK20/SES207/SA207S29	SES172	-2.41717	-55.2641	-52.8469
BLOCK20/SES207/SA207S29	SES189	-2.51756	-55.3645	-52.8469
BLOCK22/SES221/SA221S12	SES068	-2.80983	-55.6703	-52.8605
BLOCK22/SES221/SA221S12	SES143	-2.46879	-55.3293	-52.8605
BLOCK22/SES221/SA221S12	SES175	-1.64095	-54.5014	-52.8605
BLOCK22/SES221/SA221S12	SES202	-1.01315	-53.8736	-52.8605
BLOCK22/SES221/SA221S15	SES085	-3.53267	-57.6775	-54.1449
BLOCK22/SES221/SA221S15	SES143	-3.57135	-57.7162	-54.1449
BLOCK22/SES221/SA221S15	SES175	-1.93039	-56.0753	-54.1449
BLOCK22/SES221/SA221S15	SES187	-1.43632	-55.5812	-54.1449
BLOCK22/SES221/SA221S23	SES068	-3.8046	-56.9274	-53.1228
BLOCK22/SES221/SA221S23	SES143	-3.11408	-56.2369	-53.1228
BLOCK22/SES221/SA221S23	SES175	-1.34042	-54.4632	-53.1228
BLOCK22/SES221/SA221S23	SES189	0.122829	-52.9999	-53.1228
BLOCK22/SES221/SA221S27	SES085	-4.18518	-57.2333	-53.0481
BLOCK22/SES221/SA221S27	SES143	-2.38533	-55.4334	-53.0481
BLOCK22/SES221/SA221S27	SES175	-1.55598	-54.6041	-53.0481
BLOCK22/SES221/SA221S27	SES189	0.339584	-52.7085	-53.0481
BLOCK22/SES221/SA221S29	SES085	-5.84922	-60.2494	-54.4001
BLOCK22/SES221/SA221S29	SES143	-4.41914	-58.8193	-54.4001
BLOCK22/SES221/SA221S29	SES175	-2.23799	-56.6381	-54.4001
BLOCK22/SES221/SA221S29	SES187	-0.788631	-55.1888	-54.4001
BLOCK22/SES223/SA223S11	SES143	-1.52196	-55.7015	-54.1795
BLOCK22/SES223/SA223S11	SES144	-3.23859	-57.4181	-54.1795
BLOCK22/SES223/SA223S11	SES175	-1.24715	-55.4266	-54.1795
BLOCK22/SES223/SA223S11	SES187	-1.8408	-56.0203	-54.1795
BLOCK22/SES223/SA223S13	SES068	-2.8662	-58.0261	-55.1599
BLOCK22/SES223/SA223S13	SES143	-2.79353	-57.9534	-55.1599
BLOCK22/SES223/SA223S13	SES146	-3.57685	-58.7367	-55.1599
BLOCK22/SES223/SA223S13	SES202	-1.99015	-57.15	-55.1599
BLOCK22/SES223/SA223S22	SES143	-1.90035	-55.9866	-54.0862
BLOCK22/SES223/SA223S22	SES144	-3.10491	-57.1911	-54.0862
BLOCK22/SES223/SA223S22	SES175	-1.41714	-55.5033	-54.0862
BLOCK22/SES223/SA223S22	SES187	-1.17756	-55.2638	-54.0862
BLOCK22/SES223/SA223S25	SES068	-2.49398	-56.6915	-54.1975
BLOCK22/SES223/SA223S25	SES143	-2.18546	-56.383	-54.1975
BLOCK22/SES223/SA223S25	SES175	-1.31692	-55.5144	-54.1975
BLOCK22/SES223/SA223S25	SES187	-1.53906	-55.7366	-54.1975
BLOCK22/SES223/SA223S27	SES143	-1.16773	-55.3584	-54.1907
BLOCK22/SES223/SA223S27	SES146	-2.0676	-56.2583	-54.1907
BLOCK22/SES223/SA223S27	SES187	-1.49107	-55.6817	-54.1907
BLOCK22/SES223/SA223S27	SES292	-2.60903	-56.7997	-54.1907
BLOCK27/SES273/SA273S12	SES099	-0.0707626	-51.0023	-50.9316
BLOCK27/SES273/SA273S12	SES104	-0.542984	-51.4745	-50.9316
BLOCK27/SES273/SA273S12	SES125	-1.19656	-52.1281	-50.9316
BLOCK27/SES273/SA273S12	SES206	-0.185867	-51.1174	-50.9316
BLOCK27/SES273/SA273S13	SES099	-0.600842	-51.4134	-50.8126
BLOCK27/SES273/SA273S13	SES104	-1.2119	-52.0245	-50.8126
BLOCK27/SES273/SA273S13	SES206	-0.685921	-51.4985	-50.8126
BLOCK27/SES273/SA273S13	SES292	-3.4505	-54.2631	-50.8126
BLOCK27/SES273/SA273S21	SES099	0.125343	-51.134	-51.2593
BLOCK27/SES273/SA273S21	SES148	-2.88884	-54.1481	-51.2593
BLOCK27/SES273/SA273S21	SES149	-0.875618	-52.1349	-51.2593
BLOCK27/SES273/SA273S21	SES177	-3.6301	-54.8894	-51.2593
BLOCK27/SES273/SA273S25	SES104	-1.19646	-52.3984	-51.2019
BLOCK27/SES273/SA273S25	SES125	-1.62479	-52.8267	-51.2019
BLOCK27/SES273/SA273S25	SES158	-0.981438	-52.1834	-51.2019
BLOCK27/SES273/SA273S25	SES206	-0.328224	-51.5302	-51.2019
BLOCK27/SES273/SA273S27	SES099	-0.493057	-51.7621	-51.269
BLOCK27/SES273/SA273S27	SES104	-0.866268	-52.1353	-51.269
BLOCK27/SES273/SA273S27	SES149	-0.858303	-52.1273	-51.269
BLOCK27/SES273/SA273S27	SES275	-2.00872	-53.2778	-51.269
BLOCK27/SES274/SA274S10	SES105	-1.74643	-53.4817	-51.7353
BLOCK27/SES274/SA274S10	SES125	-0.785553	-52.5209	-51.7353
BLOCK27/SES274/SA274S10	SES129	-0.831894	-52.5672	-51.7353
BLOCK27/SES274/SA274S10	SES158	-1.60205	-53.3374	-51.7353
BLOCK27/SES274/SA274S11	SES105	-2.1819	-53.8078	-51.6259
BLOCK27/SES274/SA274S11	SES149	-0.979828	-52.6057	-51.6259
BLOCK27/SES274/SA274S11	SES158	-1.38928	-53.0152	-51.6259
BLOCK27/SES274/SA274S11	SES275	-2.70739	-54.3333	-51.6259
BLOCK27/SES274/SA274S21	SES105	-1.95939	-53.9948	-52.0354
BLOCK27/SES274/SA274S21	SES129	-1.05455	-53.0899	-52.0354
BLOCK27/SES274/SA274S21	SES149	-1.19481	-53.2302	-52.0354
BLOCK27/SES274/SA274S21	SES158	-2.03026	-54.0656	-52.0354
BLOCK27/SES274/SA274S24	SES105	-2.15604	-54.1291	-51.973
BLOCK27/SES274/SA274S24	SES129	-1.86956	-53.8426	-51.973
BLOCK27/SES274/SA274S24	SES149	-0.886658	-52.8597	-51.973
BLOCK27/SES274/SA274S24	SES158	-2.61848	-54.5915	-51.973
BLOCK27/SES274/SA274S29	SES105	-2.40644	-54.2951	-51.8886
BLOCK27/SES274/SA274S29	SES106	-2.24688	-54.1355	-51.8886
BLOCK27/SES274/SA274S29	SES120	-2.35555	-54.2442	-51.8886
BLOCK27/SES274/SA274S29	SES275	-2.39649	-54.2851	-51.8886
BLOCK27/SES276/SA276S16	SES148	-2.05574	-55.3149	-53.2592
BLOCK27/SES276/SA276S16	SES172	-1.65517	-54.9143	-53.2592
BLOCK27/SES276/SA276S16	SES180	-3.44772	-56.7069	-53.2592
BLOCK27/SES276/SA276S16	SES292	-0.913902	-54.1731	-53.2592
BLOCK27/SES276/SA276S17	SES101	-1.99707	-55.0937	-53.0966
BLOCK27/SES276/SA276S17	SES177	-2.2826	-55.3792	-53.0966
BLOCK27/SES276/SA276S17	SES180	-2.43208	-55.5287	-53.0966
BLOCK27/SES276/SA276S17	SES292	-1.66099	-54.7576	-53.0966
BLOCK27/SES276/SA276S24	SES101	-0.888374	-52.6926	-51.8042
BLOCK27/SES276/SA276S24	SES177	-1.64357	-53.4478	-51.8042
BLOCK27/SES276/SA276S24	SES180	-2.11312	-53.9173	-51.8042
BLOCK27/SES276/SA276S24	SES292	-2.31256	-54.1168	-51.8042
BLOCK27/SES276/SA276S26	SES101	-2.27098	-54.467	-52.1961
BLOCK27/SES276/SA276S26	SES177	-1.49014	-53.6862	-52.1961
BLOCK27/SES276/SA276S26	SES180	-1.78453	-53.9806	-52.1961
BLOCK27/SES276/SA276S26	SES292	-1.29791	-53.494	-52.1961
BLOCK27/SES276/SA276S28	SES101	-1.92596	-54.5087	-52.5827
BLOCK27/SES276/SA276S28	SES177	-2.29168	-54.8744	-52.5827
BLOCK27/SES276/SA276S28	SES180	-1.6806	-54.2633	-52.5827
BLOCK27/SES276/SA276S28	SES292	-1.96753	-54.5502	-52.5827
BLOCK27/SES277/SA277S12	SES101	-1.09272	-54.9469	-53.8542
BLOCK27/SES277/SA277S12	SES177	-2.61668	-56.4709	-53.8542
BLOCK27/SES277/SA277S12	SES180	-2.84838	-56.7026	-53.8542
BLOCK27/SES277/SA277S12	SES292	-3.01453	-56.8688	-53.8542
BLOCK27/SES277/SA277S14	SES177	-1.50724	-55.7072	-54.2
BLOCK27/SES277/SA277S14	SES180	-2.66311	-56.8631	-54.2
BLOCK27/SES277/SA277S14	SES189	-0.778812	-54.9788	-54.2
BLOCK27/SES277/SA277S14	SES292	-3.22164	-57.4216	-54.2
BLOCK27/SES277/SA277S21	SES177	-1.47038	-54.001	-52.5307
BLOCK27/SES277/SA277S21	SES180	-3.10102	-55.6317	-52.5307
BLOCK27/SES277/SA277S21	SES189	-1.32879	-53.8594	-52.5307
BLOCK27/SES277/SA277S21	SES292	-2.83948	-55.3701	-52.5307
BLOCK27/SES277/SA277S24	SES144	-1.69131	-55.9819	-54.2906
BLOCK27/SES277/SA277S24	SES177	-1.70967	-56.0003	-54.2906
BLOCK27/SES277/SA277S24	SES180	-3.18666	-57.4773	-54.2906
BLOCK27/SES277/SA277S24	SES189	-1.09863	-55.3892	-54.2906
BLOCK27/SES277/SA277S29	SES177	-1.10506	-52.9408	-51.8357
BLOCK27/SES277/SA277S29	SES180	-1.78172	-53.6174	-51.8357
BLOCK27/SES277/SA277S29	SES202	-1.96548	-53.8012	-51.8357
BLOCK27/SES277/SA277S29	SES292	-2.58151	-54.4172	-51.8357
BLOCK27/SES279/SA279S09	SES120	-1.65252	-53.8093	-52.1568
BLOCK27/SES279/SA279S09	SES146	-1.6758	-53.8326	-52.1568
BLOCK27/SES279/SA279S09	SES206	-2.54544	-54.7022	-52.1568
BLOCK27/SES279/SA279S09	SES226	-2.59567	-54.7524	-52.1568
BLOCK27/SES279/SA279S10	SES099	-1.7944	-53.9198	-52.1254
BLOCK27/SES279/SA279S10	SES206	-1.62306	-53.7484	-52.1254
BLOCK27/SES279/SA279S10	SES226	-2.55614	-54.6815	-52.1254
BLOCK27/SES279/SA279S10	SES292	-1.34261	-53.468	-52.1254
BLOCK27/SES279/SA279S20	SES099	-3.26766	-55.8788	-52.6111
BLOCK27/SES279/SA279S20	SES206	-2.12462	-54.7357	-52.6111
BLOCK27/SES279/SA279S20	SES226	-2.96867	-55.5798	-52.6111
BLOCK27/SES279/SA279S20	SES292	-0.821308	-53.4324	-52.6111
BLOCK27/SES279/SA279S26	SES099	-2.27699	-54.7855	-52.5085
BLOCK27/SES279/SA279S26	SES206	-1.71852	-54.2271	-52.5085
BLOCK27/SES279/SA279S26	SES226	-2.03609	-54.5446	-52.5085
BLOCK27/SES279/SA279S26	SES292	-1.71487	-54.2234	-52.5085
BLOCK27/SES279/SA279S28	SES099	-3.02948	-54.0523	-51.0228
BLOCK27/SES279/SA279S28	SES120	-1.43903	-52.4619	-51.0228
BLOCK27/SES279/SA279S28	SES177	-2.79365	-53.8165	-51.0228
BLOCK27/SES279/SA279S28	SES206	-2.81823	-53.8411	-51.0228
BLOCK29/SES290/SA290S12	SES162	-2.10984	-54.3845	-52.2746
BLOCK29/SES290/SA290S12	SES177	-2.94712	-55.2217	-52.2746
BLOCK29/SES290/SA290S12	SES180	-3.45811	-55.7327	-52.2746
BLOCK29/SES290/SA290S12	SES292	-3.13177	-55.4064	-52.2746
BLOCK29/SES290/SA290S13	SES007	-4.143	-57.5428	-53.3998
BLOCK29/SES290/SA290S13	SES162	-3.1513	-56.5511	-53.3998
BLOCK29/SES290/SA290S13	SES177	-1.68275	-55.0825	-53.3998
BLOCK29/SES290/SA290S13	SES180	-2.31481	-55.7146	-53.3998
BLOCK29/SES290/SA290S22	SES177	-1.47324	-54.1703	-52.6971
BLOCK29/SES290/SA290S22	SES180	-1.42649	-54.1236	-52.6971
BLOCK29/SES290/SA290S22	SES202	-1.79592	-54.493	-52.6971
BLOCK29/SES290/SA290S22	SES292	-2.9198	-55.6169	-52.6971
BLOCK29/SES290/SA290S25	SES162	-1.77602	-54.182	-52.406
BLOCK29/SES290/SA290S25	SES177	-1.73685	-54.1428	-52.406
BLOCK29/SES290/SA290S25	SES180	-1.73572	-54.1417	-52.406
BLOCK29/SES290/SA290S25	SES292	-2.07196	-54.4779	-52.406
BLOCK29/SES290/SA290S29	SES177	-0.403202	-52.6626	-52.2594
BLOCK29/SES290/SA290S29	SES180	-1.19308	-53.4525	-52.2594
BLOCK29/SES290/SA290S29	SES275	-2.29046	-54.5498	-52.2594
BLOCK29/SES290/SA290S29	SES292	-1.84786	-54.1072	-52.2594
BLOCK29/SES291/SA291S11	SES105	-3.90665	-56.6673	-52.7607
BLOCK29/SES291/SA291S11	SES125	-1.32411	-54.0848	-52.7607
BLOCK29/SES291/SA291S11	SES158	-1.58526	-54.3459	-52.7607
BLOCK29/SES291/SA291S11	SES275	-5.23912	-57.9998	-52.7607
BLOCK29/SES291/SA291S12	SES158	-0.727234	-53.0376	-52.3103
BLOCK29/SES291/SA291S12	SES226	-1.47712	-53.7875	-52.3103
BLOCK29/SES291/SA291S12	SES270	-0.312595	-52.6229	-52.3103
BLOCK29/SES291/SA291S12	SES275	-5.50626	-57.8166	-52.3103
BLOCK29/SES291/SA291S22	SES082	-1.00005	-53.161	-52.161
BLOCK29/SES291/SA291S22	SES158	-1.07296	-53.2339	-52.161
BLOCK29/SES291/SA291S22	SES259	-1.64673	-53.8077	-52.161
BLOCK29/SES291/SA291S22	SES275	-3.96788	-56.1288	-52.161
BLOCK29/SES291/SA291S24	SES104	-0.488663	-51.7268	-51.2381
BLOCK29/SES291/SA291S24	SES125	-0.576286	-51.8144	-51.2381
BLOCK29/SES291/SA291S24	SES158	-0.751114	-51.9892	-51.2381
BLOCK29/SES291/SA291S24	SES275	-4.49118	-55.7293	-51.2381
BLOCK29/SES291/SA291S27	SES158	-0.461254	-51.8084	-51.3472
BLOCK29/SES291/SA291S27	SES172	-5.64645	-56.9936	-51.3472
BLOCK29/SES291/SA291S27	SES275	-4.62289	-55.9701	-51.3472
BLOCK29/SES291/SA291S27	SES292	-4.24017	-55.5874	-51.3472
