BLOCK00/SES002/SA002S12	SES002	1.39013	6.22856	4.83843
BLOCK00/SES002/SA002S13	SES002	2.17646	5.70424	3.52778
BLOCK00/SES002/SA002S23	SES002	1.72123	6.06184	4.34061
BLOCK00/SES002/SA002S26	SES002	1.7859	6.09519	4.30928
BLOCK00/SES002/SA002S28	SES002	1.08632	6.5873	5.50098
BLOCK00/SES007/SA007S14	SES007	0.957863	8.16438	7.20652
BLOCK00/SES007/SA007S15	SES007	0.344719	7.09168	6.74696
BLOCK00/SES007/SA007S24	SES007	0.448028	6.91284	6.46482
BLOCK00/SES007/SA007S27	SES007	0.77876	6.18007	5.40131
BLOCK00/SES007/SA007S29	SES007	0.0419707	7.40649	7.36452
BLOCK00/SES008/SA008S11	SES008	1.50758	7.18867	5.68109
BLOCK00/SES008/SA008S12	SES008	0.0686173	5.87088	5.80226
BLOCK00/SES008/SA008S19	SES008	2.19315	8.82111	6.62796
BLOCK00/SES008/SA008S22	SES008	0.837212	6.26891	5.4317
BLOCK00/SES008/SA008S29	SES008	1.33612	7.84142	6.5053
BLOCK01/SES014/SA014S10	SES014	1.60931	7.13961	5.5303
BLOCK01/SES014/SA014S12	SES014	2.05172	8.76909	6.71737
BLOCK01/SES014/SA014S24	SES014	1.0558	6.74204	5.68624
BLOCK01/SES014/SA014S26	SES014	1.85488	8.95483	7.09995
BLOCK01/SES014/SA014S28	SES014	2.9614	9.70087	6.73947
BLOCK01/SES016/SA016S12	SES016	1.52521	5.86361	4.3384
BLOCK01/SES016/SA016S13	SES016	1.45534	7.59669	6.14135
BLOCK01/SES016/SA016S22	SES016	1.11456	7.94523	6.83067
BLOCK01/SES016/SA016S25	SES016	1.48818	9.41003	7.92185
BLOCK01/SES016/SA016S27	SES016	1.3696	8.34487	6.97528
BLOCK01/SES019/SA019S13	SES019	3.65428	6.54049	2.88621
BLOCK01/SES019/SA019S14	SES019	1.60288	5.63825	4.03536
BLOCK01/SES019/SA019S22	SES019	3.33719	6.20228	2.86509
BLOCK01/SES019/SA019S25	SES019	3.35506	6.20658	2.85152
BLOCK01/SES019/SA019S29	SES019	3.74126	6.53738	2.79612
BLOCK02/SES029/SA029S11	SES029	1.3272	8.85362	7.52642
BLOCK02/SES029/SA029S12	SES029	0.530891	7.86766	7.33677
BLOCK02/SES029/SA029S20	SES029	0.82124	8.06645	7.24521
BLOCK02/SES029/SA029S25	SES029	0.772614	7.68477	6.91215
BLOCK02/SES029/SA029S28	SES029	0.529123	7.63869	7.10957
BLOCK04/SES042/SA042S12	SES042	1.82419	7.6884	5.86422
BLOCK04/SES042/SA042S15	SES042	1.73975	8.73459	6.99484
BLOCK04/SES042/SA042S22	SES042	1.92768	8.4912	6.56351
BLOCK04/SES042/SA042S25	SES042	0.970903	5.70232	4.73142
BLOCK04/SES042/SA042S27	SES042	0.673915	7.03472	6.3608
BLOCK04/SES048/SA048S11	SES048	1.11681	7.87038	6.75358
BLOCK04/SES048/SA048S12	SES048	0.419265	6.31574	5.89648
BLOCK04/SES048/SA048S20	SES048	0.220078	7.73757	7.51749
BLOCK04/SES048/SA048S23	SES048	1.03501	7.19373	6.15872
BLOCK04/SES048/SA048S27	SES048	0.595887	8.1538	7.55791
BLOCK06/SES060/SA060S11	SES060	1.81529	8.17083	6.35554
BLOCK06/SES060/SA060S12	SES060	0.740474	7.65992	6.91945
BLOCK06/SES060/SA060S22	SES060	-1.04892	5.32719	6.37611
BLOCK06/SES060/SA060S24	SES060	1.64668	8.91813	7.27145
BLOCK06/SES060/SA060S28	SES060	1.13099	8.8846	7.75361
BLOCK06/SES062/SA062S10	SES062	0.826948	7.30567	6.47872
BLOCK06/SES062/SA062S11	SES062	0.443306	7.71949	7.27618
BLOCK06/SES062/SA062S21	SES062	1.13213	9.71988	8.58775
BLOCK06/SES062/SA062S26	SES062	0.74666	8.35753	7.61087
BLOCK06/SES062/SA062S29	SES062	1.05013	8.90337	7.85324
BLOCK06/SES068/SA068S14	SES068	0.298364	6.81706	6.5187
BLOCK06/SES068/SA068S15	SES068	0.949143	8.04704	7.0979
BLOCK06/SES068/SA068S23	SES068	1.43147	7.55983	6.12836
BLOCK06/SES068/SA068S27	SES068	1.93158	7.90993	5.97835
BLOCK06/SES068/SA068S29	SES068	0.755277	7.72178	6.96651
BLOCK08/SES082/SA082S12	SES082	0.217421	5.23652	5.0191
BLOCK08/SES082/SA082S14	SES082	-0.221308	4.67181	4.89312
BLOCK08/SES082/SA082S21	SES082	0.458933	5.6039	5.14497
BLOCK08/SES082/SA082S24	SES082	0.676581	6.3305	5.65391
BLOCK08/SES082/SA082S28	SES082	0.961181	6.13254	5.17136
BLOCK08/SES083/SA083S14	SES083	0.0466585	7.39269	7.34604
BLOCK08/SES083/SA083S15	SES083	1.08911	7.85457	6.76546
BLOCK08/SES083/SA083S24	SES083	0.515924	7.22169	6.70576
BLOCK08/SES083/SA083S26	SES083	0.44312	6.39666	5.95354
BLOCK08/SES083/SA083S29	SES083	0.0229068	7.05884	7.03593
BLOCK08/SES085/SA085S10	SES085	0.525845	7.9585	7.43266
BLOCK08/SES085/SA085S13	SES085	0.0135064	6.84753	6.83402
BLOCK08/SES085/SA085S22	SES085	-0.057559	6.68619	6.74375
BLOCK08/SES085/SA085S26	SES085	0.112732	7.26992	7.15719
BLOCK08/SES085/SA085S28	SES085	1.2659	8.51774	7.25185
BLOCK08/SES087/SA087S15	SES087	1.3245	7.61864	6.29414
BLOCK08/SES087/SA087S16	SES087	1.40129	6.33241	4.93112
BLOCK08/SES087/SA087S24	SES087	1.4571	7.23986	5.78277
BLOCK08/SES087/SA087S26	SES087	0.847496	7.88835	7.04085
BLOCK08/SES087/SA087S29	SES087	1.63691	8.01554	6.37863
BLOCK09/SES099/SA099S15	SES099	1.19006	6.03892	4.84887
BLOCK09/SES099/SA099S16	SES099	1.28619	6.05146	4.76527
BLOCK09/SES099/SA099S24	SES099	0.991927	6.64632	5.65439
BLOCK09/SES099/SA099S26	SES099	1.14783	7.02848	5.88065
BLOCK09/SES099/SA099S29	SES099	1.44046	6.99875	5.55829
BLOCK10/SES101/SA101S11	SES101	0.745867	7.5969	6.85104
BLOCK10/SES101/SA101S13	SES101	0.976627	8.34287	7.36624
BLOCK10/SES101/SA101S22	SES101	1.60581	6.61682	5.01101
BLOCK10/SES101/SA101S24	SES101	1.87877	7.49576	5.61699
BLOCK10/SES101/SA101S28	SES101	0.739123	7.37193	6.6328
BLOCK10/SES104/SA104S11	SES104	1.53931	8.01897	6.47966
BLOCK10/SES104/SA104S12	SES104	1.37932	7.83603	6.4567
BLOCK10/SES104/SA104S21	SES104	1.17318	6.54399	5.37082
BLOCK10/SES104/SA104S24	SES104	1.11192	6.50474	5.39282
BLOCK10/SES104/SA104S28	SES104	0.828461	6.74541	5.91695
BLOCK10/SES105/SA105S12	SES105	0.583834	5.86191	5.27808
BLOCK10/SES105/SA105S13	SES105	0.944183	6.63786	5.69368
BLOCK10/SES105/SA105S22	SES105	0.274183	4.90285	4.62866
BLOCK10/SES105/SA105S26	SES105	1.45874	7.18201	5.72328
BLOCK10/SES105/SA105S29	SES105	1.29504	7.46415	6.16912
BLOCK10/SES106/SA106S09	SES106	1.60792	5.42982	3.8219
BLOCK10/SES106/SA106S11	SES106	1.31312	6.80802	5.49491
BLOCK10/SES106/SA106S22	SES106	3.08059	5.74638	2.66579
BLOCK10/SES106/SA106S27	SES106	1.05249	6.40724	5.35475
BLOCK10/SES106/SA106S29	SES106	0.647922	6.68923	6.04131
BLOCK11/SES117/SA117S12	SES117	1.62084	7.01599	5.39515
BLOCK11/SES117/SA117S13	SES117	1.00824	7.56439	6.55615
BLOCK11/SES117/SA117S23	SES117	1.35049	6.2792	4.92871
BLOCK11/SES117/SA117S25	SES117	1.45854	5.93385	4.47531
BLOCK11/SES117/SA117S28	SES117	0.806719	6.05817	5.25145
BLOCK12/SES120/SA120S08	SES120	0.960644	5.74094	4.78029
BLOCK12/SES120/SA120S11	SES120	1.0165	4.40544	3.38894
BLOCK12/SES120/SA120S22	SES120	0.553863	7.12061	6.56675
BLOCK12/SES120/SA120S24	SES120	-0.139723	5.31697	5.45669
BLOCK12/SES120/SA120S28	SES120	-0.417696	4.51301	4.9307
BLOCK12/SES125/SA125S13	SES125	2.31192	8.25096	5.93903
BLOCK12/SES125/SA125S14	SES125	0.96974	6.41756	5.44782
BLOCK12/SES125/SA125S25	SES125	1.6037	7.02828	5.42457
BLOCK12/SES125/SA125S27	SES125	1.86178	8.79364	6.93185
BLOCK12/SES125/SA125S29	SES125	1.22382	7.13992	5.91609
BLOCK12/SES127/SA127S11	SES127	0.513643	6.80243	6.28879
BLOCK12/SES127/SA127S12	SES127	-0.117314	8.09223	8.20955
BLOCK12/SES127/SA127S23	SES127	0.347479	7.19592	6.84844
BLOCK12/SES127/SA127S25	SES127	0.44242	6.41587	5.97345
BLOCK12/SES127/SA127S27	SES127	0.619049	6.5109	5.89185
BLOCK12/SES129/SA129S11	SES129	1.80955	8.96697	7.15742
BLOCK12/SES129/SA129S12	SES129	1.08336	7.94916	6.8658
BLOCK12/SES129/SA129S22	SES129	1.27323	7.46417	6.19093
BLOCK12/SES129/SA129S27	SES129	1.25154	7.62167	6.37013
BLOCK12/SES129/SA129S29	SES129	1.34148	8.2761	6.93462
BLOCK14/SES142/SA142S11	SES142	0.99483	6.88049	5.88566
BLOCK14/SES142/SA142S12	SES142	0.887905	7.24704	6.35914
BLOCK14/SES142/SA142S24	SES142	1.03643	7.6105	6.57407
BLOCK14/SES142/SA142S27	SES142	1.12237	8.0456	6.92323
BLOCK14/SES142/SA142S29	SES142	1.21757	8.53546	7.31788
BLOCK14/SES143/SA143S12	SES143	0.852738	6.87024	6.0175
BLOCK14/SES143/SA143S13	SES143	0.482207	6.54218	6.05997
BLOCK14/SES143/SA143S23	SES143	1.06919	7.57778	6.5086
BLOCK14/SES143/SA143S25	SES143	1.09	7.61929	6.52929
BLOCK14/SES143/SA143S28	SES143	0.646501	6.79662	6.15012
BLOCK14/SES144/SA144S09	SES144	0.607085	7.1575	6.55041
BLOCK14/SES144/SA144S11	SES144	0.499191	6.79137	6.29217
BLOCK14/SES144/SA144S21	SES144	-0.615349	5.42959	6.04494
BLOCK14/SES144/SA144S25	SES144	0.234781	6.89451	6.65973
BLOCK14/SES144/SA144S29	SES144	-0.115956	5.82691	5.94287
BLOCK14/SES146/SA146S14	SES146	0.353511	5.86536	5.51184
BLOCK14/SES146/SA146S15	SES146	0.163542	6.11465	5.95111
BLOCK14/SES146/SA146S24	SES146	0.958755	6.25422	5.29546
BLOCK14/SES146/SA146S26	SES146	1.15667	6.62868	5.47201
BLOCK14/SES146/SA146S29	SES146	0.285412	5.49065	5.20524
BLOCK14/SES147/SA147S11	SES147	1.27003	7.67269	6.40266
BLOCK14/SES147/SA147S13	SES147	1.26911	8.07607	6.80696
BLOCK14/SES147/SA147S23	SES147	0.247287	6.5032	6.25592
BLOCK14/SES147/SA147S26	SES147	0.776414	6.15242	5.376
BLOCK14/SES147/SA147S28	SES147	0.734479	6.91342	6.17894
BLOCK14/SES148/SA148S10	SES148	0.616609	7.90234	7.28573
BLOCK14/SES148/SA148S12	SES148	0.122985	5.65708	5.5341
BLOCK14/SES148/SA148S22	SES148	1.0379	8.26348	7.22557
BLOCK14/SES148/SA148S26	SES148	0.278331	7.56275	7.28442
BLOCK14/SES148/SA148S29	SES148	-0.0960231	6.56666	6.66268
BLOCK14/SES149/SA149S13	SES149	-0.397631	5.15211	5.54974
BLOCK14/SES149/SA149S14	SES149	0.546942	7.22336	6.67642
BLOCK14/SES149/SA149S24	SES149	1.40207	7.9244	6.52233
BLOCK14/SES149/SA149S26	SES149	1.47635	8.85324	7.37689
BLOCK14/SES149/SA149S28	SES149	2.25706	8.89102	6.63395
BLOCK15/SES158/SA158S13	SES158	1.20691	5.89224	4.68533
BLOCK15/SES158/SA158S14	SES158	2.06884	6.16344	4.0946
BLOCK15/SES158/SA158S23	SES158	1.39668	6.89519	5.49851
BLOCK15/SES158/SA158S26	SES158	2.06986	5.6907	3.62084
BLOCK15/SES158/SA158S28	SES158	0.828196	5.92466	5.09647
BLOCK16/SES162/SA162S10	SES162	0.289174	5.90015	5.61098
BLOCK16/SES162/SA162S11	SES162	1.08676	7.79178	6.70502
BLOCK16/SES162/SA162S21	SES162	1.59186	7.39654	5.80467
BLOCK16/SES162/SA162S24	SES162	0.59679	6.8611	6.26431
BLOCK16/SES162/SA162S27	SES162	1.41327	6.52009	5.10682
BLOCK16/SES167/SA167S14	SES167	1.02384	8.87612	7.85228
BLOCK16/SES167/SA167S15	SES167	1.16288	8.57865	7.41576
BLOCK16/SES167/SA167S21	SES167	0.868579	8.658	7.78943
BLOCK16/SES167/SA167S25	SES167	2.08988	9.23009	7.14022
BLOCK16/SES167/SA167S29	SES167	1.88248	9.71661	7.83413
BLOCK17/SES172/SA172S12	SES172	1.38887	6.60233	5.21346
BLOCK17/SES172/SA172S13	SES172	1.58842	7.58585	5.99744
BLOCK17/SES172/SA172S23	SES172	0.692978	7.54627	6.85329
BLOCK17/SES172/SA172S27	SES172	1.04858	6.86119	5.8126
BLOCK17/SES172/SA172S29	SES172	1.99344	7.82278	5.82934
BLOCK17/SES175/SA175S11	SES175	0.118472	7.20921	7.09074
BLOCK17/SES175/SA175S13	SES175	0.0850902	7.87546	7.79037
BLOCK17/SES175/SA175S23	SES175	0.468033	7.78741	7.31938
BLOCK17/SES175/SA175S25	SES175	0.694257	5.81232	5.11807
BLOCK17/SES175/SA175S28	SES175	-0.0410337	7.57206	7.61309
BLOCK17/SES177/SA177S15	SES177	0.541269	6.71644	6.17517
BLOCK17/SES177/SA177S17	SES177	0.234745	6.09808	5.86334
BLOCK17/SES177/SA177S23	SES177	-0.348066	5.1894	5.53747
BLOCK17/SES177/SA177S26	SES177	0.979484	8.78163	7.80215
BLOCK17/SES177/SA177S28	SES177	0.758583	6.83501	6.07642
BLOCK18/SES180/SA180S13	SES180	-0.226117	5.95506	6.18118
BLOCK18/SES180/SA180S15	SES180	0.592058	6.41392	5.82186
BLOCK18/SES180/SA180S24	SES180	0.547452	7.75017	7.20272
BLOCK18/SES180/SA180S26	SES180	0.643753	7.13868	6.49493
BLOCK18/SES180/SA180S29	SES180	0.818809	7.36458	6.54577
BLOCK18/SES183/SA183S13	SES183	1.29549	6.83557	5.54007
BLOCK18/SES183/SA183S14	SES183	0.413155	6.18571	5.77256
BLOCK18/SES183/SA183S24	SES183	1.46835	5.98517	4.51682
BLOCK18/SES183/SA183S27	SES183	1.33989	6.66431	5.32442
BLOCK18/SES183/SA183S29	SES183	0.92095	6.45783	5.53688
BLOCK18/SES187/SA187S13	SES187	0.880448	6.29669	5.41625
BLOCK18/SES187/SA187S14	SES187	0.417248	5.80447	5.38722
BLOCK18/SES187/SA187S24	SES187	1.60271	7.16409	5.56139
BLOCK18/SES187/SA187S27	SES187	1.39347	6.51108	5.11761
BLOCK18/SES187/SA187S29	SES187	1.45431	6.21768	4.76337
BLOCK18/SES189/SA189S10	SES189	1.19598	6.73501	5.53903
BLOCK18/SES189/SA189S13	SES189	0.680741	5.6096	4.92886
BLOCK18/SES189/SA189S24	SES189	0.635199	7.53619	6.90099
BLOCK18/SES189/SA189S26	SES189	0.675176	8.08069	7.40551
BLOCK18/SES189/SA189S29	SES189	1.39788	7.65918	6.26129
BLOCK20/SES202/SA202S12	SES202	0.933005	7.34074	6.40774
BLOCK20/SES202/SA202S14	SES202	2.19975	8.07426	5.87451
BLOCK20/SES202/SA202S24	SES202	0.952088	7.41349	6.4614
BLOCK20/SES202/SA202S27	SES202	1.46158	8.53943	7.07785
BLOCK20/SES202/SA202S29	SES202	1.74903	8.69119	6.94216
BLOCK20/SES206/SA206S15	SES206	-0.304765	6.35653	6.66129
BLOCK20/SES206/SA206S17	SES206	0.743365	6.64225	5.89888
BLOCK20/SES206/SA206S24	SES206	1.84194	8.52237	6.68043
BLOCK20/SES206/SA206S27	SES206	1.53165	6.70158	5.16993
BLOCK20/SES206/SA206S29	SES206	1.35954	8.32493	6.96539
BLOCK22/SES226/SA226S12	SES226	1.23601	6.32588	5.08986
BLOCK22/SES226/SA226S13	SES226	0.597785	5.25004	4.65226
BLOCK22/SES226/SA226S20	SES226	1.71843	6.24984	4.53141
BLOCK22/SES226/SA226S23	SES226	1.73753	7.50525	5.76771
BLOCK22/SES226/SA226S28	SES226	2.11441	7.91027	5.79586
BLOCK25/SES259/SA259S13	SES259	3.12399	8.47924	5.35525
BLOCK25/SES259/SA259S14	SES259	2.27854	7.62806	5.34953
BLOCK25/SES259/SA259S22	SES259	1.88642	7.66192	5.77551
BLOCK25/SES259/SA259S24	SES259	1.36284	7.21175	5.84891
BLOCK25/SES259/SA259S28	SES259	2.34099	7.81982	5.47882
BLOCK27/SES270/SA270S14	SES270	2.73069	5.17662	2.44593
BLOCK27/SES270/SA270S16	SES270	0.823705	5.50543	4.68173
BLOCK27/SES270/SA270S22	SES270	2.88148	6.65696	3.77548
BLOCK27/SES270/SA270S26	SES270	1.31069	4.52134	3.21066
BLOCK27/SES270/SA270S28	SES270	1.0269	5.28544	4.25854
BLOCK27/SES275/SA275S17	SES275	1.10381	7.71341	6.6096
BLOCK27/SES275/SA275S18	SES275	0.275017	6.93947	6.66445
BLOCK27/SES275/SA275S24	SES275	0.655543	6.2348	5.57925
BLOCK27/SES275/SA275S26	SES275	1.05397	7.54106	6.48709
BLOCK27/SES275/SA275S28	SES275	0.338772	6.78062	6.44185
BLOCK29/SES292/SA292S10	SES292	-0.0611844	7.28048	7.34166
BLOCK29/SES292/SA292S12	SES292	0.306408	6.12623	5.81983
BLOCK29/SES292/SA292S22	SES292	0.572695	7.29695	6.72426
BLOCK29/SES292/SA292S24	SES292	0.359824	7.06377	6.70395
BLOCK29/SES292/SA292S27	SES292	-0.395687	6.31304	6.70873
BLOCK00/SES001/SA001S14	SES062	-2.5225	3.61605	6.13855
BLOCK00/SES001/SA001S14	SES082	-1.23839	4.90016	6.13855
BLOCK00/SES001/SA001S14	SES106	-1.58597	4.55258	6.13855
BLOCK00/SES001/SA001S14	SES206	-1.97657	4.16198	6.13855
BLOCK00/SES001/SA001S15	SES062	-1.19202	5.51444	6.70646
BLOCK00/SES001/SA001S15	SES104	-2.23853	4.46793	6.70646
BLOCK00/SES001/SA001S15	SES106	-2.00175	4.70471	6.70646
BLOCK00/SES001/SA001S15	SES206	-1.70849	4.99797	6.70646
BLOCK00/SES001/SA001S24	SES062	-2.9758	3.03812	6.01392
BLOCK00/SES001/SA001S24	SES082	-0.537733	5.47618	6.01392
BLOCK00/SES001/SA001S24	SES087	-1.65241	4.36151	6.01392
BLOCK00/SES001/SA001S24	SES206	-0.183899	5.83002	6.01392
BLOCK00/SES001/SA001S27	SES062	-1.84865	5.84131	7.68995
BLOCK00/SES001/SA001S27	SES082	-1.48755	6.2024	7.68995
BLOCK00/SES001/SA001S27	SES087	-1.10019	6.58976	7.68995
BLOCK00/SES001/SA001S27	SES206	-0.972022	6.71793	7.68995
BLOCK00/SES001/SA001S29	SES062	-2.63144	3.38286	6.01429
BLOCK00/SES001/SA001S29	SES082	-0.537708	5.47659	6.01429
BLOCK00/SES001/SA001S29	SES158	-0.857128	5.15717	6.01429
BLOCK00/SES001/SA001S29	SES206	-1.82115	4.19315	6.01429
BLOCK00/SES003/SA003S11	SES002	-0.464424	4.20207	4.66649
BLOCK00/SES003/SA003S11	SES019	-1.22825	3.43824	4.66649
BLOCK00/SES003/SA003S11	SES082	-1.0605	3.60599	4.66649
BLOCK00/SES003/SA003S11	SES125	-1.55554	3.11095	4.66649
BLOCK00/SES003/SA003S15	SES016	-1.69548	4.81515	6.51064
BLOCK00/SES003/SA003S15	SES019	-1.87406	4.63658	6.51064
BLOCK00/SES003/SA003S15	SES062	-0.630234	5.8804	6.51064
BLOCK00/SES003/SA003S15	SES206	-1.79501	4.71563	6.51064
BLOCK00/SES003/SA003S22	SES002	-1.80097	3.84142	5.64239
BLOCK00/SES003/SA003S22	SES062	-1.38111	4.26128	5.64239
BLOCK00/SES003/SA003S22	SES082	-2.71154	2.93085	5.64239
BLOCK00/SES003/SA003S22	SES087	-2.9903	2.65209	5.64239
BLOCK00/SES003/SA003S25	SES062	-2.41925	2.72294	5.14219
BLOCK00/SES003/SA003S25	SES082	-1.72238	3.41981	5.14219
BLOCK00/SES003/SA003S25	SES087	-1.18749	3.9547	5.14219
BLOCK00/SES003/SA003S25	SES206	-0.899948	4.24224	5.14219
BLOCK00/SES003/SA003S29	SES002	-2.64486	2.9071	5.55196
BLOCK00/SES003/SA003S29	SES062	-2.25684	3.29512	5.55196
BLOCK00/SES003/SA003S29	SES082	-1.98038	3.57158	5.55196
BLOCK00/SES003/SA003S29	SES087	-3.12559	2.42637	5.55196
BLOCK00/SES004/SA004S12	SES083	-1.56107	4.92257	6.48364
BLOCK00/SES004/SA004S12	SES148	-1.99504	4.48859	6.48364
BLOCK00/SES004/SA004S12	SES172	0.357315	6.84095	6.48364
BLOCK00/SES004/SA004S12	SES292	-1.59162	4.89202	6.48364
BLOCK00/SES004/SA004S17	SES083	-1.21879	5.18984	6.40863
BLOCK00/SES004/SA004S17	SES162	-1.05414	5.35449	6.40863
BLOCK00/SES004/SA004S17	SES172	-0.419105	5.98952	6.40863
BLOCK00/SES004/SA004S17	SES292	-1.73597	4.67266	6.40863
BLOCK00/SES004/SA004S24	SES083	-1.69289	5.42824	7.12114
BLOCK00/SES004/SA004S24	SES148	-2.3791	4.74204	7.12114
BLOCK00/SES004/SA004S24	SES172	-0.123386	6.99775	7.12114
BLOCK00/SES004/SA004S24	SES292	-1.176	5.94513	7.12114
BLOCK00/SES004/SA004S26	SES083	-1.99204	4.44201	6.43404
BLOCK00/SES004/SA004S26	SES127	-1.92598	4.50807	6.43404
BLOCK00/SES004/SA004S26	SES148	-3.27259	3.16145	6.43404
BLOCK00/SES004/SA004S26	SES292	-1.91597	4.51807	6.43404
BLOCK00/SES004/SA004S28	SES083	-1.51558	4.87094	6.38652
BLOCK00/SES004/SA004S28	SES127	-0.707775	5.67874	6.38652
BLOCK00/SES004/SA004S28	SES187	-0.386024	6.0005	6.38652
BLOCK00/SES004/SA004S28	SES292	-1.79716	4.58936	6.38652
BLOCK00/SES006/SA006S10	SES014	-2.74163	0.16594	2.90757
BLOCK00/SES006/SA006S10	SES158	-1.16787	1.7397	2.90757
BLOCK00/SES006/SA006S10	SES226	-3.27491	-0.367344	2.90757
BLOCK00/SES006/SA006S10	SES270	-0.0724516	2.83512	2.90757
BLOCK00/SES006/SA006S11	SES158	-1.45067	1.72886	3.17954
BLOCK00/SES006/SA006S11	SES226	-2.17964	0.999894	3.17954
BLOCK00/SES006/SA006S11	SES270	-0.295065	2.88447	3.17954
BLOCK00/SES006/SA006S11	SES275	-3.37896	-0.199427	3.17954
BLOCK00/SES006/SA006S23	SES062	-3.59232	0.539904	4.13222
BLOCK00/SES006/SA006S23	SES105	-3.56732	0.564902	4.13222
BLOCK00/SES006/SA006S23	SES158	-0.967572	3.16465	4.13222
BLOCK00/SES006/SA006S23	SES275	-2.8314	1.30082	4.13222
BLOCK00/SES006/SA006S26	SES104	-3.0259	1.23018	4.25608
BLOCK00/SES006/SA006S26	SES158	-1.18129	3.0748	4.25608
BLOCK00/SES006/SA006S26	SES270	0.568273	4.82436	4.25608
BLOCK00/SES006/SA006S26	SES275	-4.25657	-0.000486507	4.25608
BLOCK00/SES006/SA006S28	SES007	-3.8676	-0.397813	3.46979
BLOCK00/SES006/SA006S28	SES105	-3.49026	-0.0204732	3.46979
BLOCK00/SES006/SA006S28	SES158	-2.43788	1.03191	3.46979
BLOCK00/SES006/SA006S28	SES275	-3.25059	0.219196	3.46979
BLOCK00/SES009/SA009S12	SES083	-3.48666	2.98978	6.47644
BLOCK00/SES009/SA009S12	SES148	-1.59086	4.88558	6.47644
BLOCK00/SES009/SA009S12	SES177	-0.43402	6.04243	6.47644
BLOCK00/SES009/SA009S12	SES292	-1.9213	4.55514	6.47644
BLOCK00/SES009/SA009S15	SES007	-0.134842	6.86842	7.00326
BLOCK00/SES009/SA009S15	SES099	-3.5384	3.46486	7.00326
BLOCK00/SES009/SA009S15	SES148	-1.6648	5.33846	7.00326
BLOCK00/SES009/SA009S15	SES172	-0.871903	6.13135	7.00326
BLOCK00/SES009/SA009S24	SES146	-1.11967	5.448	6.56767
BLOCK00/SES009/SA009S24	SES148	-1.96482	4.60285	6.56767
BLOCK00/SES009/SA009S24	SES177	-0.314019	6.25365	6.56767
BLOCK00/SES009/SA009S24	SES292	-1.73021	4.83745	6.56767
BLOCK00/SES009/SA009S26	SES083	-2.60114	3.11856	5.7197
BLOCK00/SES009/SA009S26	SES101	-3.06687	2.65283	5.7197
BLOCK00/SES009/SA009S26	SES120	-1.15536	4.56434	5.7197
BLOCK00/SES009/SA009S26	SES177	-0.725404	4.99429	5.7197
BLOCK00/SES009/SA009S29	SES083	-2.54754	4.14365	6.69119
BLOCK00/SES009/SA009S29	SES101	-2.49181	4.19939	6.69119
BLOCK00/SES009/SA009S29	SES177	-0.443485	6.24771	6.69119
BLOCK00/SES009/SA009S29	SES292	-1.89359	4.7976	6.69119
BLOCK01/SES011/SA011S10	SES019	-1.09557	2.63568	3.73124
BLOCK01/SES011/SA011S10	SES042	1.12223	4.85347	3.73124
BLOCK01/SES011/SA011S10	SES082	-2.08246	1.64878	3.73124
BLOCK01/SES011/SA011S10	SES206	-0.704439	3.0268	3.73124
BLOCK01/SES011/SA011S11	SES019	-1.47386	2.59672	4.07058
BLOCK01/SES011/SA011S11	SES042	0.280106	4.35069	4.07058
BLOCK01/SES011/SA011S11	SES082	-1.38704	2.68354	4.07058
BLOCK01/SES011/SA011S11	SES206	-1.54386	2.52672	4.07058
BLOCK01/SES011/SA011S22	SES019	-0.259337	3.85734	4.11668
BLOCK01/SES011/SA011S22	SES042	1.39499	5.51166	4.11668
BLOCK01/SES011/SA011S22	SES082	-1.73379	2.38288	4.11668
BLOCK01/SES011/SA011S22	SES206	-1.08923	3.02745	4.11668
BLOCK01/SES011/SA011S24	SES019	-1.50237	3.94329	5.44566
BLOCK01/SES011/SA011S24	SES042	0.973717	6.41938	5.44566
BLOCK01/SES011/SA011S24	SES104	-1.40317	4.04249	5.44566
BLOCK01/SES011/SA011S24	SES206	-0.653451	4.79221	5.44566
BLOCK01/SES011/SA011S27	SES082	-0.242534	5.20017	5.44271
BLOCK01/SES011/SA011S27	SES087	-1.3446	4.0981	5.44271
BLOCK01/SES011/SA011S27	SES125	-0.500715	4.94199	5.44271
BLOCK01/SES011/SA011S27	SES206	-0.719227	4.72348	5.44271
BLOCK01/SES012/SA012S11	SES007	-1.1212	6.05548	7.17668
BLOCK01/SES012/SA012S11	SES082	-1.85659	5.32009	7.17668
BLOCK01/SES012/SA012S11	SES083	-2.64125	4.53543	7.17668
BLOCK01/SES012/SA012S11	SES206	-2.50723	4.66945	7.17668
BLOCK01/SES012/SA012S14	SES082	-0.649381	5.72289	6.37227
BLOCK01/SES012/SA012S14	SES087	-1.97979	4.39249	6.37227
BLOCK01/SES012/SA012S14	SES206	-1.3047	5.06758	6.37227
BLOCK01/SES012/SA012S14	SES292	-1.80859	4.56368	6.37227
BLOCK01/SES012/SA012S24	SES082	-0.950974	4.09948	5.05045
BLOCK01/SES012/SA012S24	SES087	-2.39107	2.65938	5.05045
BLOCK01/SES012/SA012S24	SES120	-2.31435	2.7361	5.05045
BLOCK01/SES012/SA012S24	SES206	-1.42568	3.62477	5.05045
BLOCK01/SES012/SA012S26	SES019	-3.65279	2.31029	5.96308
BLOCK01/SES012/SA012S26	SES082	-2.65136	3.31172	5.96308
BLOCK01/SES012/SA012S26	SES206	-1.24296	4.72013	5.96308
BLOCK01/SES012/SA012S26	SES292	-1.4498	4.51329	5.96308
BLOCK01/SES012/SA012S29	SES062	-1.18333	4.66887	5.8522
BLOCK01/SES012/SA012S29	SES082	-1.33435	4.51785	5.8522
BLOCK01/SES012/SA012S29	SES083	-3.98444	1.86776	5.8522
BLOCK01/SES012/SA012S29	SES206	-2.01076	3.84143	5.8522
BLOCK01/SES013/SA013S16	SES062	-3.36932	1.25814	4.62746
BLOCK01/SES013/SA013S16	SES106	-1.4351	3.19237	4.62746
BLOCK01/SES013/SA013S16	SES206	-1.3289	3.29856	4.62746
BLOCK01/SES013/SA013S16	SES226	-0.981656	3.6458	4.62746
BLOCK01/SES013/SA013S17	SES062	-2.27763	3.87118	6.14881
BLOCK01/SES013/SA013S17	SES106	-2.07605	4.07276	6.14881
BLOCK01/SES013/SA013S17	SES206	-0.522888	5.62592	6.14881
BLOCK01/SES013/SA013S17	SES226	-0.132259	6.01655	6.14881
BLOCK01/SES013/SA013S23	SES104	-1.65492	1.9618	3.61672
BLOCK01/SES013/SA013S23	SES106	-0.990573	2.62615	3.61672
BLOCK01/SES013/SA013S23	SES206	-1.44506	2.17166	3.61672
BLOCK01/SES013/SA013S23	SES270	0.315801	3.93252	3.61672
BLOCK01/SES013/SA013S25	SES042	-1.93289	2.74373	4.67662
BLOCK01/SES013/SA013S25	SES104	-1.27936	3.39727	4.67662
BLOCK01/SES013/SA013S25	SES106	-1.11677	3.55985	4.67662
BLOCK01/SES013/SA013S25	SES206	-1.62715	3.04948	4.67662
BLOCK01/SES013/SA013S29	SES062	-3.9141	0.349816	4.26392
BLOCK01/SES013/SA013S29	SES104	-1.65399	2.60993	4.26392
BLOCK01/SES013/SA013S29	SES106	-0.275496	3.98842	4.26392
BLOCK01/SES013/SA013S29	SES206	-1.41568	2.84823	4.26392
BLOCK02/SES021/SA021S13	SES016	-2.86762	3.21845	6.08606
BLOCK02/SES021/SA021S13	SES029	-1.37693	4.70914	6.08606
BLOCK02/SES021/SA021S13	SES087	-2.71805	3.36802	6.08606
BLOCK02/SES021/SA021S13	SES206	-1.82714	4.25892	6.08606
BLOCK02/SES021/SA021S15	SES087	-0.796842	6.01276	6.8096
BLOCK02/SES021/SA021S15	SES125	-1.22698	5.58262	6.8096
BLOCK02/SES021/SA021S15	SES206	-1.05613	5.75347	6.8096
BLOCK02/SES021/SA021S15	SES226	-1.88553	4.92407	6.8096
BLOCK02/SES021/SA021S23	SES062	-2.45495	2.36516	4.82011
BLOCK02/SES021/SA021S23	SES087	-1.45039	3.36971	4.82011
BLOCK02/SES021/SA021S23	SES206	-1.15006	3.67005	4.82011
BLOCK02/SES021/SA021S23	SES226	-1.23475	3.58536	4.82011
BLOCK02/SES021/SA021S27	SES002	-1.19039	5.51838	6.70877
BLOCK02/SES021/SA021S27	SES016	-4.41637	2.2924	6.70877
BLOCK02/SES021/SA021S27	SES019	-1.0121	5.69666	6.70877
BLOCK02/SES021/SA021S27	SES062	-1.31897	5.3898	6.70877
BLOCK02/SES021/SA021S29	SES087	-1.90412	3.76011	5.66423
BLOCK02/SES021/SA021S29	SES125	-1.35788	4.30635	5.66423
BLOCK02/SES021/SA021S29	SES206	-0.67075	4.99348	5.66423
BLOCK02/SES021/SA021S29	SES226	-1.86584	3.79839	5.66423
BLOCK04/SES043/SA043S09	SES083	-0.928336	4.56663	5.49496
BLOCK04/SES043/SA043S09	SES101	-0.94692	4.54804	5.49496
BLOCK04/SES043/SA043S09	SES144	-0.273953	5.22101	5.49496
BLOCK04/SES043/SA043S09	SES172	-1.19334	4.30162	5.49496
BLOCK04/SES043/SA043S11	SES083	-0.565494	5.87987	6.44537
BLOCK04/SES043/SA043S11	SES101	-1.07065	5.37471	6.44537
BLOCK04/SES043/SA043S11	SES144	-0.109943	6.33542	6.44537
BLOCK04/SES043/SA043S11	SES172	-0.840511	5.60486	6.44537
BLOCK04/SES043/SA043S23	SES083	-1.11781	4.76192	5.87972
BLOCK04/SES043/SA043S23	SES144	0.254822	6.13454	5.87972
BLOCK04/SES043/SA043S23	SES177	-1.25109	4.62863	5.87972
BLOCK04/SES043/SA043S23	SES275	-0.91413	4.96559	5.87972
BLOCK04/SES043/SA043S26	SES083	-1.03938	4.74497	5.78436
BLOCK04/SES043/SA043S26	SES101	-1.41698	4.36738	5.78436
BLOCK04/SES043/SA043S26	SES144	0.0839171	5.86827	5.78436
BLOCK04/SES043/SA043S26	SES177	-1.17476	4.6096	5.78436
BLOCK04/SES043/SA043S28	SES016	-2.25748	3.87779	6.13527
BLOCK04/SES043/SA043S28	SES083	-0.531183	5.60409	6.13527
BLOCK04/SES043/SA043S28	SES101	-0.715068	5.42021	6.13527
BLOCK04/SES043/SA043S28	SES144	-0.412679	5.7226	6.13527
BLOCK04/SES044/SA044S10	SES127	-1.62901	3.30248	4.93149
BLOCK04/SES044/SA044S10	SES144	-0.243689	4.6878	4.93149
BLOCK04/SES044/SA044S10	SES147	-4.2163	0.715187	4.93149
BLOCK04/SES044/SA044S10	SES148	-2.14334	2.78814	4.93149
BLOCK04/SES044/SA044S11	SES101	-0.947797	4.84783	5.79563
BLOCK04/SES044/SA044S11	SES144	0.412579	6.20821	5.79563
BLOCK04/SES044/SA044S11	SES147	-2.61848	3.17715	5.79563
BLOCK04/SES044/SA044S11	SES177	-1.91765	3.87798	5.79563
BLOCK04/SES044/SA044S24	SES007	-2.5811	3.10851	5.68961
BLOCK04/SES044/SA044S24	SES101	-0.827668	4.86194	5.68961
BLOCK04/SES044/SA044S24	SES147	-2.16114	3.52847	5.68961
BLOCK04/SES044/SA044S24	SES177	-1.09205	4.59756	5.68961
BLOCK04/SES044/SA044S26	SES007	-2.98053	3.02008	6.00061
BLOCK04/SES044/SA044S26	SES016	-1.89929	4.10132	6.00061
BLOCK04/SES044/SA044S26	SES101	-0.493458	5.50715	6.00061
BLOCK04/SES044/SA044S26	SES147	-1.98376	4.01685	6.00061
BLOCK04/SES044/SA044S29	SES007	-2.25714	4.28099	6.53814
BLOCK04/SES044/SA044S29	SES101	-0.553965	5.98417	6.53814
BLOCK04/SES044/SA044S29	SES147	-1.8333	4.70484	6.53814
BLOCK04/SES044/SA044S29	SES177	-2.2728	4.26533	6.53814
BLOCK04/SES046/SA046S13	SES101	-1.21167	4.24343	5.4551
BLOCK04/SES046/SA046S13	SES144	-0.761784	4.69331	5.4551
BLOCK04/SES046/SA046S13	SES147	-2.37547	3.07963	5.4551
BLOCK04/SES046/SA046S13	SES177	-2.23768	3.21742	5.4551
BLOCK04/SES046/SA046S15	SES048	-1.05	6.3692	7.4192
BLOCK04/SES046/SA046S15	SES083	-1.31205	6.10715	7.4192
BLOCK04/SES046/SA046S15	SES120	-3.77325	3.64594	7.4192
BLOCK04/SES046/SA046S15	SES148	-2.15535	5.26384	7.4192
BLOCK04/SES046/SA046S22	SES101	-0.872658	4.92422	5.79688
BLOCK04/SES046/SA046S22	SES144	-0.542164	5.25471	5.79688
BLOCK04/SES046/SA046S22	SES147	-2.56464	3.23224	5.79688
BLOCK04/SES046/SA046S22	SES172	-0.546258	5.25062	5.79688
BLOCK04/SES046/SA046S25	SES083	-1.30142	4.67778	5.9792
BLOCK04/SES046/SA046S25	SES127	-1.94588	4.03332	5.9792
BLOCK04/SES046/SA046S25	SES144	-1.29315	4.68605	5.9792
BLOCK04/SES046/SA046S25	SES148	-1.7214	4.2578	5.9792
BLOCK04/SES046/SA046S28	SES007	-2.52988	3.87444	6.40432
BLOCK04/SES046/SA046S28	SES105	-1.79059	4.61374	6.40432
BLOCK04/SES046/SA046S28	SES147	-1.98098	4.42335	6.40432
BLOCK04/SES046/SA046S28	SES148	-1.02784	5.37648	6.40432
BLOCK04/SES049/SA049S16	SES104	-0.714125	3.61869	4.33281
BLOCK04/SES049/SA049S16	SES106	-2.12145	2.21136	4.33281
BLOCK04/SES049/SA049S16	SES120	-2.24216	2.09065	4.33281
BLOCK04/SES049/SA049S16	SES206	-1.84433	2.48848	4.33281
BLOCK04/SES049/SA049S18	SES099	-0.806972	3.2734	4.08037
BLOCK04/SES049/SA049S18	SES104	-3.01125	1.06912	4.08037
BLOCK04/SES049/SA049S18	SES125	-2.92083	1.15954	4.08037
BLOCK04/SES049/SA049S18	SES206	-1.73724	2.34313	4.08037
BLOCK04/SES049/SA049S25	SES087	-2.06052	1.91736	3.97788
BLOCK04/SES049/SA049S25	SES104	-0.609169	3.36871	3.97788
BLOCK04/SES049/SA049S25	SES125	-1.05321	2.92467	3.97788
BLOCK04/SES049/SA049S25	SES206	-0.309033	3.66885	3.97788
BLOCK04/SES049/SA049S27	SES099	-0.202886	4.50608	4.70897
BLOCK04/SES049/SA049S27	SES104	0.106718	4.81569	4.70897
BLOCK04/SES049/SA049S27	SES125	-2.6402	2.06877	4.70897
BLOCK04/SES049/SA049S27	SES206	-1.3379	3.37107	4.70897
BLOCK04/SES049/SA049S29	SES099	0.0756364	5.90171	5.82607
BLOCK04/SES049/SA049S29	SES104	-0.125418	5.70066	5.82607
BLOCK04/SES049/SA049S29	SES125	-1.11146	4.71461	5.82607
BLOCK04/SES049/SA049S29	SES206	-0.423467	5.40261	5.82607
BLOCK06/SES063/SA063S09	SES068	-1.2638	5.28191	6.54571
BLOCK06/SES063/SA063S09	SES083	-0.856889	5.68882	6.54571
BLOCK06/SES063/SA063S09	SES177	-1.64381	4.9019	6.54571
BLOCK06/SES063/SA063S09	SES187	-1.79015	4.75556	6.54571
BLOCK06/SES063/SA063S10	SES068	-1.47295	4.98067	6.45362
BLOCK06/SES063/SA063S10	SES083	-0.535346	5.91828	6.45362
BLOCK06/SES063/SA063S10	SES172	-0.0863695	6.36725	6.45362
BLOCK06/SES063/SA063S10	SES187	-1.18871	5.26491	6.45362
BLOCK06/SES063/SA063S20	SES068	-2.16738	4.10874	6.27612
BLOCK06/SES063/SA063S20	SES083	-0.905772	5.37035	6.27612
BLOCK06/SES063/SA063S20	SES172	-0.19178	6.08434	6.27612
BLOCK06/SES063/SA063S20	SES187	-0.972779	5.30334	6.27612
BLOCK06/SES063/SA063S24	SES029	-3.93184	2.65937	6.59121
BLOCK06/SES063/SA063S24	SES083	-0.760203	5.83101	6.59121
BLOCK06/SES063/SA063S24	SES177	-0.911525	5.67969	6.59121
BLOCK06/SES063/SA063S24	SES189	-0.069571	6.52164	6.59121
BLOCK06/SES063/SA063S27	SES083	0.142934	6.35158	6.20864
BLOCK06/SES063/SA063S27	SES172	-1.2101	4.99854	6.20864
BLOCK06/SES063/SA063S27	SES187	-1.16693	5.04172	6.20864
BLOCK06/SES063/SA063S27	SES292	-2.03736	4.17128	6.20864
BLOCK06/SES067/SA067S12	SES083	-0.729306	6.78816	7.51746
BLOCK06/SES067/SA067S12	SES172	-1.2667	6.25076	7.51746
BLOCK06/SES067/SA067S12	SES202	-0.65082	6.86664	7.51746
BLOCK06/SES067/SA067S12	SES292	-1.82974	5.68772	7.51746
BLOCK06/SES067/SA067S14	SES085	-2.28118	5.87929	8.16046
BLOCK06/SES067/SA067S14	SES177	-1.12236	7.0381	8.16046
BLOCK06/SES067/SA067S14	SES183	0.0322952	8.19276	8.16046
BLOCK06/SES067/SA067S14	SES202	-0.638339	7.52212	8.16046
BLOCK06/SES067/SA067S21	SES144	-0.854577	6.04606	6.90063
BLOCK06/SES067/SA067S21	SES177	-1.06519	5.83544	6.90063
BLOCK06/SES067/SA067S21	SES183	-1.35106	5.54957	6.90063
BLOCK06/SES067/SA067S21	SES189	-1.49377	5.40687	6.90063
BLOCK06/SES067/SA067S25	SES085	-1.77455	4.92517	6.69972
BLOCK06/SES067/SA067S25	SES177	-1.49929	5.20043	6.69972
BLOCK06/SES067/SA067S25	SES183	-0.837969	5.86175	6.69972
BLOCK06/SES067/SA067S25	SES202	-1.90748	4.79224	6.69972
BLOCK06/SES067/SA067S29	SES085	-2.32339	4.71631	7.03971
BLOCK06/SES067/SA067S29	SES177	-1.12966	5.91005	7.03971
BLOCK06/SES067/SA067S29	SES183	-0.862109	6.1776	7.03971
BLOCK06/SES067/SA067S29	SES202	0.32337	7.36308	7.03971
BLOCK06/SES069/SA069S12	SES029	-2.94575	2.90439	5.85013
BLOCK06/SES069/SA069S12	SES082	-0.63472	5.21541	5.85013
BLOCK06/SES069/SA069S12	SES087	-1.62724	4.2229	5.85013
BLOCK06/SES069/SA069S12	SES206	-1.14546	4.70468	5.85013
BLOCK06/SES069/SA069S13	SES029	-3.54096	2.25715	5.79811
BLOCK06/SES069/SA069S13	SES087	-1.03061	4.76749	5.79811
BLOCK06/SES069/SA069S13	SES206	-0.708009	5.0901	5.79811
BLOCK06/SES069/SA069S13	SES226	-0.128215	5.66989	5.79811
BLOCK06/SES069/SA069S23	SES029	-1.93226	5.24547	7.17773
BLOCK06/SES069/SA069S23	SES087	-1.29257	5.88516	7.17773
BLOCK06/SES069/SA069S23	SES206	-1.87779	5.29994	7.17773
BLOCK06/SES069/SA069S23	SES226	-0.442162	6.73557	7.17773
BLOCK06/SES069/SA069S25	SES087	-1.43533	6.00266	7.43799
BLOCK06/SES069/SA069S25	SES206	-2.30255	5.13545	7.43799
BLOCK06/SES069/SA069S25	SES226	-0.43935	6.99864	7.43799
BLOCK06/SES069/SA069S25	SES270	-2.00406	5.43394	7.43799
BLOCK06/SES069/SA069S27	SES087	-1.50471	4.26677	5.77148
BLOCK06/SES069/SA069S27	SES206	-0.685958	5.08552	5.77148
BLOCK06/SES069/SA069S27	SES226	0.28222	6.0537	5.77148
BLOCK06/SES069/SA069S27	SES270	-1.33166	4.43983	5.77148
BLOCK08/SES081/SA081S11	SES060	-1.40604	4.69921	6.10526
BLOCK08/SES081/SA081S11	SES062	-1.34967	4.75558	6.10526
BLOCK08/SES081/SA081S11	SES117	-3.41079	2.69447	6.10526
BLOCK08/SES081/SA081S11	SES162	-2.15277	3.95249	6.10526
BLOCK08/SES081/SA081S13	SES016	-0.914612	6.31288	7.2275
BLOCK08/SES081/SA081S13	SES060	-0.308929	6.91857	7.2275
BLOCK08/SES081/SA081S13	SES068	-0.620445	6.60705	7.2275
BLOCK08/SES081/SA081S13	SES129	-1.80772	5.41977	7.2275
BLOCK08/SES081/SA081S24	SES060	-0.618918	6.08755	6.70647
BLOCK08/SES081/SA081S24	SES068	-1.22407	5.48239	6.70647
BLOCK08/SES081/SA081S24	SES117	-2.83521	3.87125	6.70647
BLOCK08/SES081/SA081S24	SES275	-1.78114	4.92533	6.70647
BLOCK08/SES081/SA081S27	SES007	-0.921269	5.24763	6.1689
BLOCK08/SES081/SA081S27	SES060	-1.30005	4.86885	6.1689
BLOCK08/SES081/SA081S27	SES117	-1.62885	4.54005	6.1689
BLOCK08/SES081/SA081S27	SES275	-1.60409	4.5648	6.1689
BLOCK08/SES081/SA081S29	SES007	-0.604378	5.70058	6.30496
BLOCK08/SES081/SA081S29	SES060	-0.910896	5.39406	6.30496
BLOCK08/SES081/SA081S29	SES117	-2.19976	4.1052	6.30496
BLOCK08/SES081/SA081S29	SES275	-1.33062	4.97434	6.30496
BLOCK08/SES086/SA086S11	SES029	-3.79	0.507915	4.29792
BLOCK08/SES086/SA086S11	SES082	-1.26762	3.0303	4.29792
BLOCK08/SES086/SA086S11	SES087	-0.866014	3.4319	4.29792
BLOCK08/SES086/SA086S11	SES206	-1.71168	2.58624	4.29792
BLOCK08/SES086/SA086S12	SES029	-2.92782	2.83599	5.76381
BLOCK08/SES086/SA086S12	SES082	-2.14897	3.61484	5.76381
BLOCK08/SES086/SA086S12	SES087	-0.706687	5.05713	5.76381
BLOCK08/SES086/SA086S12	SES206	-0.78853	4.97528	5.76381
BLOCK08/SES086/SA086S20	SES029	-3.67914	3.09407	6.77321
BLOCK08/SES086/SA086S20	SES082	-1.73861	5.0346	6.77321
BLOCK08/SES086/SA086S20	SES087	0.571764	7.34497	6.77321
BLOCK08/SES086/SA086S20	SES206	-0.458335	6.31487	6.77321
BLOCK08/SES086/SA086S24	SES087	-0.456527	4.18791	4.64444
BLOCK08/SES086/SA086S24	SES104	-2.16485	2.47959	4.64444
BLOCK08/SES086/SA086S24	SES120	-2.12022	2.52422	4.64444
BLOCK08/SES086/SA086S24	SES206	-0.795042	3.8494	4.64444
BLOCK08/SES086/SA086S28	SES029	-3.30977	2.87271	6.18248
BLOCK08/SES086/SA086S28	SES082	-1.59284	4.58964	6.18248
BLOCK08/SES086/SA086S28	SES087	-0.918081	5.2644	6.18248
BLOCK08/SES086/SA086S28	SES206	-1.26649	4.91599	6.18248
BLOCK08/SES089/SA089S13	SES087	-2.00294	3.48509	5.48804
BLOCK08/SES089/SA089S13	SES206	-1.8226	3.66543	5.48804
BLOCK08/SES089/SA089S13	SES226	-1.38826	4.09978	5.48804
BLOCK08/SES089/SA089S13	SES270	-2.33703	3.15101	5.48804
BLOCK08/SES089/SA089S14	SES062	-1.72032	4.4519	6.17222
BLOCK08/SES089/SA089S14	SES087	-0.193715	5.97851	6.17222
BLOCK08/SES089/SA089S14	SES206	-1.60662	4.56561	6.17222
BLOCK08/SES089/SA089S14	SES226	-1.36057	4.81166	6.17222
BLOCK08/SES089/SA089S23	SES087	-1.78734	3.16624	4.95358
BLOCK08/SES089/SA089S23	SES206	-1.40832	3.54525	4.95358
BLOCK08/SES089/SA089S23	SES226	-1.96152	2.99205	4.95358
BLOCK08/SES089/SA089S23	SES270	-2.74034	2.21323	4.95358
BLOCK08/SES089/SA089S25	SES062	-2.19142	3.86075	6.05217
BLOCK08/SES089/SA089S25	SES087	-0.858697	5.19347	6.05217
BLOCK08/SES089/SA089S25	SES206	-2.43549	3.61669	6.05217
BLOCK08/SES089/SA089S25	SES226	-1.40564	4.64653	6.05217
BLOCK08/SES089/SA089S28	SES062	-0.926957	4.6855	5.61246
BLOCK08/SES089/SA089S28	SES087	-0.463433	5.14903	5.61246
BLOCK08/SES089/SA089S28	SES206	-1.09094	4.52152	5.61246
BLOCK08/SES089/SA089S28	SES226	-0.710155	4.90231	5.61246
BLOCK09/SES097/SA097S11	SES099	0.879747	5.3175	4.43775
BLOCK09/SES097/SA097S11	SES125	-2.0428	2.39495	4.43775
BLOCK09/SES097/SA097S11	SES206	-0.809822	3.62793	4.43775
BLOCK09/SES097/SA097S11	SES226	0.790418	5.22817	4.43775
BLOCK09/SES097/SA097S14	SES062	-1.87422	3.09073	4.96495
BLOCK09/SES097/SA097S14	SES099	-0.649092	4.31585	4.96495
BLOCK09/SES097/SA097S14	SES104	-0.81214	4.15281	4.96495
BLOCK09/SES097/SA097S14	SES206	-1.70683	3.25812	4.96495
BLOCK09/SES097/SA097S22	SES099	0.114488	4.69325	4.57877
BLOCK09/SES097/SA097S22	SES206	-1.54046	3.03831	4.57877
BLOCK09/SES097/SA097S22	SES226	-2.34857	2.23019	4.57877
BLOCK09/SES097/SA097S22	SES270	-0.00575876	4.57301	4.57877
BLOCK09/SES097/SA097S26	SES099	0.315653	4.49551	4.17986
BLOCK09/SES097/SA097S26	SES120	-0.949708	3.23015	4.17986
BLOCK09/SES097/SA097S26	SES206	-1.66494	2.51492	4.17986
BLOCK09/SES097/SA097S26	SES226	-1.5654	2.61446	4.17986
BLOCK09/SES097/SA097S28	SES099	-0.578673	5.07518	5.65385
BLOCK09/SES097/SA097S28	SES120	-1.50487	4.14898	5.65385
BLOCK09/SES097/SA097S28	SES206	-2.20115	3.45271	5.65385
BLOCK09/SES097/SA097S28	SES226	-2.07841	3.57544	5.65385
BLOCK09/SES098/SA098S11	SES127	-1.93771	4.44646	6.38418
BLOCK09/SES098/SA098S11	SES144	-1.91172	4.47246	6.38418
BLOCK09/SES098/SA098S11	SES147	-1.01775	5.36643	6.38418
BLOCK09/SES098/SA098S11	SES148	-4.05948	2.32469	6.38418
BLOCK09/SES098/SA098S12	SES127	-3.49159	1.17155	4.66314
BLOCK09/SES098/SA098S12	SES144	-2.49972	2.16343	4.66314
BLOCK09/SES098/SA098S12	SES147	-2.3326	2.33054	4.66314
BLOCK09/SES098/SA098S12	SES189	-3.08252	1.58062	4.66314
BLOCK09/SES098/SA098S20	SES127	-3.49676	2.42263	5.91938
BLOCK09/SES098/SA098S20	SES147	-3.02137	2.89801	5.91938
BLOCK09/SES098/SA098S20	SES148	-3.63843	2.28096	5.91938
BLOCK09/SES098/SA098S20	SES292	-2.27765	3.64174	5.91938
BLOCK09/SES098/SA098S23	SES127	-1.74975	3.97622	5.72597
BLOCK09/SES098/SA098S23	SES147	-1.82673	3.89924	5.72597
BLOCK09/SES098/SA098S23	SES187	-1.7635	3.96247	5.72597
BLOCK09/SES098/SA098S23	SES292	-2.01981	3.70616	5.72597
BLOCK09/SES098/SA098S27	SES127	-3.48644	2.31015	5.79659
BLOCK09/SES098/SA098S27	SES147	-2.81884	2.97774	5.79659
BLOCK09/SES098/SA098S27	SES148	-4.33718	1.45941	5.79659
BLOCK09/SES098/SA098S27	SES292	-0.725638	5.07095	5.79659
BLOCK10/SES102/SA102S13	SES101	-1.08339	4.57972	5.66312
BLOCK10/SES102/SA102S13	SES105	-1.17882	4.4843	5.66312
BLOCK10/SES102/SA102S13	SES120	-1.94838	3.71474	5.66312
BLOCK10/SES102/SA102S13	SES158	-2.85207	2.81105	5.66312
BLOCK10/SES102/SA102S14	SES007	-0.725625	6.77863	7.50426
BLOCK10/SES102/SA102S14	SES101	-0.481282	7.02297	7.50426
BLOCK10/SES102/SA102S14	SES105	-0.664624	6.83963	7.50426
BLOCK10/SES102/SA102S14	SES147	-3.08251	4.42175	7.50426
BLOCK10/SES102/SA102S22	SES007	-1.93574	4.68069	6.61643
BLOCK10/SES102/SA102S22	SES101	-0.760137	5.85629	6.61643
BLOCK10/SES102/SA102S22	SES105	-0.82903	5.7874	6.61643
BLOCK10/SES102/SA102S22	SES158	-3.22911	3.38732	6.61643
BLOCK10/SES102/SA102S25	SES007	-1.19656	5.46039	6.65695
BLOCK10/SES102/SA102S25	SES101	-0.0215855	6.63536	6.65695
BLOCK10/SES102/SA102S25	SES105	-0.903393	5.75355	6.65695
BLOCK10/SES102/SA102S25	SES147	-3.24399	3.41295	6.65695
BLOCK10/SES102/SA102S27	SES007	-1.33715	4.66644	6.0036
BLOCK10/SES102/SA102S27	SES101	-0.538933	5.46466	6.0036
BLOCK10/SES102/SA102S27	SES105	-1.40872	4.59488	6.0036
BLOCK10/SES102/SA102S27	SES147	-2.97919	3.02441	6.0036
BLOCK10/SES103/SA103S14	SES105	-3.48951	0.799068	4.28857
BLOCK10/SES103/SA103S14	SES106	-1.96142	2.32716	4.28857
BLOCK10/SES103/SA103S14	SES120	-2.48633	1.80224	4.28857
BLOCK10/SES103/SA103S14	SES206	-2.93792	1.35066	4.28857
BLOCK10/SES103/SA103S15	SES099	-1.78217	1.58753	3.3697
BLOCK10/SES103/SA103S15	SES101	-4.34014	-0.970431	3.3697
BLOCK10/SES103/SA103S15	SES104	-1.98722	1.38248	3.3697
BLOCK10/SES103/SA103S15	SES125	-2.65479	0.714913	3.3697
BLOCK10/SES103/SA103S24	SES104	-2.29935	1.99073	4.29008
BLOCK10/SES103/SA103S24	SES125	-2.82346	1.46662	4.29008
BLOCK10/SES103/SA103S24	SES148	-2.94814	1.34194	4.29008
BLOCK10/SES103/SA103S24	SES158	-2.1405	2.14958	4.29008
BLOCK10/SES103/SA103S26	SES104	-2.46579	2.24695	4.71274
BLOCK10/SES103/SA103S26	SES106	-0.758149	3.95459	4.71274
BLOCK10/SES103/SA103S26	SES125	-1.87301	2.83973	4.71274
BLOCK10/SES103/SA103S26	SES148	-3.18151	1.53123	4.71274
BLOCK10/SES103/SA103S28	SES104	-1.4713	2.32975	3.80105
BLOCK10/SES103/SA103S28	SES106	-0.375438	3.42561	3.80105
BLOCK10/SES103/SA103S28	SES125	-1.22633	2.57472	3.80105
BLOCK10/SES103/SA103S28	SES206	-2.46859	1.33246	3.80105
BLOCK12/SES121/SA121S12	SES042	-2.54865	1.52638	4.07502
BLOCK12/SES121/SA121S12	SES087	-1.93336	2.14167	4.07502
BLOCK12/SES121/SA121S12	SES105	-2.02353	2.0515	4.07502
BLOCK12/SES121/SA121S12	SES206	-1.23544	2.83959	4.07502
BLOCK12/SES121/SA121S14	SES007	-2.15668	0.649439	2.80612
BLOCK12/SES121/SA121S14	SES105	-3.75148	-0.94536	2.80612
BLOCK12/SES121/SA121S14	SES106	-2.68869	0.117429	2.80612
BLOCK12/SES121/SA121S14	SES206	-1.98933	0.816789	2.80612
BLOCK12/SES121/SA121S23	SES105	-2.87341	-0.072496	2.80091
BLOCK12/SES121/SA121S23	SES106	-1.3227	1.47821	2.80091
BLOCK12/SES121/SA121S23	SES120	-1.70488	1.09603	2.80091
BLOCK12/SES121/SA121S23	SES206	-0.339358	2.46155	2.80091
BLOCK12/SES121/SA121S25	SES007	-2.25939	0.534733	2.79412
BLOCK12/SES121/SA121S25	SES105	-3.94552	-1.1514	2.79412
BLOCK12/SES121/SA121S25	SES106	-2.65114	0.142985	2.79412
BLOCK12/SES121/SA121S25	SES206	-2.2688	0.525327	2.79412
BLOCK12/SES121/SA121S27	SES087	-1.15597	2.92488	4.08085
BLOCK12/SES121/SA121S27	SES105	-5.00105	-0.920203	4.08085
BLOCK12/SES121/SA121S27	SES120	-1.21402	2.86683	4.08085
BLOCK12/SES121/SA121S27	SES206	-0.555699	3.52515	4.08085
BLOCK12/SES124/SA124S16	SES042	-0.264034	5.68562	5.94966
BLOCK12/SES124/SA124S16	SES082	-1.12172	4.82794	5.94966
BLOCK12/SES124/SA124S16	SES183	-3.37168	2.57798	5.94966
BLOCK12/SES124/SA124S16	SES206	-1.64634	4.30332	5.94966
BLOCK12/SES124/SA124S17	SES105	-2.25124	2.66282	4.91406
BLOCK12/SES124/SA124S17	SES149	-2.99696	1.9171	4.91406
BLOCK12/SES124/SA124S17	SES158	-3.84671	1.06735	4.91406
BLOCK12/SES124/SA124S17	SES275	-1.58302	3.33104	4.91406
BLOCK12/SES124/SA124S23	SES105	-2.62278	5.0465	7.66928
BLOCK12/SES124/SA124S23	SES125	-0.13932	7.52996	7.66928
BLOCK12/SES124/SA124S23	SES129	-3.75554	3.91374	7.66928
BLOCK12/SES124/SA124S23	SES158	-0.904419	6.76487	7.66928
BLOCK12/SES124/SA124S26	SES105	-3.25995	2.73611	5.99605
BLOCK12/SES124/SA124S26	SES125	-0.817702	5.17835	5.99605
BLOCK12/SES124/SA124S26	SES129	-3.63804	2.35801	5.99605
BLOCK12/SES124/SA124S26	SES158	-2.14211	3.85395	5.99605
BLOCK12/SES124/SA124S28	SES104	-0.540431	5.86126	6.40169
BLOCK12/SES124/SA124S28	SES106	-1.49807	4.90362	6.40169
BLOCK12/SES124/SA124S28	SES125	-1.00487	5.39682	6.40169
BLOCK12/SES124/SA124S28	SES275	-2.33088	4.07081	6.40169
BLOCK12/SES126/SA126S13	SES007	-1.27747	4.72606	6.00353
BLOCK12/SES126/SA126S13	SES162	-1.75091	4.25262	6.00353
BLOCK12/SES126/SA126S13	SES177	-1.19077	4.81275	6.00353
BLOCK12/SES126/SA126S13	SES180	-1.79699	4.20654	6.00353
BLOCK12/SES126/SA126S14	SES144	-0.835994	6.41833	7.25433
BLOCK12/SES126/SA126S14	SES148	-1.96917	5.28516	7.25433
BLOCK12/SES126/SA126S14	SES177	-0.672705	6.58162	7.25433
BLOCK12/SES126/SA126S14	SES180	-2.11529	5.13903	7.25433
BLOCK12/SES126/SA126S20	SES007	-1.08892	5.81126	6.90018
BLOCK12/SES126/SA126S20	SES162	-1.8471	5.05308	6.90018
BLOCK12/SES126/SA126S20	SES172	-1.71223	5.18795	6.90018
BLOCK12/SES126/SA126S20	SES180	-2.31111	4.58908	6.90018
BLOCK12/SES126/SA126S24	SES120	-0.430817	6.40185	6.83267
BLOCK12/SES126/SA126S24	SES162	-2.10978	4.72289	6.83267
BLOCK12/SES126/SA126S24	SES177	-0.550947	6.28172	6.83267
BLOCK12/SES126/SA126S24	SES180	-1.09175	5.74092	6.83267
BLOCK12/SES126/SA126S26	SES120	-0.386878	5.42032	5.8072
BLOCK12/SES126/SA126S26	SES177	-0.593946	5.21325	5.8072
BLOCK12/SES126/SA126S26	SES180	-1.80414	4.00306	5.8072
BLOCK12/SES126/SA126S26	SES202	-1.14737	4.65983	5.8072
BLOCK12/SES128/SA128S10	SES087	-3.05095	1.57787	4.62882
BLOCK12/SES128/SA128S10	SES206	-1.08248	3.54634	4.62882
BLOCK12/SES128/SA128S10	SES226	-0.34576	4.28306	4.62882
BLOCK12/SES128/SA128S10	SES270	-0.344929	4.28389	4.62882
BLOCK12/SES128/SA128S12	SES120	-1.65373	3.55579	5.20951
BLOCK12/SES128/SA128S12	SES158	-2.22623	2.98328	5.20951
BLOCK12/SES128/SA128S12	SES206	-1.40178	3.80773	5.20951
BLOCK12/SES128/SA128S12	SES226	-1.92226	3.28725	5.20951
BLOCK12/SES128/SA128S21	SES106	-1.52149	2.66842	4.18992
BLOCK12/SES128/SA128S21	SES120	-1.5014	2.68851	4.18992
BLOCK12/SES128/SA128S21	SES206	-1.40587	2.78404	4.18992
BLOCK12/SES128/SA128S21	SES226	0.00204325	4.19196	4.18992
BLOCK12/SES128/SA128S24	SES087	-1.29798	3.87519	5.17316
BLOCK12/SES128/SA128S24	SES120	-1.47396	3.6992	5.17316
BLOCK12/SES128/SA128S24	SES206	-1.18444	3.98873	5.17316
BLOCK12/SES128/SA128S24	SES226	-1.94566	3.2275	5.17316
BLOCK12/SES128/SA128S27	SES099	-0.202123	5.85367	6.0558
BLOCK12/SES128/SA128S27	SES120	-0.571104	5.48469	6.0558
BLOCK12/SES128/SA128S27	SES206	-0.46459	5.59121	6.0558
BLOCK12/SES128/SA128S27	SES226	-0.945299	5.1105	6.0558
BLOCK13/SES130/SA130S13	SES143	-0.681134	4.08182	4.76295
BLOCK13/SES130/SA130S13	SES144	-0.528698	4.23426	4.76295
BLOCK13/SES130/SA130S13	SES146	-2.54399	2.21897	4.76295
BLOCK13/SES130/SA130S13	SES275	-2.48374	2.27921	4.76295
BLOCK13/SES130/SA130S15	SES143	-2.02179	5.00229	7.02408
BLOCK13/SES130/SA130S15	SES144	0.266437	7.29052	7.02408
BLOCK13/SES130/SA130S15	SES146	-1.31808	5.70601	7.02408
BLOCK13/SES130/SA130S15	SES275	-1.36218	5.66191	7.02408
BLOCK13/SES130/SA130S23	SES127	-2.36715	2.76377	5.13092
BLOCK13/SES130/SA130S23	SES144	-1.33169	3.79922	5.13092
BLOCK13/SES130/SA130S23	SES146	-1.65477	3.47614	5.13092
BLOCK13/SES130/SA130S23	SES162	-0.861942	4.26897	5.13092
BLOCK13/SES130/SA130S25	SES127	-1.16013	4.8876	6.04773
BLOCK13/SES130/SA130S25	SES144	-0.456545	5.59118	6.04773
BLOCK13/SES130/SA130S25	SES146	-1.73171	4.31601	6.04773
BLOCK13/SES130/SA130S25	SES275	-1.21267	4.83506	6.04773
BLOCK13/SES130/SA130S28	SES127	-1.50697	4.19364	5.70062
BLOCK13/SES130/SA130S28	SES144	-0.881761	4.81886	5.70062
BLOCK13/SES130/SA130S28	SES146	-0.983247	4.71737	5.70062
BLOCK13/SES130/SA130S28	SES275	-0.465442	5.23517	5.70062
BLOCK13/SES131/SA131S13	SES002	-2.1123	1.16009	3.27239
BLOCK13/SES131/SA131S13	SES007	-2.15897	1.11341	3.27239
BLOCK13/SES131/SA131S13	SES099	-1.25648	2.01591	3.27239
BLOCK13/SES131/SA131S13	SES105	-2.08611	1.18628	3.27239
BLOCK13/SES131/SA131S14	SES104	-0.740376	5.22108	5.96145
BLOCK13/SES131/SA131S14	SES106	-1.78829	4.17316	5.96145
BLOCK13/SES131/SA131S14	SES125	-1.88638	4.07507	5.96145
BLOCK13/SES131/SA131S14	SES148	-1.10989	4.85156	5.96145
BLOCK13/SES131/SA131S20	SES104	-2.03869	1.79566	3.83434
BLOCK13/SES131/SA131S20	SES106	-1.61941	2.21493	3.83434
BLOCK13/SES131/SA131S20	SES125	-2.87203	0.962313	3.83434
BLOCK13/SES131/SA131S20	SES148	-2.2495	1.58484	3.83434
BLOCK13/SES131/SA131S22	SES099	-0.893823	4.81228	5.7061
BLOCK13/SES131/SA131S22	SES104	-1.16519	4.54091	5.7061
BLOCK13/SES131/SA131S22	SES125	-2.59097	3.11513	5.7061
BLOCK13/SES131/SA131S22	SES206	-1.82211	3.88399	5.7061
BLOCK13/SES131/SA131S29	SES087	-1.97614	2.32532	4.30146
BLOCK13/SES131/SA131S29	SES104	-2.30451	1.99695	4.30146
BLOCK13/SES131/SA131S29	SES125	-3.46696	0.834505	4.30146
BLOCK13/SES131/SA131S29	SES206	-1.70196	2.5995	4.30146
BLOCK13/SES132/SA132S11	SES083	-2.59768	3.82624	6.42392
BLOCK13/SES132/SA132S11	SES120	-0.260524	6.1634	6.42392
BLOCK13/SES132/SA132S11	SES127	-2.09197	4.33196	6.42392
BLOCK13/SES132/SA132S11	SES275	-1.45475	4.96917	6.42392
BLOCK13/SES132/SA132S12	SES083	-2.45093	4.90554	7.35647
BLOCK13/SES132/SA132S12	SES143	-2.52989	4.82658	7.35647
BLOCK13/SES132/SA132S12	SES144	-1.33096	6.02551	7.35647
BLOCK13/SES132/SA132S12	SES148	-0.682245	6.67423	7.35647
BLOCK13/SES132/SA132S22	SES062	-1.43304	4.49196	5.925
BLOCK13/SES132/SA132S22	SES083	-2.92287	3.00212	5.925
BLOCK13/SES132/SA132S22	SES127	-1.98819	3.93681	5.925
BLOCK13/SES132/SA132S22	SES275	-1.06019	4.86481	5.925
BLOCK13/SES132/SA132S24	SES007	-1.3715	6.18636	7.55786
BLOCK13/SES132/SA132S24	SES083	-3.18024	4.37762	7.55786
BLOCK13/SES132/SA132S24	SES127	-2.99023	4.56763	7.55786
BLOCK13/SES132/SA132S24	SES275	-1.30319	6.25467	7.55786
BLOCK13/SES132/SA132S27	SES083	-3.25507	1.97287	5.22794
BLOCK13/SES132/SA132S27	SES120	-0.0207839	5.20716	5.22794
BLOCK13/SES132/SA132S27	SES127	-2.55464	2.6733	5.22794
BLOCK13/SES132/SA132S27	SES275	-2.08754	3.14041	5.22794
BLOCK14/SES141/SA141S09	SES143	-2.00298	5.26147	7.26445
BLOCK14/SES141/SA141S09	SES144	-1.59423	5.67022	7.26445
BLOCK14/SES141/SA141S09	SES162	-1.48797	5.77648	7.26445
BLOCK14/SES141/SA141S09	SES180	-1.96696	5.29749	7.26445
BLOCK14/SES141/SA141S15	SES127	-2.26518	4.71511	6.98029
BLOCK14/SES141/SA141S15	SES144	-1.61344	5.36685	6.98029
BLOCK14/SES141/SA141S15	SES162	-2.44368	4.53661	6.98029
BLOCK14/SES141/SA141S15	SES180	-1.84915	5.13114	6.98029
BLOCK14/SES141/SA141S24	SES127	-1.37429	5.74285	7.11714
BLOCK14/SES141/SA141S24	SES144	-1.44241	5.67473	7.11714
BLOCK14/SES141/SA141S24	SES162	-1.75553	5.36161	7.11714
BLOCK14/SES141/SA141S24	SES183	-2.25914	4.85799	7.11714
BLOCK14/SES141/SA141S26	SES142	-1.43981	4.7405	6.18031
BLOCK14/SES141/SA141S26	SES144	-1.84384	4.33647	6.18031
BLOCK14/SES141/SA141S26	SES172	-0.993458	5.18685	6.18031
BLOCK14/SES141/SA141S26	SES180	-1.75148	4.42883	6.18031
BLOCK14/SES141/SA141S29	SES127	-0.77693	5.93603	6.71296
BLOCK14/SES141/SA141S29	SES142	-0.690381	6.02258	6.71296
BLOCK14/SES141/SA141S29	SES144	-1.22802	5.48494	6.71296
BLOCK14/SES141/SA141S29	SES180	-1.31727	5.39569	6.71296
BLOCK15/SES157/SA157S08	SES083	-2.15909	4.77996	6.93906
BLOCK15/SES157/SA157S08	SES127	-2.66687	4.27218	6.93906
BLOCK15/SES157/SA157S08	SES148	-1.06213	5.87693	6.93906
BLOCK15/SES157/SA157S08	SES292	-3.05141	3.88765	6.93906
BLOCK15/SES157/SA157S11	SES083	-2.19839	4.32312	6.5215
BLOCK15/SES157/SA157S11	SES127	-1.43135	5.09016	6.5215
BLOCK15/SES157/SA157S11	SES148	-1.65084	4.87066	6.5215
BLOCK15/SES157/SA157S11	SES292	-2.13683	4.38467	6.5215
BLOCK15/SES157/SA157S21	SES127	-0.949069	5.92683	6.8759
BLOCK15/SES157/SA157S21	SES148	-0.720368	6.15553	6.8759
BLOCK15/SES157/SA157S21	SES158	-6.25843	0.617462	6.8759
BLOCK15/SES157/SA157S21	SES292	-2.30977	4.56613	6.8759
BLOCK15/SES157/SA157S24	SES127	-1.52751	5.40094	6.92846
BLOCK15/SES157/SA157S24	SES148	-1.23151	5.69695	6.92846
BLOCK15/SES157/SA157S24	SES183	-2.17021	4.75824	6.92846
BLOCK15/SES157/SA157S24	SES292	-2.5964	4.33206	6.92846
BLOCK15/SES157/SA157S26	SES007	-1.23398	5.99519	7.22917
BLOCK15/SES157/SA157S26	SES127	-1.27751	5.95166	7.22917
BLOCK15/SES157/SA157S26	SES147	-2.21015	5.01902	7.22917
BLOCK15/SES157/SA157S26	SES148	-1.40949	5.81968	7.22917
BLOCK16/SES161/SA161S10	SES007	-1.55274	3.2832	4.83594
BLOCK16/SES161/SA161S10	SES105	-1.58198	3.25397	4.83594
BLOCK16/SES161/SA161S10	SES158	-2.33417	2.50177	4.83594
BLOCK16/SES161/SA161S10	SES275	-1.5563	3.27965	4.83594
BLOCK16/SES161/SA161S12	SES007	-2.74072	2.61311	5.35383
BLOCK16/SES161/SA161S12	SES105	-2.6127	2.74113	5.35383
BLOCK16/SES161/SA161S12	SES158	-1.62734	3.72649	5.35383
BLOCK16/SES161/SA161S12	SES275	-1.75718	3.59665	5.35383
BLOCK16/SES161/SA161S20	SES007	-1.38201	2.72194	4.10396
BLOCK16/SES161/SA161S20	SES105	-3.23451	0.869441	4.10396
BLOCK16/SES161/SA161S20	SES158	-1.3489	2.75506	4.10396
BLOCK16/SES161/SA161S20	SES275	-2.23839	1.86557	4.10396
BLOCK16/SES161/SA161S23	SES007	-2.6706	2.92171	5.59231
BLOCK16/SES161/SA161S23	SES105	-1.7968	3.79551	5.59231
BLOCK16/SES161/SA161S23	SES148	-1.7202	3.87211	5.59231
BLOCK16/SES161/SA161S23	SES158	-2.38477	3.20754	5.59231
BLOCK16/SES161/SA161S28	SES007	-2.764	2.61926	5.38327
BLOCK16/SES161/SA161S28	SES105	-3.60957	1.7737	5.38327
BLOCK16/SES161/SA161S28	SES158	-1.56548	3.81779	5.38327
BLOCK16/SES161/SA161S28	SES206	-1.19369	4.18957	5.38327
BLOCK16/SES164/SA164S11	SES104	-0.894603	2.99029	3.88489
BLOCK16/SES164/SA164S11	SES125	-1.24501	2.63988	3.88489
BLOCK16/SES164/SA164S11	SES158	0.539967	4.42486	3.88489
BLOCK16/SES164/SA164S11	SES206	-1.93139	1.9535	3.88489
BLOCK16/SES164/SA164S13	SES099	-1.44565	1.97846	3.4241
BLOCK16/SES164/SA164S13	SES104	-1.15977	2.26433	3.4241
BLOCK16/SES164/SA164S13	SES125	-2.36615	1.05795	3.4241
BLOCK16/SES164/SA164S13	SES206	-1.33267	2.09143	3.4241
BLOCK16/SES164/SA164S24	SES002	0.805156	4.09214	3.28698
BLOCK16/SES164/SA164S24	SES099	-0.38517	2.90181	3.28698
BLOCK16/SES164/SA164S24	SES125	-2.43269	0.854293	3.28698
BLOCK16/SES164/SA164S24	SES226	0.307537	3.59452	3.28698
BLOCK16/SES164/SA164S27	SES087	-2.06713	1.0382	3.10533
BLOCK16/SES164/SA164S27	SES125	-1.82363	1.2817	3.10533
BLOCK16/SES164/SA164S27	SES206	-1.66403	1.4413	3.10533
BLOCK16/SES164/SA164S27	SES226	-0.631519	2.47381	3.10533
BLOCK16/SES164/SA164S29	SES002	0.789007	3.81545	3.02644
BLOCK16/SES164/SA164S29	SES019	-1.4261	1.60035	3.02644
BLOCK16/SES164/SA164S29	SES125	-2.22505	0.801389	3.02644
BLOCK16/SES164/SA164S29	SES226	-0.832904	2.19354	3.02644
BLOCK16/SES169/SA169S13	SES117	-1.19818	4.94593	6.14411
BLOCK16/SES169/SA169S13	SES144	-0.9961	5.14801	6.14411
BLOCK16/SES169/SA169S13	SES146	-1.63538	4.50873	6.14411
BLOCK16/SES169/SA169S13	SES162	-1.34093	4.80318	6.14411
BLOCK16/SES169/SA169S14	SES144	-1.71159	6.13755	7.84914
BLOCK16/SES169/SA169S14	SES148	-1.92686	5.92228	7.84914
BLOCK16/SES169/SA169S14	SES177	-0.677258	7.17188	7.84914
BLOCK16/SES169/SA169S14	SES180	-2.11	5.73914	7.84914
BLOCK16/SES169/SA169S24	SES117	-2.01164	3.14385	5.15549
BLOCK16/SES169/SA169S24	SES144	-1.70363	3.45186	5.15549
BLOCK16/SES169/SA169S24	SES146	-1.08309	4.0724	5.15549
BLOCK16/SES169/SA169S24	SES162	-1.60632	3.54917	5.15549
BLOCK16/SES169/SA169S27	SES127	-1.79298	4.26467	6.05765
BLOCK16/SES169/SA169S27	SES129	-1.91022	4.14744	6.05765
BLOCK16/SES169/SA169S27	SES144	-2.32597	3.73169	6.05765
BLOCK16/SES169/SA169S27	SES146	-0.93953	5.11812	6.05765
BLOCK16/SES169/SA169S29	SES144	-0.531933	6.92944	7.46137
BLOCK16/SES169/SA169S29	SES162	-0.531666	6.9297	7.46137
BLOCK16/SES169/SA169S29	SES177	-1.4227	6.03867	7.46137
BLOCK16/SES169/SA169S29	SES180	-1.33904	6.12233	7.46137
BLOCK17/SES171/SA171S12	SES083	-1.84667	2.87423	4.7209
BLOCK17/SES171/SA171S12	SES148	-2.03849	2.68241	4.7209
BLOCK17/SES171/SA171S12	SES172	-1.05459	3.66632	4.7209
BLOCK17/SES171/SA171S12	SES292	-3.66225	1.05866	4.7209
BLOCK17/SES171/SA171S15	SES148	-1.50623	3.94797	5.4542
BLOCK17/SES171/SA171S15	SES177	-1.08439	4.36981	5.4542
BLOCK17/SES171/SA171S15	SES180	-3.02519	2.42901	5.4542
BLOCK17/SES171/SA171S15	SES292	-2.11464	3.33956	5.4542
BLOCK17/SES171/SA171S22	SES007	-2.06476	5.18937	7.25413
BLOCK17/SES171/SA171S22	SES148	-1.57158	5.68255	7.25413
BLOCK17/SES171/SA171S22	SES177	-0.898963	6.35516	7.25413
BLOCK17/SES171/SA171S22	SES180	-2.89457	4.35955	7.25413
BLOCK17/SES171/SA171S25	SES101	-1.66173	3.92369	5.58542
BLOCK17/SES171/SA171S25	SES120	-3.5035	2.08192	5.58542
BLOCK17/SES171/SA171S25	SES177	-1.93849	3.64693	5.58542
BLOCK17/SES171/SA171S25	SES180	-2.49343	3.09199	5.58542
BLOCK17/SES171/SA171S27	SES177	-0.528267	5.00824	5.53651
BLOCK17/SES171/SA171S27	SES180	-2.49387	3.04264	5.53651
BLOCK17/SES171/SA171S27	SES189	-0.339845	5.19666	5.53651
BLOCK17/SES171/SA171S27	SES292	-2.69233	2.84418	5.53651
BLOCK17/SES173/SA173S13	SES162	-4.20133	1.90425	6.10558
BLOCK17/SES173/SA173S13	SES177	-2.03648	4.0691	6.10558
BLOCK17/SES173/SA173S13	SES180	-3.92438	2.1812	6.10558
BLOCK17/SES173/SA173S13	SES292	-0.763305	5.34227	6.10558
BLOCK17/SES173/SA173S14	SES007	-1.44558	5.32684	6.77242
BLOCK17/SES173/SA173S14	SES162	-4.25816	2.51426	6.77242
BLOCK17/SES173/SA173S14	SES177	-1.44224	5.33018	6.77242
BLOCK17/SES173/SA173S14	SES180	-4.26737	2.50505	6.77242
BLOCK17/SES173/SA173S24	SES144	-2.89043	2.76292	5.65335
BLOCK17/SES173/SA173S24	SES162	-3.9603	1.69306	5.65335
BLOCK17/SES173/SA173S24	SES177	-1.72236	3.93099	5.65335
BLOCK17/SES173/SA173S24	SES180	-4.23581	1.41754	5.65335
BLOCK17/SES173/SA173S27	SES162	-4.13403	2.4821	6.61613
BLOCK17/SES173/SA173S27	SES177	-1.98774	4.6284	6.61613
BLOCK17/SES173/SA173S27	SES180	-2.55769	4.05845	6.61613
BLOCK17/SES173/SA173S27	SES292	-1.10597	5.51016	6.61613
BLOCK17/SES173/SA173S29	SES162	-2.97395	2.58789	5.56183
BLOCK17/SES173/SA173S29	SES175	-1.1093	4.45253	5.56183
BLOCK17/SES173/SA173S29	SES177	-0.527915	5.03392	5.56183
BLOCK17/SES173/SA173S29	SES292	-2.24323	3.31861	5.56183
BLOCK18/SES182/SA182S10	SES144	-1.03025	4.47757	5.50783
BLOCK18/SES182/SA182S10	SES177	-1.42823	4.07959	5.50783
BLOCK18/SES182/SA182S10	SES180	-2.88353	2.6243	5.50783
BLOCK18/SES182/SA182S10	SES275	-0.507882	4.99994	5.50783
BLOCK18/SES182/SA182S12	SES144	-0.237333	7.01773	7.25506
BLOCK18/SES182/SA182S12	SES177	-0.885147	6.36992	7.25506
BLOCK18/SES182/SA182S12	SES180	-1.1147	6.14037	7.25506
BLOCK18/SES182/SA182S12	SES275	-0.544707	6.71036	7.25506
BLOCK18/SES182/SA182S21	SES117	-1.71768	3.33173	5.04941
BLOCK18/SES182/SA182S21	SES144	-1.06055	3.98886	5.04941
BLOCK18/SES182/SA182S21	SES162	-1.16524	3.88417	5.04941
BLOCK18/SES182/SA182S21	SES180	-2.89803	2.15138	5.04941
BLOCK18/SES182/SA182S23	SES117	-2.19357	3.02324	5.21681
BLOCK18/SES182/SA182S23	SES144	-1.52736	3.68946	5.21681
BLOCK18/SES182/SA182S23	SES180	-2.41337	2.80344	5.21681
BLOCK18/SES182/SA182S23	SES275	0.624756	5.84157	5.21681
BLOCK18/SES182/SA182S25	SES007	-0.461476	4.26965	4.73113
BLOCK18/SES182/SA182S25	SES162	-0.740927	3.9902	4.73113
BLOCK18/SES182/SA182S25	SES177	-0.683744	4.04738	4.73113
BLOCK18/SES182/SA182S25	SES180	-1.93473	2.79639	4.73113
BLOCK18/SES184/SA184S12	SES177	-3.35805	2.8074	6.16546
BLOCK18/SES184/SA184S12	SES180	-2.52568	3.63978	6.16546
BLOCK18/SES184/SA184S12	SES189	-1.56739	4.59806	6.16546
BLOCK18/SES184/SA184S12	SES292	-1.59746	4.568	6.16546
BLOCK18/SES184/SA184S13	SES101	-1.75821	4.14181	5.90002
BLOCK18/SES184/SA184S13	SES177	-1.52288	4.37714	5.90002
BLOCK18/SES184/SA184S13	SES180	-1.86479	4.03523	5.90002
BLOCK18/SES184/SA184S13	SES292	-2.11527	3.78475	5.90002
BLOCK18/SES184/SA184S22	SES177	-2.4722	3.23818	5.71038
BLOCK18/SES184/SA184S22	SES180	-1.35206	4.35833	5.71038
BLOCK18/SES184/SA184S22	SES189	-1.86876	3.84163	5.71038
BLOCK18/SES184/SA184S22	SES292	-2.77961	2.93077	5.71038
BLOCK18/SES184/SA184S25	SES101	-1.23766	5.52839	6.76605
BLOCK18/SES184/SA184S25	SES177	-2.6129	4.15316	6.76605
BLOCK18/SES184/SA184S25	SES180	-1.77681	4.98925	6.76605
BLOCK18/SES184/SA184S25	SES292	-1.78422	4.98184	6.76605
BLOCK18/SES184/SA184S27	SES083	-1.49929	4.62765	6.12693
BLOCK18/SES184/SA184S27	SES177	-1.18012	4.94681	6.12693
BLOCK18/SES184/SA184S27	SES202	-1.39304	4.73389	6.12693
BLOCK18/SES184/SA184S27	SES292	-1.17333	4.95361	6.12693
BLOCK20/SES204/SA204S12	SES062	-1.12314	5.89662	7.01976
BLOCK20/SES204/SA204S12	SES083	-3.62087	3.39888	7.01976
BLOCK20/SES204/SA204S12	SES206	-0.850069	6.16969	7.01976
BLOCK20/SES204/SA204S12	SES226	-3.35443	3.66532	7.01976
BLOCK20/SES204/SA204S14	SES068	-0.995948	6.90563	7.90158
BLOCK20/SES204/SA204S14	SES087	-0.324698	7.57688	7.90158
BLOCK20/SES204/SA204S14	SES206	-1.55546	6.34612	7.90158
BLOCK20/SES204/SA204S14	SES226	-2.84373	5.05785	7.90158
BLOCK20/SES204/SA204S22	SES068	-1.10923	5.66409	6.77332
BLOCK20/SES204/SA204S22	SES082	-2.82632	3.947	6.77332
BLOCK20/SES204/SA204S22	SES083	-3.15893	3.6144	6.77332
BLOCK20/SES204/SA204S22	SES206	-1.30835	5.46497	6.77332
BLOCK20/SES204/SA204S25	SES062	-0.876549	6.27325	7.1498
BLOCK20/SES204/SA204S25	SES083	-3.2945	3.8553	7.1498
BLOCK20/SES204/SA204S25	SES206	-1.22026	5.92954	7.1498
BLOCK20/SES204/SA204S25	SES226	-2.6763	4.4735	7.1498
BLOCK20/SES204/SA204S27	SES068	-1.22368	4.97164	6.19532
BLOCK20/SES204/SA204S27	SES082	-2.42434	3.77098	6.19532
BLOCK20/SES204/SA204S27	SES087	-0.915152	5.28016	6.19532
BLOCK20/SES204/SA204S27	SES206	-2.0411	4.15422	6.19532
BLOCK20/SES207/SA207S10	SES127	-2.16357	4.31751	6.48108
BLOCK20/SES207/SA207S10	SES183	-1.49849	4.98259	6.48108
BLOCK20/SES207/SA207S10	SES189	-1.5821	4.89897	6.48108
BLOCK20/SES207/SA207S10	SES292	-2.61115	3.86992	6.48108
BLOCK20/SES207/SA207S11	SES127	-2.65138	3.29281	5.9442
BLOCK20/SES207/SA207S11	SES183	-1.68388	4.26032	5.9442
BLOCK20/SES207/SA207S11	SES187	-1.64124	4.30296	5.9442
BLOCK20/SES207/SA207S11	SES292	-1.41596	4.52824	5.9442
BLOCK20/SES207/SA207S25	SES068	-1.51053	4.45577	5.9663
BLOCK20/SES207/SA207S25	SES083	-2.09269	3.87361	5.9663
BLOCK20/SES207/SA207S25	SES127	-1.76833	4.19797	5.9663
BLOCK20/SES207/SA207S25	SES187	-1.13789	4.82841	5.9663
BLOCK20/SES207/SA207S27	SES127	-1.89162	3.49495	5.38657
BLOCK20/SES207/SA207S27	SES183	-1.71636	3.67021	5.38657
BLOCK20/SES207/SA207S27	SES187	-1.38089	4.00569	5.38657
BLOCK20/SES207/SA207S27	SES292	-2.04626	3.34031	5.38657
BLOCK20/SES207/SA207S29	SES083	-2.38346	3.86498	6.24843
BLOCK20/SES207/SA207S29	SES085	-1.91744	4.33099	6.24843
BLOCK20/SES207/SA207S29	SES172	-0.640486	5.60795	6.24843
BLOCK20/SES207/SA207S29	SES189	-1.97146	4.27698	6.24843
BLOCK22/SES221/SA221S12	SES068	-0.335034	7.05299	7.38803
BLOCK22/SES221/SA221S12	SES143	-2.97783	4.41019	7.38803
BLOCK22/SES221/SA221S12	SES175	-2.08386	5.30416	7.38803
BLOCK22/SES221/SA221S12	SES202	-1.72666	5.66136	7.38803
BLOCK22/SES221/SA221S15	SES085	-1.58913	5.39805	6.98718
BLOCK22/SES221/SA221S15	SES143	-3.45264	3.53454	6.98718
BLOCK22/SES221/SA221S15	SES175	-1.78511	5.20207	6.98718
BLOCK22/SES221/SA221S15	SES187	-2.02389	4.96329	6.98718
BLOCK22/SES221/SA221S23	SES068	0.10691	6.98907	6.88216
BLOCK22/SES221/SA221S23	SES143	-2.22761	4.65454	6.88216
BLOCK22/SES221/SA221S23	SES175	-1.0427	5.83946	6.88216
BLOCK22/SES221/SA221S23	SES189	-1.67133	5.21083	6.88216
BLOCK22/SES221/SA221S27	SES085	-0.483756	6.0906	6.57436
BLOCK22/SES221/SA221S27	SES143	-2.40271	4.17165	6.57436
BLOCK22/SES221/SA221S27	SES175	-1.86746	4.7069	6.57436
BLOCK22/SES221/SA221S27	SES189	-0.858005	5.71636	6.57436
BLOCK22/SES221/SA221S29	SES085	-0.893915	6.2887	7.18261
BLOCK22/SES221/SA221S29	SES143	-2.45168	4.73093	7.18261
BLOCK22/SES221/SA221S29	SES175	-0.95923	6.22338	7.18261
BLOCK22/SES221/SA221S29	SES187	-2.1169	5.06571	7.18261
BLOCK22/SES223/SA223S11	SES143	-1.74766	3.9846	5.73226
BLOCK22/SES223/SA223S11	SES144	-3.43835	2.29391	5.73226
BLOCK22/SES223/SA223S11	SES175	-1.50816	4.22409	5.73226
BLOCK22/SES223/SA223S11	SES187	-2.30644	3.42582	5.73226
BLOCK22/SES223/SA223S13	SES068	-0.281163	5.53704	5.8182
BLOCK22/SES223/SA223S13	SES143	-3.01429	2.80392	5.8182
BLOCK22/SES223/SA223S13	SES146	-3.25989	2.55831	5.8182
BLOCK22/SES223/SA223S13	SES202	-3.29811	2.5201	5.8182
BLOCK22/SES223/SA223S22	SES143	-2.79888	2.80719	5.60607
BLOCK22/SES223/SA223S22	SES144	-3.62069	1.98538	5.60607
BLOCK22/SES223/SA223S22	SES175	-1.59794	4.00813	5.60607
BLOCK22/SES223/SA223S22	SES187	-2.08042	3.52565	5.60607
BLOCK22/SES223/SA223S25	SES068	-0.386652	5.52644	5.91309
BLOCK22/SES223/SA223S25	SES143	-2.14022	3.77287	5.91309
BLOCK22/SES223/SA223S25	SES175	-1.54852	4.36457	5.91309
BLOCK22/SES223/SA223S25	SES187	-1.69723	4.21586	5.91309
BLOCK22/SES223/SA223S27	SES143	-1.28974	4.29998	5.58972
BLOCK22/SES223/SA223S27	SES146	-1.94797	3.64175	5.58972
BLOCK22/SES223/SA223S27	SES187	-2.24972	3.34	5.58972
BLOCK22/SES223/SA223S27	SES292	0.0262055	5.61593	5.58972
BLOCK27/SES273/SA273S12	SES099	-0.561077	5.94736	6.50843
BLOCK27/SES273/SA273S12	SES104	-0.378251	6.13018	6.50843
BLOCK27/SES273/SA273S12	SES125	-2.28352	4.22492	6.50843
BLOCK27/SES273/SA273S12	SES206	-1.02523	5.48321	6.50843
BLOCK27/SES273/SA273S13	SES099	-0.565584	5.86914	6.43473
BLOCK27/SES273/SA273S13	SES104	-1.17057	5.26416	6.43473
BLOCK27/SES273/SA273S13	SES206	-1.20635	5.22837	6.43473
BLOCK27/SES273/SA273S13	SES292	-1.34557	5.08916	6.43473
BLOCK27/SES273/SA273S21	SES099	-0.925418	5.2096	6.13501
BLOCK27/SES273/SA273S21	SES148	-2.22796	3.90706	6.13501
BLOCK27/SES273/SA273S21	SES149	-1.75068	4.38433	6.13501
BLOCK27/SES273/SA273S21	SES177	-1.70962	4.42539	6.13501
BLOCK27/SES273/SA273S25	SES104	-1.81593	3.94312	5.75905
BLOCK27/SES273/SA273S25	SES125	-3.06827	2.69078	5.75905
BLOCK27/SES273/SA273S25	SES158	-0.931295	4.82776	5.75905
BLOCK27/SES273/SA273S25	SES206	-1.22449	4.53456	5.75905
BLOCK27/SES273/SA273S27	SES099	-0.579265	6.29854	6.8778
BLOCK27/SES273/SA273S27	SES104	-1.13839	5.73941	6.8778
BLOCK27/SES273/SA273S27	SES149	-1.21374	5.66406	6.8778
BLOCK27/SES273/SA273S27	SES275	-1.78011	5.09769	6.8778
BLOCK27/SES274/SA274S10	SES105	-2.29157	4.7236	7.01518
BLOCK27/SES274/SA274S10	SES125	-3.04356	3.97161	7.01518
BLOCK27/SES274/SA274S10	SES129	-0.60744	6.40774	7.01518
BLOCK27/SES274/SA274S10	SES158	-4.09566	2.91952	7.01518
BLOCK27/SES274/SA274S11	SES105	-1.64686	6.24049	7.88735
BLOCK27/SES274/SA274S11	SES149	-2.53229	5.35506	7.88735
BLOCK27/SES274/SA274S11	SES158	-2.23458	5.65277	7.88735
BLOCK27/SES274/SA274S11	SES275	-0.924437	6.96291	7.88735
BLOCK27/SES274/SA274S21	SES105	-2.37	5.75029	8.12029
BLOCK27/SES274/SA274S21	SES129	-1.12304	6.99725	8.12029
BLOCK27/SES274/SA274S21	SES149	-2.04401	6.07628	8.12029
BLOCK27/SES274/SA274S21	SES158	-4.47298	3.64731	8.12029
BLOCK27/SES274/SA274S24	SES105	-2.38959	4.62271	7.0123
BLOCK27/SES274/SA274S24	SES129	-0.565703	6.44659	7.0123
BLOCK27/SES274/SA274S24	SES149	-3.64357	3.36872	7.0123
BLOCK27/SES274/SA274S24	SES158	-5.9169	1.09539	7.0123
BLOCK27/SES274/SA274S29	SES105	-2.0501	4.73349	6.78359
BLOCK27/SES274/SA274S29	SES106	-2.18728	4.59631	6.78359
BLOCK27/SES274/SA274S29	SES120	-1.39227	5.39132	6.78359
BLOCK27/SES274/SA274S29	SES275	-1.11664	5.66695	6.78359
BLOCK27/SES276/SA276S16	SES148	-1.57348	4.93682	6.5103
BLOCK27/SES276/SA276S16	SES172	-1.08023	5.43007	6.5103
BLOCK27/SES276/SA276S16	SES180	-3.21123	3.29907	6.5103
BLOCK27/SES276/SA276S16	SES292	-1.7259	4.7844	6.5103
BLOCK27/SES276/SA276S17	SES101	-1.45085	5.01446	6.46532
BLOCK27/SES276/SA276S17	SES177	-2.04216	4.42316	6.46532
BLOCK27/SES276/SA276S17	SES180	-2.31859	4.14672	6.46532
BLOCK27/SES276/SA276S17	SES292	-2.08882	4.37649	6.46532
BLOCK27/SES276/SA276S24	SES101	-0.788281	6.41482	7.2031
BLOCK27/SES276/SA276S24	SES177	-1.53064	5.67246	7.2031
BLOCK27/SES276/SA276S24	SES180	-2.76945	4.43365	7.2031
BLOCK27/SES276/SA276S24	SES292	-2.61935	4.58376	7.2031
BLOCK27/SES276/SA276S26	SES101	-1.89678	5.54535	7.44213
BLOCK27/SES276/SA276S26	SES177	-1.33341	6.10871	7.44213
BLOCK27/SES276/SA276S26	SES180	-0.603743	6.83838	7.44213
BLOCK27/SES276/SA276S26	SES292	-0.95963	6.4825	7.44213
BLOCK27/SES276/SA276S28	SES101	-0.501959	6.61125	7.11321
BLOCK27/SES276/SA276S28	SES177	-1.43882	5.67438	7.11321
BLOCK27/SES276/SA276S28	SES180	-0.743114	6.37009	7.11321
BLOCK27/SES276/SA276S28	SES292	-1.24324	5.86996	7.11321
BLOCK27/SES277/SA277S12	SES101	-0.414607	4.26886	4.68347
BLOCK27/SES277/SA277S12	SES177	-1.90261	2.78086	4.68347
BLOCK27/SES277/SA277S12	SES180	-3.26182	1.42165	4.68347
BLOCK27/SES277/SA277S12	SES292	-3.4915	1.19197	4.68347
BLOCK27/SES277/SA277S14	SES177	-1.29255	2.88195	4.1745
BLOCK27/SES277/SA277S14	SES180	-3.13308	1.04142	4.1745
BLOCK27/SES277/SA277S14	SES189	-0.520274	3.65422	4.1745
BLOCK27/SES277/SA277S14	SES292	-2.6542	1.5203	4.1745
BLOCK27/SES277/SA277S21	SES177	-0.832415	4.65594	5.48835
BLOCK27/SES277/SA277S21	SES180	-2.25479	3.23356	5.48835
BLOCK27/SES277/SA277S21	SES189	0.662292	6.15064	5.48835
BLOCK27/SES277/SA277S21	SES292	-2.99407	2.49428	5.48835
BLOCK27/SES277/SA277S24	SES144	-1.16134	1.82082	2.98217
BLOCK27/SES277/SA277S24	SES177	-1.06177	1.92039	2.98217
BLOCK27/SES277/SA277S24	SES180	-3.62765	-0.645485	2.98217
BLOCK27/SES277/SA277S24	SES189	0.00154686	2.98371	2.98217
BLOCK27/SES277/SA277S29	SES177	-1.56066	4.43439	5.99506
BLOCK27/SES277/SA277S29	SES180	-2.40418	3.59088	5.99506
BLOCK27/SES277/SA277S29	SES202	-2.02428	3.97078	5.99506
BLOCK27/SES277/SA277S29	SES292	-3.03576	2.9593	5.99506
BLOCK27/SES279/SA279S09	SES120	-1.64653	4.4141	6.06063
BLOCK27/SES279/SA279S09	SES146	-2.48192	3.5787	6.06063
BLOCK27/SES279/SA279S09	SES206	-2.0345	4.02613	6.06063
BLOCK27/SES279/SA279S09	SES226	-2.50304	3.55759	6.06063
BLOCK27/SES279/SA279S10	SES099	-0.712589	5.30202	6.01461
BLOCK27/SES279/SA279S10	SES206	-1.32201	4.69259	6.01461
BLOCK27/SES279/SA279S10	SES226	-2.11854	3.89607	6.01461
BLOCK27/SES279/SA279S10	SES292	-0.98311	5.0315	6.01461
BLOCK27/SES279/SA279S20	SES099	-2.06039	3.34777	5.40816
BLOCK27/SES279/SA279S20	SES206	-1.69245	3.71571	5.40816
BLOCK27/SES279/SA279S20	SES226	-3.05368	2.35448	5.40816
BLOCK27/SES279/SA279S20	SES292	-0.746525	4.66164	5.40816
BLOCK27/SES279/SA279S26	SES099	-1.31842	3.92855	5.24697
BLOCK27/SES279/SA279S26	SES206	-1.16182	4.08515	5.24697
BLOCK27/SES279/SA279S26	SES226	-2.09681	3.15016	5.24697
BLOCK27/SES279/SA279S26	SES292	-0.239953	5.00702	5.24697
BLOCK27/SES279/SA279S28	SES099	-1.34788	6.50936	7.85723
BLOCK27/SES279/SA279S28	SES120	-1.07575	6.78149	7.85723
BLOCK27/SES279/SA279S28	SES177	-2.28853	5.56871	7.85723
BLOCK27/SES279/SA279S28	SES206	-0.950929	6.90631	7.85723
BLOCK29/SES290/SA290S12	SES162	-1.2118	7.53173	8.74353
BLOCK29/SES290/SA290S12	SES177	-0.949211	7.79432	8.74353
BLOCK29/SES290/SA290S12	SES180	-1.52735	7.21617	8.74353
BLOCK29/SES290/SA290S12	SES292	-2.45797	6.28556	8.74353
BLOCK29/SES290/SA290S13	SES007	-0.796284	6.21927	7.01555
BLOCK29/SES290/SA290S13	SES162	-2.21435	4.8012	7.01555
BLOCK29/SES290/SA290S13	SES177	-0.939749	6.0758	7.01555
BLOCK29/SES290/SA290S13	SES180	-0.817041	6.19851	7.01555
BLOCK29/SES290/SA290S22	SES177	-1.48375	5.56116	7.04491
BLOCK29/SES290/SA290S22	SES180	-1.44504	5.59987	7.04491
BLOCK29/SES290/SA290S22	SES202	-1.71118	5.33373	7.04491
BLOCK29/SES290/SA290S22	SES292	-1.77985	5.26506	7.04491
BLOCK29/SES290/SA290S25	SES162	-1.08995	6.8588	7.94875
BLOCK29/SES290/SA290S25	SES177	-1.31424	6.63451	7.94875
BLOCK29/SES290/SA290S25	SES180	-1.37336	6.57539	7.94875
BLOCK29/SES290/SA290S25	SES292	-1.03123	6.91752	7.94875
BLOCK29/SES290/SA290S29	SES177	-0.757374	6.63218	7.38956
BLOCK29/SES290/SA290S29	SES180	-1.2371	6.15245	7.38956
BLOCK29/SES290/SA290S29	SES275	-1.57813	5.81142	7.38956
BLOCK29/SES290/SA290S29	SES292	-1.1878	6.20175	7.38956
BLOCK29/SES291/SA291S11	SES105	-3.26249	1.62314	4.88562
BLOCK29/SES291/SA291S11	SES125	-2.07352	2.8121	4.88562
BLOCK29/SES291/SA291S11	SES158	-1.35228	3.53335	4.88562
BLOCK29/SES291/SA291S11	SES275	-2.7287	2.15693	4.88562
BLOCK29/SES291/SA291S12	SES158	0.0686407	5.59823	5.52959
BLOCK29/SES291/SA291S12	SES226	-1.48282	4.04677	5.52959
BLOCK29/SES291/SA291S12	SES270	0.641521	6.17111	5.52959
BLOCK29/SES291/SA291S12	SES275	-5.04187	0.487723	5.52959
BLOCK29/SES291/SA291S22	SES082	-1.87233	3.66034	5.53267
BLOCK29/SES291/SA291S22	SES158	-1.69241	3.84026	5.53267
BLOCK29/SES291/SA291S22	SES259	-2.47414	3.05853	5.53267
BLOCK29/SES291/SA291S22	SES275	-2.84565	2.68702	5.53267
BLOCK29/SES291/SA291S24	SES104	-0.452207	6.16044	6.61265
BLOCK29/SES291/SA291S24	SES125	-0.856466	5.75619	6.61265
BLOCK29/SES291/SA291S24	SES158	-0.474516	6.13813	6.61265
BLOCK29/SES291/SA291S24	SES275	-3.4177	3.19495	6.61265
BLOCK29/SES291/SA291S27	SES158	-0.0948968	6.1614	6.2563
BLOCK29/SES291/SA291S27	SES172	-3.94222	2.31408	6.2563
BLOCK29/SES291/SA291S27	SES275	-3.32373	2.93257	6.2563
BLOCK29/SES291/SA291S27	SES292	-1.75058	4.50572	6.2563
